#
# A fatal error has been detected by the Java Runtime Environment:
#
#  EXCEPTION_ACCESS_VIOLATION (0xc0000005) at pc=0x00007fff6b66bc8a, pid=20284, tid=23120
#
# JRE version: OpenJDK Runtime Environment Temurin-17.0.1+12 (17.0.1+12) (build 17.0.1+12)
# Java VM: OpenJDK 64-Bit Server VM Temurin-17.0.1+12 (17.0.1+12, mixed mode, tiered, compressed oops, compressed class ptrs, g1 gc, windows-amd64)
# Problematic frame:
# V  [jvm.dll+0x79bc8a]
#
# No core dump will be written. Minidumps are not enabled by default on client versions of Windows
#
# If you would like to submit a bug report, please visit:
#   https://github.com/adoptium/adoptium-support/issues
#

---------------  S U M M A R Y ------------

Command Line: -XX:+ShowCodeDetailsInExceptionMessages -agentlib:jdwp=transport=dt_socket,suspend=y,address=localhost:59349 -javaagent:C:\Users\Owner\eclipse\jee-2021-09\eclipse\configuration\org.eclipse.osgi\1035\0\.cp\lib\javaagent-shaded.jar -Dfile.encoding=UTF-8 pt.fcul.master.stvgp.runner.Runner

Host: AMD Ryzen 9 4900HS with Radeon Graphics         , 16 cores, 23G,  Windows 10 , 64 bit Build 19041 (10.0.19041.1503)
Time: Fri Mar 11 21:50:26 2022 GMT Standard Time elapsed time: 233.274245 seconds (0d 0h 3m 53s)

---------------  T H R E A D  ---------------

Current thread (0x0000022e3a2d63d0):  JavaThread "JDWP Transport Listener: dt_socket" daemon [_thread_in_vm, id=23120, stack(0x0000009734c00000,0x0000009734d00000)]

Stack: [0x0000009734c00000,0x0000009734d00000],  sp=0x0000009734cff6c0,  free space=1021k
Native frames: (J=compiled Java code, j=interpreted, Vv=VM code, C=native code)
V  [jvm.dll+0x79bc8a]
V  [jvm.dll+0x507e6c]
V  [jvm.dll+0x4cf4d4]
C  [jdwp.dll+0x22dff]


siginfo: EXCEPTION_ACCESS_VIOLATION (0xc0000005), reading address 0x0000000000f20017


Register to memory mapping:

RIP=0x00007fff6b66bc8a jvm.dll
RAX=0x00000000000000f1 is an unknown value
RBX=0x0000022e3a1c5321 points into unknown readable memory: 29 4c 69 6f 2f 6a 65
RCX=0x0000000000f20013 is an unknown value
RDX=0x0000022e3a8fb6e0 points into unknown readable memory: 0x6c7563662f74704c | 4c 70 74 2f 66 63 75 6c
RSP=0x0000009734cff6c0 is pointing into the stack for thread: 0x0000022e3a2d63d0
RBP=0x0000022e3a2e88f0 points into unknown readable memory: 0x0000000000000002 | 02 00 00 00 00 00 00 00
RSI=0x0 is NULL
RDI=0xffffffffffffffff is an unknown value
R8 =0x000000000000001c is an unknown value
R9 =0x0000000000000029 is an unknown value
R10=0x0 is NULL
R11=0x0000009734cff6e0 is pointing into the stack for thread: 0x0000022e3a2d63d0
R12=0x0000009734cff818 is pointing into the stack for thread: 0x0000022e3a2d63d0
R13=0x0 is NULL
R14=0x00000008001192f8 is a pointer to class: 
pt.fcul.master.stvgp.StvgpGene {0x0000000800119300}
 - instance size:     6
 - klass size:        244
 - access:            public synchronized 
 - state:             fully_initialized
 - name:              'pt/fcul/master/stvgp/StvgpGene'
 - super:             'io/jenetics/ext/AbstractTreeGene'
 - sub:               
 - arrays:            NULL
 - methods:           Array<T>(0x0000022e3b3513d8)
 - method ordering:   Array<T>(0x0000022e3b3524a8)
 - default_methods:   Array<T>(0x0000022e3b0c3c88)
 - default vtable indices:   Array<T>(0x0000022e3b0c3e30)
 - local interfaces:  Array<T>(0x0000022e3b0bd950)
 - trans. interfaces: Array<T>(0x0000022e3b0c2e90)
 - constants:         constant pool [269]/operands[14] {0x0000022e3b353c20} for 'pt/fcul/master/stvgp/StvgpGene' cache=0x0000022e3b354580
 - class loader data:  loader data: 0x0000022e3a24e220 for instance a 'jdk/internal/loader/ClassLoaders$AppClassLoader'{0x000000069f400050}
 - source file:       'StvgpGene.java'
 - source debug extension:       SMAP
StvgpGene.java
Java
*S jdt
*F
1 StvgpGene.java
2 file:/C:/Users/Owner/Documents/GitHub/MarketGeneticGeneratedIndicators/target/classes/
*L
*E

 - class annotations:       Array<T>(0x0000000000000000)
 - class type annotations:  Array<T>(0x0000000000000000)
 - field annotations:       Array<T>(0x0000000000000000)
 - field type annotations:  Array<T>(0x0000000000000000)
 - previous version:  constant pool [266]/operands[14] {0x0000022e3b0bd008} for 'pt/fcul/master/stvgp/StvgpGene' (extra) cache=0x0000022e3b0c4b00
 - generic signature: '
[error occurred during error reporting (printing register info), id 0xc0000005, EXCEPTION_ACCESS_VIOLATION (0xc0000005) at pc=0x00007fff6b66c896]

Registers:
RAX=0x00000000000000f1, RBX=0x0000022e3a1c5321, RCX=0x0000000000f20013, RDX=0x0000022e3a8fb6e0
RSP=0x0000009734cff6c0, RBP=0x0000022e3a2e88f0, RSI=0x0000000000000000, RDI=0xffffffffffffffff
R8 =0x000000000000001c, R9 =0x0000000000000029, R10=0x0000000000000000, R11=0x0000009734cff6e0
R12=0x0000009734cff818, R13=0x0000000000000000, R14=0x00000008001192f8, R15=0x0000009734cff868
RIP=0x00007fff6b66bc8a, EFLAGS=0x0000000000010206

Top of Stack: (sp=0x0000009734cff6c0)
0x0000009734cff6c0:   000000000000001e 00000008001192f8
0x0000009734cff6d0:   0000022e3a2d63d0 0000000000000000
0x0000009734cff6e0:   ffffffffffffffff 00007fff6b3d7e6c
0x0000009734cff6f0:   0000022e3a1c5321 0000022e3a1c5300
0x0000009734cff700:   0000022e3a2e88f0 0000022e3b844200
0x0000009734cff710:   0000022e3a1c52d0 00000000000003d8
0x0000009734cff720:   0000022e3a1c52e0 0000022e3a1c56b8
0x0000009734cff730:   0000000000000002 0000009734cff818
0x0000009734cff740:   0000000000000000 0000000000000000
0x0000009734cff750:   000000069f487828 00007fff6b39f4d4
0x0000009734cff760:   0000022e3a2d63d0 0000009734cff868
0x0000009734cff770:   0000022e136bc3f0 0000009734cff868
0x0000009734cff780:   0000022e3a2d63d0 0000000000000000
0x0000009734cff790:   0000022e00000000 0000000000000000
0x0000009734cff7a0:   000000000000000d 00007fff99352dff
0x0000009734cff7b0:   0000009734cff860 00007fff99361aa0 

Instructions: (pc=0x00007fff6b66bc8a)
0x00007fff6b66bb8a:   48 83 c4 20 5f e9 3c a2 90 ff cc cc cc cc cc cc
0x00007fff6b66bb9a:   cc cc cc cc cc cc 48 89 5c 24 08 57 48 83 ec 20
0x00007fff6b66bbaa:   83 fa 02 8d 42 06 b9 08 00 00 00 49 8b d8 0f 4e
0x00007fff6b66bbba:   c1 48 63 c8 48 83 c1 07 83 e1 f8 48 63 f9 49 8b
0x00007fff6b66bbca:   48 18 48 8b c7 48 f7 d0 48 3b c1 73 16 4c 8d 05
0x00007fff6b66bbda:   5a 55 17 00 48 8b d7 48 8b cb e8 47 05 91 ff 48
0x00007fff6b66bbea:   8b 4b 18 48 8d 04 39 48 3b 43 20 76 18 45 33 c0
0x00007fff6b66bbfa:   48 8b d7 48 8b cb 48 8b 5c 24 30 48 83 c4 20 5f
0x00007fff6b66bc0a:   e9 a1 01 91 ff 48 89 43 18 48 8b c1 48 8b 5c 24
0x00007fff6b66bc1a:   30 48 83 c4 20 5f c3 cc cc cc cc cc cc cc cc cc
0x00007fff6b66bc2a:   cc cc cc cc cc cc 4c 8b d2 4c 8b d9 45 85 c0 7e
0x00007fff6b66bc3a:   3c 44 0f b7 49 04 41 8d 40 ff 41 3b c1 44 0f 4c
0x00007fff6b66bc4a:   c8 4d 63 c1 45 85 c9 7e 1f 48 8b c2 4c 2b da 49
0x00007fff6b66bc5a:   8b d0 0f 1f 40 00 41 0f b6 4c 03 06 88 08 48 8d
0x00007fff6b66bc6a:   40 01 48 83 ea 01 75 ee 43 c6 04 10 00 49 8b c2
0x00007fff6b66bc7a:   c3 cc cc cc cc cc 48 89 5c 24 08 57 48 83 ec 20
0x00007fff6b66bc8a:   0f b7 59 04 48 8b f9 33 d2 48 8d 4b 01 e8 24 e8
0x00007fff6b66bc9a:   f2 ff 0f b7 57 04 4c 8b c0 3b da 0f 42 d3 44 8b
0x00007fff6b66bcaa:   ca 85 d2 74 39 48 2b f8 0f 1f 40 00 66 66 0f 1f
0x00007fff6b66bcba:   84 00 00 00 00 00 0f b6 4c 07 06 88 08 48 ff c0
0x00007fff6b66bcca:   48 8b c8 49 2b c8 49 3b c9 7c eb 42 c6 04 02 00
0x00007fff6b66bcda:   49 8b c0 48 8b 5c 24 30 48 83 c4 20 5f c3 48 8b
0x00007fff6b66bcea:   5c 24 30 c6 04 02 00 48 83 c4 20 5f c3 cc cc cc
0x00007fff6b66bcfa:   cc cc cc cc cc cc 4c 8b d1 45 85 c0 7e 6c 44 0f
0x00007fff6b66bd0a:   b7 49 04 41 8d 40 ff 41 3b c1 44 0f 4c c8 4d 63
0x00007fff6b66bd1a:   d9 45 85 c9 7e 22 48 8b ca 4c 2b d2 4d 8b c3 0f
0x00007fff6b66bd2a:   1f 80 00 00 00 00 41 0f b6 44 0a 06 88 01 48 8d
0x00007fff6b66bd3a:   49 01 49 83 e8 01 75 ee 41 c6 04 13 00 48 c7 c0
0x00007fff6b66bd4a:   ff ff ff ff 66 90 48 ff c0 80 3c 02 00 75 f7 48
0x00007fff6b66bd5a:   63 c8 85 c0 48 8b c2 7e 14 80 38 2f 75 03 c6 00
0x00007fff6b66bd6a:   2e 48 ff c0 48 83 e9 01 75 ef 48 8b c2 c3 cc cc
0x00007fff6b66bd7a:   cc cc cc cc cc cc 48 83 ec 28 e8 f7 fe ff ff 4c 


Stack slot to memory mapping:
stack at sp + 0 slots: 0x000000000000001e is an unknown value
stack at sp + 1 slots: 0x00000008001192f8 is a pointer to class: 
pt.fcul.master.stvgp.StvgpGene {0x0000000800119300}
 - instance size:     6
 - klass size:        244
 - access:            public synchronized 
 - state:             fully_initialized
 - name:              'pt/fcul/master/stvgp/StvgpGene'
 - super:             'io/jenetics/ext/AbstractTreeGene'
 - sub:               
 - arrays:            NULL
 - methods:           Array<T>(0x0000022e3b3513d8)
 - method ordering:   Array<T>(0x0000022e3b3524a8)
 - default_methods:   Array<T>(0x0000022e3b0c3c88)
 - default vtable indices:   Array<T>(0x0000022e3b0c3e30)
 - local interfaces:  Array<T>(0x0000022e3b0bd950)
 - trans. interfaces: Array<T>(0x0000022e3b0c2e90)
 - constants:         constant pool [269]/operands[14] {0x0000022e3b353c20} for 'pt/fcul/master/stvgp/StvgpGene' cache=0x0000022e3b354580
 - class loader data:  loader data: 0x0000022e3a24e220 for instance a 'jdk/internal/loader/ClassLoaders$AppClassLoader'{0x000000069f400050}
 - source file:       'StvgpGene.java'
 - source debug extension:       SMAP
StvgpGene.java
Java
*S jdt
*F
1 StvgpGene.java
2 file:/C:/Users/Owner/Documents/GitHub/MarketGeneticGeneratedIndicators/target/classes/
*L
*E

 - class annotations:       Array<T>(0x0000000000000000)
 - class type annotations:  Array<T>(0x0000000000000000)
 - field annotations:       Array<T>(0x0000000000000000)
 - field type annotations:  Array<T>(0x0000000000000000)
 - previous version:  constant pool [266]/operands[14] {0x0000022e3b0bd008} for 'pt/fcul/master/stvgp/StvgpGene' (extra) cache=0x0000022e3b0c4b00
 - generic signature: '
[error occurred during error reporting (inspecting top of stack), id 0xc0000005, EXCEPTION_ACCESS_VIOLATION (0xc0000005) at pc=0x00007fff6b66c896]


---------------  P R O C E S S  ---------------

Threads class SMR info:
_java_thread_list=0x0000022e3ae489d0, length=19, elements={
0x0000022e136cd1e0, 0x0000022e3a0194c0, 0x0000022e3a01a240, 0x0000022e3a067fa0,
0x0000022e3a069a60, 0x0000022e3a06a410, 0x0000022e3a07f020, 0x0000022e3a080920,
0x0000022e3a084810, 0x0000022e3a087210, 0x0000022e3a1c5b70, 0x0000022e3a2d63d0,
0x0000022e3a3475e0, 0x0000022e3a347ad0, 0x0000022e3a873790, 0x0000022e3ae01370,
0x0000022e3af35af0, 0x0000022e3b897830, 0x0000022e3b898110
}

Java Threads: ( => current thread )
  0x0000022e136cd1e0 JavaThread "main" [_thread_blocked, id=23356, stack(0x0000009733800000,0x0000009733900000)]
  0x0000022e3a0194c0 JavaThread "Reference Handler" daemon [_thread_blocked, id=16524, stack(0x0000009733f00000,0x0000009734000000)]
  0x0000022e3a01a240 JavaThread "Finalizer" daemon [_thread_blocked, id=5716, stack(0x0000009734000000,0x0000009734100000)]
  0x0000022e3a067fa0 JavaThread "Signal Dispatcher" daemon [_thread_blocked, id=11900, stack(0x0000009734100000,0x0000009734200000)]
  0x0000022e3a069a60 JavaThread "Attach Listener" daemon [_thread_blocked, id=12148, stack(0x0000009734200000,0x0000009734300000)]
  0x0000022e3a06a410 JavaThread "Service Thread" daemon [_thread_blocked, id=13960, stack(0x0000009734300000,0x0000009734400000)]
  0x0000022e3a07f020 JavaThread "Monitor Deflation Thread" daemon [_thread_blocked, id=14288, stack(0x0000009734400000,0x0000009734500000)]
  0x0000022e3a080920 JavaThread "C2 CompilerThread0" daemon [_thread_blocked, id=8736, stack(0x0000009734500000,0x0000009734600000)]
  0x0000022e3a084810 JavaThread "C1 CompilerThread0" daemon [_thread_blocked, id=11960, stack(0x0000009734600000,0x0000009734700000)]
  0x0000022e3a087210 JavaThread "Sweeper thread" daemon [_thread_blocked, id=3584, stack(0x0000009734700000,0x0000009734800000)]
  0x0000022e3a1c5b70 JavaThread "Common-Cleaner" daemon [_thread_blocked, id=19616, stack(0x0000009734800000,0x0000009734900000)]
=>0x0000022e3a2d63d0 JavaThread "JDWP Transport Listener: dt_socket" daemon [_thread_in_vm, id=23120, stack(0x0000009734c00000,0x0000009734d00000)]
  0x0000022e3a3475e0 JavaThread "JDWP Event Helper Thread" daemon [_thread_blocked, id=14724, stack(0x0000009734d00000,0x0000009734e00000)]
  0x0000022e3a347ad0 JavaThread "JDWP Command Reader" daemon [_thread_in_native, id=14224, stack(0x0000009734e00000,0x0000009734f00000)]
  0x0000022e3a873790 JavaThread "Notification Thread" daemon [_thread_blocked, id=22732, stack(0x0000009734f00000,0x0000009735000000)]
  0x0000022e3ae01370 JavaThread "ForkJoinPool.commonPool-worker-1" daemon [_thread_blocked, id=19684, stack(0x0000009735100000,0x0000009735200000)]
  0x0000022e3af35af0 JavaThread "ForkJoinPool.commonPool-worker-2" daemon [_thread_blocked, id=18508, stack(0x0000009735200000,0x0000009735300000)]
  0x0000022e3b897830 JavaThread "ForkJoinPool.commonPool-worker-3" daemon [_thread_blocked, id=728, stack(0x0000009735b00000,0x0000009735c00000)]
  0x0000022e3b898110 JavaThread "ForkJoinPool.commonPool-worker-4" daemon [_thread_blocked, id=19996, stack(0x0000009735c00000,0x0000009735d00000)]

Other Threads:
  0x0000022e3941b050 VMThread "VM Thread" [stack: 0x0000009733e00000,0x0000009733f00000] [id=20332]
  0x0000022e3a235850 WatcherThread [stack: 0x0000009735000000,0x0000009735100000] [id=20528]
  0x0000022e1372b5d0 GCTaskThread "GC Thread#0" [stack: 0x0000009733900000,0x0000009733a00000] [id=876]
  0x0000022e3ae46f60 GCTaskThread "GC Thread#1" [stack: 0x0000009735300000,0x0000009735400000] [id=17980]
  0x0000022e3ae47210 GCTaskThread "GC Thread#2" [stack: 0x0000009735400000,0x0000009735500000] [id=8792]
  0x0000022e3ae478d0 GCTaskThread "GC Thread#3" [stack: 0x0000009735500000,0x0000009735600000] [id=22592]
  0x0000022e3ae483a0 GCTaskThread "GC Thread#4" [stack: 0x0000009735600000,0x0000009735700000] [id=14272]
  0x0000022e3ae49970 GCTaskThread "GC Thread#5" [stack: 0x0000009735700000,0x0000009735800000] [id=13624]
  0x0000022e3ae4a180 GCTaskThread "GC Thread#6" [stack: 0x0000009735800000,0x0000009735900000] [id=7772]
  0x0000022e3ae49c20 GCTaskThread "GC Thread#7" [stack: 0x0000009735900000,0x0000009735a00000] [id=9604]
  0x0000022e3ae4a990 GCTaskThread "GC Thread#8" [stack: 0x0000009735a00000,0x0000009735b00000] [id=23384]
  0x0000022e13739070 ConcurrentGCThread "G1 Main Marker" [stack: 0x0000009733a00000,0x0000009733b00000] [id=22976]
  0x0000022e1373a220 ConcurrentGCThread "G1 Conc#0" [stack: 0x0000009733b00000,0x0000009733c00000] [id=21596]
  0x0000022e1379e840 ConcurrentGCThread "G1 Refine#0" [stack: 0x0000009733c00000,0x0000009733d00000] [id=20348]
  0x0000022e392b44f0 ConcurrentGCThread "G1 Service" [stack: 0x0000009733d00000,0x0000009733e00000] [id=16560]

Threads with active compile tasks:

VM state: not at safepoint (normal execution)

VM Mutex/Monitor currently owned by a thread: None

Heap address: 0x0000000689400000, size: 5996 MB, Compressed Oops mode: Zero based, Oop shift amount: 3

CDS archive(s) not mapped
Compressed class space mapped at: 0x0000000800000000-0x0000000840000000, reserved size: 1073741824
Narrow klass base: 0x0000000800000000, Narrow klass shift: 0, Narrow klass range: 0x40000000

GC Precious Log:
 CPUs: 16 total, 16 available
 Memory: 23981M
 Large Page Support: Disabled
 NUMA Support: Disabled
 Compressed Oops: Enabled (Zero based)
 Heap Region Size: 4M
 Heap Min Capacity: 8M
 Heap Initial Capacity: 376M
 Heap Max Capacity: 5996M
 Pre-touch: Disabled
 Parallel Workers: 13
 Concurrent Workers: 3
 Concurrent Refinement Workers: 13
 Periodic GC: Disabled

Heap:
 garbage-first heap   total 385024K, used 5419K [0x0000000689400000, 0x0000000800000000)
  region size 4096K, 2 young (8192K), 1 survivors (4096K)
 Metaspace       used 12200K, committed 12416K, reserved 1064960K
  class space    used 1116K, committed 1216K, reserved 1048576K

Heap Regions: E=young(eden), S=young(survivor), O=old, HS=humongous(starts), HC=humongous(continues), CS=collection set, F=free, OA=open archive, CA=closed archive, TAMS=top-at-mark-start (previous, next)
|   0|0x0000000689400000, 0x000000068954ac00, 0x0000000689800000| 32%| O|  |TAMS 0x0000000689400000, 0x0000000689400000| Untracked 
|   1|0x0000000689800000, 0x0000000689800000, 0x0000000689c00000|  0%| F|  |TAMS 0x0000000689800000, 0x0000000689800000| Untracked 
|   2|0x0000000689c00000, 0x0000000689c00000, 0x000000068a000000|  0%| F|  |TAMS 0x0000000689c00000, 0x0000000689c00000| Untracked 
|   3|0x000000068a000000, 0x000000068a000000, 0x000000068a400000|  0%| F|  |TAMS 0x000000068a000000, 0x000000068a000000| Untracked 
|   4|0x000000068a400000, 0x000000068a400000, 0x000000068a800000|  0%| F|  |TAMS 0x000000068a400000, 0x000000068a400000| Untracked 
|   5|0x000000068a800000, 0x000000068a800000, 0x000000068ac00000|  0%| F|  |TAMS 0x000000068a800000, 0x000000068a800000| Untracked 
|   6|0x000000068ac00000, 0x000000068ac00000, 0x000000068b000000|  0%| F|  |TAMS 0x000000068ac00000, 0x000000068ac00000| Untracked 
|   7|0x000000068b000000, 0x000000068b000000, 0x000000068b400000|  0%| F|  |TAMS 0x000000068b000000, 0x000000068b000000| Untracked 
|   8|0x000000068b400000, 0x000000068b400000, 0x000000068b800000|  0%| F|  |TAMS 0x000000068b400000, 0x000000068b400000| Untracked 
|   9|0x000000068b800000, 0x000000068b800000, 0x000000068bc00000|  0%| F|  |TAMS 0x000000068b800000, 0x000000068b800000| Untracked 
|  10|0x000000068bc00000, 0x000000068bc00000, 0x000000068c000000|  0%| F|  |TAMS 0x000000068bc00000, 0x000000068bc00000| Untracked 
|  11|0x000000068c000000, 0x000000068c000000, 0x000000068c400000|  0%| F|  |TAMS 0x000000068c000000, 0x000000068c000000| Untracked 
|  12|0x000000068c400000, 0x000000068c400000, 0x000000068c800000|  0%| F|  |TAMS 0x000000068c400000, 0x000000068c400000| Untracked 
|  13|0x000000068c800000, 0x000000068c800000, 0x000000068cc00000|  0%| F|  |TAMS 0x000000068c800000, 0x000000068c800000| Untracked 
|  14|0x000000068cc00000, 0x000000068cc00000, 0x000000068d000000|  0%| F|  |TAMS 0x000000068cc00000, 0x000000068cc00000| Untracked 
|  15|0x000000068d000000, 0x000000068d000000, 0x000000068d400000|  0%| F|  |TAMS 0x000000068d000000, 0x000000068d000000| Untracked 
|  16|0x000000068d400000, 0x000000068d400000, 0x000000068d800000|  0%| F|  |TAMS 0x000000068d400000, 0x000000068d400000| Untracked 
|  17|0x000000068d800000, 0x000000068d800000, 0x000000068dc00000|  0%| F|  |TAMS 0x000000068d800000, 0x000000068d800000| Untracked 
|  18|0x000000068dc00000, 0x000000068dc00000, 0x000000068e000000|  0%| F|  |TAMS 0x000000068dc00000, 0x000000068dc00000| Untracked 
|  19|0x000000068e000000, 0x000000068e000000, 0x000000068e400000|  0%| F|  |TAMS 0x000000068e000000, 0x000000068e000000| Untracked 
|  20|0x000000068e400000, 0x000000068e400000, 0x000000068e800000|  0%| F|  |TAMS 0x000000068e400000, 0x000000068e400000| Untracked 
|  21|0x000000068e800000, 0x000000068e800000, 0x000000068ec00000|  0%| F|  |TAMS 0x000000068e800000, 0x000000068e800000| Untracked 
|  22|0x000000068ec00000, 0x000000068ec00000, 0x000000068f000000|  0%| F|  |TAMS 0x000000068ec00000, 0x000000068ec00000| Untracked 
|  23|0x000000068f000000, 0x000000068f000000, 0x000000068f400000|  0%| F|  |TAMS 0x000000068f000000, 0x000000068f000000| Untracked 
|  24|0x000000068f400000, 0x000000068f400000, 0x000000068f800000|  0%| F|  |TAMS 0x000000068f400000, 0x000000068f400000| Untracked 
|  25|0x000000068f800000, 0x000000068f800000, 0x000000068fc00000|  0%| F|  |TAMS 0x000000068f800000, 0x000000068f800000| Untracked 
|  26|0x000000068fc00000, 0x000000068fc00000, 0x0000000690000000|  0%| F|  |TAMS 0x000000068fc00000, 0x000000068fc00000| Untracked 
|  27|0x0000000690000000, 0x0000000690000000, 0x0000000690400000|  0%| F|  |TAMS 0x0000000690000000, 0x0000000690000000| Untracked 
|  28|0x0000000690400000, 0x0000000690400000, 0x0000000690800000|  0%| F|  |TAMS 0x0000000690400000, 0x0000000690400000| Untracked 
|  29|0x0000000690800000, 0x0000000690800000, 0x0000000690c00000|  0%| F|  |TAMS 0x0000000690800000, 0x0000000690800000| Untracked 
|  30|0x0000000690c00000, 0x0000000690c00000, 0x0000000691000000|  0%| F|  |TAMS 0x0000000690c00000, 0x0000000690c00000| Untracked 
|  31|0x0000000691000000, 0x0000000691000000, 0x0000000691400000|  0%| F|  |TAMS 0x0000000691000000, 0x0000000691000000| Untracked 
|  32|0x0000000691400000, 0x0000000691400000, 0x0000000691800000|  0%| F|  |TAMS 0x0000000691400000, 0x0000000691400000| Untracked 
|  33|0x0000000691800000, 0x0000000691800000, 0x0000000691c00000|  0%| F|  |TAMS 0x0000000691800000, 0x0000000691800000| Untracked 
|  34|0x0000000691c00000, 0x0000000691c00000, 0x0000000692000000|  0%| F|  |TAMS 0x0000000691c00000, 0x0000000691c00000| Untracked 
|  35|0x0000000692000000, 0x0000000692000000, 0x0000000692400000|  0%| F|  |TAMS 0x0000000692000000, 0x0000000692000000| Untracked 
|  36|0x0000000692400000, 0x0000000692400000, 0x0000000692800000|  0%| F|  |TAMS 0x0000000692400000, 0x0000000692400000| Untracked 
|  37|0x0000000692800000, 0x0000000692800000, 0x0000000692c00000|  0%| F|  |TAMS 0x0000000692800000, 0x0000000692800000| Untracked 
|  38|0x0000000692c00000, 0x0000000692c00000, 0x0000000693000000|  0%| F|  |TAMS 0x0000000692c00000, 0x0000000692c00000| Untracked 
|  39|0x0000000693000000, 0x0000000693000000, 0x0000000693400000|  0%| F|  |TAMS 0x0000000693000000, 0x0000000693000000| Untracked 
|  40|0x0000000693400000, 0x0000000693400000, 0x0000000693800000|  0%| F|  |TAMS 0x0000000693400000, 0x0000000693400000| Untracked 
|  41|0x0000000693800000, 0x0000000693800000, 0x0000000693c00000|  0%| F|  |TAMS 0x0000000693800000, 0x0000000693800000| Untracked 
|  42|0x0000000693c00000, 0x0000000693c00000, 0x0000000694000000|  0%| F|  |TAMS 0x0000000693c00000, 0x0000000693c00000| Untracked 
|  43|0x0000000694000000, 0x0000000694000000, 0x0000000694400000|  0%| F|  |TAMS 0x0000000694000000, 0x0000000694000000| Untracked 
|  44|0x0000000694400000, 0x0000000694400000, 0x0000000694800000|  0%| F|  |TAMS 0x0000000694400000, 0x0000000694400000| Untracked 
|  45|0x0000000694800000, 0x0000000694800000, 0x0000000694c00000|  0%| F|  |TAMS 0x0000000694800000, 0x0000000694800000| Untracked 
|  46|0x0000000694c00000, 0x0000000694c00000, 0x0000000695000000|  0%| F|  |TAMS 0x0000000694c00000, 0x0000000694c00000| Untracked 
|  47|0x0000000695000000, 0x0000000695000000, 0x0000000695400000|  0%| F|  |TAMS 0x0000000695000000, 0x0000000695000000| Untracked 
|  48|0x0000000695400000, 0x0000000695400000, 0x0000000695800000|  0%| F|  |TAMS 0x0000000695400000, 0x0000000695400000| Untracked 
|  49|0x0000000695800000, 0x0000000695800000, 0x0000000695c00000|  0%| F|  |TAMS 0x0000000695800000, 0x0000000695800000| Untracked 
|  50|0x0000000695c00000, 0x0000000695c00000, 0x0000000696000000|  0%| F|  |TAMS 0x0000000695c00000, 0x0000000695c00000| Untracked 
|  51|0x0000000696000000, 0x0000000696000000, 0x0000000696400000|  0%| F|  |TAMS 0x0000000696000000, 0x0000000696000000| Untracked 
|  52|0x0000000696400000, 0x0000000696400000, 0x0000000696800000|  0%| F|  |TAMS 0x0000000696400000, 0x0000000696400000| Untracked 
|  53|0x0000000696800000, 0x0000000696800000, 0x0000000696c00000|  0%| F|  |TAMS 0x0000000696800000, 0x0000000696800000| Untracked 
|  54|0x0000000696c00000, 0x0000000696c00000, 0x0000000697000000|  0%| F|  |TAMS 0x0000000696c00000, 0x0000000696c00000| Untracked 
|  55|0x0000000697000000, 0x0000000697000000, 0x0000000697400000|  0%| F|  |TAMS 0x0000000697000000, 0x0000000697000000| Untracked 
|  56|0x0000000697400000, 0x0000000697400000, 0x0000000697800000|  0%| F|  |TAMS 0x0000000697400000, 0x0000000697400000| Untracked 
|  57|0x0000000697800000, 0x0000000697800000, 0x0000000697c00000|  0%| F|  |TAMS 0x0000000697800000, 0x0000000697800000| Untracked 
|  58|0x0000000697c00000, 0x0000000697c00000, 0x0000000698000000|  0%| F|  |TAMS 0x0000000697c00000, 0x0000000697c00000| Untracked 
|  59|0x0000000698000000, 0x0000000698000000, 0x0000000698400000|  0%| F|  |TAMS 0x0000000698000000, 0x0000000698000000| Untracked 
|  60|0x0000000698400000, 0x0000000698400000, 0x0000000698800000|  0%| F|  |TAMS 0x0000000698400000, 0x0000000698400000| Untracked 
|  61|0x0000000698800000, 0x0000000698800000, 0x0000000698c00000|  0%| F|  |TAMS 0x0000000698800000, 0x0000000698800000| Untracked 
|  62|0x0000000698c00000, 0x0000000698c00000, 0x0000000699000000|  0%| F|  |TAMS 0x0000000698c00000, 0x0000000698c00000| Untracked 
|  63|0x0000000699000000, 0x0000000699000000, 0x0000000699400000|  0%| F|  |TAMS 0x0000000699000000, 0x0000000699000000| Untracked 
|  64|0x0000000699400000, 0x0000000699400000, 0x0000000699800000|  0%| F|  |TAMS 0x0000000699400000, 0x0000000699400000| Untracked 
|  65|0x0000000699800000, 0x0000000699800000, 0x0000000699c00000|  0%| F|  |TAMS 0x0000000699800000, 0x0000000699800000| Untracked 
|  66|0x0000000699c00000, 0x0000000699c00000, 0x000000069a000000|  0%| F|  |TAMS 0x0000000699c00000, 0x0000000699c00000| Untracked 
|  67|0x000000069a000000, 0x000000069a000000, 0x000000069a400000|  0%| F|  |TAMS 0x000000069a000000, 0x000000069a000000| Untracked 
|  68|0x000000069a400000, 0x000000069a400000, 0x000000069a800000|  0%| F|  |TAMS 0x000000069a400000, 0x000000069a400000| Untracked 
|  69|0x000000069a800000, 0x000000069a800000, 0x000000069ac00000|  0%| F|  |TAMS 0x000000069a800000, 0x000000069a800000| Untracked 
|  70|0x000000069ac00000, 0x000000069ac00000, 0x000000069b000000|  0%| F|  |TAMS 0x000000069ac00000, 0x000000069ac00000| Untracked 
|  71|0x000000069b000000, 0x000000069b000000, 0x000000069b400000|  0%| F|  |TAMS 0x000000069b000000, 0x000000069b000000| Untracked 
|  72|0x000000069b400000, 0x000000069b400000, 0x000000069b800000|  0%| F|  |TAMS 0x000000069b400000, 0x000000069b400000| Untracked 
|  73|0x000000069b800000, 0x000000069b800000, 0x000000069bc00000|  0%| F|  |TAMS 0x000000069b800000, 0x000000069b800000| Untracked 
|  74|0x000000069bc00000, 0x000000069bc00000, 0x000000069c000000|  0%| F|  |TAMS 0x000000069bc00000, 0x000000069bc00000| Untracked 
|  75|0x000000069c000000, 0x000000069c000000, 0x000000069c400000|  0%| F|  |TAMS 0x000000069c000000, 0x000000069c000000| Untracked 
|  76|0x000000069c400000, 0x000000069c400000, 0x000000069c800000|  0%| F|  |TAMS 0x000000069c400000, 0x000000069c400000| Untracked 
|  77|0x000000069c800000, 0x000000069c800000, 0x000000069cc00000|  0%| F|  |TAMS 0x000000069c800000, 0x000000069c800000| Untracked 
|  78|0x000000069cc00000, 0x000000069cc00000, 0x000000069d000000|  0%| F|  |TAMS 0x000000069cc00000, 0x000000069cc00000| Untracked 
|  79|0x000000069d000000, 0x000000069d000000, 0x000000069d400000|  0%| F|  |TAMS 0x000000069d000000, 0x000000069d000000| Untracked 
|  80|0x000000069d400000, 0x000000069d400000, 0x000000069d800000|  0%| F|  |TAMS 0x000000069d400000, 0x000000069d400000| Untracked 
|  81|0x000000069d800000, 0x000000069d800000, 0x000000069dc00000|  0%| F|  |TAMS 0x000000069d800000, 0x000000069d800000| Untracked 
|  82|0x000000069dc00000, 0x000000069dc00000, 0x000000069e000000|  0%| F|  |TAMS 0x000000069dc00000, 0x000000069dc00000| Untracked 
|  83|0x000000069e000000, 0x000000069e000000, 0x000000069e400000|  0%| F|  |TAMS 0x000000069e000000, 0x000000069e000000| Untracked 
|  84|0x000000069e400000, 0x000000069e400000, 0x000000069e800000|  0%| F|  |TAMS 0x000000069e400000, 0x000000069e400000| Untracked 
|  85|0x000000069e800000, 0x000000069e800000, 0x000000069ec00000|  0%| F|  |TAMS 0x000000069e800000, 0x000000069e800000| Untracked 
|  86|0x000000069ec00000, 0x000000069ec00000, 0x000000069f000000|  0%| F|  |TAMS 0x000000069ec00000, 0x000000069ec00000| Untracked 
|  87|0x000000069f000000, 0x000000069f000000, 0x000000069f400000|  0%| F|  |TAMS 0x000000069f000000, 0x000000069f000000| Untracked 
|  88|0x000000069f400000, 0x000000069f800000, 0x000000069f800000|100%| S|CS|TAMS 0x000000069f400000, 0x000000069f400000| Complete 
|  89|0x000000069f800000, 0x000000069f800000, 0x000000069fc00000|  0%| F|  |TAMS 0x000000069f800000, 0x000000069f800000| Untracked 
|  90|0x000000069fc00000, 0x000000069fc00000, 0x00000006a0000000|  0%| F|  |TAMS 0x000000069fc00000, 0x000000069fc00000| Untracked 
|  91|0x00000006a0000000, 0x00000006a0000000, 0x00000006a0400000|  0%| F|  |TAMS 0x00000006a0000000, 0x00000006a0000000| Untracked 
|  92|0x00000006a0400000, 0x00000006a0400000, 0x00000006a0800000|  0%| F|  |TAMS 0x00000006a0400000, 0x00000006a0400000| Untracked 
|  93|0x00000006a0800000, 0x00000006a0b1ad88, 0x00000006a0c00000| 77%| E|  |TAMS 0x00000006a0800000, 0x00000006a0800000| Complete 

Card table byte_map: [0x0000022e290e0000,0x0000022e29ca0000] _byte_map_base: 0x0000022e25c96000

Marking Bits (Prev, Next): (CMBitMap*) 0x0000022e1372cbf0, (CMBitMap*) 0x0000022e1372cc30
 Prev Bits: [0x0000022e2a860000, 0x0000022e30610000)
 Next Bits: [0x0000022e30610000, 0x0000022e363c0000)

Polling page: 0x0000022e137a0000

Metaspace:

Usage:
  Non-class:     10.82 MB used.
      Class:      1.09 MB used.
       Both:     11.91 MB used.

Virtual space:
  Non-class space:       16.00 MB reserved,      10.94 MB ( 68%) committed,  2 nodes.
      Class space:        1.00 GB reserved,       1.19 MB ( <1%) committed,  1 nodes.
             Both:        1.02 GB reserved,      12.12 MB (  1%) committed. 

Chunk freelists:
   Non-Class:  672.00 KB
       Class:  2.79 MB
        Both:  3.45 MB

MaxMetaspaceSize: unlimited
CompressedClassSpaceSize: 1.00 GB
Initial GC threshold: 21.00 MB
Current GC threshold: 21.00 MB
CDS: off
MetaspaceReclaimPolicy: balanced
 - commit_granule_bytes: 65536.
 - commit_granule_words: 8192.
 - virtual_space_node_default_size: 1048576.
 - enlarge_chunks_in_place: 1.
 - new_chunks_are_fully_committed: 0.
 - uncommit_free_chunks: 1.
 - use_allocation_guard: 0.
 - handle_deallocations: 1.


Internal statistics:

num_allocs_failed_limit: 0.
num_arena_births: 76.
num_arena_deaths: 0.
num_vsnodes_births: 3.
num_vsnodes_deaths: 0.
num_space_committed: 194.
num_space_uncommitted: 0.
num_chunks_returned_to_freelist: 0.
num_chunks_taken_from_freelist: 189.
num_chunk_merges: 0.
num_chunk_splits: 106.
num_chunks_enlarged: 65.
num_purges: 0.
num_inconsistent_stats: 0.

CodeHeap 'non-profiled nmethods': size=119168Kb used=344Kb max_used=344Kb free=118824Kb
 bounds [0x0000022e20110000, 0x0000022e20380000, 0x0000022e27570000]
CodeHeap 'profiled nmethods': size=119104Kb used=2083Kb max_used=2083Kb free=117020Kb
 bounds [0x0000022e18cc0000, 0x0000022e18f30000, 0x0000022e20110000]
CodeHeap 'non-nmethods': size=7488Kb used=1230Kb max_used=2927Kb free=6257Kb
 bounds [0x0000022e18570000, 0x0000022e18850000, 0x0000022e18cc0000]
 total_blobs=1580 nmethods=1126 adapters=367
 compilation: enabled
              stopped_count=0, restarted_count=0
 full_count=0

Compilation events (20 events):
Event: 130.017 Thread 0x0000022e3a084810 1110       3       java.lang.invoke.MethodType::insertParameterTypes (121 bytes)
Event: 130.018 Thread 0x0000022e3a084810 nmethod 1110 0x0000022e18ec1d90 code [0x0000022e18ec2060, 0x0000022e18ec2e68]
Event: 130.018 Thread 0x0000022e3a084810 1113       3       jdk.internal.org.objectweb.asm.SymbolTable::addType (81 bytes)
Event: 130.018 Thread 0x0000022e3a084810 nmethod 1113 0x0000022e18ec3410 code [0x0000022e18ec3620, 0x0000022e18ec3b98]
Event: 130.018 Thread 0x0000022e3a084810 1112       3       jdk.internal.org.objectweb.asm.Type::<init> (26 bytes)
Event: 130.018 Thread 0x0000022e3a084810 nmethod 1112 0x0000022e18ec3e90 code [0x0000022e18ec4020, 0x0000022e18ec41f8]
Event: 130.018 Thread 0x0000022e3a084810 1115       3       java.lang.invoke.MemberName::<init> (50 bytes)
Event: 130.019 Thread 0x0000022e3a084810 nmethod 1115 0x0000022e18ec4290 code [0x0000022e18ec4460, 0x0000022e18ec4778]
Event: 130.019 Thread 0x0000022e3a084810 1118       3       jdk.internal.org.objectweb.asm.Type::getDescriptor (93 bytes)
Event: 130.019 Thread 0x0000022e3a080920 1121       4       jdk.internal.org.objectweb.asm.ByteVector::putShort (52 bytes)
Event: 130.019 Thread 0x0000022e3a084810 nmethod 1118 0x0000022e18ec4910 code [0x0000022e18ec4b80, 0x0000022e18ec5348]
Event: 130.019 Thread 0x0000022e3a084810 1120       3       jdk.internal.org.objectweb.asm.Frame::getAbstractTypeFromDescriptor (415 bytes)
Event: 130.019 Thread 0x0000022e3a080920 nmethod 1121 0x0000022e20165c10 code [0x0000022e20165d80, 0x0000022e20165ed8]
Event: 130.020 Thread 0x0000022e3a084810 nmethod 1120 0x0000022e18ec5610 code [0x0000022e18ec59e0, 0x0000022e18ec75d8]
Event: 130.020 Thread 0x0000022e3a084810 1124       3       java.lang.invoke.LambdaForm::parameterType (9 bytes)
Event: 130.020 Thread 0x0000022e3a084810 nmethod 1124 0x0000022e18ec7f90 code [0x0000022e18ec8140, 0x0000022e18ec82a8]
Event: 130.020 Thread 0x0000022e3a084810 1125       3       java.lang.invoke.LambdaForm::parameter (38 bytes)
Event: 130.020 Thread 0x0000022e3a084810 nmethod 1125 0x0000022e18ec8390 code [0x0000022e18ec8520, 0x0000022e18ec8678]
Event: 130.020 Thread 0x0000022e3a084810 1123       3       java.lang.invoke.LambdaForm::internArgument (85 bytes)
Event: 130.020 Thread 0x0000022e3a084810 nmethod 1123 0x0000022e18ec8710 code [0x0000022e18ec88e0, 0x0000022e18ec8c68]

GC Heap History (2 events):
Event: 0.554 GC heap before
{Heap before GC invocations=0 (full 0):
 garbage-first heap   total 385024K, used 20480K [0x0000000689400000, 0x0000000800000000)
  region size 4096K, 5 young (20480K), 0 survivors (0K)
 Metaspace       used 11834K, committed 11968K, reserved 1064960K
  class space    used 1063K, committed 1152K, reserved 1048576K
}
Event: 0.557 GC heap after
{Heap after GC invocations=1 (full 0):
 garbage-first heap   total 385024K, used 5419K [0x0000000689400000, 0x0000000800000000)
  region size 4096K, 1 young (4096K), 1 survivors (4096K)
 Metaspace       used 11834K, committed 11968K, reserved 1064960K
  class space    used 1063K, committed 1152K, reserved 1048576K
}

Deoptimization events (20 events):
Event: 0.548 Thread 0x0000022e136cd1e0 DEOPT PACKING pc=0x0000022e2013714c sp=0x00000097338fe640
Event: 0.548 Thread 0x0000022e136cd1e0 DEOPT UNPACKING pc=0x0000022e185c23a3 sp=0x00000097338fe600 mode 2
Event: 0.946 Thread 0x0000022e3ae01370 Uncommon trap: trap_request=0xffffff45 fr.pc=0x0000022e20144ba4 relative=0x0000000000000764
Event: 0.946 Thread 0x0000022e3ae01370 Uncommon trap: reason=unstable_if action=reinterpret pc=0x0000022e20144ba4 method=org.eclipse.jdt.launching.internal.org.objectweb.asm.ClassReader.readUtf(II[C)Ljava/lang/String; @ 41 c2
Event: 0.946 Thread 0x0000022e3ae01370 DEOPT PACKING pc=0x0000022e20144ba4 sp=0x00000097351f74d0
Event: 0.946 Thread 0x0000022e3ae01370 DEOPT UNPACKING pc=0x0000022e185c23a3 sp=0x00000097351f7448 mode 2
Event: 0.946 Thread 0x0000022e3ae01370 Uncommon trap: trap_request=0xffffff45 fr.pc=0x0000022e2011ae28 relative=0x0000000000000228
Event: 0.946 Thread 0x0000022e3ae01370 Uncommon trap: reason=unstable_if action=reinterpret pc=0x0000022e2011ae28 method=java.lang.String.isLatin1()Z @ 10 c2
Event: 0.946 Thread 0x0000022e3ae01370 DEOPT PACKING pc=0x0000022e2011ae28 sp=0x00000097351f74e0
Event: 0.946 Thread 0x0000022e3ae01370 DEOPT UNPACKING pc=0x0000022e185c23a3 sp=0x00000097351f7410 mode 2
Event: 0.946 Thread 0x0000022e3ae01370 Uncommon trap: trap_request=0xffffff45 fr.pc=0x0000022e20142e04 relative=0x0000000000000644
Event: 0.946 Thread 0x0000022e3ae01370 Uncommon trap: reason=unstable_if action=reinterpret pc=0x0000022e20142e04 method=org.eclipse.jdt.launching.internal.org.objectweb.asm.ClassReader.readUtf(II[C)Ljava/lang/String; @ 41 c2
Event: 0.946 Thread 0x0000022e3ae01370 DEOPT PACKING pc=0x0000022e20142e04 sp=0x00000097351f7430
Event: 0.946 Thread 0x0000022e3ae01370 DEOPT UNPACKING pc=0x0000022e185c23a3 sp=0x00000097351f7438 mode 2
Event: 130.016 Thread 0x0000022e3ae01370 DEOPT PACKING pc=0x0000022e18e8bcbc sp=0x00000097351fe9a0
Event: 130.016 Thread 0x0000022e3ae01370 DEOPT UNPACKING pc=0x0000022e185c2b43 sp=0x00000097351fde60 mode 0
Event: 130.016 Thread 0x0000022e3ae01370 DEOPT PACKING pc=0x0000022e18e8933c sp=0x00000097351fea10
Event: 130.016 Thread 0x0000022e3ae01370 DEOPT UNPACKING pc=0x0000022e185c2b43 sp=0x00000097351fdee8 mode 0
Event: 130.016 Thread 0x0000022e3ae01370 DEOPT PACKING pc=0x0000022e18e88abc sp=0x00000097351feb10
Event: 130.016 Thread 0x0000022e3ae01370 DEOPT UNPACKING pc=0x0000022e185c2b43 sp=0x00000097351fdfe8 mode 0

Classes unloaded (0 events):
No events

Classes redefined (1 events):
Event: 233.208 Thread 0x0000022e3941b050 redefined class name=pt.fcul.master.stvgp.StvgpGene, count=1

Internal exceptions (20 events):
Event: 0.460 Thread 0x0000022e136cd1e0 Exception <a 'java/lang/NoSuchMethodError'{0x000000069fe2e208}: 'java.lang.Object java.lang.invoke.DirectMethodHandle$Holder.invokeStaticInit(java.lang.Object)'> (0x000000069fe2e208) 
thrown [e:\jenkins\tmp\workspace\build\src\src\hotspot\share\interpreter\linkResolver.cpp, line 766]
Event: 0.470 Thread 0x0000022e136cd1e0 Exception <a 'java/lang/NoSuchMethodError'{0x000000069fe9b1b0}: 'java.lang.Object java.lang.invoke.DirectMethodHandle$Holder.invokeInterface(java.lang.Object, java.lang.Object)'> (0x000000069fe9b1b0) 
thrown [e:\jenkins\tmp\workspace\build\src\src\hotspot\share\interpreter\linkResolver.cpp, line 766]
Event: 0.479 Thread 0x0000022e136cd1e0 Exception <a 'java/lang/NoSuchMethodError'{0x000000069ff15f20}: 'java.lang.Object java.lang.invoke.DirectMethodHandle$Holder.newInvokeSpecial(java.lang.Object, java.lang.Object, java.lang.Object, java.lang.Object, java.lang.Object)'> (0x000000069ff15f20) 
thrown [e:\jenkins\tmp\workspace\build\src\src\hotspot\share\interpreter\linkResolver.cpp, line 766]
Event: 0.484 Thread 0x0000022e136cd1e0 Exception <a 'java/lang/NoSuchMethodError'{0x000000069ff1cc30}: 'void java.lang.invoke.DirectMethodHandle$Holder.invokeSpecial(java.lang.Object, java.lang.Object, java.lang.Object)'> (0x000000069ff1cc30) 
thrown [e:\jenkins\tmp\workspace\build\src\src\hotspot\share\interpreter\linkResolver.cpp, line 766]
Event: 0.486 Thread 0x0000022e136cd1e0 Exception <a 'java/lang/NoSuchMethodError'{0x000000069ff45228}: 'java.lang.Object java.lang.invoke.DirectMethodHandle$Holder.invokeSpecialIFC(java.lang.Object, java.lang.Object, java.lang.Object, java.lang.Object)'> (0x000000069ff45228) 
thrown [e:\jenkins\tmp\workspace\build\src\src\hotspot\share\interpreter\linkResolver.cpp, line 766]
Event: 0.497 Thread 0x0000022e136cd1e0 Exception <a 'java/lang/NoSuchMethodError'{0x000000069f83bbf8}: 'int java.lang.invoke.DirectMethodHandle$Holder.invokeSpecial(java.lang.Object, java.lang.Object, java.lang.Object)'> (0x000000069f83bbf8) 
thrown [e:\jenkins\tmp\workspace\build\src\src\hotspot\share\interpreter\linkResolver.cpp, line 766]
Event: 0.530 Thread 0x0000022e136cd1e0 Exception <a 'java/lang/NoSuchMethodError'{0x000000069fa79ec8}: 'void java.lang.invoke.DirectMethodHandle$Holder.invokeStatic(java.lang.Object, java.lang.Object)'> (0x000000069fa79ec8) 
thrown [e:\jenkins\tmp\workspace\build\src\src\hotspot\share\interpreter\linkResolver.cpp, line 766]
Event: 0.533 Thread 0x0000022e136cd1e0 Exception <a 'java/lang/NoSuchMethodError'{0x000000069faa2c08}: 'java.lang.Object java.lang.invoke.DirectMethodHandle$Holder.invokeStatic(java.lang.Object, long, java.lang.Object)'> (0x000000069faa2c08) 
thrown [e:\jenkins\tmp\workspace\build\src\src\hotspot\share\interpreter\linkResolver.cpp, line 766]
Event: 0.534 Thread 0x0000022e136cd1e0 Exception <a 'java/lang/NoSuchMethodError'{0x000000069faa90b8}: 'java.lang.Object java.lang.invoke.DirectMethodHandle$Holder.newInvokeSpecial(java.lang.Object, long)'> (0x000000069faa90b8) 
thrown [e:\jenkins\tmp\workspace\build\src\src\hotspot\share\interpreter\linkResolver.cpp, line 766]
Event: 0.537 Thread 0x0000022e136cd1e0 Exception <a 'java/lang/IncompatibleClassChangeError'{0x000000069face3a0}: Found class java.lang.Object, but interface was expected> (0x000000069face3a0) 
thrown [e:\jenkins\tmp\workspace\build\src\src\hotspot\share\interpreter\linkResolver.cpp, line 833]
Event: 0.542 Thread 0x0000022e136cd1e0 Exception <a 'java/lang/NoSuchMethodError'{0x000000069fafa018}: 'long java.lang.invoke.DirectMethodHandle$Holder.invokeStatic(java.lang.Object)'> (0x000000069fafa018) 
thrown [e:\jenkins\tmp\workspace\build\src\src\hotspot\share\interpreter\linkResolver.cpp, line 766]
Event: 0.558 Thread 0x0000022e3ae01370 Exception <a 'java/lang/NoSuchMethodError'{0x00000006a0808800}: 'java.lang.Object java.lang.invoke.DirectMethodHandle$Holder.newInvokeSpecial(java.lang.Object, java.lang.Object, java.lang.Object, int)'> (0x00000006a0808800) 
thrown [e:\jenkins\tmp\workspace\build\src\src\hotspot\share\interpreter\linkResolver.cpp, line 766]
Event: 0.558 Thread 0x0000022e3af35af0 Exception <a 'java/lang/NoSuchMethodError'{0x00000006a087be18}: 'java.lang.Object java.lang.invoke.DirectMethodHandle$Holder.newInvokeSpecial(java.lang.Object, java.lang.Object, java.lang.Object, int)'> (0x00000006a087be18) 
thrown [e:\jenkins\tmp\workspace\build\src\src\hotspot\share\interpreter\linkResolver.cpp, line 766]
Event: 0.559 Thread 0x0000022e3ae01370 Exception <a 'java/lang/NoSuchMethodError'{0x00000006a0810210}: 'java.lang.Object java.lang.invoke.Invokers$Holder.linkToTargetMethod(java.lang.Object, java.lang.Object, int, java.lang.Object)'> (0x00000006a0810210) 
thrown [e:\jenkins\tmp\workspace\build\src\src\hotspot\share\interpreter\linkResolver.cpp, line 766]
Event: 0.559 Thread 0x0000022e3af35af0 Exception <a 'java/lang/NoSuchMethodError'{0x00000006a0883290}: 'java.lang.Object java.lang.invoke.Invokers$Holder.linkToTargetMethod(java.lang.Object, java.lang.Object, int, java.lang.Object)'> (0x00000006a0883290) 
thrown [e:\jenkins\tmp\workspace\build\src\src\hotspot\share\interpreter\linkResolver.cpp, line 766]
Event: 0.566 Thread 0x0000022e3ae01370 Exception <a 'java/lang/NoSuchMethodError'{0x00000006a0989698}: 'java.lang.Object java.lang.invoke.DirectMethodHandle$Holder.newInvokeSpecial(java.lang.Object, java.lang.Object, int, java.lang.Object)'> (0x00000006a0989698) 
thrown [e:\jenkins\tmp\workspace\build\src\src\hotspot\share\interpreter\linkResolver.cpp, line 766]
Event: 0.566 Thread 0x0000022e3ae01370 Exception <a 'java/lang/NoSuchMethodError'{0x00000006a098d7a0}: 'java.lang.Object java.lang.invoke.DirectMethodHandle$Holder.invokeSpecial(java.lang.Object, java.lang.Object, java.lang.Object, int, java.lang.Object)'> (0x00000006a098d7a0) 
thrown [e:\jenkins\tmp\workspace\build\src\src\hotspot\share\interpreter\linkResolver.cpp, line 766]
Event: 0.568 Thread 0x0000022e3ae01370 Exception <a 'java/lang/NoSuchMethodError'{0x00000006a09b0980}: 'java.lang.Object java.lang.invoke.DirectMethodHandle$Holder.newInvokeSpecial(java.lang.Object, java.lang.Object, java.lang.Object, long)'> (0x00000006a09b0980) 
thrown [e:\jenkins\tmp\workspace\build\src\src\hotspot\share\interpreter\linkResolver.cpp, line 766]
Event: 0.568 Thread 0x0000022e3ae01370 Exception <a 'java/lang/NoSuchMethodError'{0x00000006a09b4d70}: 'java.lang.Object java.lang.invoke.DirectMethodHandle$Holder.invokeSpecial(java.lang.Object, java.lang.Object, java.lang.Object, java.lang.Object, long)'> (0x00000006a09b4d70) 
thrown [e:\jenkins\tmp\workspace\build\src\src\hotspot\share\interpreter\linkResolver.cpp, line 766]
Event: 0.571 Thread 0x0000022e3ae01370 Exception <a 'java/lang/NoSuchMethodError'{0x00000006a09cc3f0}: 'void java.lang.invoke.DirectMethodHandle$Holder.invokeStatic(java.lang.Object, java.lang.Object, java.lang.Object, java.lang.Object)'> (0x00000006a09cc3f0) 
thrown [e:\jenkins\tmp\workspace\build\src\src\hotspot\share\interpreter\linkResolver.cpp, line 766]

VM Operations (20 events):
Event: 226.464 Executing VM operation: get/set locals
Event: 226.464 Executing VM operation: get/set locals done
Event: 226.464 Executing VM operation: get/set locals
Event: 226.464 Executing VM operation: get/set locals done
Event: 226.464 Executing VM operation: get/set locals
Event: 226.464 Executing VM operation: get/set locals done
Event: 233.202 Executing VM operation: ChangeSingleStep
Event: 233.202 Executing VM operation: ChangeSingleStep done
Event: 233.203 Executing VM operation: ChangeSingleStep
Event: 233.203 Executing VM operation: ChangeSingleStep done
Event: 233.207 Executing VM operation: RedefineClasses
Event: 233.210 Executing VM operation: RedefineClasses done
Event: 233.218 Executing VM operation: ChangeBreakpoints
Event: 233.218 Executing VM operation: ChangeBreakpoints done
Event: 233.224 Executing VM operation: ChangeSingleStep
Event: 233.224 Executing VM operation: ChangeSingleStep done
Event: 233.224 Executing VM operation: get/set locals
Event: 233.224 Executing VM operation: get/set locals done
Event: 233.225 Executing VM operation: ChangeSingleStep
Event: 233.225 Executing VM operation: ChangeSingleStep done

Events (20 events):
Event: 0.567 loading class java/util/function/ToIntFunction
Event: 0.567 loading class java/util/function/ToIntFunction done
Event: 0.569 loading class java/util/stream/ReferencePipeline$4
Event: 0.569 loading class java/util/stream/IntPipeline$StatelessOp
Event: 0.569 loading class java/util/stream/IntPipeline$StatelessOp done
Event: 0.569 loading class java/util/stream/ReferencePipeline$4 done
Event: 0.569 loading class java/util/function/IntBinaryOperator
Event: 0.569 loading class java/util/function/IntBinaryOperator done
Event: 0.570 loading class java/util/stream/ReduceOps$6
Event: 0.570 loading class java/util/stream/ReduceOps$6 done
Event: 0.570 loading class java/util/stream/ReduceOps$5ReducingSink
Event: 0.570 loading class java/util/stream/ReduceOps$5ReducingSink done
Event: 0.570 loading class java/util/stream/ReferencePipeline$4$1
Event: 0.570 loading class java/util/stream/ReferencePipeline$4$1 done
Event: 0.945 Thread 0x0000022e3a3fdaf0 Thread exited: 0x0000022e3a3fdaf0
Event: 0.950 loading class jdk/internal/math/FDBigInteger
Event: 0.950 loading class jdk/internal/math/FDBigInteger done
Event: 5.957 Thread 0x0000022e3a1b0640 Thread exited: 0x0000022e3a1b0640
Event: 5.957 Thread 0x0000022e3a1aff80 Thread exited: 0x0000022e3a1aff80
Event: 5.957 Thread 0x0000022e3b8a2a50 Thread exited: 0x0000022e3b8a2a50


Dynamic libraries:
0x00007ff7b1670000 - 0x00007ff7b167e000 	C:\Users\Owner\.p2\pool\plugins\org.eclipse.justj.openjdk.hotspot.jre.full.win32.x86_64_17.0.1.v20211116-1657\jre\bin\javaw.exe
0x00007fffb1490000 - 0x00007fffb1685000 	C:\WINDOWS\SYSTEM32\ntdll.dll
0x00007fffb0030000 - 0x00007fffb00ee000 	C:\WINDOWS\System32\KERNEL32.DLL
0x00007fffaef90000 - 0x00007fffaf258000 	C:\WINDOWS\System32\KERNELBASE.dll
0x00007fffaed00000 - 0x00007fffaee00000 	C:\WINDOWS\System32\ucrtbase.dll
0x00007fff8c800000 - 0x00007fff8c818000 	C:\Users\Owner\.p2\pool\plugins\org.eclipse.justj.openjdk.hotspot.jre.full.win32.x86_64_17.0.1.v20211116-1657\jre\bin\jli.dll
0x00007fffa2d80000 - 0x00007fffa2d99000 	C:\Users\Owner\.p2\pool\plugins\org.eclipse.justj.openjdk.hotspot.jre.full.win32.x86_64_17.0.1.v20211116-1657\jre\bin\VCRUNTIME140.dll
0x00007fffaf9e0000 - 0x00007fffafb80000 	C:\WINDOWS\System32\USER32.dll
0x00007fffaf440000 - 0x00007fffaf462000 	C:\WINDOWS\System32\win32u.dll
0x00007fff980b0000 - 0x00007fff9834a000 	C:\WINDOWS\WinSxS\amd64_microsoft.windows.common-controls_6595b64144ccf1df_6.0.19041.1110_none_60b5254171f9507e\COMCTL32.dll
0x00007fffaf8f0000 - 0x00007fffaf91b000 	C:\WINDOWS\System32\GDI32.dll
0x00007fffb02a0000 - 0x00007fffb033e000 	C:\WINDOWS\System32\msvcrt.dll
0x00007fffaf260000 - 0x00007fffaf36d000 	C:\WINDOWS\System32\gdi32full.dll
0x00007fffaf3a0000 - 0x00007fffaf43d000 	C:\WINDOWS\System32\msvcp_win.dll
0x00007fffaf9b0000 - 0x00007fffaf9e0000 	C:\WINDOWS\System32\IMM32.DLL
0x00007fffa57d0000 - 0x00007fffa57dc000 	C:\Users\Owner\.p2\pool\plugins\org.eclipse.justj.openjdk.hotspot.jre.full.win32.x86_64_17.0.1.v20211116-1657\jre\bin\vcruntime140_1.dll
0x00007fff97a70000 - 0x00007fff97b01000 	C:\Users\Owner\.p2\pool\plugins\org.eclipse.justj.openjdk.hotspot.jre.full.win32.x86_64_17.0.1.v20211116-1657\jre\bin\msvcp140.dll
0x00007fff6aed0000 - 0x00007fff6bb16000 	C:\Users\Owner\.p2\pool\plugins\org.eclipse.justj.openjdk.hotspot.jre.full.win32.x86_64_17.0.1.v20211116-1657\jre\bin\server\jvm.dll
0x00007fffb1280000 - 0x00007fffb132e000 	C:\WINDOWS\System32\ADVAPI32.dll
0x00007fffb0d00000 - 0x00007fffb0d9c000 	C:\WINDOWS\System32\sechost.dll
0x00007fffaf4e0000 - 0x00007fffaf605000 	C:\WINDOWS\System32\RPCRT4.dll
0x00007fffb0520000 - 0x00007fffb0528000 	C:\WINDOWS\System32\PSAPI.DLL
0x00007fffad170000 - 0x00007fffad197000 	C:\WINDOWS\SYSTEM32\WINMM.dll
0x00007fff9a050000 - 0x00007fff9a059000 	C:\WINDOWS\SYSTEM32\WSOCK32.dll
0x00007fffb03f0000 - 0x00007fffb045b000 	C:\WINDOWS\System32\WS2_32.dll
0x00007fffa8430000 - 0x00007fffa843a000 	C:\WINDOWS\SYSTEM32\VERSION.dll
0x00007fffad3e0000 - 0x00007fffad3f2000 	C:\WINDOWS\SYSTEM32\kernel.appcore.dll
0x00007fff8d160000 - 0x00007fff8d16a000 	C:\Users\Owner\.p2\pool\plugins\org.eclipse.justj.openjdk.hotspot.jre.full.win32.x86_64_17.0.1.v20211116-1657\jre\bin\jimage.dll
0x00007fffacf80000 - 0x00007fffad164000 	C:\WINDOWS\SYSTEM32\DBGHELP.DLL
0x00007fffacf50000 - 0x00007fffacf7c000 	C:\WINDOWS\SYSTEM32\dbgcore.DLL
0x00007fffaef00000 - 0x00007fffaef82000 	C:\WINDOWS\System32\bcryptPrimitives.dll
0x00007fff99330000 - 0x00007fff9936b000 	C:\Users\Owner\.p2\pool\plugins\org.eclipse.justj.openjdk.hotspot.jre.full.win32.x86_64_17.0.1.v20211116-1657\jre\bin\jdwp.dll
0x00007fff8d150000 - 0x00007fff8d15e000 	C:\Users\Owner\.p2\pool\plugins\org.eclipse.justj.openjdk.hotspot.jre.full.win32.x86_64_17.0.1.v20211116-1657\jre\bin\instrument.dll
0x00007fff815b0000 - 0x00007fff815d5000 	C:\Users\Owner\.p2\pool\plugins\org.eclipse.justj.openjdk.hotspot.jre.full.win32.x86_64_17.0.1.v20211116-1657\jre\bin\java.dll
0x00007fff770a0000 - 0x00007fff770b8000 	C:\Users\Owner\.p2\pool\plugins\org.eclipse.justj.openjdk.hotspot.jre.full.win32.x86_64_17.0.1.v20211116-1657\jre\bin\zip.dll
0x00007fffb05b0000 - 0x00007fffb0cf4000 	C:\WINDOWS\System32\SHELL32.dll
0x00007fffac7b0000 - 0x00007fffacf44000 	C:\WINDOWS\SYSTEM32\windows.storage.dll
0x00007fffafcc0000 - 0x00007fffb0015000 	C:\WINDOWS\System32\combase.dll
0x00007fffae570000 - 0x00007fffae59e000 	C:\WINDOWS\SYSTEM32\Wldp.dll
0x00007fffb0460000 - 0x00007fffb050d000 	C:\WINDOWS\System32\SHCORE.dll
0x00007fffb1220000 - 0x00007fffb1275000 	C:\WINDOWS\System32\shlwapi.dll
0x00007fffaeae0000 - 0x00007fffaeaff000 	C:\WINDOWS\SYSTEM32\profapi.dll
0x00007fffa2cb0000 - 0x00007fffa2cbc000 	C:\Users\Owner\.p2\pool\plugins\org.eclipse.justj.openjdk.hotspot.jre.full.win32.x86_64_17.0.1.v20211116-1657\jre\bin\dt_socket.dll
0x00007fffadf30000 - 0x00007fffadf6b000 	C:\WINDOWS\SYSTEM32\IPHLPAPI.DLL
0x00007fffae230000 - 0x00007fffae29a000 	C:\WINDOWS\system32\mswsock.dll
0x00007fffadf70000 - 0x00007fffae03b000 	C:\WINDOWS\SYSTEM32\DNSAPI.dll
0x00007fffb0020000 - 0x00007fffb0028000 	C:\WINDOWS\System32\NSI.dll
0x00007fff9d3f0000 - 0x00007fff9d3fa000 	C:\Windows\System32\rasadhlp.dll
0x00007fffa2f20000 - 0x00007fffa2f9f000 	C:\WINDOWS\System32\fwpuclnt.dll
0x00007fffaf370000 - 0x00007fffaf397000 	C:\WINDOWS\System32\bcrypt.dll
0x00007fff6aeb0000 - 0x00007fff6aec9000 	C:\Users\Owner\.p2\pool\plugins\org.eclipse.justj.openjdk.hotspot.jre.full.win32.x86_64_17.0.1.v20211116-1657\jre\bin\net.dll
0x00007fffa41f0000 - 0x00007fffa42fc000 	C:\WINDOWS\SYSTEM32\WINHTTP.dll
0x00007fff6ae90000 - 0x00007fff6aea5000 	C:\Users\Owner\.p2\pool\plugins\org.eclipse.justj.openjdk.hotspot.jre.full.win32.x86_64_17.0.1.v20211116-1657\jre\bin\nio.dll
0x00007fff8d140000 - 0x00007fff8d150000 	C:\Users\Owner\.p2\pool\plugins\org.eclipse.justj.openjdk.hotspot.jre.full.win32.x86_64_17.0.1.v20211116-1657\jre\bin\verify.dll

dbghelp: loaded successfully - version: 4.0.5 - missing functions: none
symbol engine: initialized successfully - sym options: 0x614 - pdb path: .;C:\Users\Owner\.p2\pool\plugins\org.eclipse.justj.openjdk.hotspot.jre.full.win32.x86_64_17.0.1.v20211116-1657\jre\bin;C:\WINDOWS\SYSTEM32;C:\WINDOWS\WinSxS\amd64_microsoft.windows.common-controls_6595b64144ccf1df_6.0.19041.1110_none_60b5254171f9507e;C:\Users\Owner\.p2\pool\plugins\org.eclipse.justj.openjdk.hotspot.jre.full.win32.x86_64_17.0.1.v20211116-1657\jre\bin\server

VM Arguments:
jvm_args: -XX:+ShowCodeDetailsInExceptionMessages -agentlib:jdwp=transport=dt_socket,suspend=y,address=localhost:59349 -javaagent:C:\Users\Owner\eclipse\jee-2021-09\eclipse\configuration\org.eclipse.osgi\1035\0\.cp\lib\javaagent-shaded.jar -Dfile.encoding=UTF-8 
java_command: pt.fcul.master.stvgp.runner.Runner
java_class_path (initial): C:\Users\Owner\Documents\GitHub\MarketGeneticGeneratedIndicators\target\classes;C:\Users\Owner\.m2\repository\org\projectlombok\lombok\1.18.20\lombok-1.18.20.jar;C:\Users\Owner\.m2\repository\mysql\mysql-connector-java\8.0.28\mysql-connector-java-8.0.28.jar;C:\Users\Owner\.m2\repository\com\google\protobuf\protobuf-java\3.11.4\protobuf-java-3.11.4.jar;C:\Users\Owner\.m2\repository\io\jenetics\jenetics\6.3.0\jenetics-6.3.0.jar;C:\Users\Owner\.m2\repository\io\jenetics\jenetics.prog\6.3.0\jenetics.prog-6.3.0.jar;C:\Users\Owner\.m2\repository\io\jenetics\jenetics.ext\6.3.0\jenetics.ext-6.3.0.jar;C:\Users\Owner\.m2\repository\org\json\json\20210307\json-20210307.jar;C:\Users\Owner\.m2\repository\io\jenetics\facilejdbc\1.3.0\facilejdbc-1.3.0.jar;C:\Users\Owner\.m2\repository\com\zaxxer\HikariCP\5.0.1\HikariCP-5.0.1.jar;C:\Users\Owner\.m2\repository\org\slf4j\slf4j-api\2.0.0-alpha1\slf4j-api-2.0.0-alpha1.jar;C:\Users\Owner\Documents\GitHub\Java_Plotter\target\classes;C:\Users\Owner\.m2\repository\org\openjfx\javafx-controls\18-ea+4\javafx-controls-18-ea+4.jar;C:\Users\Owner\.m2\repository\org\openjfx\javafx-controls\18-ea+4\javafx-controls-18-ea+4-win.jar;C:\Users\Owner\.m2\repository\org\openjfx\javafx-graphics\18-ea+4\javafx-graphics-18-ea+4.jar;C:\Users\Owner\.m2\repository\org\openjfx\javafx-graphics\18-ea+4\javafx-graphics-18-ea+4-win.jar;C:\Users\Owner\.m2\repository\org\openjfx\javafx-base\18-ea+4\javafx-base-18-ea+4.jar;C:\Users\Owner\.m2\repository\org\openjfx\javafx-base\18-ea+4\javafx-base-18-ea+4-win.jar;C:\Users\Owner\.m2\repository\org\openjfx\javafx-fxml\18-ea+4\javafx-fxml-18-ea+4.jar;C:\Users\Owner\.m2\repository\org\openjfx\javafx-fxml\18-ea+4\javafx-fxml-18-ea+4-win.jar;C:\Users\Owner\.m2\repository\org\openjfx\javafx-swing\18-ea+4\javafx-swing-18-ea+4.jar;C:\Users\Owner\.m2\repository\org\openjfx\javafx-swing\18-ea+4\javafx-swing-18-ea+4-win.jar;C:\Users\Owner\.m2\repository\org\openjfx\javafx-web\18-ea+4\javafx-web-18-ea+4
Launcher Type: SUN_STANDARD

[Global flags]
     intx CICompilerCount                          = 12                                        {product} {ergonomic}
     uint ConcGCThreads                            = 3                                         {product} {ergonomic}
     uint G1ConcRefinementThreads                  = 13                                        {product} {ergonomic}
   size_t G1HeapRegionSize                         = 4194304                                   {product} {ergonomic}
    uintx GCDrainStackTargetSize                   = 64                                        {product} {ergonomic}
   size_t InitialHeapSize                          = 394264576                                 {product} {ergonomic}
   size_t MarkStackSize                            = 4194304                                   {product} {ergonomic}
   size_t MaxHeapSize                              = 6287261696                                {product} {ergonomic}
   size_t MaxNewSize                               = 3770679296                                {product} {ergonomic}
   size_t MinHeapDeltaBytes                        = 4194304                                   {product} {ergonomic}
   size_t MinHeapSize                              = 8388608                                   {product} {ergonomic}
    uintx NonNMethodCodeHeapSize                   = 7602480                                {pd product} {ergonomic}
    uintx NonProfiledCodeHeapSize                  = 122027880                              {pd product} {ergonomic}
    uintx ProfiledCodeHeapSize                     = 122027880                              {pd product} {ergonomic}
    uintx ReservedCodeCacheSize                    = 251658240                              {pd product} {ergonomic}
     bool SegmentedCodeCache                       = true                                      {product} {ergonomic}
     bool ShowCodeDetailsInExceptionMessages       = true                                   {manageable} {command line}
   size_t SoftMaxHeapSize                          = 6287261696                             {manageable} {ergonomic}
     bool UseCompressedClassPointers               = true                           {product lp64_product} {ergonomic}
     bool UseCompressedOops                        = true                           {product lp64_product} {ergonomic}
     bool UseG1GC                                  = true                                      {product} {ergonomic}
     bool UseLargePagesIndividualAllocation        = false                                  {pd product} {ergonomic}

Logging:
Log output configuration:
 #0: stdout all=warning uptime,level,tags
 #1: stderr all=off uptime,level,tags

Environment Variables:
JAVA_HOME=C:\Program Files (x86)\Java\jdk-17.0.1
PATH=C:\Users\Owner\.p2\pool\plugins\org.eclipse.justj.openjdk.hotspot.jre.full.win32.x86_64_17.0.1.v20211116-1657\jre\bin;C:/Users/Owner/.p2/pool/plugins/org.eclipse.justj.openjdk.hotspot.jre.full.win32.x86_64_17.0.1.v20211116-1657/jre/bin/server;C:/Users/Owner/.p2/pool/plugins/org.eclipse.justj.openjdk.hotspot.jre.full.win32.x86_64_17.0.1.v20211116-1657/jre/bin;C:\Program Files\NVIDIA GPU Computing Toolkit\CUDA\v11.6\bin;C:\Program Files\NVIDIA GPU Computing Toolkit\CUDA\v11.6\libnvvp;C:\Python310\Scripts\;C:\Python310\;C:\Program Files (x86)\Java\jdk-11.0.2\bin;C:\Program Files (x86)\Java\jdk-17.0.1\bin;C:\Windows\system32;C:\Windows;C:\Windows\System32\Wbem;C:\Windows\System32\WindowsPowerShell\v1.0\;C:\Windows\System32\OpenSSH\;C:\Program Files\NVIDIA Corporation\NVIDIA NvDLISR;C:\WINDOWS\system32;C:\WINDOWS;C:\WINDOWS\System32\Wbem;C:\WINDOWS\System32\WindowsPowerShell\v1.0\;C:\WINDOWS\System32\OpenSSH\;C:\Program Files (x86)\NVIDIA Corporation\PhysX\Common;C:\Program Files\QuestDB-6.1.13\bin;C:\Program Files\Docker\Docker\resources\bin;C:\ProgramData\DockerDesktop\version-bin;C:\Program Files (x86)\Common Files\Oracle\Java\javapath;C:\ProgramData\Oracle\Java\javapath;C:\Program Files\nodejs\;C:\ProgramData\chocolatey\bin;C:\Program Files\Git\cmd;C:\Program Files\NVIDIA Corporation\Nsight Compute 2022.1.0\;C:\Program Files\MySQL\MySQL Shell 8.0\bin\;C:\Users\Owner\AppData\Local\Microsoft\WindowsApps;C:\Users\Owner\AppData\Local\GitHubDesktop\bin;C:\Users\Owner\AppData\Roaming\npm;C:\Users\Owner\AppData\Local\atom\bin;C:\Users\Owner\AppData\Local\Programs\Microsoft VS Code\bin;C:\Users\Owner\eclipse\jee-2021-09\eclipse;
USERNAME=Owner
OS=Windows_NT
PROCESSOR_IDENTIFIER=AMD64 Family 23 Model 96 Stepping 1, AuthenticAMD



---------------  S Y S T E M  ---------------

OS:
 Windows 10 , 64 bit Build 19041 (10.0.19041.1503)
OS uptime: 0 days 21:24 hours
Hyper-V role detected

CPU: total 16 (initial active 16) (16 cores per cpu, 2 threads per core) family 23 model 96 stepping 1 microcode 0x0, cx8, cmov, fxsr, ht, mmx, 3dnowpref, sse, sse2, sse3, ssse3, sse4a, sse4.1, sse4.2, popcnt, lzcnt, tsc, tscinvbit, avx, avx2, aes, clmul, bmi1, bmi2, adx, sha, fma, vzeroupper, clflush, clflushopt, hv

Memory: 4k page, system-wide physical 23981M (12854M free)
TotalPageFile size 33197M (AvailPageFile size 15710M)
current process WorkingSet (physical memory assigned to process): 74M, peak: 77M
current process commit charge ("private bytes"): 486M, peak: 490M

vm_info: OpenJDK 64-Bit Server VM (17.0.1+12) for windows-amd64 JRE (17.0.1+12), built on Oct 20 2021 07:42:55 by "" with MS VC++ 16.7 (VS2019)

END.
