#
# A fatal error has been detected by the Java Runtime Environment:
#
#  EXCEPTION_ACCESS_VIOLATION (0xc0000005) at pc=0x00007ffef52ebc8a, pid=11932, tid=42156
#
# JRE version: OpenJDK Runtime Environment Temurin-17.0.1+12 (17.0.1+12) (build 17.0.1+12)
# Java VM: OpenJDK 64-Bit Server VM Temurin-17.0.1+12 (17.0.1+12, mixed mode, tiered, compressed oops, compressed class ptrs, g1 gc, windows-amd64)
# Problematic frame:
# V  [jvm.dll+0x79bc8a]
#
# No core dump will be written. Minidumps are not enabled by default on client versions of Windows
#
# If you would like to submit a bug report, please visit:
#   https://github.com/adoptium/adoptium-support/issues
#

---------------  S U M M A R Y ------------

Command Line: -XX:+ShowCodeDetailsInExceptionMessages -agentlib:jdwp=transport=dt_socket,suspend=y,address=localhost:52555 -javaagent:C:\Users\Owner\eclipse\jee-2021-09\eclipse\configuration\org.eclipse.osgi\1035\0\.cp\lib\javaagent-shaded.jar -Dfile.encoding=UTF-8 pt.fcul.masters.analyses.AgentAnalyses

Host: AMD Ryzen 9 4900HS with Radeon Graphics         , 16 cores, 23G,  Windows 10 , 64 bit Build 19041 (10.0.19041.1566)
Time: Sat Mar 19 17:07:56 2022 GMT Standard Time elapsed time: 298.539041 seconds (0d 0h 4m 58s)

---------------  T H R E A D  ---------------

Current thread (0x00000245dfba93b0):  JavaThread "JDWP Transport Listener: dt_socket" daemon [_thread_in_vm, id=42156, stack(0x000000db52800000,0x000000db52900000)]

Stack: [0x000000db52800000,0x000000db52900000],  sp=0x000000db528ff840,  free space=1022k
Native frames: (J=compiled Java code, j=interpreted, Vv=VM code, C=native code)
V  [jvm.dll+0x79bc8a]
V  [jvm.dll+0x507e6c]
V  [jvm.dll+0x4cf4d4]
C  [jdwp.dll+0x22dff]


siginfo: EXCEPTION_ACCESS_VIOLATION (0xc0000005), reading address 0x00000000024a024c


Register to memory mapping:

RIP=0x00007ffef52ebc8a jvm.dll
RAX=0x0000000000000247 is an unknown value
RBX=0x00000245dfa52710 points into unknown readable memory: 0x41646c6569466369 | 69 63 46 69 65 6c 64 41
RCX=0x00000000024a0248 is an unknown value
RDX=0x00000245e2044c50 points into unknown readable memory: 0x6c7563662f74704c | 4c 70 74 2f 66 63 75 6c
RSP=0x000000db528ff840 is pointing into the stack for thread: 0x00000245dfba93b0
RBP=0x00000245dfaf6690 points into unknown readable memory: 0x0074006600000002 | 02 00 00 00 66 00 74 00
RSI=0x0 is NULL
RDI=0xffffffffffffffff is an unknown value
R8 =0x0 is NULL
R9 =0x000000000000001e is an unknown value
R10=0x0 is NULL
R11=0x000000db528ff860 is pointing into the stack for thread: 0x00000245dfba93b0
R12=0x000000db528ff998 is pointing into the stack for thread: 0x00000245dfba93b0
R13=0x0 is NULL
R14=0x000000080010ba70 is a pointer to class: 
pt.fcul.masters.vgp.problems.ProfitSeekingVGP {0x000000080010ba78}
 - instance size:     5
 - klass size:        112
 - access:            public synchronized 
 - state:             fully_initialized
 - name:              'pt/fcul/masters/vgp/problems/ProfitSeekingVGP'
 - super:             'java/lang/Object'
 - sub:               
 - arrays:            NULL
 - methods:           Array<T>(0x00000245e0e21608)
 - method ordering:   Array<T>(0x00000245e0e23f20)
 - default_methods:   Array<T>(0x00000245e0e01790)
 - default vtable indices:   Array<T>(0x00000245e0e017b8)
 - local interfaces:  Array<T>(0x00000245e0c8ddb8)
 - trans. interfaces: Array<T>(0x00000245e0c807e8)
 - constants:         constant pool [638]/operands[42] {0x00000245e0e28008} for 'pt/fcul/masters/vgp/problems/ProfitSeekingVGP' cache=0x00000245e0e271c8
 - class loader data:  loader data: 0x00000245dfa4fd00 for instance a 'jdk/internal/loader/ClassLoaders$AppClassLoader'{0x0000000689a28698}
 - source file:       'ProfitSeekingVGP.java'
 - source debug extension:       SMAP
ProfitSeekingVGP.java
Java
*S jdt
*F
1 ProfitSeekingVGP.java
2 file:/C:/Users/Owner/Documents/GitHub/MarketGeneticGeneratedIndicators/target/classes/
*L
*E

 - class annotations:       Array<T>(0x0000000000000000)
 - class type annotations:  Array<T>(0x0000000000000000)
 - field annotations:       Array<T>(0x0000000000000000)
 - field type annotations:  Array<T>(0x0000000000000000)
 - previous version:  constant pool [634]/operands[42] {0x00000245e0c8bd10} for 'pt/fcul/masters/vgp/problems/ProfitSeekingVGP' (extra) cache=0x00000245e0e04930
 - generic signature: '
[error occurred during error reporting (printing register info), id 0xc0000005, EXCEPTION_ACCESS_VIOLATION (0xc0000005) at pc=0x00007ffef52ec896]

Registers:
RAX=0x0000000000000247, RBX=0x00000245dfa52710, RCX=0x00000000024a0248, RDX=0x00000245e2044c50
RSP=0x000000db528ff840, RBP=0x00000245dfaf6690, RSI=0x0000000000000000, RDI=0xffffffffffffffff
R8 =0x0000000000000000, R9 =0x000000000000001e, R10=0x0000000000000000, R11=0x000000db528ff860
R12=0x000000db528ff998, R13=0x0000000000000000, R14=0x000000080010ba70, R15=0x000000db528ff9e8
RIP=0x00007ffef52ebc8a, EFLAGS=0x0000000000010202

Top of Stack: (sp=0x000000db528ff840)
0x000000db528ff840:   000000000000002d 000000080010ba70
0x000000db528ff850:   00000245dfba93b0 0000000000000000
0x000000db528ff860:   ffffffffffffffff 00007ffef5057e6c
0x000000db528ff870:   00000245dfa52710 00000245dfa526e0
0x000000db528ff880:   00000245dfaf6690 00000245e079ce20
0x000000db528ff890:   00000245dfa526a0 00000000000003d8
0x000000db528ff8a0:   00000245dfa526b0 00000245dfa52a88
0x000000db528ff8b0:   0000000000000002 000000db528ff998
0x000000db528ff8c0:   0000000000000000 0000000000000000
0x000000db528ff8d0:   00000006a5661750 00007ffef501f4d4
0x000000db528ff8e0:   00000245dfba93b0 000000db528ff9e8
0x000000db528ff8f0:   00000245bb21a9d0 000000db528ff9e8
0x000000db528ff900:   00000245dfba93b0 0000000000000000
0x000000db528ff910:   0000024500000000 0000000000000000
0x000000db528ff920:   000000000000000d 00007fff3b422dff
0x000000db528ff930:   000000db528ff9e0 00007fff3b431aa0 

Instructions: (pc=0x00007ffef52ebc8a)
0x00007ffef52ebb8a:   48 83 c4 20 5f e9 3c a2 90 ff cc cc cc cc cc cc
0x00007ffef52ebb9a:   cc cc cc cc cc cc 48 89 5c 24 08 57 48 83 ec 20
0x00007ffef52ebbaa:   83 fa 02 8d 42 06 b9 08 00 00 00 49 8b d8 0f 4e
0x00007ffef52ebbba:   c1 48 63 c8 48 83 c1 07 83 e1 f8 48 63 f9 49 8b
0x00007ffef52ebbca:   48 18 48 8b c7 48 f7 d0 48 3b c1 73 16 4c 8d 05
0x00007ffef52ebbda:   5a 55 17 00 48 8b d7 48 8b cb e8 47 05 91 ff 48
0x00007ffef52ebbea:   8b 4b 18 48 8d 04 39 48 3b 43 20 76 18 45 33 c0
0x00007ffef52ebbfa:   48 8b d7 48 8b cb 48 8b 5c 24 30 48 83 c4 20 5f
0x00007ffef52ebc0a:   e9 a1 01 91 ff 48 89 43 18 48 8b c1 48 8b 5c 24
0x00007ffef52ebc1a:   30 48 83 c4 20 5f c3 cc cc cc cc cc cc cc cc cc
0x00007ffef52ebc2a:   cc cc cc cc cc cc 4c 8b d2 4c 8b d9 45 85 c0 7e
0x00007ffef52ebc3a:   3c 44 0f b7 49 04 41 8d 40 ff 41 3b c1 44 0f 4c
0x00007ffef52ebc4a:   c8 4d 63 c1 45 85 c9 7e 1f 48 8b c2 4c 2b da 49
0x00007ffef52ebc5a:   8b d0 0f 1f 40 00 41 0f b6 4c 03 06 88 08 48 8d
0x00007ffef52ebc6a:   40 01 48 83 ea 01 75 ee 43 c6 04 10 00 49 8b c2
0x00007ffef52ebc7a:   c3 cc cc cc cc cc 48 89 5c 24 08 57 48 83 ec 20
0x00007ffef52ebc8a:   0f b7 59 04 48 8b f9 33 d2 48 8d 4b 01 e8 24 e8
0x00007ffef52ebc9a:   f2 ff 0f b7 57 04 4c 8b c0 3b da 0f 42 d3 44 8b
0x00007ffef52ebcaa:   ca 85 d2 74 39 48 2b f8 0f 1f 40 00 66 66 0f 1f
0x00007ffef52ebcba:   84 00 00 00 00 00 0f b6 4c 07 06 88 08 48 ff c0
0x00007ffef52ebcca:   48 8b c8 49 2b c8 49 3b c9 7c eb 42 c6 04 02 00
0x00007ffef52ebcda:   49 8b c0 48 8b 5c 24 30 48 83 c4 20 5f c3 48 8b
0x00007ffef52ebcea:   5c 24 30 c6 04 02 00 48 83 c4 20 5f c3 cc cc cc
0x00007ffef52ebcfa:   cc cc cc cc cc cc 4c 8b d1 45 85 c0 7e 6c 44 0f
0x00007ffef52ebd0a:   b7 49 04 41 8d 40 ff 41 3b c1 44 0f 4c c8 4d 63
0x00007ffef52ebd1a:   d9 45 85 c9 7e 22 48 8b ca 4c 2b d2 4d 8b c3 0f
0x00007ffef52ebd2a:   1f 80 00 00 00 00 41 0f b6 44 0a 06 88 01 48 8d
0x00007ffef52ebd3a:   49 01 49 83 e8 01 75 ee 41 c6 04 13 00 48 c7 c0
0x00007ffef52ebd4a:   ff ff ff ff 66 90 48 ff c0 80 3c 02 00 75 f7 48
0x00007ffef52ebd5a:   63 c8 85 c0 48 8b c2 7e 14 80 38 2f 75 03 c6 00
0x00007ffef52ebd6a:   2e 48 ff c0 48 83 e9 01 75 ef 48 8b c2 c3 cc cc
0x00007ffef52ebd7a:   cc cc cc cc cc cc 48 83 ec 28 e8 f7 fe ff ff 4c 


Stack slot to memory mapping:
stack at sp + 0 slots: 0x000000000000002d is an unknown value
stack at sp + 1 slots: 0x000000080010ba70 is a pointer to class: 
pt.fcul.masters.vgp.problems.ProfitSeekingVGP {0x000000080010ba78}
 - instance size:     5
 - klass size:        112
 - access:            public synchronized 
 - state:             fully_initialized
 - name:              'pt/fcul/masters/vgp/problems/ProfitSeekingVGP'
 - super:             'java/lang/Object'
 - sub:               
 - arrays:            NULL
 - methods:           Array<T>(0x00000245e0e21608)
 - method ordering:   Array<T>(0x00000245e0e23f20)
 - default_methods:   Array<T>(0x00000245e0e01790)
 - default vtable indices:   Array<T>(0x00000245e0e017b8)
 - local interfaces:  Array<T>(0x00000245e0c8ddb8)
 - trans. interfaces: Array<T>(0x00000245e0c807e8)
 - constants:         constant pool [638]/operands[42] {0x00000245e0e28008} for 'pt/fcul/masters/vgp/problems/ProfitSeekingVGP' cache=0x00000245e0e271c8
 - class loader data:  loader data: 0x00000245dfa4fd00 for instance a 'jdk/internal/loader/ClassLoaders$AppClassLoader'{0x0000000689a28698}
 - source file:       'ProfitSeekingVGP.java'
 - source debug extension:       SMAP
ProfitSeekingVGP.java
Java
*S jdt
*F
1 ProfitSeekingVGP.java
2 file:/C:/Users/Owner/Documents/GitHub/MarketGeneticGeneratedIndicators/target/classes/
*L
*E

 - class annotations:       Array<T>(0x0000000000000000)
 - class type annotations:  Array<T>(0x0000000000000000)
 - field annotations:       Array<T>(0x0000000000000000)
 - field type annotations:  Array<T>(0x0000000000000000)
 - previous version:  constant pool [634]/operands[42] {0x00000245e0c8bd10} for 'pt/fcul/masters/vgp/problems/ProfitSeekingVGP' (extra) cache=0x00000245e0e04930
 - generic signature: '
[error occurred during error reporting (inspecting top of stack), id 0xc0000005, EXCEPTION_ACCESS_VIOLATION (0xc0000005) at pc=0x00007ffef52ec896]


---------------  P R O C E S S  ---------------

Threads class SMR info:
_java_thread_list=0x00000245e24236e0, length=16, elements={
0x00000245bb22cdf0, 0x00000245df8413e0, 0x00000245df80d5f0, 0x00000245df829860,
0x00000245df82c320, 0x00000245df82ccd0, 0x00000245df82d680, 0x00000245df82e360,
0x00000245df84e630, 0x00000245df84f800, 0x00000245dfa15d50, 0x00000245dfba93b0,
0x00000245dfb4e170, 0x00000245dfb4ea70, 0x00000245e049fa30, 0x00000245df941d40
}

Java Threads: ( => current thread )
  0x00000245bb22cdf0 JavaThread "main" [_thread_blocked, id=38760, stack(0x000000db51400000,0x000000db51500000)]
  0x00000245df8413e0 JavaThread "Reference Handler" daemon [_thread_blocked, id=40360, stack(0x000000db51b00000,0x000000db51c00000)]
  0x00000245df80d5f0 JavaThread "Finalizer" daemon [_thread_blocked, id=44920, stack(0x000000db51c00000,0x000000db51d00000)]
  0x00000245df829860 JavaThread "Signal Dispatcher" daemon [_thread_blocked, id=14216, stack(0x000000db51d00000,0x000000db51e00000)]
  0x00000245df82c320 JavaThread "Attach Listener" daemon [_thread_blocked, id=26816, stack(0x000000db51e00000,0x000000db51f00000)]
  0x00000245df82ccd0 JavaThread "Service Thread" daemon [_thread_blocked, id=37408, stack(0x000000db51f00000,0x000000db52000000)]
  0x00000245df82d680 JavaThread "Monitor Deflation Thread" daemon [_thread_blocked, id=24268, stack(0x000000db52000000,0x000000db52100000)]
  0x00000245df82e360 JavaThread "C2 CompilerThread0" daemon [_thread_blocked, id=35796, stack(0x000000db52100000,0x000000db52200000)]
  0x00000245df84e630 JavaThread "C1 CompilerThread0" daemon [_thread_blocked, id=40684, stack(0x000000db52200000,0x000000db52300000)]
  0x00000245df84f800 JavaThread "Sweeper thread" daemon [_thread_blocked, id=31804, stack(0x000000db52300000,0x000000db52400000)]
  0x00000245dfa15d50 JavaThread "Common-Cleaner" daemon [_thread_blocked, id=21156, stack(0x000000db52400000,0x000000db52500000)]
=>0x00000245dfba93b0 JavaThread "JDWP Transport Listener: dt_socket" daemon [_thread_in_vm, id=42156, stack(0x000000db52800000,0x000000db52900000)]
  0x00000245dfb4e170 JavaThread "JDWP Event Helper Thread" daemon [_thread_blocked, id=40208, stack(0x000000db52900000,0x000000db52a00000)]
  0x00000245dfb4ea70 JavaThread "JDWP Command Reader" daemon [_thread_in_native, id=43668, stack(0x000000db52a00000,0x000000db52b00000)]
  0x00000245e049fa30 JavaThread "Notification Thread" daemon [_thread_blocked, id=41464, stack(0x000000db52b00000,0x000000db52c00000)]
  0x00000245df941d40 JavaThread "Thread-0" [_thread_blocked, id=43136, stack(0x000000db52600000,0x000000db52700000)]

Other Threads:
  0x00000245defc39c0 VMThread "VM Thread" [stack: 0x000000db51a00000,0x000000db51b00000] [id=36196]
  0x00000245dfb06ec0 WatcherThread [stack: 0x000000db52c00000,0x000000db52d00000] [id=38056]
  0x00000245bb28acf0 GCTaskThread "GC Thread#0" [stack: 0x000000db51500000,0x000000db51600000] [id=21356]
  0x00000245e01d76c0 GCTaskThread "GC Thread#1" [stack: 0x000000db52e00000,0x000000db52f00000] [id=41676]
  0x00000245e07ef7a0 GCTaskThread "GC Thread#2" [stack: 0x000000db52f00000,0x000000db53000000] [id=45052]
  0x00000245e07efa50 GCTaskThread "GC Thread#3" [stack: 0x000000db53000000,0x000000db53100000] [id=35932]
  0x00000245e07efd00 GCTaskThread "GC Thread#4" [stack: 0x000000db53100000,0x000000db53200000] [id=41504]
  0x00000245e070bdc0 GCTaskThread "GC Thread#5" [stack: 0x000000db53200000,0x000000db53300000] [id=42016]
  0x00000245e070c070 GCTaskThread "GC Thread#6" [stack: 0x000000db53300000,0x000000db53400000] [id=6980]
  0x00000245e070c320 GCTaskThread "GC Thread#7" [stack: 0x000000db53400000,0x000000db53500000] [id=2900]
  0x00000245e070c5d0 GCTaskThread "GC Thread#8" [stack: 0x000000db53500000,0x000000db53600000] [id=15364]
  0x00000245e16cdd50 GCTaskThread "GC Thread#9" [stack: 0x000000db53c00000,0x000000db53d00000] [id=14660]
  0x00000245e16cd7f0 GCTaskThread "GC Thread#10" [stack: 0x000000db53d00000,0x000000db53e00000] [id=34940]
  0x00000245e16ce000 GCTaskThread "GC Thread#11" [stack: 0x000000db53e00000,0x000000db53f00000] [id=38940]
  0x00000245e1824610 GCTaskThread "GC Thread#12" [stack: 0x000000db53f00000,0x000000db54000000] [id=43016]
  0x00000245bb297620 ConcurrentGCThread "G1 Main Marker" [stack: 0x000000db51600000,0x000000db51700000] [id=25020]
  0x00000245bb298670 ConcurrentGCThread "G1 Conc#0" [stack: 0x000000db51700000,0x000000db51800000] [id=40112]
  0x00000245bb2fe060 ConcurrentGCThread "G1 Refine#0" [stack: 0x000000db51800000,0x000000db51900000] [id=40400]
  0x00000245bb2fe920 ConcurrentGCThread "G1 Service" [stack: 0x000000db51900000,0x000000db51a00000] [id=43720]

Threads with active compile tasks:

VM state: not at safepoint (normal execution)

VM Mutex/Monitor currently owned by a thread: None

Heap address: 0x0000000689400000, size: 5996 MB, Compressed Oops mode: Zero based, Oop shift amount: 3

CDS archive(s) not mapped
Compressed class space mapped at: 0x0000000800000000-0x0000000840000000, reserved size: 1073741824
Narrow klass base: 0x0000000800000000, Narrow klass shift: 0, Narrow klass range: 0x40000000

GC Precious Log:
 CPUs: 16 total, 16 available
 Memory: 23981M
 Large Page Support: Disabled
 NUMA Support: Disabled
 Compressed Oops: Enabled (Zero based)
 Heap Region Size: 4M
 Heap Min Capacity: 8M
 Heap Initial Capacity: 376M
 Heap Max Capacity: 5996M
 Pre-touch: Disabled
 Parallel Workers: 13
 Concurrent Workers: 3
 Concurrent Refinement Workers: 13
 Periodic GC: Disabled

Heap:
 garbage-first heap   total 770048K, used 414955K [0x0000000689400000, 0x0000000800000000)
  region size 4096K, 89 young (364544K), 10 survivors (40960K)
 Metaspace       used 12959K, committed 13120K, reserved 1064960K
  class space    used 1135K, committed 1216K, reserved 1048576K

Heap Regions: E=young(eden), S=young(survivor), O=old, HS=humongous(starts), HC=humongous(continues), CS=collection set, F=free, OA=open archive, CA=closed archive, TAMS=top-at-mark-start (previous, next)
|   0|0x0000000689400000, 0x0000000689800000, 0x0000000689800000|100%| O|  |TAMS 0x0000000689400000, 0x0000000689400000| Untracked 
|   1|0x0000000689800000, 0x0000000689c00000, 0x0000000689c00000|100%| O|  |TAMS 0x0000000689800000, 0x0000000689800000| Untracked 
|   2|0x0000000689c00000, 0x000000068a000000, 0x000000068a000000|100%| O|  |TAMS 0x0000000689c00000, 0x0000000689c00000| Untracked 
|   3|0x000000068a000000, 0x000000068a400000, 0x000000068a400000|100%| O|  |TAMS 0x000000068a000000, 0x000000068a000000| Untracked 
|   4|0x000000068a400000, 0x000000068a800000, 0x000000068a800000|100%| O|  |TAMS 0x000000068a400000, 0x000000068a400000| Untracked 
|   5|0x000000068a800000, 0x000000068ac00000, 0x000000068ac00000|100%| O|  |TAMS 0x000000068a800000, 0x000000068a800000| Untracked 
|   6|0x000000068ac00000, 0x000000068b000000, 0x000000068b000000|100%| O|  |TAMS 0x000000068ac00000, 0x000000068ac00000| Untracked 
|   7|0x000000068b000000, 0x000000068b400000, 0x000000068b400000|100%| O|  |TAMS 0x000000068b000000, 0x000000068b000000| Untracked 
|   8|0x000000068b400000, 0x000000068b800000, 0x000000068b800000|100%| O|  |TAMS 0x000000068b400000, 0x000000068b400000| Untracked 
|   9|0x000000068b800000, 0x000000068bc00000, 0x000000068bc00000|100%| O|  |TAMS 0x000000068b800000, 0x000000068b800000| Untracked 
|  10|0x000000068bc00000, 0x000000068c000000, 0x000000068c000000|100%| O|  |TAMS 0x000000068bc00000, 0x000000068bc00000| Untracked 
|  11|0x000000068c000000, 0x000000068c400000, 0x000000068c400000|100%| O|  |TAMS 0x000000068c000000, 0x000000068c000000| Untracked 
|  12|0x000000068c400000, 0x000000068c800000, 0x000000068c800000|100%| O|  |TAMS 0x000000068c400000, 0x000000068c400000| Untracked 
|  13|0x000000068c800000, 0x000000068cba7a00, 0x000000068cc00000| 91%| O|  |TAMS 0x000000068c800000, 0x000000068c800000| Untracked 
|  14|0x000000068cc00000, 0x000000068cc00000, 0x000000068d000000|  0%| F|  |TAMS 0x000000068cc00000, 0x000000068cc00000| Untracked 
|  15|0x000000068d000000, 0x000000068d000000, 0x000000068d400000|  0%| F|  |TAMS 0x000000068d000000, 0x000000068d000000| Untracked 
|  16|0x000000068d400000, 0x000000068d400000, 0x000000068d800000|  0%| F|  |TAMS 0x000000068d400000, 0x000000068d400000| Untracked 
|  17|0x000000068d800000, 0x000000068d800000, 0x000000068dc00000|  0%| F|  |TAMS 0x000000068d800000, 0x000000068d800000| Untracked 
|  18|0x000000068dc00000, 0x000000068dc00000, 0x000000068e000000|  0%| F|  |TAMS 0x000000068dc00000, 0x000000068dc00000| Untracked 
|  19|0x000000068e000000, 0x000000068e000000, 0x000000068e400000|  0%| F|  |TAMS 0x000000068e000000, 0x000000068e000000| Untracked 
|  20|0x000000068e400000, 0x000000068e400000, 0x000000068e800000|  0%| F|  |TAMS 0x000000068e400000, 0x000000068e400000| Untracked 
|  21|0x000000068e800000, 0x000000068e800000, 0x000000068ec00000|  0%| F|  |TAMS 0x000000068e800000, 0x000000068e800000| Untracked 
|  22|0x000000068ec00000, 0x000000068ec00000, 0x000000068f000000|  0%| F|  |TAMS 0x000000068ec00000, 0x000000068ec00000| Untracked 
|  23|0x000000068f000000, 0x000000068f000000, 0x000000068f400000|  0%| F|  |TAMS 0x000000068f000000, 0x000000068f000000| Untracked 
|  24|0x000000068f400000, 0x000000068f400000, 0x000000068f800000|  0%| F|  |TAMS 0x000000068f400000, 0x000000068f400000| Untracked 
|  25|0x000000068f800000, 0x000000068f800000, 0x000000068fc00000|  0%| F|  |TAMS 0x000000068f800000, 0x000000068f800000| Untracked 
|  26|0x000000068fc00000, 0x000000068fc00000, 0x0000000690000000|  0%| F|  |TAMS 0x000000068fc00000, 0x000000068fc00000| Untracked 
|  27|0x0000000690000000, 0x0000000690000000, 0x0000000690400000|  0%| F|  |TAMS 0x0000000690000000, 0x0000000690000000| Untracked 
|  28|0x0000000690400000, 0x0000000690400000, 0x0000000690800000|  0%| F|  |TAMS 0x0000000690400000, 0x0000000690400000| Untracked 
|  29|0x0000000690800000, 0x0000000690800000, 0x0000000690c00000|  0%| F|  |TAMS 0x0000000690800000, 0x0000000690800000| Untracked 
|  30|0x0000000690c00000, 0x0000000690c00000, 0x0000000691000000|  0%| F|  |TAMS 0x0000000690c00000, 0x0000000690c00000| Untracked 
|  31|0x0000000691000000, 0x0000000691000000, 0x0000000691400000|  0%| F|  |TAMS 0x0000000691000000, 0x0000000691000000| Untracked 
|  32|0x0000000691400000, 0x0000000691400000, 0x0000000691800000|  0%| F|  |TAMS 0x0000000691400000, 0x0000000691400000| Untracked 
|  33|0x0000000691800000, 0x0000000691800000, 0x0000000691c00000|  0%| F|  |TAMS 0x0000000691800000, 0x0000000691800000| Untracked 
|  34|0x0000000691c00000, 0x0000000691c00000, 0x0000000692000000|  0%| F|  |TAMS 0x0000000691c00000, 0x0000000691c00000| Untracked 
|  35|0x0000000692000000, 0x0000000692000000, 0x0000000692400000|  0%| F|  |TAMS 0x0000000692000000, 0x0000000692000000| Untracked 
|  36|0x0000000692400000, 0x0000000692400000, 0x0000000692800000|  0%| F|  |TAMS 0x0000000692400000, 0x0000000692400000| Untracked 
|  37|0x0000000692800000, 0x0000000692800000, 0x0000000692c00000|  0%| F|  |TAMS 0x0000000692800000, 0x0000000692800000| Untracked 
|  38|0x0000000692c00000, 0x0000000692c00000, 0x0000000693000000|  0%| F|  |TAMS 0x0000000692c00000, 0x0000000692c00000| Untracked 
|  39|0x0000000693000000, 0x0000000693000000, 0x0000000693400000|  0%| F|  |TAMS 0x0000000693000000, 0x0000000693000000| Untracked 
|  40|0x0000000693400000, 0x0000000693400000, 0x0000000693800000|  0%| F|  |TAMS 0x0000000693400000, 0x0000000693400000| Untracked 
|  41|0x0000000693800000, 0x0000000693800000, 0x0000000693c00000|  0%| F|  |TAMS 0x0000000693800000, 0x0000000693800000| Untracked 
|  42|0x0000000693c00000, 0x0000000693c00000, 0x0000000694000000|  0%| F|  |TAMS 0x0000000693c00000, 0x0000000693c00000| Untracked 
|  43|0x0000000694000000, 0x0000000694000000, 0x0000000694400000|  0%| F|  |TAMS 0x0000000694000000, 0x0000000694000000| Untracked 
|  44|0x0000000694400000, 0x0000000694400000, 0x0000000694800000|  0%| F|  |TAMS 0x0000000694400000, 0x0000000694400000| Untracked 
|  45|0x0000000694800000, 0x0000000694800000, 0x0000000694c00000|  0%| F|  |TAMS 0x0000000694800000, 0x0000000694800000| Untracked 
|  46|0x0000000694c00000, 0x0000000694c00000, 0x0000000695000000|  0%| F|  |TAMS 0x0000000694c00000, 0x0000000694c00000| Untracked 
|  47|0x0000000695000000, 0x0000000695000000, 0x0000000695400000|  0%| F|  |TAMS 0x0000000695000000, 0x0000000695000000| Untracked 
|  48|0x0000000695400000, 0x0000000695400000, 0x0000000695800000|  0%| F|  |TAMS 0x0000000695400000, 0x0000000695400000| Untracked 
|  49|0x0000000695800000, 0x0000000695800000, 0x0000000695c00000|  0%| F|  |TAMS 0x0000000695800000, 0x0000000695800000| Untracked 
|  50|0x0000000695c00000, 0x0000000695c00000, 0x0000000696000000|  0%| F|  |TAMS 0x0000000695c00000, 0x0000000695c00000| Untracked 
|  51|0x0000000696000000, 0x0000000696000000, 0x0000000696400000|  0%| F|  |TAMS 0x0000000696000000, 0x0000000696000000| Untracked 
|  52|0x0000000696400000, 0x0000000696400000, 0x0000000696800000|  0%| F|  |TAMS 0x0000000696400000, 0x0000000696400000| Untracked 
|  53|0x0000000696800000, 0x0000000696800000, 0x0000000696c00000|  0%| F|  |TAMS 0x0000000696800000, 0x0000000696800000| Untracked 
|  54|0x0000000696c00000, 0x0000000696c00000, 0x0000000697000000|  0%| F|  |TAMS 0x0000000696c00000, 0x0000000696c00000| Untracked 
|  55|0x0000000697000000, 0x0000000697000000, 0x0000000697400000|  0%| F|  |TAMS 0x0000000697000000, 0x0000000697000000| Untracked 
|  56|0x0000000697400000, 0x0000000697400000, 0x0000000697800000|  0%| F|  |TAMS 0x0000000697400000, 0x0000000697400000| Untracked 
|  57|0x0000000697800000, 0x0000000697800000, 0x0000000697c00000|  0%| F|  |TAMS 0x0000000697800000, 0x0000000697800000| Untracked 
|  58|0x0000000697c00000, 0x0000000697c00000, 0x0000000698000000|  0%| F|  |TAMS 0x0000000697c00000, 0x0000000697c00000| Untracked 
|  59|0x0000000698000000, 0x0000000698000000, 0x0000000698400000|  0%| F|  |TAMS 0x0000000698000000, 0x0000000698000000| Untracked 
|  60|0x0000000698400000, 0x0000000698400000, 0x0000000698800000|  0%| F|  |TAMS 0x0000000698400000, 0x0000000698400000| Untracked 
|  61|0x0000000698800000, 0x0000000698800000, 0x0000000698c00000|  0%| F|  |TAMS 0x0000000698800000, 0x0000000698800000| Untracked 
|  62|0x0000000698c00000, 0x0000000698c00000, 0x0000000699000000|  0%| F|  |TAMS 0x0000000698c00000, 0x0000000698c00000| Untracked 
|  63|0x0000000699000000, 0x0000000699000000, 0x0000000699400000|  0%| F|  |TAMS 0x0000000699000000, 0x0000000699000000| Untracked 
|  64|0x0000000699400000, 0x0000000699400000, 0x0000000699800000|  0%| F|  |TAMS 0x0000000699400000, 0x0000000699400000| Untracked 
|  65|0x0000000699800000, 0x0000000699800000, 0x0000000699c00000|  0%| F|  |TAMS 0x0000000699800000, 0x0000000699800000| Untracked 
|  66|0x0000000699c00000, 0x0000000699d932a0, 0x000000069a000000| 39%| S|CS|TAMS 0x0000000699c00000, 0x0000000699c00000| Complete 
|  67|0x000000069a000000, 0x000000069a400000, 0x000000069a400000|100%| S|CS|TAMS 0x000000069a000000, 0x000000069a000000| Complete 
|  68|0x000000069a400000, 0x000000069a400000, 0x000000069a800000|  0%| F|  |TAMS 0x000000069a400000, 0x000000069a400000| Untracked 
|  69|0x000000069a800000, 0x000000069a800000, 0x000000069ac00000|  0%| F|  |TAMS 0x000000069a800000, 0x000000069a800000| Untracked 
|  70|0x000000069ac00000, 0x000000069ac00000, 0x000000069b000000|  0%| F|  |TAMS 0x000000069ac00000, 0x000000069ac00000| Untracked 
|  71|0x000000069b000000, 0x000000069b000000, 0x000000069b400000|  0%| F|  |TAMS 0x000000069b000000, 0x000000069b000000| Untracked 
|  72|0x000000069b400000, 0x000000069b400000, 0x000000069b800000|  0%| F|  |TAMS 0x000000069b400000, 0x000000069b400000| Untracked 
|  73|0x000000069b800000, 0x000000069b800000, 0x000000069bc00000|  0%| F|  |TAMS 0x000000069b800000, 0x000000069b800000| Untracked 
|  74|0x000000069bc00000, 0x000000069c000000, 0x000000069c000000|100%| S|CS|TAMS 0x000000069bc00000, 0x000000069bc00000| Complete 
|  75|0x000000069c000000, 0x000000069c400000, 0x000000069c400000|100%| S|CS|TAMS 0x000000069c000000, 0x000000069c000000| Complete 
|  76|0x000000069c400000, 0x000000069c800000, 0x000000069c800000|100%| S|CS|TAMS 0x000000069c400000, 0x000000069c400000| Complete 
|  77|0x000000069c800000, 0x000000069cc00000, 0x000000069cc00000|100%| S|CS|TAMS 0x000000069c800000, 0x000000069c800000| Complete 
|  78|0x000000069cc00000, 0x000000069d000000, 0x000000069d000000|100%| S|CS|TAMS 0x000000069cc00000, 0x000000069cc00000| Complete 
|  79|0x000000069d000000, 0x000000069d000000, 0x000000069d400000|  0%| F|  |TAMS 0x000000069d000000, 0x000000069d000000| Untracked 
|  80|0x000000069d400000, 0x000000069d400000, 0x000000069d800000|  0%| F|  |TAMS 0x000000069d400000, 0x000000069d400000| Untracked 
|  81|0x000000069d800000, 0x000000069dc00000, 0x000000069dc00000|100%| S|CS|TAMS 0x000000069d800000, 0x000000069d800000| Complete 
|  82|0x000000069dc00000, 0x000000069e000000, 0x000000069e000000|100%| S|CS|TAMS 0x000000069dc00000, 0x000000069dc00000| Complete 
|  83|0x000000069e000000, 0x000000069e400000, 0x000000069e400000|100%| S|CS|TAMS 0x000000069e000000, 0x000000069e000000| Complete 
|  84|0x000000069e400000, 0x000000069e400000, 0x000000069e800000|  0%| F|  |TAMS 0x000000069e400000, 0x000000069e400000| Untracked 
|  85|0x000000069e800000, 0x000000069e800000, 0x000000069ec00000|  0%| F|  |TAMS 0x000000069e800000, 0x000000069e800000| Untracked 
|  86|0x000000069ec00000, 0x000000069ec00000, 0x000000069f000000|  0%| F|  |TAMS 0x000000069ec00000, 0x000000069ec00000| Untracked 
|  87|0x000000069f000000, 0x000000069f000000, 0x000000069f400000|  0%| F|  |TAMS 0x000000069f000000, 0x000000069f000000| Untracked 
|  88|0x000000069f400000, 0x000000069f400000, 0x000000069f800000|  0%| F|  |TAMS 0x000000069f400000, 0x000000069f400000| Untracked 
|  89|0x000000069f800000, 0x000000069f800000, 0x000000069fc00000|  0%| F|  |TAMS 0x000000069f800000, 0x000000069f800000| Untracked 
|  90|0x000000069fc00000, 0x000000069fc00000, 0x00000006a0000000|  0%| F|  |TAMS 0x000000069fc00000, 0x000000069fc00000| Untracked 
|  91|0x00000006a0000000, 0x00000006a0000000, 0x00000006a0400000|  0%| F|  |TAMS 0x00000006a0000000, 0x00000006a0000000| Untracked 
|  92|0x00000006a0400000, 0x00000006a0400000, 0x00000006a0800000|  0%| F|  |TAMS 0x00000006a0400000, 0x00000006a0400000| Untracked 
|  93|0x00000006a0800000, 0x00000006a0800000, 0x00000006a0c00000|  0%| F|  |TAMS 0x00000006a0800000, 0x00000006a0800000| Untracked 
|  94|0x00000006a0c00000, 0x00000006a0c00000, 0x00000006a1000000|  0%| F|  |TAMS 0x00000006a0c00000, 0x00000006a0c00000| Untracked 
|  95|0x00000006a1000000, 0x00000006a1000000, 0x00000006a1400000|  0%| F|  |TAMS 0x00000006a1000000, 0x00000006a1000000| Untracked 
|  96|0x00000006a1400000, 0x00000006a1400000, 0x00000006a1800000|  0%| F|  |TAMS 0x00000006a1400000, 0x00000006a1400000| Untracked 
|  97|0x00000006a1800000, 0x00000006a1800000, 0x00000006a1c00000|  0%| F|  |TAMS 0x00000006a1800000, 0x00000006a1800000| Untracked 
|  98|0x00000006a1c00000, 0x00000006a1c00000, 0x00000006a2000000|  0%| F|  |TAMS 0x00000006a1c00000, 0x00000006a1c00000| Untracked 
|  99|0x00000006a2000000, 0x00000006a2000000, 0x00000006a2400000|  0%| F|  |TAMS 0x00000006a2000000, 0x00000006a2000000| Untracked 
| 100|0x00000006a2400000, 0x00000006a2400000, 0x00000006a2800000|  0%| F|  |TAMS 0x00000006a2400000, 0x00000006a2400000| Untracked 
| 101|0x00000006a2800000, 0x00000006a2800000, 0x00000006a2c00000|  0%| F|  |TAMS 0x00000006a2800000, 0x00000006a2800000| Untracked 
| 102|0x00000006a2c00000, 0x00000006a2c00000, 0x00000006a3000000|  0%| F|  |TAMS 0x00000006a2c00000, 0x00000006a2c00000| Untracked 
| 103|0x00000006a3000000, 0x00000006a3000000, 0x00000006a3400000|  0%| F|  |TAMS 0x00000006a3000000, 0x00000006a3000000| Untracked 
| 104|0x00000006a3400000, 0x00000006a3400000, 0x00000006a3800000|  0%| F|  |TAMS 0x00000006a3400000, 0x00000006a3400000| Untracked 
| 105|0x00000006a3800000, 0x00000006a3800000, 0x00000006a3c00000|  0%| F|  |TAMS 0x00000006a3800000, 0x00000006a3800000| Untracked 
| 106|0x00000006a3c00000, 0x00000006a3c00000, 0x00000006a4000000|  0%| F|  |TAMS 0x00000006a3c00000, 0x00000006a3c00000| Untracked 
| 107|0x00000006a4000000, 0x00000006a4000000, 0x00000006a4400000|  0%| F|  |TAMS 0x00000006a4000000, 0x00000006a4000000| Untracked 
| 108|0x00000006a4400000, 0x00000006a4400000, 0x00000006a4800000|  0%| F|  |TAMS 0x00000006a4400000, 0x00000006a4400000| Untracked 
| 109|0x00000006a4800000, 0x00000006a4a00800, 0x00000006a4c00000| 50%| E|  |TAMS 0x00000006a4800000, 0x00000006a4800000| Complete 
| 110|0x00000006a4c00000, 0x00000006a5000000, 0x00000006a5000000|100%| E|CS|TAMS 0x00000006a4c00000, 0x00000006a4c00000| Complete 
| 111|0x00000006a5000000, 0x00000006a5400000, 0x00000006a5400000|100%| E|CS|TAMS 0x00000006a5000000, 0x00000006a5000000| Complete 
| 112|0x00000006a5400000, 0x00000006a5800000, 0x00000006a5800000|100%| E|CS|TAMS 0x00000006a5400000, 0x00000006a5400000| Complete 
| 113|0x00000006a5800000, 0x00000006a5c00000, 0x00000006a5c00000|100%| E|CS|TAMS 0x00000006a5800000, 0x00000006a5800000| Complete 
| 114|0x00000006a5c00000, 0x00000006a6000000, 0x00000006a6000000|100%| E|CS|TAMS 0x00000006a5c00000, 0x00000006a5c00000| Complete 
| 115|0x00000006a6000000, 0x00000006a6400000, 0x00000006a6400000|100%| E|CS|TAMS 0x00000006a6000000, 0x00000006a6000000| Complete 
| 116|0x00000006a6400000, 0x00000006a6800000, 0x00000006a6800000|100%| E|CS|TAMS 0x00000006a6400000, 0x00000006a6400000| Complete 
| 117|0x00000006a6800000, 0x00000006a6c00000, 0x00000006a6c00000|100%| E|CS|TAMS 0x00000006a6800000, 0x00000006a6800000| Complete 
| 118|0x00000006a6c00000, 0x00000006a7000000, 0x00000006a7000000|100%| E|CS|TAMS 0x00000006a6c00000, 0x00000006a6c00000| Complete 
| 119|0x00000006a7000000, 0x00000006a7400000, 0x00000006a7400000|100%| E|CS|TAMS 0x00000006a7000000, 0x00000006a7000000| Complete 
| 120|0x00000006a7400000, 0x00000006a7800000, 0x00000006a7800000|100%| E|CS|TAMS 0x00000006a7400000, 0x00000006a7400000| Complete 
| 121|0x00000006a7800000, 0x00000006a7c00000, 0x00000006a7c00000|100%| E|CS|TAMS 0x00000006a7800000, 0x00000006a7800000| Complete 
| 122|0x00000006a7c00000, 0x00000006a8000000, 0x00000006a8000000|100%| E|CS|TAMS 0x00000006a7c00000, 0x00000006a7c00000| Complete 
| 123|0x00000006a8000000, 0x00000006a8400000, 0x00000006a8400000|100%| E|CS|TAMS 0x00000006a8000000, 0x00000006a8000000| Complete 
| 124|0x00000006a8400000, 0x00000006a8800000, 0x00000006a8800000|100%| E|CS|TAMS 0x00000006a8400000, 0x00000006a8400000| Complete 
| 125|0x00000006a8800000, 0x00000006a8c00000, 0x00000006a8c00000|100%| E|CS|TAMS 0x00000006a8800000, 0x00000006a8800000| Complete 
| 126|0x00000006a8c00000, 0x00000006a9000000, 0x00000006a9000000|100%| E|CS|TAMS 0x00000006a8c00000, 0x00000006a8c00000| Complete 
| 127|0x00000006a9000000, 0x00000006a9400000, 0x00000006a9400000|100%| E|CS|TAMS 0x00000006a9000000, 0x00000006a9000000| Complete 
| 128|0x00000006a9400000, 0x00000006a9800000, 0x00000006a9800000|100%| E|CS|TAMS 0x00000006a9400000, 0x00000006a9400000| Complete 
| 129|0x00000006a9800000, 0x00000006a9c00000, 0x00000006a9c00000|100%| E|CS|TAMS 0x00000006a9800000, 0x00000006a9800000| Complete 
| 130|0x00000006a9c00000, 0x00000006aa000000, 0x00000006aa000000|100%| E|CS|TAMS 0x00000006a9c00000, 0x00000006a9c00000| Complete 
| 131|0x00000006aa000000, 0x00000006aa400000, 0x00000006aa400000|100%| E|CS|TAMS 0x00000006aa000000, 0x00000006aa000000| Complete 
| 132|0x00000006aa400000, 0x00000006aa800000, 0x00000006aa800000|100%| E|CS|TAMS 0x00000006aa400000, 0x00000006aa400000| Complete 
| 133|0x00000006aa800000, 0x00000006aac00000, 0x00000006aac00000|100%| E|CS|TAMS 0x00000006aa800000, 0x00000006aa800000| Complete 
| 134|0x00000006aac00000, 0x00000006ab000000, 0x00000006ab000000|100%| E|CS|TAMS 0x00000006aac00000, 0x00000006aac00000| Complete 
| 135|0x00000006ab000000, 0x00000006ab400000, 0x00000006ab400000|100%| E|CS|TAMS 0x00000006ab000000, 0x00000006ab000000| Complete 
| 136|0x00000006ab400000, 0x00000006ab800000, 0x00000006ab800000|100%| E|CS|TAMS 0x00000006ab400000, 0x00000006ab400000| Complete 
| 137|0x00000006ab800000, 0x00000006abc00000, 0x00000006abc00000|100%| E|CS|TAMS 0x00000006ab800000, 0x00000006ab800000| Complete 
| 138|0x00000006abc00000, 0x00000006ac000000, 0x00000006ac000000|100%| E|CS|TAMS 0x00000006abc00000, 0x00000006abc00000| Complete 
| 139|0x00000006ac000000, 0x00000006ac400000, 0x00000006ac400000|100%| E|CS|TAMS 0x00000006ac000000, 0x00000006ac000000| Complete 
| 140|0x00000006ac400000, 0x00000006ac800000, 0x00000006ac800000|100%| E|CS|TAMS 0x00000006ac400000, 0x00000006ac400000| Complete 
| 141|0x00000006ac800000, 0x00000006acc00000, 0x00000006acc00000|100%| E|CS|TAMS 0x00000006ac800000, 0x00000006ac800000| Complete 
| 142|0x00000006acc00000, 0x00000006ad000000, 0x00000006ad000000|100%| E|CS|TAMS 0x00000006acc00000, 0x00000006acc00000| Complete 
| 143|0x00000006ad000000, 0x00000006ad400000, 0x00000006ad400000|100%| E|CS|TAMS 0x00000006ad000000, 0x00000006ad000000| Complete 
| 144|0x00000006ad400000, 0x00000006ad800000, 0x00000006ad800000|100%| E|CS|TAMS 0x00000006ad400000, 0x00000006ad400000| Complete 
| 145|0x00000006ad800000, 0x00000006adc00000, 0x00000006adc00000|100%| E|CS|TAMS 0x00000006ad800000, 0x00000006ad800000| Complete 
| 146|0x00000006adc00000, 0x00000006ae000000, 0x00000006ae000000|100%| E|CS|TAMS 0x00000006adc00000, 0x00000006adc00000| Complete 
| 147|0x00000006ae000000, 0x00000006ae400000, 0x00000006ae400000|100%| E|CS|TAMS 0x00000006ae000000, 0x00000006ae000000| Complete 
| 148|0x00000006ae400000, 0x00000006ae800000, 0x00000006ae800000|100%| E|CS|TAMS 0x00000006ae400000, 0x00000006ae400000| Complete 
| 149|0x00000006ae800000, 0x00000006aec00000, 0x00000006aec00000|100%| E|CS|TAMS 0x00000006ae800000, 0x00000006ae800000| Complete 
| 150|0x00000006aec00000, 0x00000006af000000, 0x00000006af000000|100%| E|CS|TAMS 0x00000006aec00000, 0x00000006aec00000| Complete 
| 151|0x00000006af000000, 0x00000006af400000, 0x00000006af400000|100%| E|CS|TAMS 0x00000006af000000, 0x00000006af000000| Complete 
| 152|0x00000006af400000, 0x00000006af800000, 0x00000006af800000|100%| E|CS|TAMS 0x00000006af400000, 0x00000006af400000| Complete 
| 153|0x00000006af800000, 0x00000006afc00000, 0x00000006afc00000|100%| E|CS|TAMS 0x00000006af800000, 0x00000006af800000| Complete 
| 154|0x00000006afc00000, 0x00000006b0000000, 0x00000006b0000000|100%| E|CS|TAMS 0x00000006afc00000, 0x00000006afc00000| Complete 
| 155|0x00000006b0000000, 0x00000006b0400000, 0x00000006b0400000|100%| E|CS|TAMS 0x00000006b0000000, 0x00000006b0000000| Complete 
| 156|0x00000006b0400000, 0x00000006b0800000, 0x00000006b0800000|100%| E|CS|TAMS 0x00000006b0400000, 0x00000006b0400000| Complete 
| 157|0x00000006b0800000, 0x00000006b0c00000, 0x00000006b0c00000|100%| E|CS|TAMS 0x00000006b0800000, 0x00000006b0800000| Complete 
| 158|0x00000006b0c00000, 0x00000006b1000000, 0x00000006b1000000|100%| E|CS|TAMS 0x00000006b0c00000, 0x00000006b0c00000| Complete 
| 159|0x00000006b1000000, 0x00000006b1400000, 0x00000006b1400000|100%| E|CS|TAMS 0x00000006b1000000, 0x00000006b1000000| Complete 
| 160|0x00000006b1400000, 0x00000006b1800000, 0x00000006b1800000|100%| E|CS|TAMS 0x00000006b1400000, 0x00000006b1400000| Complete 
| 161|0x00000006b1800000, 0x00000006b1c00000, 0x00000006b1c00000|100%| E|CS|TAMS 0x00000006b1800000, 0x00000006b1800000| Complete 
| 162|0x00000006b1c00000, 0x00000006b2000000, 0x00000006b2000000|100%| E|CS|TAMS 0x00000006b1c00000, 0x00000006b1c00000| Complete 
| 163|0x00000006b2000000, 0x00000006b2400000, 0x00000006b2400000|100%| E|CS|TAMS 0x00000006b2000000, 0x00000006b2000000| Complete 
| 164|0x00000006b2400000, 0x00000006b2800000, 0x00000006b2800000|100%| E|CS|TAMS 0x00000006b2400000, 0x00000006b2400000| Complete 
| 165|0x00000006b2800000, 0x00000006b2c00000, 0x00000006b2c00000|100%| E|CS|TAMS 0x00000006b2800000, 0x00000006b2800000| Complete 
| 166|0x00000006b2c00000, 0x00000006b3000000, 0x00000006b3000000|100%| E|CS|TAMS 0x00000006b2c00000, 0x00000006b2c00000| Complete 
| 167|0x00000006b3000000, 0x00000006b3400000, 0x00000006b3400000|100%| E|CS|TAMS 0x00000006b3000000, 0x00000006b3000000| Complete 
| 168|0x00000006b3400000, 0x00000006b3800000, 0x00000006b3800000|100%| E|CS|TAMS 0x00000006b3400000, 0x00000006b3400000| Complete 
| 169|0x00000006b3800000, 0x00000006b3c00000, 0x00000006b3c00000|100%| E|CS|TAMS 0x00000006b3800000, 0x00000006b3800000| Complete 
| 170|0x00000006b3c00000, 0x00000006b4000000, 0x00000006b4000000|100%| E|CS|TAMS 0x00000006b3c00000, 0x00000006b3c00000| Complete 
| 171|0x00000006b4000000, 0x00000006b4400000, 0x00000006b4400000|100%| E|CS|TAMS 0x00000006b4000000, 0x00000006b4000000| Complete 
| 172|0x00000006b4400000, 0x00000006b4800000, 0x00000006b4800000|100%| E|CS|TAMS 0x00000006b4400000, 0x00000006b4400000| Complete 
| 173|0x00000006b4800000, 0x00000006b4c00000, 0x00000006b4c00000|100%| E|CS|TAMS 0x00000006b4800000, 0x00000006b4800000| Complete 
| 174|0x00000006b4c00000, 0x00000006b5000000, 0x00000006b5000000|100%| E|CS|TAMS 0x00000006b4c00000, 0x00000006b4c00000| Complete 
| 175|0x00000006b5000000, 0x00000006b5400000, 0x00000006b5400000|100%| E|CS|TAMS 0x00000006b5000000, 0x00000006b5000000| Complete 
| 176|0x00000006b5400000, 0x00000006b5800000, 0x00000006b5800000|100%| E|CS|TAMS 0x00000006b5400000, 0x00000006b5400000| Complete 
| 177|0x00000006b5800000, 0x00000006b5c00000, 0x00000006b5c00000|100%| E|CS|TAMS 0x00000006b5800000, 0x00000006b5800000| Complete 
| 178|0x00000006b5c00000, 0x00000006b6000000, 0x00000006b6000000|100%| E|CS|TAMS 0x00000006b5c00000, 0x00000006b5c00000| Complete 
| 179|0x00000006b6000000, 0x00000006b6400000, 0x00000006b6400000|100%| E|CS|TAMS 0x00000006b6000000, 0x00000006b6000000| Complete 
| 180|0x00000006b6400000, 0x00000006b6800000, 0x00000006b6800000|100%| E|CS|TAMS 0x00000006b6400000, 0x00000006b6400000| Complete 
| 181|0x00000006b6800000, 0x00000006b6c00000, 0x00000006b6c00000|100%| E|CS|TAMS 0x00000006b6800000, 0x00000006b6800000| Complete 
| 182|0x00000006b6c00000, 0x00000006b7000000, 0x00000006b7000000|100%| E|CS|TAMS 0x00000006b6c00000, 0x00000006b6c00000| Complete 
| 183|0x00000006b7000000, 0x00000006b7400000, 0x00000006b7400000|100%| E|CS|TAMS 0x00000006b7000000, 0x00000006b7000000| Complete 
| 184|0x00000006b7400000, 0x00000006b7800000, 0x00000006b7800000|100%| E|CS|TAMS 0x00000006b7400000, 0x00000006b7400000| Complete 
| 185|0x00000006b7800000, 0x00000006b7c00000, 0x00000006b7c00000|100%| E|CS|TAMS 0x00000006b7800000, 0x00000006b7800000| Complete 
| 186|0x00000006b7c00000, 0x00000006b8000000, 0x00000006b8000000|100%| E|CS|TAMS 0x00000006b7c00000, 0x00000006b7c00000| Complete 
| 187|0x00000006b8000000, 0x00000006b8400000, 0x00000006b8400000|100%| E|CS|TAMS 0x00000006b8000000, 0x00000006b8000000| Complete 

Card table byte_map: [0x00000245ced10000,0x00000245cf8d0000] _byte_map_base: 0x00000245cb8c6000

Marking Bits (Prev, Next): (CMBitMap*) 0x00000245bb28b1a0, (CMBitMap*) 0x00000245bb28b1e0
 Prev Bits: [0x00000245d0490000, 0x00000245d6240000)
 Next Bits: [0x00000245d6240000, 0x00000245dbff0000)

Polling page: 0x00000245b91e0000

Metaspace:

Usage:
  Non-class:     11.55 MB used.
      Class:      1.11 MB used.
       Both:     12.66 MB used.

Virtual space:
  Non-class space:       16.00 MB reserved,      11.62 MB ( 73%) committed,  2 nodes.
      Class space:        1.00 GB reserved,       1.19 MB ( <1%) committed,  1 nodes.
             Both:        1.02 GB reserved,      12.81 MB (  1%) committed. 

Chunk freelists:
   Non-Class:  336.00 KB
       Class:  2.66 MB
        Both:  2.99 MB

MaxMetaspaceSize: unlimited
CompressedClassSpaceSize: 1.00 GB
Initial GC threshold: 21.00 MB
Current GC threshold: 21.00 MB
CDS: off
MetaspaceReclaimPolicy: balanced
 - commit_granule_bytes: 65536.
 - commit_granule_words: 8192.
 - virtual_space_node_default_size: 1048576.
 - enlarge_chunks_in_place: 1.
 - new_chunks_are_fully_committed: 0.
 - uncommit_free_chunks: 1.
 - use_allocation_guard: 0.
 - handle_deallocations: 1.


Internal statistics:

num_allocs_failed_limit: 0.
num_arena_births: 46.
num_arena_deaths: 0.
num_vsnodes_births: 3.
num_vsnodes_deaths: 0.
num_space_committed: 205.
num_space_uncommitted: 0.
num_chunks_returned_to_freelist: 0.
num_chunks_taken_from_freelist: 126.
num_chunk_merges: 0.
num_chunk_splits: 62.
num_chunks_enlarged: 40.
num_purges: 0.
num_inconsistent_stats: 0.

CodeHeap 'non-profiled nmethods': size=119168Kb used=736Kb max_used=736Kb free=118431Kb
 bounds [0x00000245c6470000, 0x00000245c66e0000, 0x00000245cd8d0000]
CodeHeap 'profiled nmethods': size=119104Kb used=2407Kb max_used=2407Kb free=116696Kb
 bounds [0x00000245bf020000, 0x00000245bf290000, 0x00000245c6470000]
CodeHeap 'non-nmethods': size=7488Kb used=1222Kb max_used=2947Kb free=6265Kb
 bounds [0x00000245be8d0000, 0x00000245bebc0000, 0x00000245bf020000]
 total_blobs=1746 nmethods=1301 adapters=358
 compilation: enabled
              stopped_count=0, restarted_count=0
 full_count=0

Compilation events (20 events):
Event: 15.924 Thread 0x00000245df84e630 nmethod 1296 0x00000245bf276410 code [0x00000245bf2765e0, 0x00000245bf276a78]
Event: 15.924 Thread 0x00000245df84e630 1293       3       pt.fcul.masters.vgp.util.Vector::add (152 bytes)
Event: 15.924 Thread 0x00000245df82e360 nmethod 1297 0x00000245c6527c90 code [0x00000245c6527e00, 0x00000245c6527eb8]
Event: 15.924 Thread 0x00000245df84e630 nmethod 1293 0x00000245bf276c10 code [0x00000245bf276e40, 0x00000245bf277828]
Event: 15.924 Thread 0x00000245df84e630 1294       3       pt.fcul.masters.vgp.op.VectorialGpOP$$Lambda$48/0x000000080010fbb0::apply (8 bytes)
Event: 15.925 Thread 0x00000245df84e630 nmethod 1294 0x00000245bf277c10 code [0x00000245bf277dc0, 0x00000245bf2780a8]
Event: 15.925 Thread 0x00000245df84e630 1295       3       pt.fcul.masters.vgp.op.VectorialGpOP::lambda$22 (7 bytes)
Event: 15.925 Thread 0x00000245df84e630 nmethod 1295 0x00000245bf278210 code [0x00000245bf2783c0, 0x00000245bf278528]
Event: 15.925 Thread 0x00000245df84e630 1292       1       jdk.internal.math.FloatingDecimal$BinaryToASCIIBuffer::setSign (6 bytes)
Event: 15.925 Thread 0x00000245df84e630 nmethod 1292 0x00000245c6527f90 code [0x00000245c6528120, 0x00000245c65281f8]
Event: 15.925 Thread 0x00000245df84e630 1298       3       pt.fcul.masters.vgp.op.VectorialGpOP$$Lambda$45/0x000000080010f508::apply (8 bytes)
Event: 15.925 Thread 0x00000245df84e630 nmethod 1298 0x00000245bf278690 code [0x00000245bf278840, 0x00000245bf278b28]
Event: 15.925 Thread 0x00000245df84e630 1299       3       pt.fcul.masters.vgp.op.VectorialGpOP::lambda$19 (7 bytes)
Event: 15.925 Thread 0x00000245df84e630 nmethod 1299 0x00000245bf278c90 code [0x00000245bf278e40, 0x00000245bf278fa8]
Event: 15.925 Thread 0x00000245df84e630 1300       3       pt.fcul.masters.vgp.util.Vector::of (18 bytes)
Event: 15.925 Thread 0x00000245df84e630 nmethod 1300 0x00000245bf279110 code [0x00000245bf2792c0, 0x00000245bf2796c8]
Event: 298.423 Thread 0x00000245df82e360 1301       4       org.eclipse.jdt.launching.internal.org.objectweb.asm.ClassReader::readUtf (161 bytes)
Event: 298.423 Thread 0x00000245df84e630 1302       3       org.eclipse.jdt.launching.internal.org.objectweb.asm.ByteVector::putInt (74 bytes)
Event: 298.423 Thread 0x00000245df84e630 nmethod 1302 0x00000245bf279810 code [0x00000245bf2799c0, 0x00000245bf279c28]
Event: 298.430 Thread 0x00000245df82e360 


GC Heap History (18 events):
Event: 0.512 GC heap before
{Heap before GC invocations=0 (full 0):
 garbage-first heap   total 385024K, used 20480K [0x0000000689400000, 0x0000000800000000)
  region size 4096K, 5 young (20480K), 0 survivors (0K)
 Metaspace       used 10720K, committed 10816K, reserved 1064960K
  class space    used 938K, committed 960K, reserved 1048576K
}
Event: 0.516 GC heap after
{Heap after GC invocations=1 (full 0):
 garbage-first heap   total 385024K, used 10280K [0x0000000689400000, 0x0000000800000000)
  region size 4096K, 1 young (4096K), 1 survivors (4096K)
 Metaspace       used 10720K, committed 10816K, reserved 1064960K
  class space    used 938K, committed 960K, reserved 1048576K
}
Event: 0.536 GC heap before
{Heap before GC invocations=1 (full 0):
 garbage-first heap   total 385024K, used 22568K [0x0000000689400000, 0x0000000800000000)
  region size 4096K, 4 young (16384K), 1 survivors (4096K)
 Metaspace       used 10720K, committed 10816K, reserved 1064960K
  class space    used 938K, committed 960K, reserved 1048576K
}
Event: 0.540 GC heap after
{Heap after GC invocations=2 (full 0):
 garbage-first heap   total 385024K, used 20599K [0x0000000689400000, 0x0000000800000000)
  region size 4096K, 1 young (4096K), 1 survivors (4096K)
 Metaspace       used 10720K, committed 10816K, reserved 1064960K
  class space    used 938K, committed 960K, reserved 1048576K
}
Event: 0.566 GC heap before
{Heap before GC invocations=2 (full 0):
 garbage-first heap   total 385024K, used 41079K [0x0000000689400000, 0x0000000800000000)
  region size 4096K, 6 young (24576K), 1 survivors (4096K)
 Metaspace       used 10720K, committed 10816K, reserved 1064960K
  class space    used 938K, committed 960K, reserved 1048576K
}
Event: 0.571 GC heap after
{Heap after GC invocations=3 (full 0):
 garbage-first heap   total 385024K, used 37520K [0x0000000689400000, 0x0000000800000000)
  region size 4096K, 1 young (4096K), 1 survivors (4096K)
 Metaspace       used 10720K, committed 10816K, reserved 1064960K
  class space    used 938K, committed 960K, reserved 1048576K
}
Event: 0.625 GC heap before
{Heap before GC invocations=3 (full 0):
 garbage-first heap   total 385024K, used 66192K [0x0000000689400000, 0x0000000800000000)
  region size 4096K, 8 young (32768K), 1 survivors (4096K)
 Metaspace       used 11119K, committed 11264K, reserved 1064960K
  class space    used 957K, committed 1024K, reserved 1048576K
}
Event: 0.630 GC heap after
{Heap after GC invocations=4 (full 0):
 garbage-first heap   total 385024K, used 56990K [0x0000000689400000, 0x0000000800000000)
  region size 4096K, 1 young (4096K), 1 survivors (4096K)
 Metaspace       used 11119K, committed 11264K, reserved 1064960K
  class space    used 957K, committed 1024K, reserved 1048576K
}
Event: 0.702 GC heap before
{Heap before GC invocations=4 (full 0):
 garbage-first heap   total 385024K, used 97950K [0x0000000689400000, 0x0000000800000000)
  region size 4096K, 11 young (45056K), 1 survivors (4096K)
 Metaspace       used 11127K, committed 11264K, reserved 1064960K
  class space    used 957K, committed 1024K, reserved 1048576K
}
Event: 0.704 GC heap after
{Heap after GC invocations=5 (full 0):
 garbage-first heap   total 385024K, used 58369K [0x0000000689400000, 0x0000000800000000)
  region size 4096K, 2 young (8192K), 2 survivors (8192K)
 Metaspace       used 11127K, committed 11264K, reserved 1064960K
  class space    used 957K, committed 1024K, reserved 1048576K
}
Event: 0.911 GC heap before
{Heap before GC invocations=5 (full 0):
 garbage-first heap   total 385024K, used 275457K [0x0000000689400000, 0x0000000800000000)
  region size 4096K, 55 young (225280K), 2 survivors (8192K)
 Metaspace       used 11127K, committed 11264K, reserved 1064960K
  class space    used 957K, committed 1024K, reserved 1048576K
}
Event: 0.916 GC heap after
{Heap after GC invocations=6 (full 0):
 garbage-first heap   total 770048K, used 63109K [0x0000000689400000, 0x0000000800000000)
  region size 4096K, 3 young (12288K), 3 survivors (12288K)
 Metaspace       used 11127K, committed 11264K, reserved 1064960K
  class space    used 957K, committed 1024K, reserved 1048576K
}
Event: 1.275 GC heap before
{Heap before GC invocations=6 (full 0):
 garbage-first heap   total 770048K, used 509573K [0x0000000689400000, 0x0000000800000000)
  region size 4096K, 112 young (458752K), 3 survivors (12288K)
 Metaspace       used 11127K, committed 11264K, reserved 1064960K
  class space    used 957K, committed 1024K, reserved 1048576K
}
Event: 1.280 GC heap after
{Heap after GC invocations=7 (full 0):
 garbage-first heap   total 770048K, used 73361K [0x0000000689400000, 0x0000000800000000)
  region size 4096K, 5 young (20480K), 5 survivors (20480K)
 Metaspace       used 11127K, committed 11264K, reserved 1064960K
  class space    used 957K, committed 1024K, reserved 1048576K
}
Event: 1.542 GC heap before
{Heap before GC invocations=7 (full 0):
 garbage-first heap   total 770048K, used 511633K [0x0000000689400000, 0x0000000800000000)
  region size 4096K, 112 young (458752K), 5 survivors (20480K)
 Metaspace       used 11127K, committed 11264K, reserved 1064960K
  class space    used 957K, committed 1024K, reserved 1048576K
}
Event: 1.549 GC heap after
{Heap after GC invocations=8 (full 0):
 garbage-first heap   total 770048K, used 84131K [0x0000000689400000, 0x0000000800000000)
  region size 4096K, 8 young (32768K), 8 survivors (32768K)
 Metaspace       used 11127K, committed 11264K, reserved 1064960K
  class space    used 957K, committed 1024K, reserved 1048576K
}
Event: 1.804 GC heap before
{Heap before GC invocations=8 (full 0):
 garbage-first heap   total 770048K, used 510115K [0x0000000689400000, 0x0000000800000000)
  region size 4096K, 112 young (458752K), 8 survivors (32768K)
 Metaspace       used 11127K, committed 11264K, reserved 1064960K
  class space    used 957K, committed 1024K, reserved 1048576K
}
Event: 1.813 GC heap after
{Heap after GC invocations=9 (full 0):
 garbage-first heap   total 770048K, used 95467K [0x0000000689400000, 0x0000000800000000)
  region size 4096K, 10 young (40960K), 10 survivors (40960K)
 Metaspace       used 11127K, committed 11264K, reserved 1064960K
  class space    used 957K, committed 1024K, reserved 1048576K
}

Deoptimization events (20 events):
Event: 2.067 Thread 0x00000245bb22cdf0 Uncommon trap: trap_request=0xffffff45 fr.pc=0x00000245c64a47a4 relative=0x0000000000000664
Event: 2.067 Thread 0x00000245bb22cdf0 Uncommon trap: reason=unstable_if action=reinterpret pc=0x00000245c64a47a4 method=org.eclipse.jdt.launching.internal.org.objectweb.asm.ClassReader.readUtf(II[C)Ljava/lang/String; @ 41 c2
Event: 2.067 Thread 0x00000245bb22cdf0 DEOPT PACKING pc=0x00000245c64a47a4 sp=0x000000db514fc100
Event: 2.067 Thread 0x00000245bb22cdf0 DEOPT UNPACKING pc=0x00000245be9223a3 sp=0x000000db514fc108 mode 2
Event: 2.067 Thread 0x00000245bb22cdf0 Uncommon trap: trap_request=0xffffff45 fr.pc=0x00000245c64b5cfc relative=0x000000000000035c
Event: 2.067 Thread 0x00000245bb22cdf0 Uncommon trap: reason=unstable_if action=reinterpret pc=0x00000245c64b5cfc method=java.lang.String.<init>([CIILjava/lang/Void;)V @ 43 c2
Event: 2.067 Thread 0x00000245bb22cdf0 DEOPT PACKING pc=0x00000245c64b5cfc sp=0x000000db514fc000
Event: 2.067 Thread 0x00000245bb22cdf0 DEOPT UNPACKING pc=0x00000245be9223a3 sp=0x000000db514fbff8 mode 2
Event: 2.072 Thread 0x00000245bb22cdf0 Uncommon trap: trap_request=0xffffff45 fr.pc=0x00000245c64910c8 relative=0x0000000000000048
Event: 2.072 Thread 0x00000245bb22cdf0 Uncommon trap: reason=unstable_if action=reinterpret pc=0x00000245c64910c8 method=java.lang.CharacterData.of(I)Ljava/lang/CharacterData; @ 4 c2
Event: 2.072 Thread 0x00000245bb22cdf0 DEOPT PACKING pc=0x00000245c64910c8 sp=0x000000db514fe080
Event: 2.072 Thread 0x00000245bb22cdf0 DEOPT UNPACKING pc=0x00000245be9223a3 sp=0x000000db514fe020 mode 2
Event: 2.074 Thread 0x00000245bb22cdf0 Uncommon trap: trap_request=0xffffff45 fr.pc=0x00000245c64d2794 relative=0x00000000000003d4
Event: 2.074 Thread 0x00000245bb22cdf0 Uncommon trap: reason=unstable_if action=reinterpret pc=0x00000245c64d2794 method=java.lang.AbstractStringBuilder.append(Ljava/lang/CharSequence;)Ljava/lang/AbstractStringBuilder; @ 13 c2
Event: 2.074 Thread 0x00000245bb22cdf0 DEOPT PACKING pc=0x00000245c64d2794 sp=0x000000db514fe940
Event: 2.074 Thread 0x00000245bb22cdf0 DEOPT UNPACKING pc=0x00000245be9223a3 sp=0x000000db514fe950 mode 2
Event: 2.079 Thread 0x00000245df941d40 Uncommon trap: trap_request=0xffffff45 fr.pc=0x00000245c64bb8e0 relative=0x0000000000000140
Event: 2.079 Thread 0x00000245df941d40 Uncommon trap: reason=unstable_if action=reinterpret pc=0x00000245c64bb8e0 method=java.lang.ThreadLocal.get()Ljava/lang/Object; @ 11 c2
Event: 2.079 Thread 0x00000245df941d40 DEOPT PACKING pc=0x00000245c64bb8e0 sp=0x000000db526fea50
Event: 2.079 Thread 0x00000245df941d40 DEOPT UNPACKING pc=0x00000245be9223a3 sp=0x000000db526fe9f0 mode 2

Classes unloaded (0 events):
No events

Classes redefined (1 events):
Event: 298.426 Thread 0x00000245defc39c0 redefined class name=pt.fcul.masters.vgp.problems.ProfitSeekingVGP, count=1

Internal exceptions (8 events):
Event: 0.421 Thread 0x00000245bb22cdf0 Exception <a 'java/lang/NoSuchMethodError'{0x00000006a0350940}: 'java.lang.Object java.lang.invoke.DirectMethodHandle$Holder.invokeStaticInit(java.lang.Object)'> (0x00000006a0350940) 
thrown [e:\jenkins\tmp\workspace\build\src\src\hotspot\share\interpreter\linkResolver.cpp, line 766]
Event: 0.453 Thread 0x00000245bb22cdf0 Exception <a 'java/lang/NoSuchMethodError'{0x000000069fd12e50}: 'void java.lang.invoke.DirectMethodHandle$Holder.invokeStatic(java.lang.Object, java.lang.Object, java.lang.Object, java.lang.Object)'> (0x000000069fd12e50) 
thrown [e:\jenkins\tmp\workspace\build\src\src\hotspot\share\interpreter\linkResolver.cpp, line 766]
Event: 0.454 Thread 0x00000245bb22cdf0 Exception <a 'java/lang/NoSuchMethodError'{0x000000069fd1e318}: 'java.lang.Object java.lang.invoke.DirectMethodHandle$Holder.invokeInterface(java.lang.Object, java.lang.Object)'> (0x000000069fd1e318) 
thrown [e:\jenkins\tmp\workspace\build\src\src\hotspot\share\interpreter\linkResolver.cpp, line 766]
Event: 2.039 Thread 0x00000245bb22cdf0 Exception <a 'java/lang/NoSuchMethodError'{0x00000006a52339a0}: 'java.lang.Object java.lang.invoke.DirectMethodHandle$Holder.invokeStatic(java.lang.Object, int, java.lang.Object)'> (0x00000006a52339a0) 
thrown [e:\jenkins\tmp\workspace\build\src\src\hotspot\share\interpreter\linkResolver.cpp, line 766]
Event: 2.042 Thread 0x00000245bb22cdf0 Exception <a 'java/lang/NoSuchMethodError'{0x00000006a5248c18}: 'void java.lang.invoke.DirectMethodHandle$Holder.invokeSpecial(java.lang.Object, java.lang.Object, java.lang.Object)'> (0x00000006a5248c18) 
thrown [e:\jenkins\tmp\workspace\build\src\src\hotspot\share\interpreter\linkResolver.cpp, line 766]
Event: 2.053 Thread 0x00000245bb22cdf0 Exception <a 'java/lang/ClassNotFoundException'{0x00000006a529b470}: sun/util/logging/resources/spi/loggingProvider> (0x00000006a529b470) 
thrown [e:\jenkins\tmp\workspace\build\src\src\hotspot\share\classfile\systemDictionary.cpp, line 256]
Event: 2.074 Thread 0x00000245bb22cdf0 Exception <a 'java/lang/NoSuchMethodError'{0x00000006a53ad0c0}: 'void java.lang.invoke.DirectMethodHandle$Holder.invokeStatic(java.lang.Object, java.lang.Object, java.lang.Object)'> (0x00000006a53ad0c0) 
thrown [e:\jenkins\tmp\workspace\build\src\src\hotspot\share\interpreter\linkResolver.cpp, line 766]
Event: 2.079 Thread 0x00000245df941d40 Implicit null exception at 0x00000245c64bb7e4 to 0x00000245c64bb8c8

VM Operations (20 events):
Event: 298.419 Executing VM operation: ChangeSingleStep
Event: 298.419 Executing VM operation: ChangeSingleStep done
Event: 298.419 Executing VM operation: ChangeSingleStep
Event: 298.419 Executing VM operation: ChangeSingleStep done
Event: 298.425 Executing VM operation: RedefineClasses
Event: 298.429 Executing VM operation: RedefineClasses done
Event: 298.439 Executing VM operation: ChangeBreakpoints
Event: 298.439 Executing VM operation: ChangeBreakpoints done
Event: 298.443 Executing VM operation: ChangeBreakpoints
Event: 298.443 Executing VM operation: ChangeBreakpoints done
Event: 298.445 Executing VM operation: ChangeSingleStep
Event: 298.445 Executing VM operation: ChangeSingleStep done
Event: 298.446 Executing VM operation: ChangeSingleStep
Event: 298.446 Executing VM operation: ChangeSingleStep done
Event: 298.446 Executing VM operation: ChangeSingleStep
Event: 298.446 Executing VM operation: ChangeSingleStep done
Event: 298.446 Executing VM operation: get/set locals
Event: 298.446 Executing VM operation: get/set locals done
Event: 298.447 Executing VM operation: ChangeSingleStep
Event: 298.447 Executing VM operation: ChangeSingleStep done

Events (20 events):
Event: 2.071 loading class java/util/stream/Sink$OfInt done
Event: 2.071 loading class java/util/stream/FindOps$FindSink$OfInt done
Event: 2.071 loading class java/util/OptionalInt
Event: 2.071 loading class java/util/OptionalInt done
Event: 2.072 loading class java/util/stream/IntPipeline$10$1
Event: 2.072 loading class java/util/stream/Sink$ChainedInt
Event: 2.072 loading class java/util/stream/Sink$ChainedInt done
Event: 2.072 loading class java/util/stream/IntPipeline$10$1 done
Event: 2.072 loading class java/lang/StringUTF16$CharsSpliterator
Event: 2.072 loading class java/lang/StringUTF16$CharsSpliterator done
Event: 2.072 loading class java/lang/CharacterData00
Event: 2.073 loading class java/lang/CharacterData00 done
Event: 2.074 loading class java/time/LocalTime$1
Event: 2.074 loading class java/time/LocalTime$1 done
Event: 2.074 loading class java/util/Formattable
Event: 2.074 loading class java/util/Formattable done
Event: 2.075 Thread 0x00000245df941d40 Thread added: 0x00000245df941d40
Event: 2.079 loading class jdk/internal/math/FDBigInteger
Event: 2.080 loading class jdk/internal/math/FDBigInteger done
Event: 7.103 Thread 0x00000245def67110 Thread exited: 0x00000245def67110


Dynamic libraries:
0x00007ff7983b0000 - 0x00007ff7983be000 	C:\Users\Owner\.p2\pool\plugins\org.eclipse.justj.openjdk.hotspot.jre.full.win32.x86_64_17.0.1.v20211116-1657\jre\bin\javaw.exe
0x00007fff5fe30000 - 0x00007fff60025000 	C:\WINDOWS\SYSTEM32\ntdll.dll
0x00007fff5f570000 - 0x00007fff5f62e000 	C:\WINDOWS\System32\KERNEL32.DLL
0x00007fff5db20000 - 0x00007fff5dde8000 	C:\WINDOWS\System32\KERNELBASE.dll
0x00007fff5d550000 - 0x00007fff5d650000 	C:\WINDOWS\System32\ucrtbase.dll
0x00007fff54d10000 - 0x00007fff54d28000 	C:\Users\Owner\.p2\pool\plugins\org.eclipse.justj.openjdk.hotspot.jre.full.win32.x86_64_17.0.1.v20211116-1657\jre\bin\jli.dll
0x00007fff59fa0000 - 0x00007fff59fb9000 	C:\Users\Owner\.p2\pool\plugins\org.eclipse.justj.openjdk.hotspot.jre.full.win32.x86_64_17.0.1.v20211116-1657\jre\bin\VCRUNTIME140.dll
0x00007fff5e430000 - 0x00007fff5e5d0000 	C:\WINDOWS\System32\USER32.dll
0x00007fff5ddf0000 - 0x00007fff5de12000 	C:\WINDOWS\System32\win32u.dll
0x00007fff46f00000 - 0x00007fff4719a000 	C:\WINDOWS\WinSxS\amd64_microsoft.windows.common-controls_6595b64144ccf1df_6.0.19041.1110_none_60b5254171f9507e\COMCTL32.dll
0x00007fff5e5d0000 - 0x00007fff5e5fb000 	C:\WINDOWS\System32\GDI32.dll
0x00007fff5def0000 - 0x00007fff5df8e000 	C:\WINDOWS\System32\msvcrt.dll
0x00007fff5da10000 - 0x00007fff5db1b000 	C:\WINDOWS\System32\gdi32full.dll
0x00007fff5d730000 - 0x00007fff5d7cd000 	C:\WINDOWS\System32\msvcp_win.dll
0x00007fff5df90000 - 0x00007fff5dfc0000 	C:\WINDOWS\System32\IMM32.DLL
0x00007fff59b60000 - 0x00007fff59b6c000 	C:\Users\Owner\.p2\pool\plugins\org.eclipse.justj.openjdk.hotspot.jre.full.win32.x86_64_17.0.1.v20211116-1657\jre\bin\vcruntime140_1.dll
0x00007fff3a810000 - 0x00007fff3a8a1000 	C:\Users\Owner\.p2\pool\plugins\org.eclipse.justj.openjdk.hotspot.jre.full.win32.x86_64_17.0.1.v20211116-1657\jre\bin\msvcp140.dll
0x00007ffef4b50000 - 0x00007ffef5796000 	C:\Users\Owner\.p2\pool\plugins\org.eclipse.justj.openjdk.hotspot.jre.full.win32.x86_64_17.0.1.v20211116-1657\jre\bin\server\jvm.dll
0x00007fff5fb50000 - 0x00007fff5fbfe000 	C:\WINDOWS\System32\ADVAPI32.dll
0x00007fff5e390000 - 0x00007fff5e42c000 	C:\WINDOWS\System32\sechost.dll
0x00007fff5fc00000 - 0x00007fff5fd25000 	C:\WINDOWS\System32\RPCRT4.dll
0x00007fff5e200000 - 0x00007fff5e208000 	C:\WINDOWS\System32\PSAPI.DLL
0x00007fff578b0000 - 0x00007fff578ba000 	C:\WINDOWS\SYSTEM32\VERSION.dll
0x00007fff47fe0000 - 0x00007fff47fe9000 	C:\WINDOWS\SYSTEM32\WSOCK32.dll
0x00007fff5b3a0000 - 0x00007fff5b3c7000 	C:\WINDOWS\SYSTEM32\WINMM.dll
0x00007fff5e070000 - 0x00007fff5e0db000 	C:\WINDOWS\System32\WS2_32.dll
0x00007fff5bdb0000 - 0x00007fff5bdc2000 	C:\WINDOWS\SYSTEM32\kernel.appcore.dll
0x00007fff57d10000 - 0x00007fff57d1a000 	C:\Users\Owner\.p2\pool\plugins\org.eclipse.justj.openjdk.hotspot.jre.full.win32.x86_64_17.0.1.v20211116-1657\jre\bin\jimage.dll
0x00007fff5b1b0000 - 0x00007fff5b394000 	C:\WINDOWS\SYSTEM32\DBGHELP.DLL
0x00007fff5b180000 - 0x00007fff5b1ac000 	C:\WINDOWS\SYSTEM32\dbgcore.DLL
0x00007fff5d650000 - 0x00007fff5d6d2000 	C:\WINDOWS\System32\bcryptPrimitives.dll
0x00007fff3b400000 - 0x00007fff3b43b000 	C:\Users\Owner\.p2\pool\plugins\org.eclipse.justj.openjdk.hotspot.jre.full.win32.x86_64_17.0.1.v20211116-1657\jre\bin\jdwp.dll
0x00007fff56bd0000 - 0x00007fff56bde000 	C:\Users\Owner\.p2\pool\plugins\org.eclipse.justj.openjdk.hotspot.jre.full.win32.x86_64_17.0.1.v20211116-1657\jre\bin\instrument.dll
0x00007fff3b3a0000 - 0x00007fff3b3c5000 	C:\Users\Owner\.p2\pool\plugins\org.eclipse.justj.openjdk.hotspot.jre.full.win32.x86_64_17.0.1.v20211116-1657\jre\bin\java.dll
0x00007fff3af40000 - 0x00007fff3af58000 	C:\Users\Owner\.p2\pool\plugins\org.eclipse.justj.openjdk.hotspot.jre.full.win32.x86_64_17.0.1.v20211116-1657\jre\bin\zip.dll
0x00007fff5e600000 - 0x00007fff5ed44000 	C:\WINDOWS\System32\SHELL32.dll
0x00007fff5b600000 - 0x00007fff5bd94000 	C:\WINDOWS\SYSTEM32\windows.storage.dll
0x00007fff5f630000 - 0x00007fff5f984000 	C:\WINDOWS\System32\combase.dll
0x00007fff5cf40000 - 0x00007fff5cf6c000 	C:\WINDOWS\SYSTEM32\Wldp.dll
0x00007fff5dfc0000 - 0x00007fff5e06d000 	C:\WINDOWS\System32\SHCORE.dll
0x00007fff5fd30000 - 0x00007fff5fd85000 	C:\WINDOWS\System32\shlwapi.dll
0x00007fff5d490000 - 0x00007fff5d4af000 	C:\WINDOWS\SYSTEM32\profapi.dll
0x00007fff57d40000 - 0x00007fff57d4c000 	C:\Users\Owner\.p2\pool\plugins\org.eclipse.justj.openjdk.hotspot.jre.full.win32.x86_64_17.0.1.v20211116-1657\jre\bin\dt_socket.dll
0x00007fff5c900000 - 0x00007fff5c93b000 	C:\WINDOWS\SYSTEM32\IPHLPAPI.DLL
0x00007fff5cbf0000 - 0x00007fff5cc5a000 	C:\WINDOWS\system32\mswsock.dll
0x00007fff5c940000 - 0x00007fff5ca0a000 	C:\WINDOWS\SYSTEM32\DNSAPI.dll
0x00007fff5fb40000 - 0x00007fff5fb48000 	C:\WINDOWS\System32\NSI.dll
0x00007fff4ff20000 - 0x00007fff4ff2a000 	C:\Windows\System32\rasadhlp.dll
0x00007fff51760000 - 0x00007fff517df000 	C:\WINDOWS\System32\fwpuclnt.dll
0x00007fff5d9e0000 - 0x00007fff5da07000 	C:\WINDOWS\System32\bcrypt.dll
0x00007fff3ae60000 - 0x00007fff3ae79000 	C:\Users\Owner\.p2\pool\plugins\org.eclipse.justj.openjdk.hotspot.jre.full.win32.x86_64_17.0.1.v20211116-1657\jre\bin\net.dll
0x00007fff504a0000 - 0x00007fff505a9000 	C:\WINDOWS\SYSTEM32\WINHTTP.dll
0x00007fff3ae40000 - 0x00007fff3ae55000 	C:\Users\Owner\.p2\pool\plugins\org.eclipse.justj.openjdk.hotspot.jre.full.win32.x86_64_17.0.1.v20211116-1657\jre\bin\nio.dll
0x00007fff49e70000 - 0x00007fff49e80000 	C:\Users\Owner\.p2\pool\plugins\org.eclipse.justj.openjdk.hotspot.jre.full.win32.x86_64_17.0.1.v20211116-1657\jre\bin\verify.dll

dbghelp: loaded successfully - version: 4.0.5 - missing functions: none
symbol engine: initialized successfully - sym options: 0x614 - pdb path: .;C:\Users\Owner\.p2\pool\plugins\org.eclipse.justj.openjdk.hotspot.jre.full.win32.x86_64_17.0.1.v20211116-1657\jre\bin;C:\WINDOWS\SYSTEM32;C:\WINDOWS\WinSxS\amd64_microsoft.windows.common-controls_6595b64144ccf1df_6.0.19041.1110_none_60b5254171f9507e;C:\Users\Owner\.p2\pool\plugins\org.eclipse.justj.openjdk.hotspot.jre.full.win32.x86_64_17.0.1.v20211116-1657\jre\bin\server

VM Arguments:
jvm_args: -XX:+ShowCodeDetailsInExceptionMessages -agentlib:jdwp=transport=dt_socket,suspend=y,address=localhost:52555 -javaagent:C:\Users\Owner\eclipse\jee-2021-09\eclipse\configuration\org.eclipse.osgi\1035\0\.cp\lib\javaagent-shaded.jar -Dfile.encoding=UTF-8 
java_command: pt.fcul.masters.analyses.AgentAnalyses
java_class_path (initial): C:\Users\Owner\Documents\GitHub\MarketGeneticGeneratedIndicators\target\classes;C:\Users\Owner\.m2\repository\org\projectlombok\lombok\1.18.20\lombok-1.18.20.jar;C:\Users\Owner\.m2\repository\mysql\mysql-connector-java\8.0.28\mysql-connector-java-8.0.28.jar;C:\Users\Owner\.m2\repository\com\google\protobuf\protobuf-java\3.11.4\protobuf-java-3.11.4.jar;C:\Users\Owner\.m2\repository\io\jenetics\jenetics\6.3.0\jenetics-6.3.0.jar;C:\Users\Owner\.m2\repository\io\jenetics\jenetics.prog\6.3.0\jenetics.prog-6.3.0.jar;C:\Users\Owner\.m2\repository\io\jenetics\jenetics.ext\6.3.0\jenetics.ext-6.3.0.jar;C:\Users\Owner\.m2\repository\org\json\json\20210307\json-20210307.jar;C:\Users\Owner\.m2\repository\io\jenetics\facilejdbc\1.3.0\facilejdbc-1.3.0.jar;C:\Users\Owner\.m2\repository\com\zaxxer\HikariCP\5.0.1\HikariCP-5.0.1.jar;C:\Users\Owner\.m2\repository\org\slf4j\slf4j-api\2.0.0-alpha1\slf4j-api-2.0.0-alpha1.jar;C:\Users\Owner\Documents\GitHub\Java_Plotter\target\classes;C:\Users\Owner\.m2\repository\org\openjfx\javafx-controls\18-ea+4\javafx-controls-18-ea+4.jar;C:\Users\Owner\.m2\repository\org\openjfx\javafx-controls\18-ea+4\javafx-controls-18-ea+4-win.jar;C:\Users\Owner\.m2\repository\org\openjfx\javafx-graphics\18-ea+4\javafx-graphics-18-ea+4.jar;C:\Users\Owner\.m2\repository\org\openjfx\javafx-graphics\18-ea+4\javafx-graphics-18-ea+4-win.jar;C:\Users\Owner\.m2\repository\org\openjfx\javafx-base\18-ea+4\javafx-base-18-ea+4.jar;C:\Users\Owner\.m2\repository\org\openjfx\javafx-base\18-ea+4\javafx-base-18-ea+4-win.jar;C:\Users\Owner\.m2\repository\org\openjfx\javafx-fxml\18-ea+4\javafx-fxml-18-ea+4.jar;C:\Users\Owner\.m2\repository\org\openjfx\javafx-fxml\18-ea+4\javafx-fxml-18-ea+4-win.jar;C:\Users\Owner\.m2\repository\org\openjfx\javafx-swing\18-ea+4\javafx-swing-18-ea+4.jar;C:\Users\Owner\.m2\repository\org\openjfx\javafx-swing\18-ea+4\javafx-swing-18-ea+4-win.jar;C:\Users\Owner\.m2\repository\org\openjfx\javafx-web\18-ea+4\javafx-web-18-ea+4
Launcher Type: SUN_STANDARD

[Global flags]
     intx CICompilerCount                          = 12                                        {product} {ergonomic}
     uint ConcGCThreads                            = 3                                         {product} {ergonomic}
     uint G1ConcRefinementThreads                  = 13                                        {product} {ergonomic}
   size_t G1HeapRegionSize                         = 4194304                                   {product} {ergonomic}
    uintx GCDrainStackTargetSize                   = 64                                        {product} {ergonomic}
   size_t InitialHeapSize                          = 394264576                                 {product} {ergonomic}
   size_t MarkStackSize                            = 4194304                                   {product} {ergonomic}
   size_t MaxHeapSize                              = 6287261696                                {product} {ergonomic}
   size_t MaxNewSize                               = 3770679296                                {product} {ergonomic}
   size_t MinHeapDeltaBytes                        = 4194304                                   {product} {ergonomic}
   size_t MinHeapSize                              = 8388608                                   {product} {ergonomic}
    uintx NonNMethodCodeHeapSize                   = 7602480                                {pd product} {ergonomic}
    uintx NonProfiledCodeHeapSize                  = 122027880                              {pd product} {ergonomic}
    uintx ProfiledCodeHeapSize                     = 122027880                              {pd product} {ergonomic}
    uintx ReservedCodeCacheSize                    = 251658240                              {pd product} {ergonomic}
     bool SegmentedCodeCache                       = true                                      {product} {ergonomic}
     bool ShowCodeDetailsInExceptionMessages       = true                                   {manageable} {command line}
   size_t SoftMaxHeapSize                          = 6287261696                             {manageable} {ergonomic}
     bool UseCompressedClassPointers               = true                           {product lp64_product} {ergonomic}
     bool UseCompressedOops                        = true                           {product lp64_product} {ergonomic}
     bool UseG1GC                                  = true                                      {product} {ergonomic}
     bool UseLargePagesIndividualAllocation        = false                                  {pd product} {ergonomic}

Logging:
Log output configuration:
 #0: stdout all=warning uptime,level,tags
 #1: stderr all=off uptime,level,tags

Environment Variables:
JAVA_HOME=C:\Program Files (x86)\Java\jdk-17.0.1
PATH=C:\Users\Owner\.p2\pool\plugins\org.eclipse.justj.openjdk.hotspot.jre.full.win32.x86_64_17.0.1.v20211116-1657\jre\bin;C:/Users/Owner/.p2/pool/plugins/org.eclipse.justj.openjdk.hotspot.jre.full.win32.x86_64_17.0.1.v20211116-1657/jre/bin/server;C:/Users/Owner/.p2/pool/plugins/org.eclipse.justj.openjdk.hotspot.jre.full.win32.x86_64_17.0.1.v20211116-1657/jre/bin;C:\Program Files\NVIDIA GPU Computing Toolkit\CUDA\v11.6\bin;C:\Program Files\NVIDIA GPU Computing Toolkit\CUDA\v11.6\libnvvp;C:\Python310\Scripts\;C:\Python310\;C:\Program Files (x86)\Java\jdk-11.0.2\bin;C:\Program Files (x86)\Java\jdk-17.0.1\bin;C:\Windows\system32;C:\Windows;C:\Windows\System32\Wbem;C:\Windows\System32\WindowsPowerShell\v1.0\;C:\Windows\System32\OpenSSH\;C:\Program Files\NVIDIA Corporation\NVIDIA NvDLISR;C:\WINDOWS\system32;C:\WINDOWS;C:\WINDOWS\System32\Wbem;C:\WINDOWS\System32\WindowsPowerShell\v1.0\;C:\WINDOWS\System32\OpenSSH\;C:\Program Files (x86)\NVIDIA Corporation\PhysX\Common;C:\Program Files\QuestDB-6.1.13\bin;C:\Program Files\Docker\Docker\resources\bin;C:\ProgramData\DockerDesktop\version-bin;C:\Program Files (x86)\Common Files\Oracle\Java\javapath;C:\ProgramData\Oracle\Java\javapath;C:\Program Files\nodejs\;C:\ProgramData\chocolatey\bin;C:\Program Files\Git\cmd;C:\Program Files\NVIDIA Corporation\Nsight Compute 2022.1.0\;C:\Program Files\MySQL\MySQL Shell 8.0\bin\;C:\Users\Owner\AppData\Local\Microsoft\WindowsApps;C:\Users\Owner\AppData\Local\GitHubDesktop\bin;C:\Users\Owner\AppData\Roaming\npm;C:\Users\Owner\AppData\Local\atom\bin;C:\Users\Owner\AppData\Local\Programs\Microsoft VS Code\bin;C:\Users\Owner\eclipse\jee-2021-09\eclipse;
USERNAME=Owner
OS=Windows_NT
PROCESSOR_IDENTIFIER=AMD64 Family 23 Model 96 Stepping 1, AuthenticAMD



---------------  S Y S T E M  ---------------

OS:
 Windows 10 , 64 bit Build 19041 (10.0.19041.1566)
OS uptime: 2 days 20:13 hours
Hyper-V role detected

CPU: total 16 (initial active 16) (16 cores per cpu, 2 threads per core) family 23 model 96 stepping 1 microcode 0x0, cx8, cmov, fxsr, ht, mmx, 3dnowpref, sse, sse2, sse3, ssse3, sse4a, sse4.1, sse4.2, popcnt, lzcnt, tsc, tscinvbit, avx, avx2, aes, clmul, bmi1, bmi2, adx, sha, fma, vzeroupper, clflush, clflushopt, hv

Memory: 4k page, system-wide physical 23981M (7994M free)
TotalPageFile size 33709M (AvailPageFile size 5284M)
current process WorkingSet (physical memory assigned to process): 715M, peak: 738M
current process commit charge ("private bytes"): 885M, peak: 905M

vm_info: OpenJDK 64-Bit Server VM (17.0.1+12) for windows-amd64 JRE (17.0.1+12), built on Oct 20 2021 07:42:55 by "" with MS VC++ 16.7 (VS2019)

END.
