#
# A fatal error has been detected by the Java Runtime Environment:
#
#  EXCEPTION_ACCESS_VIOLATION (0xc0000005) at pc=0x0000023befbe024c, pid=28772, tid=17132
#
# JRE version: OpenJDK Runtime Environment Temurin-17.0.1+12 (17.0.1+12) (build 17.0.1+12)
# Java VM: OpenJDK 64-Bit Server VM Temurin-17.0.1+12 (17.0.1+12, mixed mode, tiered, compressed oops, compressed class ptrs, g1 gc, windows-amd64)
# Problematic frame:
# J 3870 c2 pt.fcul.masters.vgp.problems.RegressionINDArrayGpProblem.calculateError(Lorg/nd4j/linalg/api/ndarray/INDArray;Lorg/nd4j/linalg/api/ndarray/INDArray;)D (68 bytes) @ 0x0000023befbe024c [0x0000023befbdfe40+0x000000000000040c]
#
# No core dump will be written. Minidumps are not enabled by default on client versions of Windows
#
# If you would like to submit a bug report, please visit:
#   https://github.com/adoptium/adoptium-support/issues
#

---------------  S U M M A R Y ------------

Command Line: -Dfile.encoding=UTF-8 -XX:+ShowCodeDetailsInExceptionMessages pt.fcul.masters.vgp.runner.INDArrayGpRsiTrendForecastRunner

Host: AMD Ryzen 9 4900HS with Radeon Graphics         , 16 cores, 23G,  Windows 10 , 64 bit Build 19041 (10.0.19041.1503)
Time: Sun Feb 20 22:54:25 2022 GMT Standard Time elapsed time: 8.992089 seconds (0d 0h 0m 8s)

---------------  T H R E A D  ---------------

Current thread (0x0000023c5c2f4b40):  JavaThread "ForkJoinPool.commonPool-worker-11" daemon [_thread_in_Java, id=17132, stack(0x000000fbb8500000,0x000000fbb8600000)]

Stack: [0x000000fbb8500000,0x000000fbb8600000],  sp=0x000000fbb85fed70,  free space=1019k
Native frames: (J=compiled Java code, j=interpreted, Vv=VM code, C=native code)
C  0x0000023befbe024c


siginfo: EXCEPTION_ACCESS_VIOLATION (0xc0000005), reading address 0x0000000000000000


Register to memory mapping:

RIP=0x0000023befbe024c is at entry_point+1036 in (nmethod*)0x0000023befbdfa90
RAX=0x0000000000000010 is an unknown value
RBX=0x0000023c5d861e00 is pointing into metadata
RCX=0x0000023c0d52a7a0 points into unknown readable memory: 0x000000069612f678 | 78 f6 12 96 06 00 00 00
RDX=0x0 is NULL
RSP=0x000000fbb85fed70 is pointing into the stack for thread: 0x0000023c5c2f4b40
RBP=3535979516 is a compressed pointer to object: org.bytedeco.javacpp.indexer.OneIndex 
{0x0000000696161fe0} - klass: 'org/bytedeco/javacpp/indexer/OneIndex'
 - ---- fields (total size 2 words):
 - protected final 'sizes' '[J' @12  [J{0x0000000696161ff0} (d2c2c3fe)
RSI=0x000000000000007e is an unknown value
RDI=0x0 is NULL
R8 =0x0000000689be2078 is an oop: org.nd4j.linalg.jcublas.JCublasNDArray 
{0x0000000689be2078} - klass: 'org/nd4j/linalg/jcublas/JCublasNDArray'
 - ---- fields (total size 5 words):
 - protected transient 'compressed' 'Z' @12  false
 - protected transient 'released' 'Z' @13  false
 - protected final transient 'arrayId' 'J' @16  4218 (107a 0)
 - protected volatile transient 'shapeInformation' 'Lorg/nd4j/linalg/api/buffer/DataBuffer;' @24  a 'org/nd4j/linalg/jcublas/buffer/CudaLongDataBuffer'{0x00000006898e79d8} (d131cf3b)
 - protected volatile transient 'data' 'Lorg/nd4j/linalg/api/buffer/DataBuffer;' @28  a 'org/nd4j/linalg/jcublas/buffer/CudaFloatDataBuffer'{0x00000006899f9390} (d133f272)
 - protected transient 'jvmShapeInfo' 'Lorg/nd4j/linalg/api/ndarray/JvmShapeInfo;' @32  a 'org/nd4j/linalg/api/ndarray/JvmShapeInfo'{0x0000000689be20a0} (d137c414)
R9 =0x0 is NULL
R10=0x0 is NULL
R11=2806264 is a compressed pointer to class: 0x00000008002ad1f8
org.nd4j.linalg.jcublas.JCublasNDArray {0x00000008002ad200}
 - instance size:     5
 - klass size:        802
 - access:            public synchronized 
 - state:             fully_initialized
 - name:              'org/nd4j/linalg/jcublas/JCublasNDArray'
 - super:             'org/nd4j/linalg/api/ndarray/BaseNDArray'
 - sub:               
 - arrays:            NULL
 - methods:           Array<T>(0x0000023b8bec1c08)
 - method ordering:   Array<T>(0x0000023b88800018)
 - default_methods:   Array<T>(0x0000023b8bef6348)
 - default vtable indices:   Array<T>(0x0000023b8bef6360)
 - local interfaces:  Array<T>(0x0000023b88800058)
 - trans. interfaces: Array<T>(0x0000023b8beed670)
 - constants:         constant pool [726] {0x0000023b8bec0358} for 'org/nd4j/linalg/jcublas/JCublasNDArray' cache=0x0000023b8bf05a00
 - class loader data:  loader data: 0x0000023b890246e0 for instance a 'jdk/internal/loader/ClassLoaders$AppClassLoader'{0x00000006896e70b8}
 - source file:       'JCublasNDArray.java'
 - class annotations:       Array<T>(0x0000000000000000)
 - class type annotations:  Array<T>(0x0000000000000000)
 - field annotations:       Array<T>(0x0000000000000000)
 - field type annotations:  Array<T>(0x0000000000000000)
 - inner classes:     Array<T>(0x0000023b88800028)
 - nest members:     Array<T>(0x0000023b88800028)
 - permitted subclasses:     Array<T>(0x0000023b88800028)
 - java mirror:       a 'java/lang/Class'{0x0000000689936a88} = 'org/nd4j/linalg/jcublas/JCublasNDArray'
 - vtable length      387  (start addr: 0x00000008002ad3c0)
 - itable length      357 (start addr: 0x00000008002adfd8)
 - ---- static fields (1 words):
 - private static final 'log' 'Lorg/slf4j/Logger;' @112 
 - ---- non-static fields (6 words):
 - protected transient 'compressed' 'Z' @12 
 - protected transient 'released' 'Z' @13 
 - protected final transient 'arrayId' 'J' @16 
 - protected volatile transient 'shapeInformation' 'Lorg/nd4j/linalg/api/buffer/DataBuffer;' @24 
 - protected volatile transient 'data' 'Lorg/nd4j/linalg/api/buffer/DataBuffer;' @28 
 - protected transient 'jvmShapeInfo' 'Lorg/nd4j/linalg/api/ndarray/JvmShapeInfo;' @32 
 - non-static oop maps: 24-32 
R12=0x0 is NULL
R13=0x000000fbb85fedb8 is pointing into the stack for thread: 0x0000023c5c2f4b40
R14=0x0 is NULL
R15=0x0000023c5c2f4b40 is a thread


Registers:
RAX=0x0000000000000010, RBX=0x0000023c5d861e00, RCX=0x0000023c0d52a7a0, RDX=0x0000000000000000
RSP=0x000000fbb85fed70, RBP=0x00000000d2c2c3fc, RSI=0x000000000000007e, RDI=0x0000000000000000
R8 =0x0000000689be2078, R9 =0x0000000000000000, R10=0x0000000000000000, R11=0x00000000002ad1f8
R12=0x0000000000000000, R13=0x000000fbb85fedb8, R14=0x0000000000000000, R15=0x0000023c5c2f4b40
RIP=0x0000023befbe024c, EFLAGS=0x0000000000010202

Top of Stack: (sp=0x000000fbb85fed70)
0x000000fbb85fed70:   0000000689be2078 0000000689b9c888
0x000000fbb85fed80:   000000069612c548 0000000600000006
0x000000fbb85fed90:   0000000689b9c328 0000023be7dcba2a
0x000000fbb85feda0:   000000fbb85fee28 0000023be7db9543
0x000000fbb85fedb0:   0000023be7db9543 0000000689be2078
0x000000fbb85fedc0:   0000000689b9c860 00000006898e5390
0x000000fbb85fedd0:   420c20ed9269183f 0000000689be2078
0x000000fbb85fede0:   000000fbb85fede0 0000023c5d8108f9
0x000000fbb85fedf0:   000000fbb85fee88 0000023c5d8139f0
0x000000fbb85fee00:   0000000000000000 00000006898e5318
0x000000fbb85fee10:   0000023c5d8109e0 000000fbb85fedb8
0x000000fbb85fee20:   000000fbb85fee80 000000fbb85feed8
0x000000fbb85fee30:   0000023be7db9657 0000000689be2078
0x000000fbb85fee40:   0000000689b9c860 0000000689b9c328
0x000000fbb85fee50:   0000000000000174 0000017f1957e15c
0x000000fbb85fee60:   0000000000000000 420c20ed9269183f 

Instructions: (pc=0x0000023befbe024c)
0x0000023befbe014c:   4d 3b d3 74 16 e9 f2 0e 00 00 49 8b ea 49 8b d2
0x0000023befbe015c:   66 66 90 e8 7c 3a 16 f9 4c 8b cd 49 ba 70 3d 8e
0x0000023befbe016c:   89 06 00 00 00 45 3b 62 70 0f 84 3d 06 00 00 45
0x0000023befbe017c:   0f b6 59 0f 49 ba a8 a3 8f 89 06 00 00 00 41 8b
0x0000023befbe018c:   4a 0c 45 85 db 0f 85 1d 0b 00 00 41 8b 69 58 45
0x0000023befbe019c:   8b 5c cc 08 41 81 fb 00 80 28 00 0f 85 33 07 00
0x0000023befbe01ac:   00 4c 89 4c 24 08 4c 8b c5 49 c1 e0 03 49 8d 14
0x0000023befbe01bc:   cc 66 90 e8 7c 06 f5 ff 4c 8b 5c 24 08 41 0f b6
0x0000023befbe01cc:   6b 0f 85 ed 0f 85 fa 0a 00 00 45 8b 53 38 43 8b
0x0000023befbe01dc:   6c d4 0c 83 fd 10 0f 83 e0 05 00 00 49 ba 98 3d
0x0000023befbe01ec:   93 89 06 00 00 00 41 8b 6c aa 10 83 fd 02 0f 85
0x0000023befbe01fc:   f4 06 00 00 41 8b 6b 44 45 8b 5c ec 08 41 81 fb
0x0000023befbe020c:   18 73 2c 00 0f 85 96 0e 00 00 4d 8d 1c ec 41 8b
0x0000023befbe021c:   6b 14 45 8b 54 ec 08 41 81 fa 88 9d 2b 00 0f 85
0x0000023befbe022c:   d0 06 00 00 4d 8b 4b 20 4d 8b 53 28 4d 85 d2 0f
0x0000023befbe023c:   8e 9b 0a 00 00 4c 8b 04 24 45 8b 58 08 4d 8b d1
0x0000023befbe024c:   c4 c1 7a 10 02 c5 f2 5a c8 41 81 fb f8 d1 2a 00
0x0000023befbe025c:   0f 85 ae 06 00 00 4d 8b d8 41 8b 6b 1c 85 ed 0f
0x0000023befbe026c:   84 8f 0a 00 00 41 8b 6b 1c 45 8b 54 ec 08 41 81
0x0000023befbe027c:   fa e8 1d 2b 00 0f 85 9d 06 00 00 4d 8d 14 ec 41
0x0000023befbe028c:   8b 6a 38 81 fd 66 c7 31 d1 0f 84 81 0a 00 00 41
0x0000023befbe029c:   8b 6b 1c 85 ed 0f 84 89 0a 00 00 41 8b 6b 1c 45
0x0000023befbe02ac:   8b 44 ec 08 41 81 f8 e8 1d 2b 00 0f 85 7b 06 00
0x0000023befbe02bc:   00 4d 8d 14 ec 41 8b 6a 38 81 fd 69 c7 31 d1 0f
0x0000023befbe02cc:   84 7b 0a 00 00 45 8b 43 20 43 8b 4c c4 2c 45 8b
0x0000023befbe02dc:   4c cc 0c 45 85 c9 0f 86 64 06 00 00 4d 8b d3 4d
0x0000023befbe02ec:   8b 5c cc 10 45 8b db 41 d1 e3 41 8b eb ff c5 41
0x0000023befbe02fc:   3b e9 0f 83 d0 04 00 00 4d 63 db 4d 8d 0c cc 4b
0x0000023befbe030c:   8b 4c d9 18 4c 8b c9 49 83 e1 02 4d 85 c9 0f 85
0x0000023befbe031c:   40 0a 00 00 4c 8b c9 49 83 e1 04 4d 85 c9 0f 85
0x0000023befbe032c:   64 0a 00 00 48 83 e1 08 48 85 c9 0f 85 8b 0a 00
0x0000023befbe033c:   00 43 8b 6c c4 0c 85 ed 0f 84 aa 0a 00 00 83 fd 


Stack slot to memory mapping:
stack at sp + 0 slots: 0x0000000689be2078 is an oop: org.nd4j.linalg.jcublas.JCublasNDArray 
{0x0000000689be2078} - klass: 'org/nd4j/linalg/jcublas/JCublasNDArray'
 - ---- fields (total size 5 words):
 - protected transient 'compressed' 'Z' @12  false
 - protected transient 'released' 'Z' @13  false
 - protected final transient 'arrayId' 'J' @16  4218 (107a 0)
 - protected volatile transient 'shapeInformation' 'Lorg/nd4j/linalg/api/buffer/DataBuffer;' @24  a 'org/nd4j/linalg/jcublas/buffer/CudaLongDataBuffer'{0x00000006898e79d8} (d131cf3b)
 - protected volatile transient 'data' 'Lorg/nd4j/linalg/api/buffer/DataBuffer;' @28  a 'org/nd4j/linalg/jcublas/buffer/CudaFloatDataBuffer'{0x00000006899f9390} (d133f272)
 - protected transient 'jvmShapeInfo' 'Lorg/nd4j/linalg/api/ndarray/JvmShapeInfo;' @32  a 'org/nd4j/linalg/api/ndarray/JvmShapeInfo'{0x0000000689be20a0} (d137c414)
stack at sp + 1 slots: 0x0000000689b9c888 is an oop: org.nd4j.linalg.jcublas.buffer.CudaFloatDataBuffer 
{0x0000000689b9c888} - klass: 'org/nd4j/linalg/jcublas/buffer/CudaFloatDataBuffer'
 - ---- fields (total size 13 words):
 - protected 'elementSize' 'B' @12  4
 - protected transient 'attached' 'Z' @13  false
 - protected transient 'constant' 'Z' @14  false
 - protected transient 'released' 'Z' @15  false
 - protected 'length' 'J' @16  1 (1 0)
 - protected 'underlyingLength' 'J' @24  0 (0 0)
 - protected 'offset' 'J' @32  0 (0 0)
 - protected transient 'workspaceGenerationId' 'J' @40  0 (0 0)
 - protected transient 'originalOffset' 'J' @48  0 (0 0)
 - protected 'type' 'Lorg/nd4j/linalg/api/buffer/DataType;' @56  a 'org/nd4j/linalg/api/buffer/DataType'{0x00000006898e40d0} (d131c81a)
 - protected transient 'wrappedDataBuffer' 'Lorg/nd4j/linalg/api/buffer/DataBuffer;' @60  NULL (0)
 - protected 'allocationMode' 'Lorg/nd4j/linalg/api/buffer/DataBuffer$AllocationMode;' @64  a 'org/nd4j/linalg/api/buffer/DataBuffer$AllocationMode'{0x00000006898e40e8} (d131c81d)
 - protected transient 'indexer' 'Lorg/bytedeco/javacpp/indexer/Indexer;' @68  a 'org/bytedeco/javacpp/indexer/FloatRawIndexer'{0x0000000696161fb0} (d2c2c3f6)
 - protected transient 'pointer' 'Lorg/bytedeco/javacpp/Pointer;' @72  a 'org/bytedeco/javacpp/FloatPointer'{0x000000069612f6d8} (d2c25edb)
 - protected transient 'parentWorkspace' 'Lorg/nd4j/linalg/api/memory/MemoryWorkspace;' @76  NULL (0)
 - protected transient 'originalBuffer' 'Lorg/nd4j/linalg/api/buffer/DataBuffer;' @80  NULL (0)
 - protected transient 'referenced' 'Lorg/nd4j/common/primitives/AtomicBoolean;' @84  a 'org/nd4j/common/primitives/AtomicBoolean'{0x0000000689b9c8f0} (d137391e)
 - protected 'ptrDataBuffer' 'Lorg/nd4j/nativeblas/OpaqueDataBuffer;' @88  a 'org/nd4j/nativeblas/OpaqueDataBuffer'{0x0000000689b9c900} (d1373920)
 - protected volatile transient 'allocationPoint' 'Lorg/nd4j/jita/allocator/impl/AllocationPoint;' @92  a 'org/nd4j/jita/allocator/impl/AllocationPoint'{0x0000000689b9c930} (d1373926)
 - protected 'globalType' 'Lorg/nd4j/linalg/api/buffer/DataType;' @96  a 'org/nd4j/linalg/api/buffer/DataType'{0x00000006898e40d0} (d131c81a)
stack at sp + 2 slots: 0x000000069612c548 is an oop: [Lorg.nd4j.linalg.api.ndarray.INDArray; 
{0x000000069612c548} - klass: 'org/nd4j/linalg/api/ndarray/INDArray'[]
 - length: 6
stack at sp + 3 slots: 0x0000000600000006 is an unknown value
stack at sp + 4 slots: 0x0000000689b9c328 is an oop: java.util.ArrayList 
{0x0000000689b9c328} - klass: 'java/util/ArrayList'
 - ---- fields (total size 3 words):
 - protected transient 'modCount' 'I' @12  6
 - private 'size' 'I' @16  6
 - transient 'elementData' '[Ljava/lang/Object;' @20  a 'java/lang/Object'[10] {0x0000000689b9c340} (d1373868)
stack at sp + 5 slots: 0x0000023be7dcba2a is at code_begin+106 in an Interpreter codelet
anewarray  189 anewarray  [0x0000023be7dcb9c0, 0x0000023be7dcbac0]  256 bytes
stack at sp + 6 slots: 0x000000fbb85fee28 is pointing into the stack for thread: 0x0000023c5c2f4b40
stack at sp + 7 slots: 0x0000023be7db9543 is at code_begin+1187 in an Interpreter codelet
return entry points  [0x0000023be7db90a0, 0x0000023be7db9ba0]  2816 bytes

--------------------------------------------------------------------------------

[Constant Pool]
             Address          hex4                    hex8      
  0x0000023befbdfe20:   0x7f800000      0xff8000007f800000      
  0x0000023befbdfe24:   0xff800000                              
  0x0000023befbdfe28:   0x00000000      0x0000000000000000      
  0x0000023befbdfe2c:   0x00000000                              
  0x0000023befbdfe30:   0xf4f4f4f4      0xf4f4f4f4f4f4f4f4      
  0x0000023befbdfe34:   0xf4f4f4f4                              
  0x0000023befbdfe38:   0xf4f4f4f4      0xf4f4f4f4f4f4f4f4      
  0x0000023befbdfe3c:   0xf4f4f4f4                              

--------------------------------------------------------------------------------

[MachCode]
  0x0000023befbdfe40: 448b 5208 | 49bb 0000 | 0000 0800 | 0000 4d03 | d349 3bc2 | 0f85 26cc | 21f8 6690 | 0f1f 4000 
  0x0000023befbdfe60: 8984 2400 | 90ff ff55 | 4883 ec30 | 4c89 0c24 | 458b 5008 | 4181 faf8 | d12a 000f | 85bf 0900 
  0x0000023befbdfe80: 0041 8b68 | 1c85 ed0f | 8457 0c00 | 0041 8b68 | 1c45 8b5c | ec08 4181 | fbe8 1d2b | 000f 85b1 
  0x0000023befbdfea0: 0900 004d | 8d14 ec41 | 8b6a 3881 | fd66 c731 | d10f 8441 | 0c00 0041 | 8b68 1c85 | ed0f 8445 
  0x0000023befbdfec0: 0c00 0041 | 8b68 1c45 | 8b54 ec08 | 4181 fae8 | 1d2b 000f | 858b 0900 | 004d 8d14 | ec41 8b6a 
  0x0000023befbdfee0: 3881 fd69 | c731 d10f | 842f 0c00 | 0045 8b58 | 2043 8b4c | dc2c 458b | 54cc 0c45 | 85d2 0f86 
  0x0000023befbdff00: 7009 0000 | 4d8b 4ccc | 1045 8bc9 | 41d1 e141 | 8be9 ffc5 | 413b ea0f | 8362 0800 | 004d 63d1 
  0x0000023befbdff20: 4d8d 0ccc | 4f8b 4cd1 | 184d 8bd1 | 4983 e202 | 4d85 d20f | 85f3 0b00 | 004d 8bd1 | 4983 e204 
  0x0000023befbdff40: 4d85 d20f | 850f 0c00 | 0049 83e1 | 084d 85c9 | 0f85 2e0c | 0000 438b | 6cdc 0c85 | ed0f 8449 
  0x0000023befbdff60: 0c00 0083 | fd02 0f8f | 500c 0000 | 83fd 010f | 85f7 0a00 | 0043 8b6c | dc30 458b | 54ec 0c45 
  0x0000023befbdff80: 85d2 0f86 | 0409 0000 | 4d8b 54ec | 1049 83fa | 010f 85e5 | 0a00 0041 | 8b68 1c85 | ed0f 8429 
  0x0000023befbdffa0: 0c00 0041 | 8b68 1c45 | 8b54 ec08 | 4181 fae8 | 1d2b 000f | 85e3 0800 | 004d 8d14 | ec45 8b5a 
  0x0000023befbdffc0: 3843 8b6c | dc0c 83fd | 100f 83c5 | 0700 0049 | bab0 9602 | 8b06 0000 | 0041 8b6c | aa10 83fd 
  0x0000023befbdffe0: 020f 85c5 | 0800 0041 | 0fb6 680c | 85ed 0f85 | e80b 0000 | 458b 5020 | 438b 7cd4 | 2c45 8b4c 
  0x0000023befbe0000: fc0c 4585 | c90f 86b1 | 0800 004d | 8b5c fc10 | 418b cbd1 | e18b e9ff | c541 3be9 | 0f83 8207 
  0x0000023befbe0020: 0000 4c63 | d94d 8d0c | fc4f 8b4c | d918 4d8b | d949 83e3 | 024d 85db | 0f85 ae0b | 0000 4d8b 
  0x0000023befbe0040: d949 83e3 | 044d 85db | 0f85 ca0b | 0000 4983 | e108 4d85 | c90f 85e9 | 0b00 004f | 8b54 d410 
  0x0000023befbe0060: 4d85 d20f | 8e03 0c00 | 0041 8b68 | 1c45 8b5c | ec08 4181 | fbe8 1d2b | 000f 8555 | 0800 004d 
  0x0000023befbe0080: 8d14 ec4d | 8b5a 104d | 85db 0f84 | 000c 0000 | 453b 6244 | 0f84 bc00 | 0000 418b | 6a48 4d8b 
  0x0000023befbe00a0: 5cec 104d | 85db 0f84 | aa00 0000 | 458b 5a5c | 478b 4cdc | 3c49 bba8 | a38f 8906 | 0000 0041 
  0x0000023befbe00c0: 8b6b 0c45 | 8b44 ec08 | 4181 f800 | 8028 000f | 853f 0900 | 004c 8954 | 2408 498d | 14ec 4d8b 
  0x0000023befbe00e0: c149 c1e0 | 0349 8bea | 6666 90e8 | d0b7 f3ff | 4885 c00f | 843b 0f00 | 004c 8bc5 | 458b 505c 
  0x0000023befbe0100: 438b 4cd4 | 3c49 baa8 | a38f 8906 | 0000 0041 | 8b6a 0c45 | 8b5c ec08 | 4181 fb00 | 8028 000f 
  0x0000023befbe0120: 8503 0900 | 0049 8d14 | ec4c 8bc1 | 49c1 e003 | 488b 6c24 | 0866 90e8 | 84b7 f3ff | 4c8b 5010 
  0x0000023befbe0140: 4c8b cd45 | 8b41 484f | 8b5c c410 | 4d3b d374 | 16e9 f20e | 0000 498b | ea49 8bd2 | 6666 90e8 
  0x0000023befbe0160: 7c3a 16f9 | 4c8b cd49 | ba70 3d8e | 8906 0000 | 0045 3b62 | 700f 843d | 0600 0045 | 0fb6 590f 
  0x0000023befbe0180: 49ba a8a3 | 8f89 0600 | 0000 418b | 4a0c 4585 | db0f 851d | 0b00 0041 | 8b69 5845 | 8b5c cc08 
  0x0000023befbe01a0: 4181 fb00 | 8028 000f | 8533 0700 | 004c 894c | 2408 4c8b | c549 c1e0 | 0349 8d14 | cc66 90e8 
  0x0000023befbe01c0: 7c06 f5ff | 4c8b 5c24 | 0841 0fb6 | 6b0f 85ed | 0f85 fa0a | 0000 458b | 5338 438b | 6cd4 0c83 
  0x0000023befbe01e0: fd10 0f83 | e005 0000 | 49ba 983d | 9389 0600 | 0000 418b | 6caa 1083 | fd02 0f85 | f406 0000 
  0x0000023befbe0200: 418b 6b44 | 458b 5cec | 0841 81fb | 1873 2c00 | 0f85 960e | 0000 4d8d | 1cec 418b | 6b14 458b 
  0x0000023befbe0220: 54ec 0841 | 81fa 889d | 2b00 0f85 | d006 0000 | 4d8b 4b20 | 4d8b 5328 | 4d85 d20f | 8e9b 0a00 
  0x0000023befbe0240: 004c 8b04 | 2445 8b58 | 084d 8bd1 | c4c1 7a10 | 02c5 f25a | c841 81fb | f8d1 2a00 | 0f85 ae06 
  0x0000023befbe0260: 0000 4d8b | d841 8b6b | 1c85 ed0f | 848f 0a00 | 0041 8b6b | 1c45 8b54 | ec08 4181 | fae8 1d2b 
  0x0000023befbe0280: 000f 859d | 0600 004d | 8d14 ec41 | 8b6a 3881 | fd66 c731 | d10f 8481 | 0a00 0041 | 8b6b 1c85 
  0x0000023befbe02a0: ed0f 8489 | 0a00 0041 | 8b6b 1c45 | 8b44 ec08 | 4181 f8e8 | 1d2b 000f | 857b 0600 | 004d 8d14 
  0x0000023befbe02c0: ec41 8b6a | 3881 fd69 | c731 d10f | 847b 0a00 | 0045 8b43 | 2043 8b4c | c42c 458b | 4ccc 0c45 
  0x0000023befbe02e0: 85c9 0f86 | 6406 0000 | 4d8b d34d | 8b5c cc10 | 458b db41 | d1e3 418b | ebff c541 | 3be9 0f83 
  0x0000023befbe0300: d004 0000 | 4d63 db4d | 8d0c cc4b | 8b4c d918 | 4c8b c949 | 83e1 024d | 85c9 0f85 | 400a 0000 
  0x0000023befbe0320: 4c8b c949 | 83e1 044d | 85c9 0f85 | 640a 0000 | 4883 e108 | 4885 c90f | 858b 0a00 | 0043 8b6c 
  0x0000023befbe0340: c40c 85ed | 0f84 aa0a | 0000 83fd | 020f 8fb5 | 0a00 0083 | fd01 0f85 | 4807 0000 | 438b 6cc4 
  0x0000023befbe0360: 3045 8b44 | ec0c 4585 | c00f 86f5 | 0500 004d | 8b44 ec10 | 4983 f801 | 0f85 3a07 | 0000 418b 
  0x0000023befbe0380: 6a1c 85ed | 0f84 920a | 0000 418b | 6a1c 458b | 44ec 0841 | 81f8 e81d | 2b00 0f85 | d805 0000 
  0x0000023befbe03a0: 4d8d 1cec | 458b 5b38 | 438b 6cdc | 0c83 fd10 | 0f83 3604 | 0000 49bb | b096 028b | 0600 0000 
  0x0000023befbe03c0: 418b 6cab | 1083 fd02 | 0f85 be05 | 0000 410f | b66a 0c85 | ed0f 8555 | 0a00 0041 | 8b5a 2045 
  0x0000023befbe03e0: 8b4c dc2c | 478b 5ccc | 0c45 85db | 0f86 ae05 | 0000 4f8b | 44cc 1041 | 8bc8 d1e1 | 8be9 ffc5 
  0x0000023befbe0400: 413b eb0f | 83f7 0300 | 004c 63d9 | 4f8d 04cc | 4f8b 4cd8 | 184d 8bc1 | 4983 e002 | 4d85 c00f 
  0x0000023befbe0420: 851f 0a00 | 004d 8bc1 | 4983 e004 | 4d85 c00f | 853f 0a00 | 0049 83e1 | 084d 85c9 | 0f85 620a 
  0x0000023befbe0440: 0000 4d8b | 44dc 104d | 85c0 0f8e | 800a 0000 | 418b 6a1c | 458b 54ec | 0841 81fa | e81d 2b00 
  0x0000023befbe0460: 0f85 5205 | 0000 4d8d | 04ec 4d8b | 5810 4d85 | db0f 8485 | 0a00 0045 | 3b60 440f | 84c9 0000 
  0x0000023befbe0480: 0041 8b68 | 484d 8b54 | ec10 4d85 | d20f 84b7 | 0000 0045 | 8b50 5c47 | 8b4c d43c | 49ba a8a3 
  0x0000023befbe04a0: 8f89 0600 | 0000 418b | 6a0c 458b | 5cec 0841 | 81fb 0080 | 2800 0f85 | 7c05 0000 | 4c89 4424 
  0x0000023befbe04c0: 10c5 fb11 | 4c24 08c5 | fa11 0424 | 498d 14ec | 4d8b c149 | c1e0 0348 | 8b6c 2410 | 6666 90e8 
  0x0000023befbe04e0: dcb3 f3ff | 4885 c00f | 8477 0b00 | 004c 8bc5 | 458b 505c | 438b 4cd4 | 3c49 baa8 | a38f 8906 
  0x0000023befbe0500: 0000 0041 | 8b6a 0c45 | 8b5c ec08 | 4181 fb00 | 8028 000f | 853b 0500 | 0049 8d14 | ec4c 8bc1 
  0x0000023befbe0520: 49c1 e003 | 488b 6c24 | 1066 90e8 | 90b3 f3ff | 4c8b 5010 | 4c8b cd45 | 8b41 484f | 8b5c c410 
  0x0000023befbe0540: 4d3b d374 | 1ee9 3a0b | 0000 498b | e8c5 fb11 | 4c24 08c5 | fa11 0424 | 498b d0e8 | 8036 16f9 
  0x0000023befbe0560: 4c8b cd49 | ba70 3d8e | 8906 0000 | 0045 3b62 | 700f 84a5 | 0200 0049 | baa8 a38f | 8906 0000 
  0x0000023befbe0580: 0045 8b52 | 0c41 0fb6 | 690f 85ed | 0f85 9609 | 0000 418b | 6958 478b | 5cd4 0841 | 81fb 0080 
  0x0000023befbe05a0: 2800 0f85 | 2004 0000 | 4c89 4c24 | 104c 8bc5 | 49c1 e003 | 4b8d 14d4 | 6666 90e8 | 8002 f5ff 
  0x0000023befbe05c0: 4c8b 5c24 | 1041 0fb6 | 6b0f 85ed | 0f85 7609 | 0000 458b | 5338 438b | 6cd4 0c83 | fd10 0f83 
  0x0000023befbe05e0: 4802 0000 | 49ba 983d | 9389 0600 | 0000 418b | 6caa 1083 | fd02 0f85 | ec03 0000 | 418b 6b44 
  0x0000023befbe0600: 458b 5cec | 0841 81fb | 1873 2c00 | 0f85 a60a | 0000 4d8d | 1cec 418b | 6b14 458b | 54ec 0841 
  0x0000023befbe0620: 81fa 889d | 2b00 0f85 | d003 0000 | 4d8b 4320 | 4d8b 5328 | 4d85 d20f | 8e1f 0900 | 004d 8bd0 
  0x0000023befbe0640: c4c1 6a5a | 12c5 fa10 | 0c24 c5f8 | 2e0d cef7 | ffff 7a06 | 0f84 3209 | 0000 c5f8 | 2e0d c2f7 
  0x0000023befbe0660: ffff 7a06 | 0f84 5609 | 0000 c5fb | 1044 2408 | c5f9 2e44 | 2408 0f8a | 8009 0000 | 0f85 7a09 
  0x0000023befbe0680: 0000 4d8b | 9f08 0100 | 004d 8bd3 | 4983 c218 | 4d3b 9718 | 0100 000f | 83bb 0000 | 004d 8997 
  0x0000023befbe06a0: 0801 0000 | 410f 1882 | 0001 0000 | 49c7 0301 | 0000 0041 | c743 0868 | 5b05 0045 | 8963 0c4d 
  0x0000023befbe06c0: 8963 10c4 | c17b 1143 | 1049 8b87 | 0801 0000 | 4c8b d049 | 83c2 184d | 3b97 1801 | 0000 734d 
  0x0000023befbe06e0: 4d89 9708 | 0100 0041 | 0f18 8200 | 0100 0048 | c700 0100 | 0000 c740 | 0868 5b05 | 0044 8960 
  0x0000023befbe0700: 0c4c 8960 | 10c5 fb11 | 5010 c5eb | 5cc0 c5fb | 59c0 c5fb | 5805 0ef7 | ffff 4883 | c430 5d49 
  0x0000023befbe0720: 3ba7 4003 | 0000 0f87 | e80b 0000 | c3c5 fb11 | 1424 c4e1 | f97e c548 | ba68 5b05 | 0008 0000 
  0x0000023befbe0740: 004c 895c | 2408 90e8 | b4cb 2cf8 | c4e1 f96e | c5c5 fb10 | 1424 ebad | c5fb 1114 | 2448 ba68 
  0x0000023befbe0760: 5b05 0008 | 0000 00e8 | 94cb 2cf8 | c5fb 1044 | 2408 c5fb | 1014 244c | 8bd8 e944 | ffff ffba 
  0x0000023befbe0780: e4ff ffff | 4c89 4424 | 1089 4c24 | 1866 90e8 | 6c1b 22f8 | bae4 ffff | ff4c 8944 | 2408 90e8 
  0x0000023befbe07a0: 5c1b 22f8 | bae4 ffff | ff4c 8944 | 2408 897c | 2410 90e8 | 481b 22f8 | baf6 ffff | ff49 8be9 
  0x0000023befbe07c0: 6666 90e8 | 381b 22f8 | bae4 ffff | ff66 90e8 | 2c1b 22f8 | bae4 ffff | ffc5 fb11 | 0c24 4c89 
  0x0000023befbe07e0: 5424 1089 | 4c24 18e8 | 141b 22f8 | bae4 ffff | ffc5 fb11 | 0c24 4c89 | 5424 08e8 | 001b 22f8 
  0x0000023befbe0800: bae4 ffff | ffc5 fb11 | 0c24 4c89 | 5424 0844 | 894c 2410 | 6666 90e8 | e41a 22f8 | baf6 ffff 
  0x0000023befbe0820: ff49 8be9 | 6666 90e8 | d41a 22f8 | bae4 ffff | ff48 ff74 | 2408 488f | 0424 90e8 | c01a 22f8 
  0x0000023befbe0840: bade ffff | ff49 8be9 | 4c89 0424 | 6666 90e8 | ac1a 22f8 | bade ffff | ff4c 8944 | 2410 90e8 
  0x0000023befbe0860: 9c1a 22f8 | bade ffff | ff4c 8944 | 2410 90e8 | 8c1a 22f8 | bae4 ffff | ff49 8be9 | 4c89 4424 
  0x0000023befbe0880: 0889 4c24 | 1466 90e8 | 741a 22f8 | bae4 ffff | ff4c 8944 | 2408 90e8 | 641a 22f8 | bade ffff 
  0x0000023befbe08a0: ff4c 8944 | 2408 90e8 | 541a 22f8 | ba45 ffff | ff4c 8944 | 2408 90e8 | 441a 22f8 | bae4 ffff 
  0x0000023befbe08c0: ff48 8b2c | 244c 8904 | 2489 7c24 | 0c66 90e8 | 2c1a 22f8 | bade ffff | ff66 90e8 | 201a 22f8 
  0x0000023befbe08e0: bade ffff | ff4c 894c | 2408 894c | 2410 90e8 | 0c1a 22f8 | ba45 ffff | ff66 90e8 | 001a 22f8 
  0x0000023befbe0900: ba37 ffff | ff4c 895c | 2408 90e8 | f019 22f8 | bade ffff | ff49 8be8 | c5fb 110c | 2466 90e8 
  0x0000023befbe0920: dc19 22f8 | bade ffff | ffc5 fb11 | 0c24 4c89 | 5c24 10e8 | c819 22f8 | bade ffff | ffc5 fb11 
  0x0000023befbe0940: 0c24 4c89 | 5c24 10e8 | b419 22f8 | bae4 ffff | ffc4 e1f9 | 7ecd 4c89 | 5c24 0889 | 4c24 14e8 
  0x0000023befbe0960: 9c19 22f8 | bae4 ffff | ffc5 fb11 | 0c24 4c89 | 5424 08e8 | 8819 22f8 | bade ffff | ffc5 fb11 
  0x0000023befbe0980: 0c24 4c89 | 5424 08e8 | 7419 22f8 | ba45 ffff | ffc5 fb11 | 0c24 4c89 | 5424 08e8 | 6019 22f8 
  0x0000023befbe09a0: bae4 ffff | ffc4 e1f9 | 7ecd 4c89 | 1424 4489 | 4c24 0ce8 | 4819 22f8 | bade ffff | ffc5 fb11 
  0x0000023befbe09c0: 0c24 90e8 | 3819 22f8 | bade ffff | ff48 ff74 | 2408 488f | 0424 4c89 | 4c24 0844 | 8954 2410 
  0x0000023befbe09e0: 6666 90e8 | 1819 22f8 | ba45 ffff | ff48 ff74 | 2408 488f | 0424 90e8 | 0419 22f8 | ba37 ffff 
  0x0000023befbe0a00: ff48 ff74 | 2408 488f | 0424 4c89 | 5c24 08e8 | ec18 22f8 | bade ffff | ff4c 8954 | 2410 4489 
  0x0000023befbe0a20: 4c24 18e8 | d818 22f8 | bade ffff | ff89 4c24 | 1866 90e8 | c818 22f8 | bade ffff | ffc5 fb11 
  0x0000023befbe0a40: 0c24 4c89 | 4424 1044 | 894c 2418 | 6666 90e8 | ac18 22f8 | bade ffff | ff48 ff74 | 2408 488f 
  0x0000023befbe0a60: 0424 894c | 2418 90e8 | 9418 22f8 | ba45 ffff | ff4c 8944 | 2410 90e8 | 8418 22f8 | 41bb 0100 
  0x0000023befbe0a80: 0000 4d3b | d3bd ffff | ffff 7c08 | 400f 95c5 | 400f b6ed | ba45 ffff | ff4c 8944 | 2408 90e8 
  0x0000023befbe0aa0: 5c18 22f8 | ba45 ffff | ffc5 fb11 | 0c24 4c89 | 5424 10e8 | 4818 22f8 | 41b9 0100 | 0000 4d3b 
  0x0000023befbe0ac0: c1bd ffff | ffff 7c08 | 400f 95c5 | 400f b6ed | ba45 ffff | ffc5 fb11 | 0c24 4c89 | 5424 08e8 
  0x0000023befbe0ae0: 1c18 22f8 | ba45 ffff | ff4c 8944 | 2410 4c89 | 4424 18e8 | 0818 22f8 | ba45 ffff | ff4c 8944 
  0x0000023befbe0b00: 2410 90e8 | f817 22f8 | ba45 ffff | ff4c 8944 | 2410 4c89 | 4424 18e8 | e417 22f8 | ba45 ffff 
  0x0000023befbe0b20: ff4c 8944 | 2410 90e8 | d417 22f8 | 41bb 0200 | 0000 4d3b | d3bd ffff | ffff 7c08 | 400f 95c5 
  0x0000023befbe0b40: 400f b6ed | ba45 ffff | ff4c 8944 | 2410 4c89 | 4c24 18e8 | a817 22f8 | 41bb 0400 | 0000 4d3b 
  0x0000023befbe0b60: d3bd ffff | ffff 7c08 | 400f 95c5 | 400f b6ed | ba45 ffff | ff4c 8944 | 2410 4c89 | 4c24 18e8 
  0x0000023befbe0b80: 7c17 22f8 | 41ba 0800 | 0000 4d3b | cabd ffff | ffff 7c08 | 400f 95c5 | 400f b6ed | ba45 ffff 
  0x0000023befbe0ba0: ff4c 8944 | 2410 90e8 | 5417 22f8 | ba45 ffff | ff4c 8944 | 2410 90e8 | 4417 22f8 | ba45 ffff 
  0x0000023befbe0bc0: ff4c 8944 | 2410 90e8 | 3417 22f8 | ba45 ffff | ff4c 8944 | 2410 90e8 | 2417 22f8 | ba45 ffff 
  0x0000023befbe0be0: ff4c 8944 | 2410 90e8 | 1417 22f8 | 41ba 0200 | 0000 4d3b | dabd ffff | ffff 7c08 | 400f 95c5 
  0x0000023befbe0c00: 400f b6ed | ba45 ffff | ff4c 8944 | 2408 4c89 | 4c24 10e8 | e816 22f8 | 41ba 0400 | 0000 4d3b 
  0x0000023befbe0c20: dabd ffff | ffff 7c08 | 400f 95c5 | 400f b6ed | ba45 ffff | ff4c 8944 | 2408 4c89 | 4c24 10e8 
  0x0000023befbe0c40: bc16 22f8 | 41ba 0800 | 0000 4d3b | cabd ffff | ffff 7c08 | 400f 95c5 | 400f b6ed | ba45 ffff 
  0x0000023befbe0c60: ff4c 8944 | 2408 90e8 | 9416 22f8 | 4533 db4d | 3bda bdff | ffff ff7c | 0840 0f95 | c540 0fb6 
  0x0000023befbe0c80: edba 45ff | ffff 4c89 | 4424 08e8 | 7016 22f8 | 4533 c04d | 3bd8 bdff | ffff ff7c | 0840 0f95 
  0x0000023befbe0ca0: c540 0fb6 | edba 45ff | ffff 4c89 | 5424 10e8 | 4c16 22f8 | ba45 ffff | ff48 8b2c | 2489 4c24 
  0x0000023befbe0cc0: 084c 894c | 2410 4489 | 5c24 0ce8 | 3016 22f8 | ba45 ffff | ff66 90e8 | 2416 22f8 | 4533 db4d 
  0x0000023befbe0ce0: 3bda bdff | ffff ff7c | 0840 0f95 | c540 0fb6 | edba 45ff | ffff 4c89 | 4c24 08e8 | 0016 22f8 
  0x0000023befbe0d00: ba45 ffff | ffc5 fb11 | 0c24 4c89 | 5c24 104c | 895c 2418 | 6666 90e8 | e415 22f8 | ba45 ffff 
  0x0000023befbe0d20: ffc5 fb11 | 0c24 4c89 | 5c24 10e8 | d015 22f8 | ba45 ffff | ffc5 fb11 | 0c24 4c89 | 5c24 104c 
  0x0000023befbe0d40: 895c 2418 | 6666 90e8 | b415 22f8 | ba45 ffff | ffc5 fb11 | 0c24 4c89 | 5c24 10e8 | a015 22f8 
  0x0000023befbe0d60: 41b8 0200 | 0000 4d3b | c8bd ffff | ffff 7c08 | 400f 95c5 | 400f b6ed | ba45 ffff | ffc5 fb11 
  0x0000023befbe0d80: 0c24 4c89 | 5424 1048 | 894c 2418 | 6666 90e8 | 6c15 22f8 | 41b8 0400 | 0000 4d3b | c8bd ffff 
  0x0000023befbe0da0: ffff 7c08 | 400f 95c5 | 400f b6ed | ba45 ffff | ffc5 fb11 | 0c24 4c89 | 5424 1048 | 894c 2418 
  0x0000023befbe0dc0: 6666 90e8 | 3815 22f8 | 41b8 0800 | 0000 493b | c8bd ffff | ffff 7c08 | 400f 95c5 | 400f b6ed 
  0x0000023befbe0de0: ba45 ffff | ffc5 fb11 | 0c24 4c89 | 5424 10e8 | 0c15 22f8 | ba45 ffff | ffc5 fb11 | 0c24 4c89 
  0x0000023befbe0e00: 5424 10e8 | f814 22f8 | ba45 ffff | ffc5 fb11 | 0c24 4c89 | 5424 10e8 | e414 22f8 | ba45 ffff 
  0x0000023befbe0e20: ffc5 fb11 | 0c24 4c89 | 5424 10e8 | d014 22f8 | ba45 ffff | ffc5 fb11 | 0c24 4c89 | 5424 10e8 
  0x0000023befbe0e40: bc14 22f8 | b902 0000 | 004c 3bc1 | bdff ffff | ff7c 0840 | 0f95 c540 | 0fb6 edba | 45ff ffff 
  0x0000023befbe0e60: c5fb 110c | 244c 8954 | 2408 4c89 | 4c24 10e8 | 8c14 22f8 | b904 0000 | 004c 3bc1 | bdff ffff 
  0x0000023befbe0e80: ff7c 0840 | 0f95 c540 | 0fb6 edba | 45ff ffff | c5fb 110c | 244c 8954 | 2408 4c89 | 4c24 10e8 
  0x0000023befbe0ea0: 5c14 22f8 | 41b8 0800 | 0000 4d3b | c8bd ffff | ffff 7c08 | 400f 95c5 | 400f b6ed | ba45 ffff 
  0x0000023befbe0ec0: ffc5 fb11 | 0c24 4c89 | 5424 08e8 | 3014 22f8 | 4533 c94d | 3bc8 bdff | ffff ff7c | 0840 0f95 
  0x0000023befbe0ee0: c540 0fb6 | edba 45ff | ffff c5fb | 110c 244c | 8954 2408 | 6666 90e8 | 0414 22f8 | 4533 c94d 
  0x0000023befbe0f00: 3bd9 bdff | ffff ff7c | 0840 0f95 | c540 0fb6 | edba 45ff | ffff c5fb | 110c 244c | 8944 2410 
  0x0000023befbe0f20: 6666 90e8 | d813 22f8 | ba45 ffff | ff48 ff74 | 2408 488f | 0424 4489 | 5424 104c | 894c 2418 
  0x0000023befbe0f40: 6666 90e8 | b813 22f8 | ba45 ffff | ff48 ff74 | 2408 488f | 0424 90e8 | a413 22f8 | 4533 db4d 
  0x0000023befbe0f60: 3bda bdff | ffff ff7c | 0840 0f95 | c540 0fb6 | edba 45ff | ffff 48ff | 7424 0848 | 8f04 244c 
  0x0000023befbe0f80: 8944 2408 | 6666 90e8 | 7413 22f8 | c5f8 2e0d | 8cee ffff | bdff ffff | ff0f 8a0e | 0000 000f 
  0x0000023befbe0fa0: 8208 0000 | 0040 0f95 | c540 0fb6 | edba 45ff | ffff c5fb | 1154 2410 | 6666 90e8 | 4013 22f8 
  0x0000023befbe0fc0: c5f8 2e0d | 5cee ffff | bdff ffff | ff0f 8a0e | 0000 000f | 8208 0000 | 0040 0f95 | c540 0fb6 
  0x0000023befbe0fe0: edba 45ff | ffff 48ff | 7424 0848 | 8f04 24c5 | fb11 5424 | 0866 90e8 | 0413 22f8 | c5f9 2e44 
  0x0000023befbe1000: 2408 bdff | ffff ff0f | 8a0e 0000 | 000f 8208 | 0000 0040 | 0f95 c540 | 0fb6 edba | 45ff ffff 
  0x0000023befbe1020: 48ff 7424 | 0848 8f04 | 24c5 fb11 | 5424 08e8 | cc12 22f8 | ba45 ffff | ff48 8b2c | 2448 8944 
  0x0000023befbe1040: 2410 90e8 | b812 22f8 | 4d3b d3bd | ffff ffff | 7c08 400f | 95c5 400f | b6ed ba45 | ffff ffe8 
  0x0000023befbe1060: 9c12 22f8 | ba45 ffff | ff48 8b6c | 2408 48ff | 7424 1048 | 8f04 2448 | 8944 2410 | 6666 90e8 
  0x0000023befbe1080: 7c12 22f8 | 4d3b d3bd | ffff ffff | 7c08 400f | 95c5 400f | b6ed ba45 | ffff ff48 | ff74 2408 
  0x0000023befbe10a0: 488f 0424 | 6666 90e8 | 5412 22f8 | bade ffff | ff66 90e8 | 4812 22f8 | bade ffff | ff66 90e8 
  0x0000023befbe10c0: 3c12 22f8 | baf6 ffff | ff66 90e8 | 3012 22f8 | baf6 ffff | ff66 90e8 | 2412 22f8 | baf6 ffff 
  0x0000023befbe10e0: ff66 90e8 | 1812 22f8 | baf6 ffff | ff66 90e8 | 0c12 22f8 | baf6 ffff | ff66 90e8 | 0012 22f8 
  0x0000023befbe1100: baf6 ffff | ff66 90e8 | f411 22f8 | baf6 ffff | ff66 90e8 | e811 22f8 | baf6 ffff | ff66 90e8 
  0x0000023befbe1120: dc11 22f8 | baf6 ffff | ff66 90e8 | d011 22f8 | baf6 ffff | ff66 90e8 | c411 22f8 | baf6 ffff 
  0x0000023befbe1140: ff66 90e8 | b811 22f8 | baf6 ffff | ff66 90e8 | ac11 22f8 | baf6 ffff | ff66 90e8 | a011 22f8 
  0x0000023befbe1160: baf4 ffff | ff48 8b2c | 2466 90e8 | 9011 22f8 | baf6 ffff | ff66 90e8 | 8411 22f8 | baf6 ffff 
  0x0000023befbe1180: ff66 90e8 | 7811 22f8 | baf6 ffff | ff66 90e8 | 6c11 22f8 | baf6 ffff | ff66 90e8 | 6011 22f8 
  0x0000023befbe11a0: baf6 ffff | ff66 90e8 | 5411 22f8 | baf6 ffff | ff66 90e8 | 4811 22f8 | baf6 ffff | ff66 90e8 
  0x0000023befbe11c0: 3c11 22f8 | baf6 ffff | ff66 90e8 | 3011 22f8 | baf6 ffff | ff66 90e8 | 2411 22f8 | baf6 ffff 
  0x0000023befbe11e0: ff66 90e8 | 1811 22f8 | baf6 ffff | ff66 90e8 | 0c11 22f8 | baf6 ffff | ff66 90e8 | 0011 22f8 
  0x0000023befbe1200: baf6 ffff | ff66 90e8 | f410 22f8 | baf6 ffff | ff66 90e8 | e810 22f8 | baf4 ffff | ff66 90e8 
  0x0000023befbe1220: dc10 22f8 | baf6 ffff | ff66 90e8 | d010 22f8 | baf6 ffff | ff66 90e8 | c410 22f8 | baf6 ffff 
  0x0000023befbe1240: ff41 8be9 | 6666 90e8 | b410 22f8 | baf6 ffff | ff66 90e8 | a810 22f8 | baf6 ffff | ff8b e9e8 
  0x0000023befbe1260: 9c10 22f8 | baf6 ffff | ff66 90e8 | 9010 22f8 | baf6 ffff | ff66 90e8 | 8410 22f8 | baf6 ffff 
  0x0000023befbe1280: ff66 90e8 | 7810 22f8 | baf6 ffff | ff41 8be9 | 6666 90e8 | 6810 22f8 | baf6 ffff | ff66 90e8 
  0x0000023befbe12a0: 5c10 22f8 | baf6 ffff | ff8b e9e8 | 5010 22f8 | baf6 ffff | ff66 90e8 | 4410 22f8 | baf6 ffff 
  0x0000023befbe12c0: ff66 90e8 | 3810 22f8 | ba45 ffff | ff4c 8954 | 2410 90e8 | 2810 22f8 | ba45 ffff | ffc5 fb11 
  0x0000023befbe12e0: 0c24 4c89 | 4424 10e8 | 1410 22f8 | 488b d0eb | 1948 8bd0 | eb14 eb0f | eb04 eb02 | eb00 488b 
  0x0000023befbe1300: d0eb 07eb | 02eb 0048 | 8bd0 4883 | c430 5de9 | ecea 2cf8 | 49ba 1f07 | beef 3b02 | 0000 4d89 
  0x0000023befbe1320: 9758 0300 | 00e9 d620 | 22f8 f4f4 | f4f4 f4f4 | f4f4 f4f4 | f4f4 f4f4 | f4f4 f4f4 | f4f4 f4f4 
  0x0000023befbe1340: 48bb 0000 | 0000 0000 | 0000 e9fb | ffff ff48 | bb00 0000 | 0000 0000 | 00e9 fbff | ffff 48bb 
  0x0000023befbe1360: 0000 0000 | 0000 0000 | e9fb ffff | ff48 bb00 | 0000 0000 | 0000 00e9 | fbff ffff | 48bb 0000 
  0x0000023befbe1380: 0000 0000 | 0000 e9fb | ffff ff48 | bb00 0000 | 0000 0000 | 00e9 fbff | ffff 48bb | 0000 0000 
  0x0000023befbe13a0: 0000 0000 | e9fb ffff | ff48 bb00 | 0000 0000 | 0000 00e9 | fbff ffff | e9c3 132c | f8e8 0000 
  0x0000023befbe13c0: 0000 4883 | 2c24 05e9 | d412 22f8 | f4f4 f4f4 
[/MachCode]
--------------------------------------------------------------------------------


---------------  P R O C E S S  ---------------

Threads class SMR info:
_java_thread_list=0x0000023c4e533710, length=34, elements={
0x0000023be470a3b0, 0x0000023b8903b420, 0x0000023b8903bde0, 0x0000023b8905d000,
0x0000023b8905f8d0, 0x0000023b89060190, 0x0000023b89068a60, 0x0000023b8906e010,
0x0000023b8906e9c0, 0x0000023b8906f6d0, 0x0000023b891fabf0, 0x0000023b891fbf30,
0x0000023b891fb0c0, 0x0000023b891fb590, 0x0000023b891fa720, 0x0000023b891fc400,
0x0000023b891fc8d0, 0x0000023c5bbdb9c0, 0x0000023c5bbe0ac0, 0x0000023b891fd270,
0x0000023b891fd740, 0x0000023b891fdc10, 0x0000023c5c2f3330, 0x0000023c5c2f24c0,
0x0000023c5c2f41a0, 0x0000023c5c2f1650, 0x0000023c5c2f3800, 0x0000023c5c2f2990,
0x0000023c5c2f07e0, 0x0000023c5c2f4b40, 0x0000023c5c2f6350, 0x0000023c5c2efe40,
0x0000023c5c2f0cb0, 0x0000023c5c2f4670
}

Java Threads: ( => current thread )
  0x0000023be470a3b0 JavaThread "main" [_thread_blocked, id=872, stack(0x000000fbb4c00000,0x000000fbb4d00000)]
  0x0000023b8903b420 JavaThread "Reference Handler" daemon [_thread_blocked, id=29964, stack(0x000000fbb5300000,0x000000fbb5400000)]
  0x0000023b8903bde0 JavaThread "Finalizer" daemon [_thread_blocked, id=10500, stack(0x000000fbb5400000,0x000000fbb5500000)]
  0x0000023b8905d000 JavaThread "Signal Dispatcher" daemon [_thread_blocked, id=18956, stack(0x000000fbb5500000,0x000000fbb5600000)]
  0x0000023b8905f8d0 JavaThread "Attach Listener" daemon [_thread_blocked, id=4496, stack(0x000000fbb5600000,0x000000fbb5700000)]
  0x0000023b89060190 JavaThread "Service Thread" daemon [_thread_blocked, id=27808, stack(0x000000fbb5700000,0x000000fbb5800000)]
  0x0000023b89068a60 JavaThread "Monitor Deflation Thread" daemon [_thread_blocked, id=13972, stack(0x000000fbb5800000,0x000000fbb5900000)]
  0x0000023b8906e010 JavaThread "C2 CompilerThread0" daemon [_thread_blocked, id=14628, stack(0x000000fbb5900000,0x000000fbb5a00000)]
  0x0000023b8906e9c0 JavaThread "C1 CompilerThread0" daemon [_thread_blocked, id=20332, stack(0x000000fbb5a00000,0x000000fbb5b00000)]
  0x0000023b8906f6d0 JavaThread "Sweeper thread" daemon [_thread_blocked, id=32000, stack(0x000000fbb5b00000,0x000000fbb5c00000)]
  0x0000023b891fabf0 JavaThread "Notification Thread" daemon [_thread_blocked, id=13184, stack(0x000000fbb5e00000,0x000000fbb5f00000)]
  0x0000023b891fbf30 JavaThread "Common-Cleaner" daemon [_thread_blocked, id=29744, stack(0x000000fbb6000000,0x000000fbb6100000)]
  0x0000023b891fb0c0 JavaThread "mysql-cj-abandoned-connection-cleanup" daemon [_thread_blocked, id=31556, stack(0x000000fbb6200000,0x000000fbb6300000)]
  0x0000023b891fb590 JavaThread "HikariPool-1 housekeeper" daemon [_thread_blocked, id=27752, stack(0x000000fbb7000000,0x000000fbb7100000)]
  0x0000023b891fa720 JavaThread "JavaCPP Deallocator" daemon [_thread_blocked, id=23372, stack(0x000000fbb7c00000,0x000000fbb7d00000)]
  0x0000023b891fc400 JavaThread "DeallocatorServiceThread_0" daemon [_thread_blocked, id=31472, stack(0x000000fbb5d00000,0x000000fbb5e00000)]
  0x0000023b891fc8d0 JavaThread "DeallocatorServiceThread_1" daemon [_thread_blocked, id=31996, stack(0x000000fbb6100000,0x000000fbb6200000)]
  0x0000023c5bbdb9c0 JavaThread "C1 CompilerThread1" daemon [_thread_blocked, id=20308, stack(0x000000fbb5c00000,0x000000fbb5d00000)]
  0x0000023c5bbe0ac0 JavaThread "C1 CompilerThread2" daemon [_thread_blocked, id=28572, stack(0x000000fbb6f00000,0x000000fbb7000000)]
  0x0000023b891fd270 JavaThread "ForkJoinPool.commonPool-worker-1" daemon [_thread_in_native, id=18876, stack(0x000000fbb7700000,0x000000fbb7800000)]
  0x0000023b891fd740 JavaThread "ForkJoinPool.commonPool-worker-2" daemon [_thread_in_native, id=31704, stack(0x000000fbb7800000,0x000000fbb7900000)]
  0x0000023b891fdc10 JavaThread "ForkJoinPool.commonPool-worker-3" daemon [_thread_in_native, id=10392, stack(0x000000fbb7d00000,0x000000fbb7e00000)]
  0x0000023c5c2f3330 JavaThread "ForkJoinPool.commonPool-worker-4" daemon [_thread_in_native, id=18872, stack(0x000000fbb7e00000,0x000000fbb7f00000)]
  0x0000023c5c2f24c0 JavaThread "ForkJoinPool.commonPool-worker-5" daemon [_thread_in_Java, id=13244, stack(0x000000fbb7f00000,0x000000fbb8000000)]
  0x0000023c5c2f41a0 JavaThread "ForkJoinPool.commonPool-worker-7" daemon [_thread_in_native, id=28560, stack(0x000000fbb8000000,0x000000fbb8100000)]
  0x0000023c5c2f1650 JavaThread "ForkJoinPool.commonPool-worker-6" daemon [_thread_in_Java, id=30656, stack(0x000000fbb8100000,0x000000fbb8200000)]
  0x0000023c5c2f3800 JavaThread "ForkJoinPool.commonPool-worker-8" daemon [_thread_in_Java, id=28440, stack(0x000000fbb8200000,0x000000fbb8300000)]
  0x0000023c5c2f2990 JavaThread "ForkJoinPool.commonPool-worker-9" daemon [_thread_in_native, id=22592, stack(0x000000fbb8300000,0x000000fbb8400000)]
  0x0000023c5c2f07e0 JavaThread "ForkJoinPool.commonPool-worker-10" daemon [_thread_in_native, id=22596, stack(0x000000fbb8400000,0x000000fbb8500000)]
=>0x0000023c5c2f4b40 JavaThread "ForkJoinPool.commonPool-worker-11" daemon [_thread_in_Java, id=17132, stack(0x000000fbb8500000,0x000000fbb8600000)]
  0x0000023c5c2f6350 JavaThread "ForkJoinPool.commonPool-worker-12" daemon [_thread_in_native, id=32236, stack(0x000000fbb8600000,0x000000fbb8700000)]
  0x0000023c5c2efe40 JavaThread "ForkJoinPool.commonPool-worker-13" daemon [_thread_in_native, id=13712, stack(0x000000fbb8700000,0x000000fbb8800000)]
  0x0000023c5c2f0cb0 JavaThread "ForkJoinPool.commonPool-worker-15" daemon [_thread_in_Java, id=31020, stack(0x000000fbb8800000,0x000000fbb8900000)]
  0x0000023c5c2f4670 JavaThread "ForkJoinPool.commonPool-worker-14" daemon [_thread_in_native, id=31884, stack(0x000000fbb8900000,0x000000fbb8a00000)]

Other Threads:
  0x0000023b8901b020 VMThread "VM Thread" [stack: 0x000000fbb5200000,0x000000fbb5300000] [id=25164]
  0x0000023b891f80b0 WatcherThread [stack: 0x000000fbb5f00000,0x000000fbb6000000] [id=32508]
  0x0000023be476d2d0 GCTaskThread "GC Thread#0" [stack: 0x000000fbb4d00000,0x000000fbb4e00000] [id=29076]
  0x0000023b8a632420 GCTaskThread "GC Thread#1" [stack: 0x000000fbb6400000,0x000000fbb6500000] [id=13600]
  0x0000023b89ba6580 GCTaskThread "GC Thread#2" [stack: 0x000000fbb6500000,0x000000fbb6600000] [id=19964]
  0x0000023b89ba6c40 GCTaskThread "GC Thread#3" [stack: 0x000000fbb6600000,0x000000fbb6700000] [id=8412]
  0x0000023b8a838030 GCTaskThread "GC Thread#4" [stack: 0x000000fbb6700000,0x000000fbb6800000] [id=1660]
  0x0000023b89ba6ef0 GCTaskThread "GC Thread#5" [stack: 0x000000fbb6800000,0x000000fbb6900000] [id=12736]
  0x0000023b8a81f040 GCTaskThread "GC Thread#6" [stack: 0x000000fbb6900000,0x000000fbb6a00000] [id=31724]
  0x0000023b8a81f2f0 GCTaskThread "GC Thread#7" [stack: 0x000000fbb6a00000,0x000000fbb6b00000] [id=20744]
  0x0000023b8a81f5a0 GCTaskThread "GC Thread#8" [stack: 0x000000fbb6b00000,0x000000fbb6c00000] [id=19284]
  0x0000023b8a427e00 GCTaskThread "GC Thread#9" [stack: 0x000000fbb6c00000,0x000000fbb6d00000] [id=24156]
  0x0000023b8a4280b0 GCTaskThread "GC Thread#10" [stack: 0x000000fbb6d00000,0x000000fbb6e00000] [id=29668]
  0x0000023b8aca0c20 GCTaskThread "GC Thread#11" [stack: 0x000000fbb7600000,0x000000fbb7700000] [id=19304]
  0x0000023b8aa36e30 GCTaskThread "GC Thread#12" [stack: 0x000000fbb7900000,0x000000fbb7a00000] [id=7148]
  0x0000023be477a2b0 ConcurrentGCThread "G1 Main Marker" [stack: 0x000000fbb4e00000,0x000000fbb4f00000] [id=20856]
  0x0000023be477aa70 ConcurrentGCThread "G1 Conc#0" [stack: 0x000000fbb4f00000,0x000000fbb5000000] [id=26276]
  0x0000023b8aa36370 ConcurrentGCThread "G1 Conc#1" [stack: 0x000000fbb7a00000,0x000000fbb7b00000] [id=12360]
  0x0000023b8aa368d0 ConcurrentGCThread "G1 Conc#2" [stack: 0x000000fbb7b00000,0x000000fbb7c00000] [id=15488]
  0x0000023b88365920 ConcurrentGCThread "G1 Refine#0" [stack: 0x000000fbb5000000,0x000000fbb5100000] [id=23740]
  0x0000023b8a8ec660 ConcurrentGCThread "G1 Refine#1" [stack: 0x000000fbb6e00000,0x000000fbb6f00000] [id=29728]
  0x0000023b883660f0 ConcurrentGCThread "G1 Service" [stack: 0x000000fbb5100000,0x000000fbb5200000] [id=32624]

Threads with active compile tasks:

VM state: not at safepoint (normal execution)

VM Mutex/Monitor currently owned by a thread: None

Heap address: 0x0000000689400000, size: 5996 MB, Compressed Oops mode: Zero based, Oop shift amount: 3

CDS archive(s) not mapped
Compressed class space mapped at: 0x0000000800000000-0x0000000840000000, reserved size: 1073741824
Narrow klass base: 0x0000000800000000, Narrow klass shift: 0, Narrow klass range: 0x40000000

GC Precious Log:
 CPUs: 16 total, 16 available
 Memory: 23981M
 Large Page Support: Disabled
 NUMA Support: Disabled
 Compressed Oops: Enabled (Zero based)
 Heap Region Size: 4M
 Heap Min Capacity: 8M
 Heap Initial Capacity: 376M
 Heap Max Capacity: 5996M
 Pre-touch: Disabled
 Parallel Workers: 13
 Concurrent Workers: 3
 Concurrent Refinement Workers: 13
 Periodic GC: Disabled

Heap:
 garbage-first heap   total 221184K, used 27125K [0x0000000689400000, 0x0000000800000000)
  region size 4096K, 5 young (20480K), 1 survivors (4096K)
 Metaspace       used 28662K, committed 28928K, reserved 1081344K
  class space    used 2753K, committed 2880K, reserved 1048576K

Heap Regions: E=young(eden), S=young(survivor), O=old, HS=humongous(starts), HC=humongous(continues), CS=collection set, F=free, OA=open archive, CA=closed archive, TAMS=top-at-mark-start (previous, next)
|   0|0x0000000689400000, 0x0000000689800000, 0x0000000689800000|100%| O|  |TAMS 0x0000000689800000, 0x0000000689400000| Untracked 
|   1|0x0000000689800000, 0x0000000689c00000, 0x0000000689c00000|100%| O|  |TAMS 0x0000000689800000, 0x0000000689800000| Untracked 
|   2|0x0000000689c00000, 0x000000068a000000, 0x000000068a000000|100%| O|  |TAMS 0x0000000689c00000, 0x0000000689c00000| Untracked 
|   3|0x000000068a000000, 0x000000068a08c400, 0x000000068a400000| 13%| O|  |TAMS 0x000000068a000000, 0x000000068a000000| Untracked 
|   4|0x000000068a400000, 0x000000068a400000, 0x000000068a800000|  0%| F|  |TAMS 0x000000068a400000, 0x000000068a400000| Untracked 
|   5|0x000000068a800000, 0x000000068a800000, 0x000000068ac00000|  0%| F|  |TAMS 0x000000068a800000, 0x000000068a800000| Untracked 
|   6|0x000000068ac00000, 0x000000068ac00000, 0x000000068b000000|  0%| F|  |TAMS 0x000000068ac00000, 0x000000068ac00000| Untracked 
|   7|0x000000068b000000, 0x000000068b1f1040, 0x000000068b400000| 48%| S|CS|TAMS 0x000000068b000000, 0x000000068b000000| Complete 
|   8|0x000000068b400000, 0x000000068b400000, 0x000000068b800000|  0%| F|  |TAMS 0x000000068b400000, 0x000000068b400000| Untracked 
|   9|0x000000068b800000, 0x000000068b800000, 0x000000068bc00000|  0%| F|  |TAMS 0x000000068b800000, 0x000000068b800000| Untracked 
|  10|0x000000068bc00000, 0x000000068bc00000, 0x000000068c000000|  0%| F|  |TAMS 0x000000068bc00000, 0x000000068bc00000| Untracked 
|  11|0x000000068c000000, 0x000000068c000000, 0x000000068c400000|  0%| F|  |TAMS 0x000000068c000000, 0x000000068c000000| Untracked 
|  12|0x000000068c400000, 0x000000068c400000, 0x000000068c800000|  0%| F|  |TAMS 0x000000068c400000, 0x000000068c400000| Untracked 
|  13|0x000000068c800000, 0x000000068c800000, 0x000000068cc00000|  0%| F|  |TAMS 0x000000068c800000, 0x000000068c800000| Untracked 
|  14|0x000000068cc00000, 0x000000068cc00000, 0x000000068d000000|  0%| F|  |TAMS 0x000000068cc00000, 0x000000068cc00000| Untracked 
|  15|0x000000068d000000, 0x000000068d000000, 0x000000068d400000|  0%| F|  |TAMS 0x000000068d000000, 0x000000068d000000| Untracked 
|  16|0x000000068d400000, 0x000000068d400000, 0x000000068d800000|  0%| F|  |TAMS 0x000000068d400000, 0x000000068d400000| Untracked 
|  17|0x000000068d800000, 0x000000068d800000, 0x000000068dc00000|  0%| F|  |TAMS 0x000000068d800000, 0x000000068d800000| Untracked 
|  18|0x000000068dc00000, 0x000000068dc00000, 0x000000068e000000|  0%| F|  |TAMS 0x000000068dc00000, 0x000000068dc00000| Untracked 
|  19|0x000000068e000000, 0x000000068e000000, 0x000000068e400000|  0%| F|  |TAMS 0x000000068e000000, 0x000000068e000000| Untracked 
|  20|0x000000068e400000, 0x000000068e400000, 0x000000068e800000|  0%| F|  |TAMS 0x000000068e400000, 0x000000068e400000| Untracked 
|  21|0x000000068e800000, 0x000000068e800000, 0x000000068ec00000|  0%| F|  |TAMS 0x000000068e800000, 0x000000068e800000| Untracked 
|  22|0x000000068ec00000, 0x000000068ec00000, 0x000000068f000000|  0%| F|  |TAMS 0x000000068ec00000, 0x000000068ec00000| Untracked 
|  23|0x000000068f000000, 0x000000068f000000, 0x000000068f400000|  0%| F|  |TAMS 0x000000068f000000, 0x000000068f000000| Untracked 
|  24|0x000000068f400000, 0x000000068f400000, 0x000000068f800000|  0%| F|  |TAMS 0x000000068f400000, 0x000000068f400000| Untracked 
|  25|0x000000068f800000, 0x000000068f800000, 0x000000068fc00000|  0%| F|  |TAMS 0x000000068f800000, 0x000000068f800000| Untracked 
|  26|0x000000068fc00000, 0x000000068fc00000, 0x0000000690000000|  0%| F|  |TAMS 0x000000068fc00000, 0x000000068fc00000| Untracked 
|  27|0x0000000690000000, 0x0000000690000000, 0x0000000690400000|  0%| F|  |TAMS 0x0000000690000000, 0x0000000690000000| Untracked 
|  28|0x0000000690400000, 0x0000000690400000, 0x0000000690800000|  0%| F|  |TAMS 0x0000000690400000, 0x0000000690400000| Untracked 
|  29|0x0000000690800000, 0x0000000690800000, 0x0000000690c00000|  0%| F|  |TAMS 0x0000000690800000, 0x0000000690800000| Untracked 
|  30|0x0000000690c00000, 0x0000000690c00000, 0x0000000691000000|  0%| F|  |TAMS 0x0000000690c00000, 0x0000000690c00000| Untracked 
|  31|0x0000000691000000, 0x0000000691000000, 0x0000000691400000|  0%| F|  |TAMS 0x0000000691000000, 0x0000000691000000| Untracked 
|  32|0x0000000691400000, 0x0000000691400000, 0x0000000691800000|  0%| F|  |TAMS 0x0000000691400000, 0x0000000691400000| Untracked 
|  33|0x0000000691800000, 0x0000000691800000, 0x0000000691c00000|  0%| F|  |TAMS 0x0000000691800000, 0x0000000691800000| Untracked 
|  34|0x0000000691c00000, 0x0000000691c00000, 0x0000000692000000|  0%| F|  |TAMS 0x0000000691c00000, 0x0000000691c00000| Untracked 
|  35|0x0000000692000000, 0x0000000692000000, 0x0000000692400000|  0%| F|  |TAMS 0x0000000692000000, 0x0000000692000000| Untracked 
|  36|0x0000000692400000, 0x0000000692400000, 0x0000000692800000|  0%| F|  |TAMS 0x0000000692400000, 0x0000000692400000| Untracked 
|  37|0x0000000692800000, 0x0000000692800000, 0x0000000692c00000|  0%| F|  |TAMS 0x0000000692800000, 0x0000000692800000| Untracked 
|  38|0x0000000692c00000, 0x0000000692c00000, 0x0000000693000000|  0%| F|  |TAMS 0x0000000692c00000, 0x0000000692c00000| Untracked 
|  39|0x0000000693000000, 0x0000000693000000, 0x0000000693400000|  0%| F|  |TAMS 0x0000000693000000, 0x0000000693000000| Untracked 
|  40|0x0000000693400000, 0x0000000693400000, 0x0000000693800000|  0%| F|  |TAMS 0x0000000693400000, 0x0000000693400000| Untracked 
|  41|0x0000000693800000, 0x0000000693800000, 0x0000000693c00000|  0%| F|  |TAMS 0x0000000693800000, 0x0000000693800000| Untracked 
|  42|0x0000000693c00000, 0x0000000693c00000, 0x0000000694000000|  0%| F|  |TAMS 0x0000000693c00000, 0x0000000693c00000| Untracked 
|  43|0x0000000694000000, 0x0000000694000000, 0x0000000694400000|  0%| F|  |TAMS 0x0000000694000000, 0x0000000694000000| Untracked 
|  44|0x0000000694400000, 0x0000000694400000, 0x0000000694800000|  0%| F|  |TAMS 0x0000000694400000, 0x0000000694400000| Untracked 
|  45|0x0000000694800000, 0x0000000694800000, 0x0000000694c00000|  0%| F|  |TAMS 0x0000000694800000, 0x0000000694800000| Untracked 
|  46|0x0000000694c00000, 0x0000000694c00000, 0x0000000695000000|  0%| F|  |TAMS 0x0000000694c00000, 0x0000000694c00000| Untracked 
|  47|0x0000000695000000, 0x0000000695000000, 0x0000000695400000|  0%| F|  |TAMS 0x0000000695000000, 0x0000000695000000| Untracked 
|  48|0x0000000695400000, 0x0000000695400000, 0x0000000695800000|  0%| F|  |TAMS 0x0000000695400000, 0x0000000695400000| Untracked 
|  49|0x0000000695800000, 0x0000000695800000, 0x0000000695c00000|  0%| F|  |TAMS 0x0000000695800000, 0x0000000695800000| Untracked 
|  50|0x0000000695c00000, 0x0000000695de0ee8, 0x0000000696000000| 46%| E|  |TAMS 0x0000000695c00000, 0x0000000695c00000| Complete 
|  51|0x0000000696000000, 0x0000000696400000, 0x0000000696400000|100%| E|CS|TAMS 0x0000000696000000, 0x0000000696000000| Complete 
|  88|0x000000069f400000, 0x000000069f800000, 0x000000069f800000|100%| E|CS|TAMS 0x000000069f400000, 0x000000069f400000| Complete 
|  93|0x00000006a0800000, 0x00000006a0c00000, 0x00000006a0c00000|100%| E|CS|TAMS 0x00000006a0800000, 0x00000006a0800000| Complete 

Card table byte_map: [0x0000023bf81f0000,0x0000023bf8db0000] _byte_map_base: 0x0000023bf4da6000

Marking Bits (Prev, Next): (CMBitMap*) 0x0000023be476d6d0, (CMBitMap*) 0x0000023be476d690
 Prev Bits: [0x0000023b80000000, 0x0000023b85db0000)
 Next Bits: [0x0000023bf9970000, 0x0000023bff720000)

Polling page: 0x0000023be26a0000

Metaspace:

Usage:
  Non-class:     25.30 MB used.
      Class:      2.69 MB used.
       Both:     27.99 MB used.

Virtual space:
  Non-class space:       32.00 MB reserved,      25.44 MB ( 79%) committed,  4 nodes.
      Class space:        1.00 GB reserved,       2.81 MB ( <1%) committed,  1 nodes.
             Both:        1.03 GB reserved,      28.25 MB (  3%) committed. 

Chunk freelists:
   Non-Class:  1.78 MB
       Class:  1.11 MB
        Both:  2.89 MB

MaxMetaspaceSize: unlimited
CompressedClassSpaceSize: 1.00 GB
Initial GC threshold: 21.00 MB
Current GC threshold: 35.25 MB
CDS: off
MetaspaceReclaimPolicy: balanced
 - commit_granule_bytes: 65536.
 - commit_granule_words: 8192.
 - virtual_space_node_default_size: 1048576.
 - enlarge_chunks_in_place: 1.
 - new_chunks_are_fully_committed: 0.
 - uncommit_free_chunks: 1.
 - use_allocation_guard: 0.
 - handle_deallocations: 1.


Internal statistics:

num_allocs_failed_limit: 3.
num_arena_births: 110.
num_arena_deaths: 0.
num_vsnodes_births: 5.
num_vsnodes_deaths: 0.
num_space_committed: 452.
num_space_uncommitted: 0.
num_chunks_returned_to_freelist: 3.
num_chunks_taken_from_freelist: 604.
num_chunk_merges: 0.
num_chunk_splits: 404.
num_chunks_enlarged: 320.
num_purges: 0.
num_inconsistent_stats: 0.

CodeHeap 'non-profiled nmethods': size=119168Kb used=2635Kb max_used=2635Kb free=116532Kb
 bounds [0x0000023bef950000, 0x0000023befbf0000, 0x0000023bf6db0000]
CodeHeap 'profiled nmethods': size=119104Kb used=8545Kb max_used=8545Kb free=110558Kb
 bounds [0x0000023be8500000, 0x0000023be8d60000, 0x0000023bef950000]
CodeHeap 'non-nmethods': size=7488Kb used=2576Kb max_used=3191Kb free=4911Kb
 bounds [0x0000023be7db0000, 0x0000023be80e0000, 0x0000023be8500000]
 total_blobs=4674 nmethods=3858 adapters=726
 compilation: enabled
              stopped_count=0, restarted_count=0
 full_count=0

Compilation events (20 events):
Event: 8.552 Thread 0x0000023c5bbdf680 3863       4       java.util.concurrent.ConcurrentHashMap::remove (8 bytes)
Event: 8.553 Thread 0x0000023c5bbdec60 nmethod 3861 0x0000023befbd2c10 code [0x0000023befbd2da0, 0x0000023befbd2e88]
Event: 8.553 Thread 0x0000023c5bbdec60 3864       4       org.nd4j.linalg.api.memory.BasicMemoryManager::isPeriodicGcActive (8 bytes)
Event: 8.553 Thread 0x0000023c5bbe0ac0 nmethod 3860 0x0000023be8d4ef90 code [0x0000023be8d4f980, 0x0000023be8d55888]
Event: 8.553 Thread 0x0000023c5bbdf680 nmethod 3863 0x0000023befbd2f90 code [0x0000023befbd3120, 0x0000023befbd31c8]
Event: 8.554 Thread 0x0000023c5bbdec60 nmethod 3864 0x0000023befbd3290 code [0x0000023befbd3400, 0x0000023befbd3498]
Event: 8.555 Thread 0x0000023c5bbdafa0 nmethod 3859 0x0000023befbd3590 code [0x0000023befbd3760, 0x0000023befbd3c70]
Event: 8.556 Thread 0x0000023c5bbdf680 3865       4       org.nd4j.linalg.api.ndarray.BaseNDArray::isScalar (112 bytes)
Event: 8.558 Thread 0x0000023c5bbdf680 nmethod 3865 0x0000023befbd4210 code [0x0000023befbd43a0, 0x0000023befbd45f8]
Event: 8.565 Thread 0x0000023b8906e010 nmethod 3862 0x0000023befbd4910 code [0x0000023befbd4ae0, 0x0000023befbd5b28]
Event: 8.784 Thread 0x0000023c5bbdafa0 3866       4       java.util.concurrent.ConcurrentHashMap::sumCount (60 bytes)
Event: 8.785 Thread 0x0000023c5bbdafa0 nmethod 3866 0x0000023befbd6410 code [0x0000023befbd6580, 0x0000023befbd66b8]
Event: 8.792 Thread 0x0000023b8906e010 3867   !   4       org.nd4j.linalg.jcublas.ops.executioner.CudaExecutioner::exec (618 bytes)
Event: 8.810 Thread 0x0000023c5bbdafa0 3868       4       pt.fcul.masters.table.Table::columnIndexOf (11 bytes)
Event: 8.812 Thread 0x0000023c5bbdafa0 nmethod 3868 0x0000023befbd6790 code [0x0000023befbd6920, 0x0000023befbd6c38]
Event: 8.938 Thread 0x0000023b8906e010 nmethod 3867 0x0000023befbd6e10 code [0x0000023befbd7380, 0x0000023befbdb388]
Event: 8.953 Thread 0x0000023b8906e010 3869       4       io.jenetics.prog.regression.LossFunction::mse (105 bytes)
Event: 8.954 Thread 0x0000023b8906e010 nmethod 3869 0x0000023befbdf590 code [0x0000023befbdf720, 0x0000023befbdf898]
Event: 8.954 Thread 0x0000023b8906e010 3870       4       pt.fcul.masters.vgp.problems.RegressionINDArrayGpProblem::calculateError (68 bytes)
Event: 8.973 Thread 0x0000023b8906e010 nmethod 3870 0x0000023befbdfa90 code [0x0000023befbdfe40, 0x0000023befbe13d0]

GC Heap History (20 events):
Event: 1.031 GC heap before
{Heap before GC invocations=2 (full 0):
 garbage-first heap   total 385024K, used 20769K [0x0000000689400000, 0x0000000800000000)
  region size 4096K, 5 young (20480K), 1 survivors (4096K)
 Metaspace       used 21305K, committed 21504K, reserved 1073152K
  class space    used 2071K, committed 2176K, reserved 1048576K
}
Event: 1.033 GC heap after
{Heap after GC invocations=3 (full 0):
 garbage-first heap   total 385024K, used 8622K [0x0000000689400000, 0x0000000800000000)
  region size 4096K, 1 young (4096K), 1 survivors (4096K)
 Metaspace       used 21305K, committed 21504K, reserved 1073152K
  class space    used 2071K, committed 2176K, reserved 1048576K
}
Event: 1.375 GC heap before
{Heap before GC invocations=4 (full 0):
 garbage-first heap   total 57344K, used 33198K [0x0000000689400000, 0x0000000800000000)
  region size 4096K, 8 young (32768K), 1 survivors (4096K)
 Metaspace       used 22356K, committed 22528K, reserved 1073152K
  class space    used 2134K, committed 2240K, reserved 1048576K
}
Event: 1.377 GC heap after
{Heap after GC invocations=5 (full 0):
 garbage-first heap   total 57344K, used 9006K [0x0000000689400000, 0x0000000800000000)
  region size 4096K, 1 young (4096K), 1 survivors (4096K)
 Metaspace       used 22356K, committed 22528K, reserved 1073152K
  class space    used 2134K, committed 2240K, reserved 1048576K
}
Event: 1.417 GC heap before
{Heap before GC invocations=5 (full 0):
 garbage-first heap   total 57344K, used 13102K [0x0000000689400000, 0x0000000800000000)
  region size 4096K, 2 young (8192K), 1 survivors (4096K)
 Metaspace       used 22357K, committed 22528K, reserved 1073152K
  class space    used 2134K, committed 2240K, reserved 1048576K
}
Event: 1.420 GC heap after
{Heap after GC invocations=6 (full 0):
 garbage-first heap   total 57344K, used 8784K [0x0000000689400000, 0x0000000800000000)
  region size 4096K, 1 young (4096K), 1 survivors (4096K)
 Metaspace       used 22357K, committed 22528K, reserved 1073152K
  class space    used 2134K, committed 2240K, reserved 1048576K
}
Event: 1.948 GC heap before
{Heap before GC invocations=6 (full 0):
 garbage-first heap   total 57344K, used 33360K [0x0000000689400000, 0x0000000800000000)
  region size 4096K, 7 young (28672K), 1 survivors (4096K)
 Metaspace       used 23631K, committed 23808K, reserved 1073152K
  class space    used 2274K, committed 2368K, reserved 1048576K
}
Event: 1.950 GC heap after
{Heap after GC invocations=7 (full 0):
 garbage-first heap   total 57344K, used 9242K [0x0000000689400000, 0x0000000800000000)
  region size 4096K, 1 young (4096K), 1 survivors (4096K)
 Metaspace       used 23631K, committed 23808K, reserved 1073152K
  class space    used 2274K, committed 2368K, reserved 1048576K
}
Event: 2.276 GC heap before
{Heap before GC invocations=7 (full 0):
 garbage-first heap   total 57344K, used 33818K [0x0000000689400000, 0x0000000800000000)
  region size 4096K, 7 young (28672K), 1 survivors (4096K)
 Metaspace       used 24388K, committed 24640K, reserved 1073152K
  class space    used 2332K, committed 2432K, reserved 1048576K
}
Event: 2.280 GC heap after
{Heap after GC invocations=8 (full 0):
 garbage-first heap   total 57344K, used 9256K [0x0000000689400000, 0x0000000800000000)
  region size 4096K, 1 young (4096K), 1 survivors (4096K)
 Metaspace       used 24388K, committed 24640K, reserved 1073152K
  class space    used 2332K, committed 2432K, reserved 1048576K
}
Event: 2.906 GC heap before
{Heap before GC invocations=8 (full 0):
 garbage-first heap   total 57344K, used 37928K [0x0000000689400000, 0x0000000800000000)
  region size 4096K, 8 young (32768K), 1 survivors (4096K)
 Metaspace       used 24393K, committed 24640K, reserved 1073152K
  class space    used 2332K, committed 2432K, reserved 1048576K
}
Event: 2.909 GC heap after
{Heap after GC invocations=9 (full 0):
 garbage-first heap   total 57344K, used 9095K [0x0000000689400000, 0x0000000800000000)
  region size 4096K, 1 young (4096K), 1 survivors (4096K)
 Metaspace       used 24393K, committed 24640K, reserved 1073152K
  class space    used 2332K, committed 2432K, reserved 1048576K
}
Event: 7.806 GC heap before
{Heap before GC invocations=9 (full 0):
 garbage-first heap   total 57344K, used 37767K [0x0000000689400000, 0x0000000800000000)
  region size 4096K, 8 young (32768K), 1 survivors (4096K)
 Metaspace       used 28249K, committed 28480K, reserved 1081344K
  class space    used 2723K, committed 2816K, reserved 1048576K
}
Event: 7.812 GC heap after
{Heap after GC invocations=10 (full 0):
 garbage-first heap   total 57344K, used 13194K [0x0000000689400000, 0x0000000800000000)
  region size 4096K, 1 young (4096K), 1 survivors (4096K)
 Metaspace       used 28249K, committed 28480K, reserved 1081344K
  class space    used 2723K, committed 2816K, reserved 1048576K
}
Event: 8.204 GC heap before
{Heap before GC invocations=10 (full 0):
 garbage-first heap   total 57344K, used 37770K [0x0000000689400000, 0x0000000800000000)
  region size 4096K, 7 young (28672K), 1 survivors (4096K)
 Metaspace       used 28661K, committed 28928K, reserved 1081344K
  class space    used 2753K, committed 2880K, reserved 1048576K
}
Event: 8.210 GC heap after
{Heap after GC invocations=11 (full 0):
 garbage-first heap   total 57344K, used 14510K [0x0000000689400000, 0x0000000800000000)
  region size 4096K, 1 young (4096K), 1 survivors (4096K)
 Metaspace       used 28661K, committed 28928K, reserved 1081344K
  class space    used 2753K, committed 2880K, reserved 1048576K
}
Event: 8.547 GC heap before
{Heap before GC invocations=11 (full 0):
 garbage-first heap   total 57344K, used 34990K [0x0000000689400000, 0x0000000800000000)
  region size 4096K, 6 young (24576K), 1 survivors (4096K)
 Metaspace       used 28662K, committed 28928K, reserved 1081344K
  class space    used 2753K, committed 2880K, reserved 1048576K
}
Event: 8.551 GC heap after
{Heap after GC invocations=12 (full 0):
 garbage-first heap   total 57344K, used 14576K [0x0000000689400000, 0x0000000800000000)
  region size 4096K, 1 young (4096K), 1 survivors (4096K)
 Metaspace       used 28662K, committed 28928K, reserved 1081344K
  class space    used 2753K, committed 2880K, reserved 1048576K
}
Event: 8.865 GC heap before
{Heap before GC invocations=12 (full 0):
 garbage-first heap   total 57344K, used 35056K [0x0000000689400000, 0x0000000800000000)
  region size 4096K, 6 young (24576K), 1 survivors (4096K)
 Metaspace       used 28662K, committed 28928K, reserved 1081344K
  class space    used 2753K, committed 2880K, reserved 1048576K
}
Event: 8.869 GC heap after
{Heap after GC invocations=13 (full 0):
 garbage-first heap   total 221184K, used 14837K [0x0000000689400000, 0x0000000800000000)
  region size 4096K, 1 young (4096K), 1 survivors (4096K)
 Metaspace       used 28662K, committed 28928K, reserved 1081344K
  class space    used 2753K, committed 2880K, reserved 1048576K
}

Deoptimization events (20 events):
Event: 8.278 Thread 0x0000023c5c2f07e0 DEOPT PACKING pc=0x0000023befb94170 sp=0x000000fbb84fea80
Event: 8.279 Thread 0x0000023c5c2f07e0 DEOPT UNPACKING pc=0x0000023be7e023a3 sp=0x000000fbb84fea28 mode 2
Event: 8.279 Thread 0x0000023b891fdc10 DEOPT PACKING pc=0x0000023befb94170 sp=0x000000fbb7dfe320
Event: 8.279 Thread 0x0000023b891fdc10 DEOPT UNPACKING pc=0x0000023be7e023a3 sp=0x000000fbb7dfe2c8 mode 2
Event: 8.287 Thread 0x0000023b891fd270 Uncommon trap: trap_request=0xffffffbe fr.pc=0x0000023befb98c60 relative=0x00000000000010c0
Event: 8.287 Thread 0x0000023c5c2f4b40 Uncommon trap: trap_request=0xffffffbe fr.pc=0x0000023befb98c60 relative=0x00000000000010c0
Event: 8.287 Thread 0x0000023b891fd270 Uncommon trap: reason=profile_predicate action=maybe_recompile pc=0x0000023befb98c60 method=org.nd4j.linalg.api.ops.executioner.DefaultOpExecutioner.checkForWorkspaces(Lorg/nd4j/linalg/api/ops/CustomOp;Lorg/nd4j/linalg/api/ops/OpContext;)V @ 56 c2
Event: 8.287 Thread 0x0000023c5c2f4b40 Uncommon trap: reason=profile_predicate action=maybe_recompile pc=0x0000023befb98c60 method=org.nd4j.linalg.api.ops.executioner.DefaultOpExecutioner.checkForWorkspaces(Lorg/nd4j/linalg/api/ops/CustomOp;Lorg/nd4j/linalg/api/ops/OpContext;)V @ 56 c2
Event: 8.287 Thread 0x0000023c5c2f4b40 DEOPT PACKING pc=0x0000023befb98c60 sp=0x000000fbb85fe930
Event: 8.287 Thread 0x0000023b891fd270 DEOPT PACKING pc=0x0000023befb98c60 sp=0x000000fbb77fe040
Event: 8.287 Thread 0x0000023c5c2f4b40 DEOPT UNPACKING pc=0x0000023be7e023a3 sp=0x000000fbb85fe868 mode 2
Event: 8.287 Thread 0x0000023b891fd270 DEOPT UNPACKING pc=0x0000023be7e023a3 sp=0x000000fbb77fdf78 mode 2
Event: 8.540 Thread 0x0000023b891fdc10 Uncommon trap: trap_request=0xffffffbe fr.pc=0x0000023befbc726c relative=0x0000000000005d0c
Event: 8.540 Thread 0x0000023b891fdc10 Uncommon trap: reason=profile_predicate action=maybe_recompile pc=0x0000023befbc726c method=org.nd4j.linalg.api.ops.executioner.DefaultOpExecutioner.checkForWorkspaces(Lorg/nd4j/linalg/api/ops/CustomOp;Lorg/nd4j/linalg/api/ops/OpContext;)V @ 56 c2
Event: 8.540 Thread 0x0000023b891fdc10 DEOPT PACKING pc=0x0000023befbc726c sp=0x000000fbb7dfe590
Event: 8.540 Thread 0x0000023b891fdc10 DEOPT UNPACKING pc=0x0000023be7e023a3 sp=0x000000fbb7dfe3e8 mode 2
Event: 8.593 Thread 0x0000023c5c2f0cb0 Uncommon trap: trap_request=0xffffffde fr.pc=0x0000023befb6a1c8 relative=0x0000000000000a28
Event: 8.593 Thread 0x0000023c5c2f0cb0 Uncommon trap: reason=class_check action=maybe_recompile pc=0x0000023befb6a1c8 method=org.nd4j.linalg.jcublas.buffer.BaseCudaDataBuffer.actualizePointerAndIndexer()V @ 544 c2
Event: 8.593 Thread 0x0000023c5c2f0cb0 DEOPT PACKING pc=0x0000023befb6a1c8 sp=0x000000fbb88fecf0
Event: 8.593 Thread 0x0000023c5c2f0cb0 DEOPT UNPACKING pc=0x0000023be7e023a3 sp=0x000000fbb88fecb0 mode 2

Classes unloaded (0 events):
No events

Classes redefined (0 events):
No events

Internal exceptions (20 events):
Event: 0.740 Thread 0x0000023be470a3b0 Exception <a 'java/lang/NoSuchMethodError'{0x00000006a06415b8}: 'java.lang.Object java.lang.invoke.DirectMethodHandle$Holder.invokeSpecialIFC(java.lang.Object, java.lang.Object, java.lang.Object, java.lang.Object, java.lang.Object, java.lang.Object)'> (0x00000006a06415b8) 
thrown [e:\jenkins\tmp\workspace\build\src\src\hotspot\share\interpreter\linkResolver.cpp, line 766]
Event: 0.761 Thread 0x0000023be470a3b0 Exception <a 'java/lang/NoSuchMethodError'{0x00000006a06fced8}: 'java.lang.Object java.lang.invoke.DirectMethodHandle$Holder.invokeStaticInit(java.lang.Object, int)'> (0x00000006a06fced8) 
thrown [e:\jenkins\tmp\workspace\build\src\src\hotspot\share\interpreter\linkResolver.cpp, line 766]
Event: 0.763 Thread 0x0000023be470a3b0 Exception <a 'java/lang/NoSuchMethodError'{0x00000006a07094f8}: 'void java.lang.invoke.DirectMethodHandle$Holder.invokeInterface(java.lang.Object, java.lang.Object)'> (0x00000006a07094f8) 
thrown [e:\jenkins\tmp\workspace\build\src\src\hotspot\share\interpreter\linkResolver.cpp, line 766]
Event: 0.829 Thread 0x0000023be470a3b0 Implicit null exception at 0x0000023bef9af77e to 0x0000023bef9b06f8
Event: 0.829 Thread 0x0000023be470a3b0 Implicit null exception at 0x0000023bef98a88f to 0x0000023bef98a909
Event: 0.963 Thread 0x0000023be470a3b0 Exception <a 'java/lang/NoSuchMethodError'{0x00000006a008f540}: 'java.lang.Object java.lang.invoke.DirectMethodHandle$Holder.invokeStaticInit(java.lang.Object, java.lang.Object, java.lang.Object, java.lang.Object)'> (0x00000006a008f540) 
thrown [e:\jenkins\tmp\workspace\build\src\src\hotspot\share\interpreter\linkResolver.cpp, line 766]
Event: 1.658 Thread 0x0000023be470a3b0 Exception <a 'sun/nio/fs/WindowsException'{0x000000068b5a6938}> (0x000000068b5a6938) 
thrown [e:\jenkins\tmp\workspace\build\src\src\hotspot\share\prims\jni.cpp, line 516]
Event: 1.659 Thread 0x0000023be470a3b0 Exception <a 'sun/nio/fs/WindowsException'{0x000000068b5a6968}> (0x000000068b5a6968) 
thrown [e:\jenkins\tmp\workspace\build\src\src\hotspot\share\prims\jni.cpp, line 516]
Event: 7.631 Thread 0x0000023be470a3b0 Exception <a 'java/lang/NoSuchMethodError'{0x000000068b55b838}: 'java.lang.Object java.lang.invoke.DirectMethodHandle$Holder.invokeVirtual(java.lang.Object, java.lang.Object, java.lang.Object, java.lang.Object)'> (0x000000068b55b838) 
thrown [e:\jenkins\tmp\workspace\build\src\src\hotspot\share\interpreter\linkResolver.cpp, line 766]
Event: 7.642 Thread 0x0000023be470a3b0 Exception <a 'java/lang/NoSuchMethodError'{0x000000068b5dba80}: 'double java.lang.invoke.DirectMethodHandle$Holder.invokeSpecial(java.lang.Object, java.lang.Object)'> (0x000000068b5dba80) 
thrown [e:\jenkins\tmp\workspace\build\src\src\hotspot\share\interpreter\linkResolver.cpp, line 766]
Event: 7.643 Thread 0x0000023be470a3b0 Exception <a 'java/lang/NoSuchMethodError'{0x000000068b5e4228}: 'void java.lang.invoke.DirectMethodHandle$Holder.invokeStatic(java.lang.Object, java.lang.Object, double)'> (0x000000068b5e4228) 
thrown [e:\jenkins\tmp\workspace\build\src\src\hotspot\share\interpreter\linkResolver.cpp, line 766]
Event: 7.742 Thread 0x0000023be470a3b0 Exception <a 'java/lang/NoSuchMethodError'{0x000000068b068d00}: 'int java.lang.invoke.DirectMethodHandle$Holder.invokeInterface(java.lang.Object, java.lang.Object)'> (0x000000068b068d00) 
thrown [e:\jenkins\tmp\workspace\build\src\src\hotspot\share\interpreter\linkResolver.cpp, line 766]
Event: 7.742 Thread 0x0000023be470a3b0 Exception <a 'java/lang/IncompatibleClassChangeError'{0x000000068b06bfe8}: Found class java.lang.Object, but interface was expected> (0x000000068b06bfe8) 
thrown [e:\jenkins\tmp\workspace\build\src\src\hotspot\share\interpreter\linkResolver.cpp, line 833]
Event: 7.755 Thread 0x0000023be470a3b0 Exception <a 'java/lang/NoSuchMethodError'{0x000000068b0e5788}: 'java.lang.Object java.lang.invoke.DirectMethodHandle$Holder.invokeSpecialIFC(java.lang.Object, java.lang.Object, java.lang.Object, java.lang.Object)'> (0x000000068b0e5788) 
thrown [e:\jenkins\tmp\workspace\build\src\src\hotspot\share\interpreter\linkResolver.cpp, line 766]
Event: 7.761 Thread 0x0000023be470a3b0 Exception <a 'java/lang/NoSuchMethodError'{0x000000068b129570}: 'int java.lang.invoke.DirectMethodHandle$Holder.invokeSpecial(java.lang.Object, java.lang.Object, java.lang.Object)'> (0x000000068b129570) 
thrown [e:\jenkins\tmp\workspace\build\src\src\hotspot\share\interpreter\linkResolver.cpp, line 766]
Event: 7.774 Thread 0x0000023be470a3b0 Exception <a 'java/lang/NoSuchMethodError'{0x000000068b1ca1c8}: 'java.lang.Object java.lang.invoke.DirectMethodHandle$Holder.invokeStatic(java.lang.Object, long, java.lang.Object)'> (0x000000068b1ca1c8) 
thrown [e:\jenkins\tmp\workspace\build\src\src\hotspot\share\interpreter\linkResolver.cpp, line 766]
Event: 7.775 Thread 0x0000023be470a3b0 Exception <a 'java/lang/NoSuchMethodError'{0x000000068b1d04f0}: 'java.lang.Object java.lang.invoke.DirectMethodHandle$Holder.newInvokeSpecial(java.lang.Object, long)'> (0x000000068b1d04f0) 
thrown [e:\jenkins\tmp\workspace\build\src\src\hotspot\share\interpreter\linkResolver.cpp, line 766]
Event: 7.778 Thread 0x0000023be470a3b0 Exception <a 'java/lang/IncompatibleClassChangeError'{0x000000068b1e7670}: Found class java.lang.Object, but interface was expected> (0x000000068b1e7670) 
thrown [e:\jenkins\tmp\workspace\build\src\src\hotspot\share\interpreter\linkResolver.cpp, line 833]
Event: 7.794 Thread 0x0000023be470a3b0 Exception <a 'java/lang/NoSuchMethodError'{0x000000068b2abdc0}: 'long java.lang.invoke.DirectMethodHandle$Holder.invokeStatic(java.lang.Object)'> (0x000000068b2abdc0) 
thrown [e:\jenkins\tmp\workspace\build\src\src\hotspot\share\interpreter\linkResolver.cpp, line 766]
Event: 8.990 Thread 0x0000023c5c2f4b40 Implicit null exception at 0x0000023befbe024c to 0x0000000000000000

VM Operations (20 events):
Event: 7.752 Executing VM operation: HandshakeAllThreads
Event: 7.752 Executing VM operation: HandshakeAllThreads done
Event: 7.770 Executing VM operation: HandshakeAllThreads
Event: 7.770 Executing VM operation: HandshakeAllThreads done
Event: 7.777 Executing VM operation: HandshakeAllThreads
Event: 7.777 Executing VM operation: HandshakeAllThreads done
Event: 7.806 Executing VM operation: G1CollectForAllocation
Event: 7.812 Executing VM operation: G1CollectForAllocation done
Event: 7.822 Executing VM operation: HandshakeAllThreads
Event: 7.822 Executing VM operation: HandshakeAllThreads done
Event: 7.847 Executing VM operation: HandshakeAllThreads
Event: 7.847 Executing VM operation: HandshakeAllThreads done
Event: 7.847 Executing VM operation: HandshakeAllThreads
Event: 7.847 Executing VM operation: HandshakeAllThreads done
Event: 8.204 Executing VM operation: G1CollectForAllocation
Event: 8.210 Executing VM operation: G1CollectForAllocation done
Event: 8.547 Executing VM operation: G1CollectForAllocation
Event: 8.551 Executing VM operation: G1CollectForAllocation done
Event: 8.864 Executing VM operation: G1CollectForAllocation
Event: 8.869 Executing VM operation: G1CollectForAllocation done

Events (20 events):
Event: 7.806 Thread 0x0000023c5c2f24c0 Thread added: 0x0000023c5c2f24c0
Event: 7.813 Thread 0x0000023c5c2f41a0 Thread added: 0x0000023c5c2f41a0
Event: 7.813 Thread 0x0000023c5c2f1650 Thread added: 0x0000023c5c2f1650
Event: 7.813 Thread 0x0000023c5c2f3800 Thread added: 0x0000023c5c2f3800
Event: 7.813 Thread 0x0000023c5c2f2990 Thread added: 0x0000023c5c2f2990
Event: 7.813 Thread 0x0000023c5c2f07e0 Thread added: 0x0000023c5c2f07e0
Event: 7.813 Thread 0x0000023c5c2f4b40 Thread added: 0x0000023c5c2f4b40
Event: 7.813 Thread 0x0000023c5c2f6350 Thread added: 0x0000023c5c2f6350
Event: 7.813 Thread 0x0000023c5c2efe40 Thread added: 0x0000023c5c2efe40
Event: 7.813 Thread 0x0000023c5c2f0cb0 Thread added: 0x0000023c5c2f0cb0
Event: 7.814 Thread 0x0000023c5c2f4670 Thread added: 0x0000023c5c2f4670
Event: 7.818 loading class java/util/UUID
Event: 7.818 loading class java/util/UUID done
Event: 7.818 loading class java/util/UUID$Holder
Event: 7.818 loading class java/util/UUID$Holder done
Event: 8.248 Thread 0x0000023c5bbdf680 Thread added: 0x0000023c5bbdf680
Event: 8.784 Thread 0x0000023c5bbdf680 Thread exited: 0x0000023c5bbdf680
Event: 8.792 Thread 0x0000023c5bbdec60 Thread exited: 0x0000023c5bbdec60
Event: 8.792 Thread 0x0000023c5bbde750 Thread exited: 0x0000023c5bbde750
Event: 8.953 Thread 0x0000023c5bbdafa0 Thread exited: 0x0000023c5bbdafa0


Dynamic libraries:
0x00007ff6837b0000 - 0x00007ff6837be000 	C:\Users\Owner\.p2\pool\plugins\org.eclipse.justj.openjdk.hotspot.jre.full.win32.x86_64_17.0.1.v20211116-1657\jre\bin\javaw.exe
0x00007fffb68b0000 - 0x00007fffb6aa5000 	C:\WINDOWS\SYSTEM32\ntdll.dll
0x00007fffb58c0000 - 0x00007fffb597e000 	C:\WINDOWS\System32\KERNEL32.DLL
0x00007fffb44d0000 - 0x00007fffb4798000 	C:\WINDOWS\System32\KERNELBASE.dll
0x00007fffb4030000 - 0x00007fffb4130000 	C:\WINDOWS\System32\ucrtbase.dll
0x00007fffaab60000 - 0x00007fffaab79000 	C:\Users\Owner\.p2\pool\plugins\org.eclipse.justj.openjdk.hotspot.jre.full.win32.x86_64_17.0.1.v20211116-1657\jre\bin\VCRUNTIME140.dll
0x00007fffaf4e0000 - 0x00007fffaf4f8000 	C:\Users\Owner\.p2\pool\plugins\org.eclipse.justj.openjdk.hotspot.jre.full.win32.x86_64_17.0.1.v20211116-1657\jre\bin\jli.dll
0x00007fffb60d0000 - 0x00007fffb6270000 	C:\WINDOWS\System32\USER32.dll
0x00007fff9ccc0000 - 0x00007fff9cf5a000 	C:\WINDOWS\WinSxS\amd64_microsoft.windows.common-controls_6595b64144ccf1df_6.0.19041.1110_none_60b5254171f9507e\COMCTL32.dll
0x00007fffb48d0000 - 0x00007fffb48f2000 	C:\WINDOWS\System32\win32u.dll
0x00007fffb5c30000 - 0x00007fffb5cce000 	C:\WINDOWS\System32\msvcrt.dll
0x00007fffb5980000 - 0x00007fffb59ab000 	C:\WINDOWS\System32\GDI32.dll
0x00007fffb4320000 - 0x00007fffb442d000 	C:\WINDOWS\System32\gdi32full.dll
0x00007fffb4430000 - 0x00007fffb44cd000 	C:\WINDOWS\System32\msvcp_win.dll
0x00007fffb4ca0000 - 0x00007fffb4cd0000 	C:\WINDOWS\System32\IMM32.DLL
0x00007fffaf5a0000 - 0x00007fffaf5ac000 	C:\Users\Owner\.p2\pool\plugins\org.eclipse.justj.openjdk.hotspot.jre.full.win32.x86_64_17.0.1.v20211116-1657\jre\bin\vcruntime140_1.dll
0x00007fff93290000 - 0x00007fff93321000 	C:\Users\Owner\.p2\pool\plugins\org.eclipse.justj.openjdk.hotspot.jre.full.win32.x86_64_17.0.1.v20211116-1657\jre\bin\msvcp140.dll
0x00007fff50b70000 - 0x00007fff517b6000 	C:\Users\Owner\.p2\pool\plugins\org.eclipse.justj.openjdk.hotspot.jre.full.win32.x86_64_17.0.1.v20211116-1657\jre\bin\server\jvm.dll
0x00007fffb65d0000 - 0x00007fffb667e000 	C:\WINDOWS\System32\ADVAPI32.dll
0x00007fffb6700000 - 0x00007fffb679c000 	C:\WINDOWS\System32\sechost.dll
0x00007fffb5e00000 - 0x00007fffb5f25000 	C:\WINDOWS\System32\RPCRT4.dll
0x00007fffb67b0000 - 0x00007fffb67b8000 	C:\WINDOWS\System32\PSAPI.DLL
0x00007fffb1df0000 - 0x00007fffb1e17000 	C:\WINDOWS\SYSTEM32\WINMM.dll
0x00007fffa0560000 - 0x00007fffa0569000 	C:\WINDOWS\SYSTEM32\WSOCK32.dll
0x00007fffad850000 - 0x00007fffad85a000 	C:\WINDOWS\SYSTEM32\VERSION.dll
0x00007fffb5a10000 - 0x00007fffb5a7b000 	C:\WINDOWS\System32\WS2_32.dll
0x00007fffb2800000 - 0x00007fffb2812000 	C:\WINDOWS\SYSTEM32\kernel.appcore.dll
0x00007fffaf510000 - 0x00007fffaf51a000 	C:\Users\Owner\.p2\pool\plugins\org.eclipse.justj.openjdk.hotspot.jre.full.win32.x86_64_17.0.1.v20211116-1657\jre\bin\jimage.dll
0x00007fffb1c00000 - 0x00007fffb1de4000 	C:\WINDOWS\SYSTEM32\DBGHELP.DLL
0x00007fffb1bd0000 - 0x00007fffb1bfc000 	C:\WINDOWS\SYSTEM32\dbgcore.DLL
0x00007fffb4130000 - 0x00007fffb41b2000 	C:\WINDOWS\System32\bcryptPrimitives.dll
0x00007fffaf4b0000 - 0x00007fffaf4d5000 	C:\Users\Owner\.p2\pool\plugins\org.eclipse.justj.openjdk.hotspot.jre.full.win32.x86_64_17.0.1.v20211116-1657\jre\bin\java.dll
0x00007fffaab40000 - 0x00007fffaab58000 	C:\Users\Owner\.p2\pool\plugins\org.eclipse.justj.openjdk.hotspot.jre.full.win32.x86_64_17.0.1.v20211116-1657\jre\bin\zip.dll
0x00007fffb4cf0000 - 0x00007fffb5434000 	C:\WINDOWS\System32\SHELL32.dll
0x00007fffb2050000 - 0x00007fffb27e4000 	C:\WINDOWS\SYSTEM32\windows.storage.dll
0x00007fffb6270000 - 0x00007fffb65c5000 	C:\WINDOWS\System32\combase.dll
0x00007fffb39a0000 - 0x00007fffb39ce000 	C:\WINDOWS\SYSTEM32\Wldp.dll
0x00007fffb67c0000 - 0x00007fffb686d000 	C:\WINDOWS\System32\SHCORE.dll
0x00007fffb59b0000 - 0x00007fffb5a05000 	C:\WINDOWS\System32\shlwapi.dll
0x00007fffb3f00000 - 0x00007fffb3f1f000 	C:\WINDOWS\SYSTEM32\profapi.dll
0x00007fffaab20000 - 0x00007fffaab39000 	C:\Users\Owner\.p2\pool\plugins\org.eclipse.justj.openjdk.hotspot.jre.full.win32.x86_64_17.0.1.v20211116-1657\jre\bin\net.dll
0x00007fffa9bc0000 - 0x00007fffa9ccc000 	C:\WINDOWS\SYSTEM32\WINHTTP.dll
0x00007fffb36b0000 - 0x00007fffb371a000 	C:\WINDOWS\system32\mswsock.dll
0x00007fffaaa70000 - 0x00007fffaaa85000 	C:\Users\Owner\.p2\pool\plugins\org.eclipse.justj.openjdk.hotspot.jre.full.win32.x86_64_17.0.1.v20211116-1657\jre\bin\nio.dll
0x00007fffae060000 - 0x00007fffae06e000 	C:\Users\Owner\.p2\pool\plugins\org.eclipse.justj.openjdk.hotspot.jre.full.win32.x86_64_17.0.1.v20211116-1657\jre\bin\sunmscapi.dll
0x00007fffb41c0000 - 0x00007fffb4316000 	C:\WINDOWS\System32\CRYPT32.dll
0x00007fffb3a10000 - 0x00007fffb3a37000 	C:\WINDOWS\SYSTEM32\ncrypt.dll
0x00007fffb39d0000 - 0x00007fffb3a0b000 	C:\WINDOWS\SYSTEM32\NTASN1.dll
0x00007fffb3860000 - 0x00007fffb3878000 	C:\WINDOWS\SYSTEM32\CRYPTSP.dll
0x00007fffb2fe0000 - 0x00007fffb3014000 	C:\WINDOWS\system32\rsaenh.dll
0x00007fffb47a0000 - 0x00007fffb47c7000 	C:\WINDOWS\System32\bcrypt.dll
0x00007fffb3e80000 - 0x00007fffb3eae000 	C:\WINDOWS\SYSTEM32\USERENV.dll
0x00007fffb3880000 - 0x00007fffb388c000 	C:\WINDOWS\SYSTEM32\CRYPTBASE.dll
0x00007fffb3350000 - 0x00007fffb338b000 	C:\WINDOWS\SYSTEM32\IPHLPAPI.DLL
0x00007fffb60c0000 - 0x00007fffb60c8000 	C:\WINDOWS\System32\NSI.dll
0x00007fffad450000 - 0x00007fffad467000 	C:\WINDOWS\SYSTEM32\dhcpcsvc6.DLL
0x00007fffad400000 - 0x00007fffad41d000 	C:\WINDOWS\SYSTEM32\dhcpcsvc.DLL
0x00007fffb3390000 - 0x00007fffb345b000 	C:\WINDOWS\SYSTEM32\DNSAPI.dll
0x0000023b88710000 - 0x0000023b88713000 	C:\Users\Owner\.javacpp\cache\javacpp-1.5.5-windows-x86_64.jar\org\bytedeco\javacpp\windows-x86_64\api-ms-win-crt-locale-l1-1-0.dll
0x0000023b88720000 - 0x0000023b88724000 	C:\Users\Owner\.javacpp\cache\javacpp-1.5.5-windows-x86_64.jar\org\bytedeco\javacpp\windows-x86_64\api-ms-win-crt-string-l1-1-0.dll
0x0000023b88730000 - 0x0000023b88734000 	C:\Users\Owner\.javacpp\cache\javacpp-1.5.5-windows-x86_64.jar\org\bytedeco\javacpp\windows-x86_64\api-ms-win-crt-stdio-l1-1-0.dll
0x0000023b88740000 - 0x0000023b88745000 	C:\Users\Owner\.javacpp\cache\javacpp-1.5.5-windows-x86_64.jar\org\bytedeco\javacpp\windows-x86_64\api-ms-win-crt-math-l1-1-0.dll
0x0000023b88750000 - 0x0000023b88753000 	C:\Users\Owner\.javacpp\cache\javacpp-1.5.5-windows-x86_64.jar\org\bytedeco\javacpp\windows-x86_64\api-ms-win-crt-heap-l1-1-0.dll
0x0000023b88760000 - 0x0000023b88764000 	C:\Users\Owner\.javacpp\cache\javacpp-1.5.5-windows-x86_64.jar\org\bytedeco\javacpp\windows-x86_64\api-ms-win-crt-runtime-l1-1-0.dll
0x0000023b88770000 - 0x0000023b88774000 	C:\Users\Owner\.javacpp\cache\javacpp-1.5.5-windows-x86_64.jar\org\bytedeco\javacpp\windows-x86_64\api-ms-win-crt-convert-l1-1-0.dll
0x0000023b88780000 - 0x0000023b88783000 	C:\Users\Owner\.javacpp\cache\javacpp-1.5.5-windows-x86_64.jar\org\bytedeco\javacpp\windows-x86_64\api-ms-win-crt-environment-l1-1-0.dll
0x0000023b88790000 - 0x0000023b88793000 	C:\Users\Owner\.javacpp\cache\javacpp-1.5.5-windows-x86_64.jar\org\bytedeco\javacpp\windows-x86_64\api-ms-win-crt-time-l1-1-0.dll
0x0000023b887a0000 - 0x0000023b887a3000 	C:\Users\Owner\.javacpp\cache\javacpp-1.5.5-windows-x86_64.jar\org\bytedeco\javacpp\windows-x86_64\api-ms-win-crt-filesystem-l1-1-0.dll
0x0000023b887b0000 - 0x0000023b887b3000 	C:\Users\Owner\.javacpp\cache\javacpp-1.5.5-windows-x86_64.jar\org\bytedeco\javacpp\windows-x86_64\api-ms-win-crt-utility-l1-1-0.dll
0x0000023b887c0000 - 0x0000023b887c5000 	C:\Users\Owner\.javacpp\cache\javacpp-1.5.5-windows-x86_64.jar\org\bytedeco\javacpp\windows-x86_64\api-ms-win-crt-multibyte-l1-1-0.dll
0x0000023b887d0000 - 0x0000023b887d3000 	C:\Users\Owner\.javacpp\cache\javacpp-1.5.5-windows-x86_64.jar\org\bytedeco\javacpp\windows-x86_64\api-ms-win-core-string-l1-1-0.dll
0x0000023b887e0000 - 0x0000023b887e3000 	C:\Users\Owner\.javacpp\cache\javacpp-1.5.5-windows-x86_64.jar\org\bytedeco\javacpp\windows-x86_64\api-ms-win-core-errorhandling-l1-1-0.dll
0x0000023b887f0000 - 0x0000023b887f3000 	C:\Users\Owner\.javacpp\cache\javacpp-1.5.5-windows-x86_64.jar\org\bytedeco\javacpp\windows-x86_64\api-ms-win-core-timezone-l1-1-0.dll
0x0000023b8b710000 - 0x0000023b8b714000 	C:\Users\Owner\.javacpp\cache\javacpp-1.5.5-windows-x86_64.jar\org\bytedeco\javacpp\windows-x86_64\api-ms-win-core-file-l1-1-0.dll
0x0000023b8b720000 - 0x0000023b8b723000 	C:\Users\Owner\.javacpp\cache\javacpp-1.5.5-windows-x86_64.jar\org\bytedeco\javacpp\windows-x86_64\api-ms-win-core-namedpipe-l1-1-0.dll
0x0000023b8b730000 - 0x0000023b8b733000 	C:\Users\Owner\.javacpp\cache\javacpp-1.5.5-windows-x86_64.jar\org\bytedeco\javacpp\windows-x86_64\api-ms-win-core-handle-l1-1-0.dll
0x0000023b8b740000 - 0x0000023b8b743000 	C:\Users\Owner\.javacpp\cache\javacpp-1.5.5-windows-x86_64.jar\org\bytedeco\javacpp\windows-x86_64\api-ms-win-core-file-l2-1-0.dll
0x0000023b8b750000 - 0x0000023b8b753000 	C:\Users\Owner\.javacpp\cache\javacpp-1.5.5-windows-x86_64.jar\org\bytedeco\javacpp\windows-x86_64\api-ms-win-core-heap-l1-1-0.dll
0x0000023b8b760000 - 0x0000023b8b763000 	C:\Users\Owner\.javacpp\cache\javacpp-1.5.5-windows-x86_64.jar\org\bytedeco\javacpp\windows-x86_64\api-ms-win-core-libraryloader-l1-1-0.dll
0x0000023b8b770000 - 0x0000023b8b773000 	C:\Users\Owner\.javacpp\cache\javacpp-1.5.5-windows-x86_64.jar\org\bytedeco\javacpp\windows-x86_64\api-ms-win-core-synch-l1-1-0.dll
0x0000023b8b780000 - 0x0000023b8b783000 	C:\Users\Owner\.javacpp\cache\javacpp-1.5.5-windows-x86_64.jar\org\bytedeco\javacpp\windows-x86_64\api-ms-win-core-processthreads-l1-1-0.dll
0x0000023b8b790000 - 0x0000023b8b793000 	C:\Users\Owner\.javacpp\cache\javacpp-1.5.5-windows-x86_64.jar\org\bytedeco\javacpp\windows-x86_64\api-ms-win-core-processenvironment-l1-1-0.dll
0x0000023b8b7a0000 - 0x0000023b8b7a3000 	C:\Users\Owner\.javacpp\cache\javacpp-1.5.5-windows-x86_64.jar\org\bytedeco\javacpp\windows-x86_64\api-ms-win-core-datetime-l1-1-0.dll
0x0000023b8b7b0000 - 0x0000023b8b7b3000 	C:\Users\Owner\.javacpp\cache\javacpp-1.5.5-windows-x86_64.jar\org\bytedeco\javacpp\windows-x86_64\api-ms-win-core-localization-l1-2-0.dll
0x0000023b8b7c0000 - 0x0000023b8b7c3000 	C:\Users\Owner\.javacpp\cache\javacpp-1.5.5-windows-x86_64.jar\org\bytedeco\javacpp\windows-x86_64\api-ms-win-core-sysinfo-l1-1-0.dll
0x0000023b8b7d0000 - 0x0000023b8b7d3000 	C:\Users\Owner\.javacpp\cache\javacpp-1.5.5-windows-x86_64.jar\org\bytedeco\javacpp\windows-x86_64\api-ms-win-core-synch-l1-2-0.dll
0x0000023b8b7e0000 - 0x0000023b8b7e3000 	C:\Users\Owner\.javacpp\cache\javacpp-1.5.5-windows-x86_64.jar\org\bytedeco\javacpp\windows-x86_64\api-ms-win-core-console-l1-1-0.dll
0x0000023b8b7f0000 - 0x0000023b8b7f3000 	C:\Users\Owner\.javacpp\cache\javacpp-1.5.5-windows-x86_64.jar\org\bytedeco\javacpp\windows-x86_64\api-ms-win-core-debug-l1-1-0.dll
0x0000023b8dfa0000 - 0x0000023b8dfa3000 	C:\Users\Owner\.javacpp\cache\javacpp-1.5.5-windows-x86_64.jar\org\bytedeco\javacpp\windows-x86_64\api-ms-win-core-rtlsupport-l1-1-0.dll
0x0000023b8dfb0000 - 0x0000023b8dfb3000 	C:\Users\Owner\.javacpp\cache\javacpp-1.5.5-windows-x86_64.jar\org\bytedeco\javacpp\windows-x86_64\api-ms-win-core-processthreads-l1-1-1.dll
0x0000023b8dfc0000 - 0x0000023b8dfc3000 	C:\Users\Owner\.javacpp\cache\javacpp-1.5.5-windows-x86_64.jar\org\bytedeco\javacpp\windows-x86_64\api-ms-win-core-file-l1-2-0.dll
0x0000023b8dfd0000 - 0x0000023b8dfd3000 	C:\Users\Owner\.javacpp\cache\javacpp-1.5.5-windows-x86_64.jar\org\bytedeco\javacpp\windows-x86_64\api-ms-win-core-profile-l1-1-0.dll
0x0000023b8dfe0000 - 0x0000023b8dfe3000 	C:\Users\Owner\.javacpp\cache\javacpp-1.5.5-windows-x86_64.jar\org\bytedeco\javacpp\windows-x86_64\api-ms-win-core-memory-l1-1-0.dll
0x0000023b8dff0000 - 0x0000023b8dff3000 	C:\Users\Owner\.javacpp\cache\javacpp-1.5.5-windows-x86_64.jar\org\bytedeco\javacpp\windows-x86_64\api-ms-win-core-util-l1-1-0.dll
0x0000023b8e000000 - 0x0000023b8e003000 	C:\Users\Owner\.javacpp\cache\javacpp-1.5.5-windows-x86_64.jar\org\bytedeco\javacpp\windows-x86_64\api-ms-win-core-interlocked-l1-1-0.dll
0x00007fff8e110000 - 0x00007fff8e20a000 	C:\Users\Owner\.javacpp\cache\javacpp-1.5.5-windows-x86_64.jar\org\bytedeco\javacpp\windows-x86_64\ucrtbase.dll
0x00007fffaa8b0000 - 0x00007fffaa8c5000 	C:\Users\Owner\.javacpp\cache\javacpp-1.5.5-windows-x86_64.jar\org\bytedeco\javacpp\windows-x86_64\vcruntime140.dll
0x00007fffab0a0000 - 0x00007fffab0ac000 	C:\Users\Owner\.javacpp\cache\javacpp-1.5.5-windows-x86_64.jar\org\bytedeco\javacpp\windows-x86_64\vcruntime140_1.dll
0x00007fff8fea0000 - 0x00007fff8ff3b000 	C:\Users\Owner\.javacpp\cache\javacpp-1.5.5-windows-x86_64.jar\org\bytedeco\javacpp\windows-x86_64\msvcp140.dll
0x00007fffaaa90000 - 0x00007fffaaa99000 	C:\Users\Owner\.javacpp\cache\javacpp-1.5.5-windows-x86_64.jar\org\bytedeco\javacpp\windows-x86_64\msvcp140_1.dll
0x00007fff9dbe0000 - 0x00007fff9dc31000 	C:\Users\Owner\.javacpp\cache\javacpp-1.5.5-windows-x86_64.jar\org\bytedeco\javacpp\windows-x86_64\concrt140.dll
0x00007fffa99c0000 - 0x00007fffa99e7000 	C:\Users\Owner\.javacpp\cache\javacpp-1.5.5-windows-x86_64.jar\org\bytedeco\javacpp\windows-x86_64\vcomp140.dll
0x00007fffaa8a0000 - 0x00007fffaa8ae000 	C:\Users\Owner\.javacpp\cache\javacpp-1.5.5-windows-x86_64.jar\org\bytedeco\javacpp\windows-x86_64\jnijavacpp.dll
0x00007fff91700000 - 0x00007fff91784000 	C:\Program Files\NVIDIA GPU Computing Toolkit\CUDA\v11.6\bin\cudart64_110.dll
0x00007fff8dcb0000 - 0x00007fff8ddad000 	C:\Users\Owner\.javacpp\cache\cuda-11.2-8.1-1.5.5-windows-x86_64.jar\org\bytedeco\cuda\windows-x86_64\jnicudart.dll
0x00007fff65ad0000 - 0x00007fff65d9d000 	C:\WINDOWS\SYSTEM32\nvcuda.dll
0x00007fff4e350000 - 0x00007fff4f9f0000 	C:\WINDOWS\system32\DriverStore\FileRepository\nvamui.inf_amd64_24cca1a312b9ebe2\nvcuda64.dll
0x00007fffb3b30000 - 0x00007fffb3b42000 	C:\WINDOWS\SYSTEM32\msasn1.dll
0x00007fffad4e0000 - 0x00007fffad511000 	C:\WINDOWS\SYSTEM32\cryptnet.dll
0x00007fffa9130000 - 0x00007fffa927a000 	C:\WINDOWS\SYSTEM32\drvstore.dll
0x00007fffb3cf0000 - 0x00007fffb3d24000 	C:\WINDOWS\SYSTEM32\devobj.dll
0x00007fffb4880000 - 0x00007fffb48ce000 	C:\WINDOWS\System32\cfgmgr32.dll
0x00007fffa4a20000 - 0x00007fffa5187000 	C:\WINDOWS\SYSTEM32\nvapi64.dll
0x00007fffb5440000 - 0x00007fffb58b2000 	C:\WINDOWS\System32\SETUPAPI.dll
0x00007fff1f120000 - 0x00007fff32be9000 	C:\Program Files\NVIDIA GPU Computing Toolkit\CUDA\v11.6\bin\cublasLt64_11.dll
0x00007fff16290000 - 0x00007fff1f119000 	C:\Program Files\NVIDIA GPU Computing Toolkit\CUDA\v11.6\bin\cublas64_11.dll
0x00007fff8d850000 - 0x00007fff8d93d000 	C:\Users\Owner\.javacpp\cache\cuda-11.2-8.1-1.5.5-windows-x86_64.jar\org\bytedeco\cuda\windows-x86_64\jnicublas.dll
0x00007fff34b10000 - 0x00007fff38bdb000 	C:\Program Files\NVIDIA GPU Computing Toolkit\CUDA\v11.6\bin\curand64_10.dll
0x00007fff06360000 - 0x00007fff1628a000 	C:\Program Files\NVIDIA GPU Computing Toolkit\CUDA\v11.6\bin\cusolver64_11.dll
0x00007ffef8680000 - 0x00007fff06352000 	C:\Program Files\NVIDIA GPU Computing Toolkit\CUDA\v11.6\bin\cusparse64_11.dll
0x0000000064940000 - 0x0000000064955000 	C:\Users\Owner\.javacpp\cache\nd4j-cuda-11.2-1.0.0-M1.1-windows-x86_64.jar\org\nd4j\nativeblas\windows-x86_64\libwinpthread-1.dll
0x0000000061440000 - 0x000000006145a000 	C:\Users\Owner\.javacpp\cache\nd4j-cuda-11.2-1.0.0-M1.1-windows-x86_64.jar\org\nd4j\nativeblas\windows-x86_64\libgcc_s_seh-1.dll
0x0000000063600000 - 0x000000006362e000 	C:\Users\Owner\.javacpp\cache\nd4j-cuda-11.2-1.0.0-M1.1-windows-x86_64.jar\org\nd4j\nativeblas\windows-x86_64\libgomp-1.dll
0x000000006fc40000 - 0x000000006fda4000 	C:\Users\Owner\.javacpp\cache\nd4j-cuda-11.2-1.0.0-M1.1-windows-x86_64.jar\org\nd4j\nativeblas\windows-x86_64\libstdc++-6.dll
0x00007ffecdb20000 - 0x00007ffef867d000 	C:\Users\Owner\.javacpp\cache\nd4j-cuda-11.2-1.0.0-M1.1-windows-x86_64.jar\org\nd4j\nativeblas\windows-x86_64\nd4jcuda.dll
0x00007fff78790000 - 0x00007fff78973000 	C:\Users\Owner\.javacpp\cache\nd4j-cuda-11.2-1.0.0-M1.1-windows-x86_64.jar\org\nd4j\nativeblas\windows-x86_64\jnind4jcuda.dll

dbghelp: loaded successfully - version: 4.0.5 - missing functions: none
symbol engine: initialized successfully - sym options: 0x614 - pdb path: .;C:\Users\Owner\.p2\pool\plugins\org.eclipse.justj.openjdk.hotspot.jre.full.win32.x86_64_17.0.1.v20211116-1657\jre\bin;C:\WINDOWS\SYSTEM32;C:\WINDOWS\WinSxS\amd64_microsoft.windows.common-controls_6595b64144ccf1df_6.0.19041.1110_none_60b5254171f9507e;C:\Users\Owner\.p2\pool\plugins\org.eclipse.justj.openjdk.hotspot.jre.full.win32.x86_64_17.0.1.v20211116-1657\jre\bin\server;C:\Users\Owner\.javacpp\cache\javacpp-1.5.5-windows-x86_64.jar\org\bytedeco\javacpp\windows-x86_64;C:\Program Files\NVIDIA GPU Computing Toolkit\CUDA\v11.6\bin;C:\Users\Owner\.javacpp\cache\cuda-11.2-8.1-1.5.5-windows-x86_64.jar\org\bytedeco\cuda\windows-x86_64;C:\WINDOWS\system32\DriverStore\FileRepository\nvamui.inf_amd64_24cca1a312b9ebe2;C:\Users\Owner\.javacpp\cache\nd4j-cuda-11.2-1.0.0-M1.1-windows-x86_64.jar\org\nd4j\nativeblas\windows-x86_64

VM Arguments:
jvm_args: -Dfile.encoding=UTF-8 -XX:+ShowCodeDetailsInExceptionMessages 
java_command: pt.fcul.masters.vgp.runner.INDArrayGpRsiTrendForecastRunner
java_class_path (initial): C:\Users\Owner\Documents\GitHub\MarketGeneticGeneratedIndicators\target\classes;C:\Users\Owner\.m2\repository\org\projectlombok\lombok\1.18.20\lombok-1.18.20.jar;C:\Users\Owner\.m2\repository\mysql\mysql-connector-java\8.0.26\mysql-connector-java-8.0.26.jar;C:\Users\Owner\.m2\repository\com\google\protobuf\protobuf-java\3.11.4\protobuf-java-3.11.4.jar;C:\Users\Owner\.m2\repository\io\jenetics\jenetics\6.3.0\jenetics-6.3.0.jar;C:\Users\Owner\.m2\repository\io\jenetics\jenetics.prog\6.3.0\jenetics.prog-6.3.0.jar;C:\Users\Owner\.m2\repository\io\jenetics\jenetics.ext\6.3.0\jenetics.ext-6.3.0.jar;C:\Users\Owner\.m2\repository\org\json\json\20210307\json-20210307.jar;C:\Users\Owner\.m2\repository\io\jenetics\facilejdbc\1.3.0\facilejdbc-1.3.0.jar;C:\Users\Owner\.m2\repository\com\zaxxer\HikariCP\5.0.0\HikariCP-5.0.0.jar;C:\Users\Owner\.m2\repository\org\slf4j\slf4j-api\2.0.0-alpha1\slf4j-api-2.0.0-alpha1.jar;C:\Users\Owner\Documents\GitHub\Java_Plotter\target\classes;C:\Users\Owner\.m2\repository\org\openjfx\javafx-controls\18-ea+4\javafx-controls-18-ea+4.jar;C:\Users\Owner\.m2\repository\org\openjfx\javafx-controls\18-ea+4\javafx-controls-18-ea+4-win.jar;C:\Users\Owner\.m2\repository\org\openjfx\javafx-graphics\18-ea+4\javafx-graphics-18-ea+4.jar;C:\Users\Owner\.m2\repository\org\openjfx\javafx-graphics\18-ea+4\javafx-graphics-18-ea+4-win.jar;C:\Users\Owner\.m2\repository\org\openjfx\javafx-base\18-ea+4\javafx-base-18-ea+4.jar;C:\Users\Owner\.m2\repository\org\openjfx\javafx-base\18-ea+4\javafx-base-18-ea+4-win.jar;C:\Users\Owner\.m2\repository\org\openjfx\javafx-fxml\18-ea+4\javafx-fxml-18-ea+4.jar;C:\Users\Owner\.m2\repository\org\openjfx\javafx-fxml\18-ea+4\javafx-fxml-18-ea+4-win.jar;C:\Users\Owner\.m2\repository\org\openjfx\javafx-swing\18-ea+4\javafx-swing-18-ea+4.jar;C:\Users\Owner\.m2\repository\org\openjfx\javafx-swing\18-ea+4\javafx-swing-18-ea+4-win.jar;C:\Users\Owner\.m2\repository\org\openjfx\javafx-web\18-ea+4\javafx-web-18-ea+4
Launcher Type: SUN_STANDARD

[Global flags]
     intx CICompilerCount                          = 12                                        {product} {ergonomic}
     uint ConcGCThreads                            = 3                                         {product} {ergonomic}
     uint G1ConcRefinementThreads                  = 13                                        {product} {ergonomic}
   size_t G1HeapRegionSize                         = 4194304                                   {product} {ergonomic}
    uintx GCDrainStackTargetSize                   = 64                                        {product} {ergonomic}
   size_t InitialHeapSize                          = 394264576                                 {product} {ergonomic}
   size_t MarkStackSize                            = 4194304                                   {product} {ergonomic}
   size_t MaxHeapSize                              = 6287261696                                {product} {ergonomic}
   size_t MaxNewSize                               = 3770679296                                {product} {ergonomic}
   size_t MinHeapDeltaBytes                        = 4194304                                   {product} {ergonomic}
   size_t MinHeapSize                              = 8388608                                   {product} {ergonomic}
    uintx NonNMethodCodeHeapSize                   = 7602480                                {pd product} {ergonomic}
    uintx NonProfiledCodeHeapSize                  = 122027880                              {pd product} {ergonomic}
    uintx ProfiledCodeHeapSize                     = 122027880                              {pd product} {ergonomic}
    uintx ReservedCodeCacheSize                    = 251658240                              {pd product} {ergonomic}
     bool SegmentedCodeCache                       = true                                      {product} {ergonomic}
     bool ShowCodeDetailsInExceptionMessages       = true                                   {manageable} {command line}
   size_t SoftMaxHeapSize                          = 6287261696                             {manageable} {ergonomic}
     bool UseCompressedClassPointers               = true                           {product lp64_product} {ergonomic}
     bool UseCompressedOops                        = true                           {product lp64_product} {ergonomic}
     bool UseG1GC                                  = true                                      {product} {ergonomic}
     bool UseLargePagesIndividualAllocation        = false                                  {pd product} {ergonomic}

Logging:
Log output configuration:
 #0: stdout all=warning uptime,level,tags
 #1: stderr all=off uptime,level,tags

Environment Variables:
JAVA_HOME=C:\Program Files (x86)\Java\jdk-17.0.1
PATH=C:/Users/Owner/.p2/pool/plugins/org.eclipse.justj.openjdk.hotspot.jre.full.win32.x86_64_17.0.1.v20211116-1657/jre/bin/server;C:/Users/Owner/.p2/pool/plugins/org.eclipse.justj.openjdk.hotspot.jre.full.win32.x86_64_17.0.1.v20211116-1657/jre/bin;C:\Program Files\NVIDIA GPU Computing Toolkit\CUDA\v11.6\bin;C:\Program Files\NVIDIA GPU Computing Toolkit\CUDA\v11.6\libnvvp;C:\Python310\Scripts\;C:\Python310\;C:\Program Files (x86)\Java\jdk-11.0.2\bin;C:\Program Files (x86)\Java\jdk-17.0.1\bin;C:\Windows\system32;C:\Windows;C:\Windows\System32\Wbem;C:\Windows\System32\WindowsPowerShell\v1.0\;C:\Windows\System32\OpenSSH\;C:\Program Files\NVIDIA Corporation\NVIDIA NvDLISR;C:\WINDOWS\system32;C:\WINDOWS;C:\WINDOWS\System32\Wbem;C:\WINDOWS\System32\WindowsPowerShell\v1.0\;C:\WINDOWS\System32\OpenSSH\;C:\Program Files (x86)\NVIDIA Corporation\PhysX\Common;C:\Program Files\QuestDB-6.1.13\bin;C:\Program Files\Docker\Docker\resources\bin;C:\ProgramData\DockerDesktop\version-bin;C:\Program Files (x86)\Common Files\Oracle\Java\javapath;C:\ProgramData\Oracle\Java\javapath;C:\Program Files\nodejs\;C:\ProgramData\chocolatey\bin;C:\Program Files\Git\cmd;C:\Program Files\NVIDIA Corporation\Nsight Compute 2022.1.0\;C:\Program Files\MySQL\MySQL Shell 8.0\bin\;C:\Users\Owner\AppData\Local\Microsoft\WindowsApps;C:\Users\Owner\AppData\Local\GitHubDesktop\bin;C:\Users\Owner\AppData\Roaming\npm;C:\Users\Owner\AppData\Local\atom\bin;C:\Users\Owner\eclipse\jee-2021-09\eclipse;
USERNAME=Owner
OS=Windows_NT
PROCESSOR_IDENTIFIER=AMD64 Family 23 Model 96 Stepping 1, AuthenticAMD



---------------  S Y S T E M  ---------------

OS:
 Windows 10 , 64 bit Build 19041 (10.0.19041.1503)
OS uptime: 0 days 12:24 hours
Hyper-V role detected

CPU: total 16 (initial active 16) (16 cores per cpu, 2 threads per core) family 23 model 96 stepping 1 microcode 0x0, cx8, cmov, fxsr, ht, mmx, 3dnowpref, sse, sse2, sse3, ssse3, sse4a, sse4.1, sse4.2, popcnt, lzcnt, tsc, tscinvbit, avx, avx2, aes, clmul, bmi1, bmi2, adx, sha, fma, vzeroupper, clflush, clflushopt, hv

Memory: 4k page, system-wide physical 23981M (11913M free)
TotalPageFile size 38852M (AvailPageFile size 15141M)
current process WorkingSet (physical memory assigned to process): 2114M, peak: 2114M
current process commit charge ("private bytes"): 4939M, peak: 4939M

vm_info: OpenJDK 64-Bit Server VM (17.0.1+12) for windows-amd64 JRE (17.0.1+12), built on Oct 20 2021 07:42:55 by "" with MS VC++ 16.7 (VS2019)

END.
