#
# A fatal error has been detected by the Java Runtime Environment:
#
#  EXCEPTION_ACCESS_VIOLATION (0xc0000005) at pc=0x00007ff927e5bc8a, pid=15596, tid=22152
#
# JRE version: OpenJDK Runtime Environment Temurin-17.0.1+12 (17.0.1+12) (build 17.0.1+12)
# Java VM: OpenJDK 64-Bit Server VM Temurin-17.0.1+12 (17.0.1+12, mixed mode, tiered, compressed oops, compressed class ptrs, g1 gc, windows-amd64)
# Problematic frame:
# V  [jvm.dll+0x79bc8a]
#
# No core dump will be written. Minidumps are not enabled by default on client versions of Windows
#
# If you would like to submit a bug report, please visit:
#   https://github.com/adoptium/adoptium-support/issues
#

---------------  S U M M A R Y ------------

Command Line: -XX:+ShowCodeDetailsInExceptionMessages -agentlib:jdwp=transport=dt_socket,suspend=y,address=localhost:50614 -javaagent:C:\Users\Owner\eclipse\jee-2021-09\eclipse\configuration\org.eclipse.osgi\1035\0\.cp\lib\javaagent-shaded.jar -Dfile.encoding=UTF-8 pt.fcul.masters.problems.GPTrendForecastProblem

Host: AMD Ryzen 9 4900HS with Radeon Graphics         , 16 cores, 23G,  Windows 10 , 64 bit Build 19041 (10.0.19041.1348)
Time: Mon Jan 10 00:49:23 2022 GMT Standard Time elapsed time: 58.181948 seconds (0d 0h 0m 58s)

---------------  T H R E A D  ---------------

Current thread (0x000002621c379210):  JavaThread "JDWP Transport Listener: dt_socket" daemon [_thread_in_vm, id=22152, stack(0x000000fa27800000,0x000000fa27900000)]

Stack: [0x000000fa27800000,0x000000fa27900000],  sp=0x000000fa278ff800,  free space=1022k
Native frames: (J=compiled Java code, j=interpreted, Vv=VM code, C=native code)
V  [jvm.dll+0x79bc8a]
V  [jvm.dll+0x507e6c]
V  [jvm.dll+0x4cf4d4]
C  [jdwp.dll+0x22dff]


siginfo: EXCEPTION_ACCESS_VIOLATION (0xc0000005), reading address 0x00000000000001ac


Register to memory mapping:

RIP=0x00007ff927e5bc8a jvm.dll
RAX=0x00000000000001a9 is an unknown value
RBX=0x000002621c077582 points into unknown readable memory: 4c 69 73 74 3b 4c
RCX=0x00000000000001a8 is an unknown value
RDX=0x000002621fd666a0 points into unknown readable memory: 0x6c7563662f74704c | 4c 70 74 2f 66 63 75 6c
RSP=0x000000fa278ff800 is pointing into the stack for thread: 0x000002621c379210
RBP=0x000002621c2e11b0 points into unknown readable memory: 0x0074006600000002 | 02 00 00 00 66 00 74 00
RSI=0x0 is NULL
RDI=0xffffffffffffffff is an unknown value
R8 =0x00000000000002af is an unknown value
R9 =0x0000000000000040 is an unknown value
R10=0x0000000000000280 is an unknown value
R11=0x000000fa278ff820 is pointing into the stack for thread: 0x000002621c379210
R12=0x000000fa278ff958 is pointing into the stack for thread: 0x000002621c379210
R13=0x0 is NULL
R14=0x0000000800105e78 is a pointer to class: 
pt.fcul.masters.GPTrendForecast {0x0000000800105e80}
 - instance size:     4
 - klass size:        94
 - access:            public synchronized 
 - state:             fully_initialized
 - name:              'pt/fcul/masters/GPTrendForecast'
 - super:             'java/lang/Object'
 - sub:               
 - arrays:            NULL
 - methods:           Array<T>(0x00000262214e4f40)
 - method ordering:   Array<T>(0x00000262214e65a0)
 - default_methods:   Array<T>(0x000002621d04bcd8)
 - default vtable indices:   Array<T>(0x000002621d04bd00)
 - local interfaces:  Array<T>(0x000002621d04a038)
 - trans. interfaces: Array<T>(0x000002621d04a038)
 - constants:         constant pool [470]/operands[35] {0x00000262214e6a00} for 'pt/fcul/masters/GPTrendForecast' cache=0x00000262214e1000
 - class loader data:  loader data: 0x000002621c08c570 for instance a 'jdk/internal/loader/ClassLoaders$AppClassLoader'{0x0000000689801c50}
 - source file:       'GPTrendForecast.java'
 - source debug extension:       SMAP
GPTrendForecast.java
Java
*S jdt
*F
1 GPTrendForecast.java
2 file:/C:/Users/Owner/Documents/GitHub/MarketGeneticGeneratedIndicators/target/classes/
*L
*E

 - class annotations:       Array<T>(0x0000000000000000)
 - class type annotations:  Array<T>(0x0000000000000000)
 - field annotations:       Array<T>(0x0000000000000000)
 - field type annotations:  Array<T>(0x0000000000000000)
 - previous version:  constant pool [454]/operands[35] {0x000002621d0490c0} for 'pt/fcul/masters/GPTrendForecast' (extra) cache=0x000002621d051690
 - generic signature: '
[error occurred during error reporting (printing register info), id 0xc0000005, EXCEPTION_ACCESS_VIOLATION (0xc0000005) at pc=0x00007ff927e5c896]

Registers:
RAX=0x00000000000001a9, RBX=0x000002621c077582, RCX=0x00000000000001a8, RDX=0x000002621fd666a0
RSP=0x000000fa278ff800, RBP=0x000002621c2e11b0, RSI=0x0000000000000000, RDI=0xffffffffffffffff
R8 =0x00000000000002af, R9 =0x0000000000000040, R10=0x0000000000000280, R11=0x000000fa278ff820
R12=0x000000fa278ff958, R13=0x0000000000000000, R14=0x0000000800105e78, R15=0x000000fa278ff9a8
RIP=0x00007ff927e5bc8a, EFLAGS=0x0000000000010206

Top of Stack: (sp=0x000000fa278ff800)
0x000000fa278ff800:   000000000000001f 0000000800105e78
0x000000fa278ff810:   000002621c379210 0000000000000000
0x000000fa278ff820:   ffffffffffffffff 00007ff927bc7e6c
0x000000fa278ff830:   000002621c077582 000002621c077560
0x000000fa278ff840:   000002621c2e11b0 000002621cbfb600
0x000000fa278ff850:   000002621c077530 00000000000003d8
0x000000fa278ff860:   000002621c077540 000002621c077918
0x000000fa278ff870:   0000000000000002 000000fa278ff958
0x000000fa278ff880:   0000000000000000 0000000000000000
0x000000fa278ff890:   0000000689a41f00 00007ff927b8f4d4
0x000000fa278ff8a0:   000002621c379210 000000fa278ff9a8
0x000000fa278ff8b0:   000002627546c710 000000fa278ff9a8
0x000000fa278ff8c0:   000002621c379210 0000000000000000
0x000000fa278ff8d0:   0000026200000000 0000000000000000
0x000000fa278ff8e0:   000000000000000d 00007ff963372dff
0x000000fa278ff8f0:   000000fa278ff9a0 00007ff963381aa0 

Instructions: (pc=0x00007ff927e5bc8a)
0x00007ff927e5bb8a:   48 83 c4 20 5f e9 3c a2 90 ff cc cc cc cc cc cc
0x00007ff927e5bb9a:   cc cc cc cc cc cc 48 89 5c 24 08 57 48 83 ec 20
0x00007ff927e5bbaa:   83 fa 02 8d 42 06 b9 08 00 00 00 49 8b d8 0f 4e
0x00007ff927e5bbba:   c1 48 63 c8 48 83 c1 07 83 e1 f8 48 63 f9 49 8b
0x00007ff927e5bbca:   48 18 48 8b c7 48 f7 d0 48 3b c1 73 16 4c 8d 05
0x00007ff927e5bbda:   5a 55 17 00 48 8b d7 48 8b cb e8 47 05 91 ff 48
0x00007ff927e5bbea:   8b 4b 18 48 8d 04 39 48 3b 43 20 76 18 45 33 c0
0x00007ff927e5bbfa:   48 8b d7 48 8b cb 48 8b 5c 24 30 48 83 c4 20 5f
0x00007ff927e5bc0a:   e9 a1 01 91 ff 48 89 43 18 48 8b c1 48 8b 5c 24
0x00007ff927e5bc1a:   30 48 83 c4 20 5f c3 cc cc cc cc cc cc cc cc cc
0x00007ff927e5bc2a:   cc cc cc cc cc cc 4c 8b d2 4c 8b d9 45 85 c0 7e
0x00007ff927e5bc3a:   3c 44 0f b7 49 04 41 8d 40 ff 41 3b c1 44 0f 4c
0x00007ff927e5bc4a:   c8 4d 63 c1 45 85 c9 7e 1f 48 8b c2 4c 2b da 49
0x00007ff927e5bc5a:   8b d0 0f 1f 40 00 41 0f b6 4c 03 06 88 08 48 8d
0x00007ff927e5bc6a:   40 01 48 83 ea 01 75 ee 43 c6 04 10 00 49 8b c2
0x00007ff927e5bc7a:   c3 cc cc cc cc cc 48 89 5c 24 08 57 48 83 ec 20
0x00007ff927e5bc8a:   0f b7 59 04 48 8b f9 33 d2 48 8d 4b 01 e8 24 e8
0x00007ff927e5bc9a:   f2 ff 0f b7 57 04 4c 8b c0 3b da 0f 42 d3 44 8b
0x00007ff927e5bcaa:   ca 85 d2 74 39 48 2b f8 0f 1f 40 00 66 66 0f 1f
0x00007ff927e5bcba:   84 00 00 00 00 00 0f b6 4c 07 06 88 08 48 ff c0
0x00007ff927e5bcca:   48 8b c8 49 2b c8 49 3b c9 7c eb 42 c6 04 02 00
0x00007ff927e5bcda:   49 8b c0 48 8b 5c 24 30 48 83 c4 20 5f c3 48 8b
0x00007ff927e5bcea:   5c 24 30 c6 04 02 00 48 83 c4 20 5f c3 cc cc cc
0x00007ff927e5bcfa:   cc cc cc cc cc cc 4c 8b d1 45 85 c0 7e 6c 44 0f
0x00007ff927e5bd0a:   b7 49 04 41 8d 40 ff 41 3b c1 44 0f 4c c8 4d 63
0x00007ff927e5bd1a:   d9 45 85 c9 7e 22 48 8b ca 4c 2b d2 4d 8b c3 0f
0x00007ff927e5bd2a:   1f 80 00 00 00 00 41 0f b6 44 0a 06 88 01 48 8d
0x00007ff927e5bd3a:   49 01 49 83 e8 01 75 ee 41 c6 04 13 00 48 c7 c0
0x00007ff927e5bd4a:   ff ff ff ff 66 90 48 ff c0 80 3c 02 00 75 f7 48
0x00007ff927e5bd5a:   63 c8 85 c0 48 8b c2 7e 14 80 38 2f 75 03 c6 00
0x00007ff927e5bd6a:   2e 48 ff c0 48 83 e9 01 75 ef 48 8b c2 c3 cc cc
0x00007ff927e5bd7a:   cc cc cc cc cc cc 48 83 ec 28 e8 f7 fe ff ff 4c 


Stack slot to memory mapping:
stack at sp + 0 slots: 0x000000000000001f is an unknown value
stack at sp + 1 slots: 0x0000000800105e78 is a pointer to class: 
pt.fcul.masters.GPTrendForecast {0x0000000800105e80}
 - instance size:     4
 - klass size:        94
 - access:            public synchronized 
 - state:             fully_initialized
 - name:              'pt/fcul/masters/GPTrendForecast'
 - super:             'java/lang/Object'
 - sub:               
 - arrays:            NULL
 - methods:           Array<T>(0x00000262214e4f40)
 - method ordering:   Array<T>(0x00000262214e65a0)
 - default_methods:   Array<T>(0x000002621d04bcd8)
 - default vtable indices:   Array<T>(0x000002621d04bd00)
 - local interfaces:  Array<T>(0x000002621d04a038)
 - trans. interfaces: Array<T>(0x000002621d04a038)
 - constants:         constant pool [470]/operands[35] {0x00000262214e6a00} for 'pt/fcul/masters/GPTrendForecast' cache=0x00000262214e1000
 - class loader data:  loader data: 0x000002621c08c570 for instance a 'jdk/internal/loader/ClassLoaders$AppClassLoader'{0x0000000689801c50}
 - source file:       'GPTrendForecast.java'
 - source debug extension:       SMAP
GPTrendForecast.java
Java
*S jdt
*F
1 GPTrendForecast.java
2 file:/C:/Users/Owner/Documents/GitHub/MarketGeneticGeneratedIndicators/target/classes/
*L
*E

 - class annotations:       Array<T>(0x0000000000000000)
 - class type annotations:  Array<T>(0x0000000000000000)
 - field annotations:       Array<T>(0x0000000000000000)
 - field type annotations:  Array<T>(0x0000000000000000)
 - previous version:  constant pool [454]/operands[35] {0x000002621d0490c0} for 'pt/fcul/masters/GPTrendForecast' (extra) cache=0x000002621d051690
 - generic signature: '
[error occurred during error reporting (inspecting top of stack), id 0xc0000005, EXCEPTION_ACCESS_VIOLATION (0xc0000005) at pc=0x00007ff927e5c896]


---------------  P R O C E S S  ---------------

Threads class SMR info:
_java_thread_list=0x000002621cc02b60, length=33, elements={
0x0000026277643930, 0x000002621c033020, 0x000002621c035a40, 0x000002621b4ce1a0,
0x000002621b4ced50, 0x000002621b4d1fb0, 0x000002621b4d3710, 0x000002621b4d58d0,
0x000002621c05eaf0, 0x000002621c074cd0, 0x000002621c1cdf10, 0x000002621c379210,
0x000002621c2e5d10, 0x000002621c2e8510, 0x000002621cabee20, 0x000002621cbf65d0,
0x000002621f1f18f0, 0x000002621df63530, 0x000002621df656e0, 0x000002621df64870,
0x000002621df65bb0, 0x000002621df66550, 0x000002621df63a00, 0x000002621df66a20,
0x000002621df63060, 0x000002621df63ed0, 0x000002621e6508b0, 0x000002621e652f30,
0x000002621e64f570, 0x000002621e654270, 0x000002621e650d80, 0x000002621e651bf0,
0x000002621e6538d0
}

Java Threads: ( => current thread )
  0x0000026277643930 JavaThread "main" [_thread_blocked, id=21252, stack(0x000000fa26500000,0x000000fa26600000)]
  0x000002621c033020 JavaThread "Reference Handler" daemon [_thread_blocked, id=5740, stack(0x000000fa26c00000,0x000000fa26d00000)]
  0x000002621c035a40 JavaThread "Finalizer" daemon [_thread_blocked, id=3484, stack(0x000000fa26d00000,0x000000fa26e00000)]
  0x000002621b4ce1a0 JavaThread "Signal Dispatcher" daemon [_thread_blocked, id=19056, stack(0x000000fa26e00000,0x000000fa26f00000)]
  0x000002621b4ced50 JavaThread "Attach Listener" daemon [_thread_blocked, id=3008, stack(0x000000fa26f00000,0x000000fa27000000)]
  0x000002621b4d1fb0 JavaThread "Service Thread" daemon [_thread_blocked, id=14160, stack(0x000000fa27000000,0x000000fa27100000)]
  0x000002621b4d3710 JavaThread "Monitor Deflation Thread" daemon [_thread_blocked, id=18740, stack(0x000000fa27100000,0x000000fa27200000)]
  0x000002621b4d58d0 JavaThread "C2 CompilerThread0" daemon [_thread_blocked, id=9260, stack(0x000000fa27200000,0x000000fa27300000)]
  0x000002621c05eaf0 JavaThread "C1 CompilerThread0" daemon [_thread_blocked, id=9988, stack(0x000000fa27300000,0x000000fa27400000)]
  0x000002621c074cd0 JavaThread "Sweeper thread" daemon [_thread_blocked, id=17444, stack(0x000000fa27400000,0x000000fa27500000)]
  0x000002621c1cdf10 JavaThread "Common-Cleaner" daemon [_thread_blocked, id=22816, stack(0x000000fa27500000,0x000000fa27600000)]
=>0x000002621c379210 JavaThread "JDWP Transport Listener: dt_socket" daemon [_thread_in_vm, id=22152, stack(0x000000fa27800000,0x000000fa27900000)]
  0x000002621c2e5d10 JavaThread "JDWP Event Helper Thread" daemon [_thread_blocked, id=12336, stack(0x000000fa27900000,0x000000fa27a00000)]
  0x000002621c2e8510 JavaThread "JDWP Command Reader" daemon [_thread_in_native, id=12764, stack(0x000000fa27a00000,0x000000fa27b00000)]
  0x000002621cabee20 JavaThread "Notification Thread" daemon [_thread_blocked, id=9640, stack(0x000000fa27b00000,0x000000fa27c00000)]
  0x000002621cbf65d0 JavaThread "mysql-cj-abandoned-connection-cleanup" daemon [_thread_blocked, id=22876, stack(0x000000fa27d00000,0x000000fa27e00000)]
  0x000002621f1f18f0 JavaThread "HikariPool-1 housekeeper" daemon [_thread_blocked, id=11640, stack(0x000000fa28f00000,0x000000fa29000000)]
  0x000002621df63530 JavaThread "pool-1-thread-1" [_thread_blocked, id=1056, stack(0x000000fa29700000,0x000000fa29800000)]
  0x000002621df656e0 JavaThread "pool-1-thread-2" [_thread_blocked, id=19124, stack(0x000000fa29800000,0x000000fa29900000)]
  0x000002621df64870 JavaThread "pool-1-thread-3" [_thread_blocked, id=20776, stack(0x000000fa29900000,0x000000fa29a00000)]
  0x000002621df65bb0 JavaThread "pool-1-thread-4" [_thread_blocked, id=22968, stack(0x000000fa29a00000,0x000000fa29b00000)]
  0x000002621df66550 JavaThread "pool-1-thread-5" [_thread_blocked, id=12688, stack(0x000000fa29b00000,0x000000fa29c00000)]
  0x000002621df63a00 JavaThread "pool-1-thread-6" [_thread_blocked, id=12544, stack(0x000000fa29c00000,0x000000fa29d00000)]
  0x000002621df66a20 JavaThread "pool-1-thread-7" [_thread_blocked, id=10708, stack(0x000000fa29d00000,0x000000fa29e00000)]
  0x000002621df63060 JavaThread "pool-1-thread-8" [_thread_blocked, id=23144, stack(0x000000fa29e00000,0x000000fa29f00000)]
  0x000002621df63ed0 JavaThread "pool-1-thread-9" [_thread_blocked, id=16564, stack(0x000000fa29f00000,0x000000fa2a000000)]
  0x000002621e6508b0 JavaThread "pool-1-thread-10" [_thread_blocked, id=22236, stack(0x000000fa2a000000,0x000000fa2a100000)]
  0x000002621e652f30 JavaThread "pool-1-thread-11" [_thread_blocked, id=13256, stack(0x000000fa2a100000,0x000000fa2a200000)]
  0x000002621e64f570 JavaThread "pool-1-thread-12" [_thread_blocked, id=9852, stack(0x000000fa2a200000,0x000000fa2a300000)]
  0x000002621e654270 JavaThread "pool-1-thread-13" [_thread_blocked, id=3148, stack(0x000000fa2a300000,0x000000fa2a400000)]
  0x000002621e650d80 JavaThread "pool-1-thread-14" [_thread_blocked, id=10504, stack(0x000000fa2a400000,0x000000fa2a500000)]
  0x000002621e651bf0 JavaThread "pool-1-thread-15" [_thread_blocked, id=22768, stack(0x000000fa2a500000,0x000000fa2a600000)]
  0x000002621e6538d0 JavaThread "pool-1-thread-16" [_thread_blocked, id=11068, stack(0x000000fa2a600000,0x000000fa2a700000)]

Other Threads:
  0x000002621b4be970 VMThread "VM Thread" [stack: 0x000000fa26b00000,0x000000fa26c00000] [id=11584]
  0x000002621c212280 WatcherThread [stack: 0x000000fa27c00000,0x000000fa27d00000] [id=8604]
  0x00000262776a2f20 GCTaskThread "GC Thread#0" [stack: 0x000000fa26600000,0x000000fa26700000] [id=2280]
  0x000002621d9c3660 GCTaskThread "GC Thread#1" [stack: 0x000000fa27e00000,0x000000fa27f00000] [id=11612]
  0x000002621d9c3910 GCTaskThread "GC Thread#2" [stack: 0x000000fa27f00000,0x000000fa28000000] [id=21936]
  0x000002621d9c3bc0 GCTaskThread "GC Thread#3" [stack: 0x000000fa28000000,0x000000fa28100000] [id=16740]
  0x000002621ce3ffe0 GCTaskThread "GC Thread#4" [stack: 0x000000fa28100000,0x000000fa28200000] [id=3904]
  0x000002621da20880 GCTaskThread "GC Thread#5" [stack: 0x000000fa28200000,0x000000fa28300000] [id=19284]
  0x000002621da20b30 GCTaskThread "GC Thread#6" [stack: 0x000000fa28300000,0x000000fa28400000] [id=12540]
  0x000002621ce406a0 GCTaskThread "GC Thread#7" [stack: 0x000000fa28400000,0x000000fa28500000] [id=12676]
  0x000002621ce2e570 GCTaskThread "GC Thread#8" [stack: 0x000000fa28500000,0x000000fa28600000] [id=23920]
  0x000002621f2a9ab0 GCTaskThread "GC Thread#9" [stack: 0x000000fa28c00000,0x000000fa28d00000] [id=18220]
  0x000002621f2a9550 GCTaskThread "GC Thread#10" [stack: 0x000000fa28d00000,0x000000fa28e00000] [id=18052]
  0x000002621f2a9d60 GCTaskThread "GC Thread#11" [stack: 0x000000fa28e00000,0x000000fa28f00000] [id=18104]
  0x000002621f2a92a0 GCTaskThread "GC Thread#12" [stack: 0x000000fa29400000,0x000000fa29500000] [id=10552]
  0x00000262776af9b0 ConcurrentGCThread "G1 Main Marker" [stack: 0x000000fa26700000,0x000000fa26800000] [id=23060]
  0x00000262776b0b60 ConcurrentGCThread "G1 Conc#0" [stack: 0x000000fa26800000,0x000000fa26900000] [id=7652]
  0x000002621f2a8530 ConcurrentGCThread "G1 Conc#1" [stack: 0x000000fa29500000,0x000000fa29600000] [id=12456]
  0x000002621f2a87e0 ConcurrentGCThread "G1 Conc#2" [stack: 0x000000fa29600000,0x000000fa29700000] [id=12588]
  0x00000262777167d0 ConcurrentGCThread "G1 Refine#0" [stack: 0x000000fa26900000,0x000000fa26a00000] [id=1608]
  0x000002621b342720 ConcurrentGCThread "G1 Service" [stack: 0x000000fa26a00000,0x000000fa26b00000] [id=12632]

Threads with active compile tasks:

VM state: not at safepoint (normal execution)

VM Mutex/Monitor currently owned by a thread: None

Heap address: 0x0000000689400000, size: 5996 MB, Compressed Oops mode: Zero based, Oop shift amount: 3

CDS archive(s) not mapped
Compressed class space mapped at: 0x0000000800000000-0x0000000840000000, reserved size: 1073741824
Narrow klass base: 0x0000000800000000, Narrow klass shift: 0, Narrow klass range: 0x40000000

GC Precious Log:
 CPUs: 16 total, 16 available
 Memory: 23981M
 Large Page Support: Disabled
 NUMA Support: Disabled
 Compressed Oops: Enabled (Zero based)
 Heap Region Size: 4M
 Heap Min Capacity: 8M
 Heap Initial Capacity: 376M
 Heap Max Capacity: 5996M
 Pre-touch: Disabled
 Parallel Workers: 13
 Concurrent Workers: 3
 Concurrent Refinement Workers: 13
 Periodic GC: Disabled

Heap:
 garbage-first heap   total 630784K, used 41215K [0x0000000689400000, 0x0000000800000000)
  region size 4096K, 9 young (36864K), 1 survivors (4096K)
 Metaspace       used 23954K, committed 24192K, reserved 1073152K
  class space    used 2324K, committed 2432K, reserved 1048576K

Heap Regions: E=young(eden), S=young(survivor), O=old, HS=humongous(starts), HC=humongous(continues), CS=collection set, F=free, OA=open archive, CA=closed archive, TAMS=top-at-mark-start (previous, next)
|   0|0x0000000689400000, 0x00000006896a3c00, 0x0000000689800000| 65%| O|  |TAMS 0x0000000689400000, 0x0000000689400000| Untracked 
|   1|0x0000000689800000, 0x0000000689c00000, 0x0000000689c00000|100%| O|  |TAMS 0x0000000689800000, 0x0000000689800000| Untracked 
|   2|0x0000000689c00000, 0x0000000689c00000, 0x000000068a000000|  0%| F|  |TAMS 0x0000000689c00000, 0x0000000689c00000| Untracked 
|   3|0x000000068a000000, 0x000000068a000000, 0x000000068a400000|  0%| F|  |TAMS 0x000000068a000000, 0x000000068a000000| Untracked 
|   4|0x000000068a400000, 0x000000068a800000, 0x000000068a800000|100%| O|  |TAMS 0x000000068a400000, 0x000000068a400000| Untracked 
|   5|0x000000068a800000, 0x000000068a800000, 0x000000068ac00000|  0%| F|  |TAMS 0x000000068a800000, 0x000000068a800000| Untracked 
|   6|0x000000068ac00000, 0x000000068ac00000, 0x000000068b000000|  0%| F|  |TAMS 0x000000068ac00000, 0x000000068ac00000| Untracked 
|   7|0x000000068b000000, 0x000000068b000000, 0x000000068b400000|  0%| F|  |TAMS 0x000000068b000000, 0x000000068b000000| Untracked 
|   8|0x000000068b400000, 0x000000068b400000, 0x000000068b800000|  0%| F|  |TAMS 0x000000068b400000, 0x000000068b400000| Untracked 
|   9|0x000000068b800000, 0x000000068b800000, 0x000000068bc00000|  0%| F|  |TAMS 0x000000068b800000, 0x000000068b800000| Untracked 
|  10|0x000000068bc00000, 0x000000068bc00000, 0x000000068c000000|  0%| F|  |TAMS 0x000000068bc00000, 0x000000068bc00000| Untracked 
|  11|0x000000068c000000, 0x000000068c000000, 0x000000068c400000|  0%| F|  |TAMS 0x000000068c000000, 0x000000068c000000| Untracked 
|  12|0x000000068c400000, 0x000000068c400000, 0x000000068c800000|  0%| F|  |TAMS 0x000000068c400000, 0x000000068c400000| Untracked 
|  13|0x000000068c800000, 0x000000068c800000, 0x000000068cc00000|  0%| F|  |TAMS 0x000000068c800000, 0x000000068c800000| Untracked 
|  14|0x000000068cc00000, 0x000000068cc00000, 0x000000068d000000|  0%| F|  |TAMS 0x000000068cc00000, 0x000000068cc00000| Untracked 
|  15|0x000000068d000000, 0x000000068d000000, 0x000000068d400000|  0%| F|  |TAMS 0x000000068d000000, 0x000000068d000000| Untracked 
|  16|0x000000068d400000, 0x000000068d400000, 0x000000068d800000|  0%| F|  |TAMS 0x000000068d400000, 0x000000068d400000| Untracked 
|  17|0x000000068d800000, 0x000000068d800000, 0x000000068dc00000|  0%| F|  |TAMS 0x000000068d800000, 0x000000068d800000| Untracked 
|  18|0x000000068dc00000, 0x000000068dc00000, 0x000000068e000000|  0%| F|  |TAMS 0x000000068dc00000, 0x000000068dc00000| Untracked 
|  19|0x000000068e000000, 0x000000068e000000, 0x000000068e400000|  0%| F|  |TAMS 0x000000068e000000, 0x000000068e000000| Untracked 
|  20|0x000000068e400000, 0x000000068e400000, 0x000000068e800000|  0%| F|  |TAMS 0x000000068e400000, 0x000000068e400000| Untracked 
|  21|0x000000068e800000, 0x000000068e800000, 0x000000068ec00000|  0%| F|  |TAMS 0x000000068e800000, 0x000000068e800000| Untracked 
|  22|0x000000068ec00000, 0x000000068ec00000, 0x000000068f000000|  0%| F|  |TAMS 0x000000068ec00000, 0x000000068ec00000| Untracked 
|  23|0x000000068f000000, 0x000000068f000000, 0x000000068f400000|  0%| F|  |TAMS 0x000000068f000000, 0x000000068f000000| Untracked 
|  24|0x000000068f400000, 0x000000068f400000, 0x000000068f800000|  0%| F|  |TAMS 0x000000068f400000, 0x000000068f400000| Untracked 
|  25|0x000000068f800000, 0x000000068f800000, 0x000000068fc00000|  0%| F|  |TAMS 0x000000068f800000, 0x000000068f800000| Untracked 
|  26|0x000000068fc00000, 0x000000068fc00000, 0x0000000690000000|  0%| F|  |TAMS 0x000000068fc00000, 0x000000068fc00000| Untracked 
|  27|0x0000000690000000, 0x0000000690000000, 0x0000000690400000|  0%| F|  |TAMS 0x0000000690000000, 0x0000000690000000| Untracked 
|  28|0x0000000690400000, 0x0000000690400000, 0x0000000690800000|  0%| F|  |TAMS 0x0000000690400000, 0x0000000690400000| Untracked 
|  29|0x0000000690800000, 0x0000000690800000, 0x0000000690c00000|  0%| F|  |TAMS 0x0000000690800000, 0x0000000690800000| Untracked 
|  30|0x0000000690c00000, 0x0000000690c00000, 0x0000000691000000|  0%| F|  |TAMS 0x0000000690c00000, 0x0000000690c00000| Untracked 
|  31|0x0000000691000000, 0x0000000691000000, 0x0000000691400000|  0%| F|  |TAMS 0x0000000691000000, 0x0000000691000000| Untracked 
|  32|0x0000000691400000, 0x0000000691400000, 0x0000000691800000|  0%| F|  |TAMS 0x0000000691400000, 0x0000000691400000| Untracked 
|  33|0x0000000691800000, 0x0000000691800000, 0x0000000691c00000|  0%| F|  |TAMS 0x0000000691800000, 0x0000000691800000| Untracked 
|  34|0x0000000691c00000, 0x0000000691c00000, 0x0000000692000000|  0%| F|  |TAMS 0x0000000691c00000, 0x0000000691c00000| Untracked 
|  35|0x0000000692000000, 0x0000000692000000, 0x0000000692400000|  0%| F|  |TAMS 0x0000000692000000, 0x0000000692000000| Untracked 
|  36|0x0000000692400000, 0x0000000692400000, 0x0000000692800000|  0%| F|  |TAMS 0x0000000692400000, 0x0000000692400000| Untracked 
|  37|0x0000000692800000, 0x0000000692800000, 0x0000000692c00000|  0%| F|  |TAMS 0x0000000692800000, 0x0000000692800000| Untracked 
|  38|0x0000000692c00000, 0x0000000692c00000, 0x0000000693000000|  0%| F|  |TAMS 0x0000000692c00000, 0x0000000692c00000| Untracked 
|  39|0x0000000693000000, 0x0000000693000000, 0x0000000693400000|  0%| F|  |TAMS 0x0000000693000000, 0x0000000693000000| Untracked 
|  40|0x0000000693400000, 0x0000000693400000, 0x0000000693800000|  0%| F|  |TAMS 0x0000000693400000, 0x0000000693400000| Untracked 
|  41|0x0000000693800000, 0x0000000693800000, 0x0000000693c00000|  0%| F|  |TAMS 0x0000000693800000, 0x0000000693800000| Untracked 
|  42|0x0000000693c00000, 0x0000000693c00000, 0x0000000694000000|  0%| F|  |TAMS 0x0000000693c00000, 0x0000000693c00000| Untracked 
|  43|0x0000000694000000, 0x0000000694000000, 0x0000000694400000|  0%| F|  |TAMS 0x0000000694000000, 0x0000000694000000| Untracked 
|  44|0x0000000694400000, 0x0000000694400000, 0x0000000694800000|  0%| F|  |TAMS 0x0000000694400000, 0x0000000694400000| Untracked 
|  45|0x0000000694800000, 0x0000000694800000, 0x0000000694c00000|  0%| F|  |TAMS 0x0000000694800000, 0x0000000694800000| Untracked 
|  46|0x0000000694c00000, 0x0000000694c00000, 0x0000000695000000|  0%| F|  |TAMS 0x0000000694c00000, 0x0000000694c00000| Untracked 
|  47|0x0000000695000000, 0x0000000695000000, 0x0000000695400000|  0%| F|  |TAMS 0x0000000695000000, 0x0000000695000000| Untracked 
|  48|0x0000000695400000, 0x0000000695400000, 0x0000000695800000|  0%| F|  |TAMS 0x0000000695400000, 0x0000000695400000| Untracked 
|  49|0x0000000695800000, 0x0000000695800000, 0x0000000695c00000|  0%| F|  |TAMS 0x0000000695800000, 0x0000000695800000| Untracked 
|  50|0x0000000695c00000, 0x0000000695c00000, 0x0000000696000000|  0%| F|  |TAMS 0x0000000695c00000, 0x0000000695c00000| Untracked 
|  51|0x0000000696000000, 0x0000000696000000, 0x0000000696400000|  0%| F|  |TAMS 0x0000000696000000, 0x0000000696000000| Untracked 
|  52|0x0000000696400000, 0x0000000696400000, 0x0000000696800000|  0%| F|  |TAMS 0x0000000696400000, 0x0000000696400000| Untracked 
|  53|0x0000000696800000, 0x0000000696800000, 0x0000000696c00000|  0%| F|  |TAMS 0x0000000696800000, 0x0000000696800000| Untracked 
|  54|0x0000000696c00000, 0x0000000696c00000, 0x0000000697000000|  0%| F|  |TAMS 0x0000000696c00000, 0x0000000696c00000| Untracked 
|  55|0x0000000697000000, 0x0000000697000000, 0x0000000697400000|  0%| F|  |TAMS 0x0000000697000000, 0x0000000697000000| Untracked 
|  56|0x0000000697400000, 0x0000000697400000, 0x0000000697800000|  0%| F|  |TAMS 0x0000000697400000, 0x0000000697400000| Untracked 
|  57|0x0000000697800000, 0x0000000697800000, 0x0000000697c00000|  0%| F|  |TAMS 0x0000000697800000, 0x0000000697800000| Untracked 
|  58|0x0000000697c00000, 0x0000000697c00000, 0x0000000698000000|  0%| F|  |TAMS 0x0000000697c00000, 0x0000000697c00000| Untracked 
|  59|0x0000000698000000, 0x0000000698000000, 0x0000000698400000|  0%| F|  |TAMS 0x0000000698000000, 0x0000000698000000| Untracked 
|  60|0x0000000698400000, 0x0000000698400000, 0x0000000698800000|  0%| F|  |TAMS 0x0000000698400000, 0x0000000698400000| Untracked 
|  61|0x0000000698800000, 0x0000000698800000, 0x0000000698c00000|  0%| F|  |TAMS 0x0000000698800000, 0x0000000698800000| Untracked 
|  62|0x0000000698c00000, 0x0000000698d9c120, 0x0000000699000000| 40%| S|CS|TAMS 0x0000000698c00000, 0x0000000698c00000| Complete 
|  63|0x0000000699000000, 0x0000000699000000, 0x0000000699400000|  0%| F|  |TAMS 0x0000000699000000, 0x0000000699000000| Untracked 
|  64|0x0000000699400000, 0x0000000699400000, 0x0000000699800000|  0%| F|  |TAMS 0x0000000699400000, 0x0000000699400000| Untracked 
|  65|0x0000000699800000, 0x0000000699800000, 0x0000000699c00000|  0%| F|  |TAMS 0x0000000699800000, 0x0000000699800000| Untracked 
|  66|0x0000000699c00000, 0x0000000699c00000, 0x000000069a000000|  0%| F|  |TAMS 0x0000000699c00000, 0x0000000699c00000| Untracked 
|  67|0x000000069a000000, 0x000000069a000000, 0x000000069a400000|  0%| F|  |TAMS 0x000000069a000000, 0x000000069a000000| Untracked 
|  68|0x000000069a400000, 0x000000069a400000, 0x000000069a800000|  0%| F|  |TAMS 0x000000069a400000, 0x000000069a400000| Untracked 
|  69|0x000000069a800000, 0x000000069a800000, 0x000000069ac00000|  0%| F|  |TAMS 0x000000069a800000, 0x000000069a800000| Untracked 
|  70|0x000000069ac00000, 0x000000069ac00000, 0x000000069b000000|  0%| F|  |TAMS 0x000000069ac00000, 0x000000069ac00000| Untracked 
|  71|0x000000069b000000, 0x000000069b000000, 0x000000069b400000|  0%| F|  |TAMS 0x000000069b000000, 0x000000069b000000| Untracked 
|  72|0x000000069b400000, 0x000000069b400000, 0x000000069b800000|  0%| F|  |TAMS 0x000000069b400000, 0x000000069b400000| Untracked 
|  73|0x000000069b800000, 0x000000069b800000, 0x000000069bc00000|  0%| F|  |TAMS 0x000000069b800000, 0x000000069b800000| Untracked 
|  74|0x000000069bc00000, 0x000000069bc00000, 0x000000069c000000|  0%| F|  |TAMS 0x000000069bc00000, 0x000000069bc00000| Untracked 
|  75|0x000000069c000000, 0x000000069c000000, 0x000000069c400000|  0%| F|  |TAMS 0x000000069c000000, 0x000000069c000000| Untracked 
|  76|0x000000069c400000, 0x000000069c400000, 0x000000069c800000|  0%| F|  |TAMS 0x000000069c400000, 0x000000069c400000| Untracked 
|  77|0x000000069c800000, 0x000000069c800000, 0x000000069cc00000|  0%| F|  |TAMS 0x000000069c800000, 0x000000069c800000| Untracked 
|  78|0x000000069cc00000, 0x000000069cc00000, 0x000000069d000000|  0%| F|  |TAMS 0x000000069cc00000, 0x000000069cc00000| Untracked 
|  79|0x000000069d000000, 0x000000069d000000, 0x000000069d400000|  0%| F|  |TAMS 0x000000069d000000, 0x000000069d000000| Untracked 
|  80|0x000000069d400000, 0x000000069d400000, 0x000000069d800000|  0%| F|  |TAMS 0x000000069d400000, 0x000000069d400000| Untracked 
|  81|0x000000069d800000, 0x000000069d800000, 0x000000069dc00000|  0%| F|  |TAMS 0x000000069d800000, 0x000000069d800000| Untracked 
|  82|0x000000069dc00000, 0x000000069dc00000, 0x000000069e000000|  0%| F|  |TAMS 0x000000069dc00000, 0x000000069dc00000| Untracked 
|  83|0x000000069e000000, 0x000000069e000000, 0x000000069e400000|  0%| F|  |TAMS 0x000000069e000000, 0x000000069e000000| Untracked 
|  84|0x000000069e400000, 0x000000069e400000, 0x000000069e800000|  0%| F|  |TAMS 0x000000069e400000, 0x000000069e400000| Untracked 
|  85|0x000000069e800000, 0x000000069e800000, 0x000000069ec00000|  0%| F|  |TAMS 0x000000069e800000, 0x000000069e800000| Untracked 
|  86|0x000000069ec00000, 0x000000069ec00000, 0x000000069f000000|  0%| F|  |TAMS 0x000000069ec00000, 0x000000069ec00000| Untracked 
|  87|0x000000069f000000, 0x000000069f000000, 0x000000069f400000|  0%| F|  |TAMS 0x000000069f000000, 0x000000069f000000| Untracked 
|  88|0x000000069f400000, 0x000000069f400000, 0x000000069f800000|  0%| F|  |TAMS 0x000000069f400000, 0x000000069f400000| Untracked 
|  89|0x000000069f800000, 0x000000069f800000, 0x000000069fc00000|  0%| F|  |TAMS 0x000000069f800000, 0x000000069f800000| Untracked 
|  90|0x000000069fc00000, 0x000000069fc00000, 0x00000006a0000000|  0%| F|  |TAMS 0x000000069fc00000, 0x000000069fc00000| Untracked 
|  91|0x00000006a0000000, 0x00000006a0000000, 0x00000006a0400000|  0%| F|  |TAMS 0x00000006a0000000, 0x00000006a0000000| Untracked 
|  92|0x00000006a0400000, 0x00000006a0400000, 0x00000006a0800000|  0%| F|  |TAMS 0x00000006a0400000, 0x00000006a0400000| Untracked 
|  93|0x00000006a0800000, 0x00000006a0800000, 0x00000006a0c00000|  0%| F|  |TAMS 0x00000006a0800000, 0x00000006a0800000| Untracked 
|  94|0x00000006a0c00000, 0x00000006a0c00000, 0x00000006a1000000|  0%| F|  |TAMS 0x00000006a0c00000, 0x00000006a0c00000| Untracked 
|  95|0x00000006a1000000, 0x00000006a1000000, 0x00000006a1400000|  0%| F|  |TAMS 0x00000006a1000000, 0x00000006a1000000| Untracked 
|  96|0x00000006a1400000, 0x00000006a1400000, 0x00000006a1800000|  0%| F|  |TAMS 0x00000006a1400000, 0x00000006a1400000| Untracked 
|  97|0x00000006a1800000, 0x00000006a1800000, 0x00000006a1c00000|  0%| F|  |TAMS 0x00000006a1800000, 0x00000006a1800000| Untracked 
|  98|0x00000006a1c00000, 0x00000006a1c00000, 0x00000006a2000000|  0%| F|  |TAMS 0x00000006a1c00000, 0x00000006a1c00000| Untracked 
|  99|0x00000006a2000000, 0x00000006a2000000, 0x00000006a2400000|  0%| F|  |TAMS 0x00000006a2000000, 0x00000006a2000000| Untracked 
| 100|0x00000006a2400000, 0x00000006a2400000, 0x00000006a2800000|  0%| F|  |TAMS 0x00000006a2400000, 0x00000006a2400000| Untracked 
| 101|0x00000006a2800000, 0x00000006a2800000, 0x00000006a2c00000|  0%| F|  |TAMS 0x00000006a2800000, 0x00000006a2800000| Untracked 
| 102|0x00000006a2c00000, 0x00000006a2c00000, 0x00000006a3000000|  0%| F|  |TAMS 0x00000006a2c00000, 0x00000006a2c00000| Untracked 
| 103|0x00000006a3000000, 0x00000006a3000000, 0x00000006a3400000|  0%| F|  |TAMS 0x00000006a3000000, 0x00000006a3000000| Untracked 
| 104|0x00000006a3400000, 0x00000006a3400000, 0x00000006a3800000|  0%| F|  |TAMS 0x00000006a3400000, 0x00000006a3400000| Untracked 
| 105|0x00000006a3800000, 0x00000006a3800000, 0x00000006a3c00000|  0%| F|  |TAMS 0x00000006a3800000, 0x00000006a3800000| Untracked 
| 106|0x00000006a3c00000, 0x00000006a3c00000, 0x00000006a4000000|  0%| F|  |TAMS 0x00000006a3c00000, 0x00000006a3c00000| Untracked 
| 107|0x00000006a4000000, 0x00000006a4000000, 0x00000006a4400000|  0%| F|  |TAMS 0x00000006a4000000, 0x00000006a4000000| Untracked 
| 108|0x00000006a4400000, 0x00000006a4400000, 0x00000006a4800000|  0%| F|  |TAMS 0x00000006a4400000, 0x00000006a4400000| Untracked 
| 109|0x00000006a4800000, 0x00000006a4800000, 0x00000006a4c00000|  0%| F|  |TAMS 0x00000006a4800000, 0x00000006a4800000| Untracked 
| 110|0x00000006a4c00000, 0x00000006a4c00000, 0x00000006a5000000|  0%| F|  |TAMS 0x00000006a4c00000, 0x00000006a4c00000| Untracked 
| 111|0x00000006a5000000, 0x00000006a5000000, 0x00000006a5400000|  0%| F|  |TAMS 0x00000006a5000000, 0x00000006a5000000| Untracked 
| 112|0x00000006a5400000, 0x00000006a5400000, 0x00000006a5800000|  0%| F|  |TAMS 0x00000006a5400000, 0x00000006a5400000| Untracked 
| 113|0x00000006a5800000, 0x00000006a5800000, 0x00000006a5c00000|  0%| F|  |TAMS 0x00000006a5800000, 0x00000006a5800000| Untracked 
| 114|0x00000006a5c00000, 0x00000006a5c00000, 0x00000006a6000000|  0%| F|  |TAMS 0x00000006a5c00000, 0x00000006a5c00000| Untracked 
| 115|0x00000006a6000000, 0x00000006a6000000, 0x00000006a6400000|  0%| F|  |TAMS 0x00000006a6000000, 0x00000006a6000000| Untracked 
| 116|0x00000006a6400000, 0x00000006a6400000, 0x00000006a6800000|  0%| F|  |TAMS 0x00000006a6400000, 0x00000006a6400000| Untracked 
| 117|0x00000006a6800000, 0x00000006a6800000, 0x00000006a6c00000|  0%| F|  |TAMS 0x00000006a6800000, 0x00000006a6800000| Untracked 
| 118|0x00000006a6c00000, 0x00000006a6c00000, 0x00000006a7000000|  0%| F|  |TAMS 0x00000006a6c00000, 0x00000006a6c00000| Untracked 
| 119|0x00000006a7000000, 0x00000006a7000000, 0x00000006a7400000|  0%| F|  |TAMS 0x00000006a7000000, 0x00000006a7000000| Untracked 
| 120|0x00000006a7400000, 0x00000006a7400000, 0x00000006a7800000|  0%| F|  |TAMS 0x00000006a7400000, 0x00000006a7400000| Untracked 
| 121|0x00000006a7800000, 0x00000006a7800000, 0x00000006a7c00000|  0%| F|  |TAMS 0x00000006a7800000, 0x00000006a7800000| Untracked 
| 122|0x00000006a7c00000, 0x00000006a7c00000, 0x00000006a8000000|  0%| F|  |TAMS 0x00000006a7c00000, 0x00000006a7c00000| Untracked 
| 123|0x00000006a8000000, 0x00000006a8000000, 0x00000006a8400000|  0%| F|  |TAMS 0x00000006a8000000, 0x00000006a8000000| Untracked 
| 124|0x00000006a8400000, 0x00000006a8400000, 0x00000006a8800000|  0%| F|  |TAMS 0x00000006a8400000, 0x00000006a8400000| Untracked 
| 125|0x00000006a8800000, 0x00000006a8800000, 0x00000006a8c00000|  0%| F|  |TAMS 0x00000006a8800000, 0x00000006a8800000| Untracked 
| 126|0x00000006a8c00000, 0x00000006a8c00000, 0x00000006a9000000|  0%| F|  |TAMS 0x00000006a8c00000, 0x00000006a8c00000| Untracked 
| 127|0x00000006a9000000, 0x00000006a9000000, 0x00000006a9400000|  0%| F|  |TAMS 0x00000006a9000000, 0x00000006a9000000| Untracked 
| 128|0x00000006a9400000, 0x00000006a9400000, 0x00000006a9800000|  0%| F|  |TAMS 0x00000006a9400000, 0x00000006a9400000| Untracked 
| 129|0x00000006a9800000, 0x00000006a9800000, 0x00000006a9c00000|  0%| F|  |TAMS 0x00000006a9800000, 0x00000006a9800000| Untracked 
| 130|0x00000006a9c00000, 0x00000006a9c00000, 0x00000006aa000000|  0%| F|  |TAMS 0x00000006a9c00000, 0x00000006a9c00000| Untracked 
| 131|0x00000006aa000000, 0x00000006aa000000, 0x00000006aa400000|  0%| F|  |TAMS 0x00000006aa000000, 0x00000006aa000000| Untracked 
| 132|0x00000006aa400000, 0x00000006aa400000, 0x00000006aa800000|  0%| F|  |TAMS 0x00000006aa400000, 0x00000006aa400000| Untracked 
| 133|0x00000006aa800000, 0x00000006aa800000, 0x00000006aac00000|  0%| F|  |TAMS 0x00000006aa800000, 0x00000006aa800000| Untracked 
| 134|0x00000006aac00000, 0x00000006aac00000, 0x00000006ab000000|  0%| F|  |TAMS 0x00000006aac00000, 0x00000006aac00000| Untracked 
| 135|0x00000006ab000000, 0x00000006ab000000, 0x00000006ab400000|  0%| F|  |TAMS 0x00000006ab000000, 0x00000006ab000000| Untracked 
| 136|0x00000006ab400000, 0x00000006ab400000, 0x00000006ab800000|  0%| F|  |TAMS 0x00000006ab400000, 0x00000006ab400000| Untracked 
| 137|0x00000006ab800000, 0x00000006ab800000, 0x00000006abc00000|  0%| F|  |TAMS 0x00000006ab800000, 0x00000006ab800000| Untracked 
| 138|0x00000006abc00000, 0x00000006abc00000, 0x00000006ac000000|  0%| F|  |TAMS 0x00000006abc00000, 0x00000006abc00000| Untracked 
| 139|0x00000006ac000000, 0x00000006ac000000, 0x00000006ac400000|  0%| F|  |TAMS 0x00000006ac000000, 0x00000006ac000000| Untracked 
| 140|0x00000006ac400000, 0x00000006ac400000, 0x00000006ac800000|  0%| F|  |TAMS 0x00000006ac400000, 0x00000006ac400000| Untracked 
| 141|0x00000006ac800000, 0x00000006ac800000, 0x00000006acc00000|  0%| F|  |TAMS 0x00000006ac800000, 0x00000006ac800000| Untracked 
| 142|0x00000006acc00000, 0x00000006acc00000, 0x00000006ad000000|  0%| F|  |TAMS 0x00000006acc00000, 0x00000006acc00000| Untracked 
| 143|0x00000006ad000000, 0x00000006ad000000, 0x00000006ad400000|  0%| F|  |TAMS 0x00000006ad000000, 0x00000006ad000000| Untracked 
| 144|0x00000006ad400000, 0x00000006ad400000, 0x00000006ad800000|  0%| F|  |TAMS 0x00000006ad400000, 0x00000006ad400000| Untracked 
| 145|0x00000006ad800000, 0x00000006ad800000, 0x00000006adc00000|  0%| F|  |TAMS 0x00000006ad800000, 0x00000006ad800000| Untracked 
| 146|0x00000006adc00000, 0x00000006ade00800, 0x00000006ae000000| 50%| E|  |TAMS 0x00000006adc00000, 0x00000006adc00000| Complete 
| 147|0x00000006ae000000, 0x00000006ae400000, 0x00000006ae400000|100%| E|CS|TAMS 0x00000006ae000000, 0x00000006ae000000| Complete 
| 148|0x00000006ae400000, 0x00000006ae800000, 0x00000006ae800000|100%| E|CS|TAMS 0x00000006ae400000, 0x00000006ae400000| Complete 
| 149|0x00000006ae800000, 0x00000006aec00000, 0x00000006aec00000|100%| E|CS|TAMS 0x00000006ae800000, 0x00000006ae800000| Complete 
| 150|0x00000006aec00000, 0x00000006af000000, 0x00000006af000000|100%| E|CS|TAMS 0x00000006aec00000, 0x00000006aec00000| Complete 
| 151|0x00000006af000000, 0x00000006af400000, 0x00000006af400000|100%| E|CS|TAMS 0x00000006af000000, 0x00000006af000000| Complete 
| 152|0x00000006af400000, 0x00000006af800000, 0x00000006af800000|100%| E|CS|TAMS 0x00000006af400000, 0x00000006af400000| Complete 
| 153|0x00000006af800000, 0x00000006afc00000, 0x00000006afc00000|100%| E|CS|TAMS 0x00000006af800000, 0x00000006af800000| Complete 

Card table byte_map: [0x000002627c130000,0x000002627ccf0000] _byte_map_base: 0x0000026278ce6000

Marking Bits (Prev, Next): (CMBitMap*) 0x00000262776a3570, (CMBitMap*) 0x00000262776a3530
 Prev Bits: [0x0000026214db0000, 0x000002621ab60000)
 Next Bits: [0x000002620f000000, 0x0000026214db0000)

Polling page: 0x00000262755e0000

Metaspace:

Usage:
  Non-class:     21.12 MB used.
      Class:      2.27 MB used.
       Both:     23.39 MB used.

Virtual space:
  Non-class space:       24.00 MB reserved,      21.25 MB ( 89%) committed,  3 nodes.
      Class space:        1.00 GB reserved,       2.38 MB ( <1%) committed,  1 nodes.
             Both:        1.02 GB reserved,      23.62 MB (  2%) committed. 

Chunk freelists:
   Non-Class:  2.10 MB
       Class:  1.52 MB
        Both:  3.61 MB

MaxMetaspaceSize: unlimited
CompressedClassSpaceSize: 1.00 GB
Initial GC threshold: 21.00 MB
Current GC threshold: 35.12 MB
CDS: off
MetaspaceReclaimPolicy: balanced
 - commit_granule_bytes: 65536.
 - commit_granule_words: 8192.
 - virtual_space_node_default_size: 1048576.
 - enlarge_chunks_in_place: 1.
 - new_chunks_are_fully_committed: 0.
 - uncommit_free_chunks: 1.
 - use_allocation_guard: 0.
 - handle_deallocations: 1.


Internal statistics:

num_allocs_failed_limit: 3.
num_arena_births: 138.
num_arena_deaths: 0.
num_vsnodes_births: 4.
num_vsnodes_deaths: 0.
num_space_committed: 378.
num_space_uncommitted: 0.
num_chunks_returned_to_freelist: 3.
num_chunks_taken_from_freelist: 477.
num_chunk_merges: 0.
num_chunk_splits: 279.
num_chunks_enlarged: 195.
num_purges: 0.
num_inconsistent_stats: 0.

CodeHeap 'non-profiled nmethods': size=119168Kb used=3113Kb max_used=3113Kb free=116054Kb
 bounds [0x0000026207ba0000, 0x0000026207eb0000, 0x000002620f000000]
CodeHeap 'profiled nmethods': size=119104Kb used=7733Kb max_used=7733Kb free=111370Kb
 bounds [0x0000026200750000, 0x0000026200ee0000, 0x0000026207ba0000]
CodeHeap 'non-nmethods': size=7488Kb used=1321Kb max_used=3116Kb free=6166Kb
 bounds [0x0000026200000000, 0x0000026200320000, 0x0000026200750000]
 total_blobs=4335 nmethods=3775 adapters=472
 compilation: enabled
              stopped_count=0, restarted_count=0
 full_count=0

Compilation events (20 events):
Event: 3.146 Thread 0x000002621d826840 3865       4       io.jenetics.internal.collection.ArraySeq::forAll (45 bytes)
Event: 3.148 Thread 0x000002621e0ecb30 3867       4       java.util.stream.ReduceOps$2ReducingSink::accept (39 bytes)
Event: 3.148 Thread 0x000002621c05eaf0 3869       3       io.jenetics.Optimize$$Lambda$291/0x0000000800233c00::compare (16 bytes)
Event: 3.148 Thread 0x000002621c208640 3870       3       io.jenetics.Optimize$2::compare (8 bytes)
Event: 3.148 Thread 0x000002621f2800f0 3871       3       io.jenetics.Phenotype::compareTo (9 bytes)
Event: 3.148 Thread 0x000002621c208640 nmethod 3870 0x0000026200edc490 code [0x0000026200edc640, 0x0000026200edc828]
Event: 3.148 Thread 0x000002621f2800f0 nmethod 3871 0x0000026200edc910 code [0x0000026200edcac0, 0x0000026200edcd08]
Event: 3.149 Thread 0x000002621c05eaf0 nmethod 3869 0x0000026200edce10 code [0x0000026200edcfc0, 0x0000026200edd3e8]
Event: 3.150 Thread 0x000002621d826840 nmethod 3865 0x0000026207e51610 code [0x0000026207e517a0, 0x0000026207e51b38]
Event: 3.150 Thread 0x000002621d826840 3868       4       java.util.function.BinaryOperator$$Lambda$252/0x0000000800253de0::apply (10 bytes)
Event: 3.154 Thread 0x000002621c35f4e0 nmethod 3859 0x0000026207e52110 code [0x0000026207e523a0, 0x0000026207e540e0]
Event: 3.154 Thread 0x000002621c35f4e0 3872       4       java.util.function.BinaryOperator::lambda$maxBy$1 (17 bytes)
Event: 3.154 Thread 0x000002621e0ecb30 nmethod 3867 0x0000026207e55690 code [0x0000026207e55840, 0x0000026207e56098]
Event: 3.155 Thread 0x000002621d826840 nmethod 3868 0x0000026207e56610 code [0x0000026207e567c0, 0x0000026207e56d38]
Event: 3.157 Thread 0x000002621c35f4e0 nmethod 3872 0x0000026207e57210 code [0x0000026207e573c0, 0x0000026207e57858]
Event: 3.166 Thread 0x00000262220017f0 nmethod 3724 0x0000026207e57d10 code [0x0000026207e58400, 0x0000026207e62c68]
Event: 3.203 Thread 0x00000262219e4330 nmethod 3738 0x0000026207e69990 code [0x0000026207e69f80, 0x0000026207e73460]
Event: 3.210 Thread 0x000002621e0ed040 nmethod 3744 0x0000026207e7a610 code [0x0000026207e7abe0, 0x0000026207e847a0]
Event: 3.253 Thread 0x000002621b4d58d0 nmethod 3742 0x0000026207e8dd90 code [0x0000026207e8e480, 0x0000026207e98928]
Event: 3.384 Thread 0x000002621e77c920 nmethod 3832 0x0000026207e9ee90 code [0x0000026207e9f2a0, 0x0000026207ea78d0]

GC Heap History (20 events):
Event: 2.478 GC heap before
{Heap before GC invocations=14 (full 0):
 garbage-first heap   total 315392K, used 195352K [0x0000000689400000, 0x0000000800000000)
  region size 4096K, 46 young (188416K), 1 survivors (4096K)
 Metaspace       used 23390K, committed 23616K, reserved 1073152K
  class space    used 2257K, committed 2368K, reserved 1048576K
}
Event: 2.479 GC heap after
{Heap after GC invocations=15 (full 0):
 garbage-first heap   total 315392K, used 11023K [0x0000000689400000, 0x0000000800000000)
  region size 4096K, 1 young (4096K), 1 survivors (4096K)
 Metaspace       used 23390K, committed 23616K, reserved 1073152K
  class space    used 2257K, committed 2368K, reserved 1048576K
}
Event: 2.507 GC heap before
{Heap before GC invocations=15 (full 0):
 garbage-first heap   total 315392K, used 195343K [0x0000000689400000, 0x0000000800000000)
  region size 4096K, 46 young (188416K), 1 survivors (4096K)
 Metaspace       used 23390K, committed 23616K, reserved 1073152K
  class space    used 2257K, committed 2368K, reserved 1048576K
}
Event: 2.509 GC heap after
{Heap after GC invocations=16 (full 0):
 garbage-first heap   total 475136K, used 11225K [0x0000000689400000, 0x0000000800000000)
  region size 4096K, 1 young (4096K), 1 survivors (4096K)
 Metaspace       used 23390K, committed 23616K, reserved 1073152K
  class space    used 2257K, committed 2368K, reserved 1048576K
}
Event: 2.561 GC heap before
{Heap before GC invocations=16 (full 0):
 garbage-first heap   total 475136K, used 289753K [0x0000000689400000, 0x0000000800000000)
  region size 4096K, 69 young (282624K), 1 survivors (4096K)
 Metaspace       used 23396K, committed 23616K, reserved 1073152K
  class space    used 2258K, committed 2368K, reserved 1048576K
}
Event: 2.563 GC heap after
{Heap after GC invocations=17 (full 0):
 garbage-first heap   total 475136K, used 10986K [0x0000000689400000, 0x0000000800000000)
  region size 4096K, 1 young (4096K), 1 survivors (4096K)
 Metaspace       used 23396K, committed 23616K, reserved 1073152K
  class space    used 2258K, committed 2368K, reserved 1048576K
}
Event: 2.607 GC heap before
{Heap before GC invocations=17 (full 0):
 garbage-first heap   total 475136K, used 289514K [0x0000000689400000, 0x0000000800000000)
  region size 4096K, 69 young (282624K), 1 survivors (4096K)
 Metaspace       used 23396K, committed 23616K, reserved 1073152K
  class space    used 2258K, committed 2368K, reserved 1048576K
}
Event: 2.608 GC heap after
{Heap after GC invocations=18 (full 0):
 garbage-first heap   total 475136K, used 10952K [0x0000000689400000, 0x0000000800000000)
  region size 4096K, 1 young (4096K), 1 survivors (4096K)
 Metaspace       used 23396K, committed 23616K, reserved 1073152K
  class space    used 2258K, committed 2368K, reserved 1048576K
}
Event: 2.787 GC heap before
{Heap before GC invocations=18 (full 0):
 garbage-first heap   total 475136K, used 289480K [0x0000000689400000, 0x0000000800000000)
  region size 4096K, 69 young (282624K), 1 survivors (4096K)
 Metaspace       used 23849K, committed 24064K, reserved 1073152K
  class space    used 2313K, committed 2432K, reserved 1048576K
}
Event: 2.789 GC heap after
{Heap after GC invocations=19 (full 0):
 garbage-first heap   total 475136K, used 12233K [0x0000000689400000, 0x0000000800000000)
  region size 4096K, 2 young (8192K), 2 survivors (8192K)
 Metaspace       used 23849K, committed 24064K, reserved 1073152K
  class space    used 2313K, committed 2432K, reserved 1048576K
}
Event: 2.843 GC heap before
{Heap before GC invocations=19 (full 0):
 garbage-first heap   total 475136K, used 286665K [0x0000000689400000, 0x0000000800000000)
  region size 4096K, 69 young (282624K), 2 survivors (8192K)
 Metaspace       used 23851K, committed 24064K, reserved 1073152K
  class space    used 2313K, committed 2432K, reserved 1048576K
}
Event: 2.845 GC heap after
{Heap after GC invocations=20 (full 0):
 garbage-first heap   total 475136K, used 12376K [0x0000000689400000, 0x0000000800000000)
  region size 4096K, 2 young (8192K), 2 survivors (8192K)
 Metaspace       used 23851K, committed 24064K, reserved 1073152K
  class space    used 2313K, committed 2432K, reserved 1048576K
}
Event: 2.895 GC heap before
{Heap before GC invocations=20 (full 0):
 garbage-first heap   total 475136K, used 286808K [0x0000000689400000, 0x0000000800000000)
  region size 4096K, 69 young (282624K), 2 survivors (8192K)
 Metaspace       used 23851K, committed 24064K, reserved 1073152K
  class space    used 2313K, committed 2432K, reserved 1048576K
}
Event: 2.898 GC heap after
{Heap after GC invocations=21 (full 0):
 garbage-first heap   total 630784K, used 12129K [0x0000000689400000, 0x0000000800000000)
  region size 4096K, 2 young (8192K), 2 survivors (8192K)
 Metaspace       used 23851K, committed 24064K, reserved 1073152K
  class space    used 2313K, committed 2432K, reserved 1048576K
}
Event: 2.968 GC heap before
{Heap before GC invocations=21 (full 0):
 garbage-first heap   total 630784K, used 380769K [0x0000000689400000, 0x0000000800000000)
  region size 4096K, 92 young (376832K), 2 survivors (8192K)
 Metaspace       used 23851K, committed 24064K, reserved 1073152K
  class space    used 2313K, committed 2432K, reserved 1048576K
}
Event: 2.970 GC heap after
{Heap after GC invocations=22 (full 0):
 garbage-first heap   total 630784K, used 12289K [0x0000000689400000, 0x0000000800000000)
  region size 4096K, 1 young (4096K), 1 survivors (4096K)
 Metaspace       used 23851K, committed 24064K, reserved 1073152K
  class space    used 2313K, committed 2432K, reserved 1048576K
}
Event: 3.036 GC heap before
{Heap before GC invocations=22 (full 0):
 garbage-first heap   total 630784K, used 385025K [0x0000000689400000, 0x0000000800000000)
  region size 4096K, 92 young (376832K), 1 survivors (4096K)
 Metaspace       used 23851K, committed 24064K, reserved 1073152K
  class space    used 2313K, committed 2432K, reserved 1048576K
}
Event: 3.037 GC heap after
{Heap after GC invocations=23 (full 0):
 garbage-first heap   total 630784K, used 12410K [0x0000000689400000, 0x0000000800000000)
  region size 4096K, 1 young (4096K), 1 survivors (4096K)
 Metaspace       used 23851K, committed 24064K, reserved 1073152K
  class space    used 2313K, committed 2432K, reserved 1048576K
}
Event: 3.137 GC heap before
{Heap before GC invocations=23 (full 0):
 garbage-first heap   total 630784K, used 385146K [0x0000000689400000, 0x0000000800000000)
  region size 4096K, 92 young (376832K), 1 survivors (4096K)
 Metaspace       used 23906K, committed 24128K, reserved 1073152K
  class space    used 2320K, committed 2432K, reserved 1048576K
}
Event: 3.138 GC heap after
{Heap after GC invocations=24 (full 0):
 garbage-first heap   total 630784K, used 12543K [0x0000000689400000, 0x0000000800000000)
  region size 4096K, 1 young (4096K), 1 survivors (4096K)
 Metaspace       used 23906K, committed 24128K, reserved 1073152K
  class space    used 2320K, committed 2432K, reserved 1048576K
}

Deoptimization events (20 events):
Event: 3.148 Thread 0x0000026277643930 Uncommon trap: trap_request=0xffffffde fr.pc=0x0000026207e19b5c relative=0x000000000000039c
Event: 3.148 Thread 0x0000026277643930 Uncommon trap: reason=class_check action=maybe_recompile pc=0x0000026207e19b5c method=java.util.function.BinaryOperator.lambda$maxBy$1(Ljava/util/Comparator;Ljava/lang/Object;Ljava/lang/Object;)Ljava/lang/Object; @ 3 c2
Event: 3.148 Thread 0x0000026277643930 DEOPT PACKING pc=0x0000026207e19b5c sp=0x000000fa265fe4c0
Event: 3.148 Thread 0x0000026277643930 DEOPT UNPACKING pc=0x00000262000523a3 sp=0x000000fa265fe418 mode 2
Event: 3.148 Thread 0x0000026277643930 Uncommon trap: trap_request=0xffffffde fr.pc=0x0000026207e19b5c relative=0x000000000000039c
Event: 3.148 Thread 0x0000026277643930 Uncommon trap: reason=class_check action=maybe_recompile pc=0x0000026207e19b5c method=java.util.function.BinaryOperator.lambda$maxBy$1(Ljava/util/Comparator;Ljava/lang/Object;Ljava/lang/Object;)Ljava/lang/Object; @ 3 c2
Event: 3.148 Thread 0x0000026277643930 DEOPT PACKING pc=0x0000026207e19b5c sp=0x000000fa265fe4c0
Event: 3.148 Thread 0x0000026277643930 DEOPT UNPACKING pc=0x00000262000523a3 sp=0x000000fa265fe418 mode 2
Event: 3.148 Thread 0x0000026277643930 Uncommon trap: trap_request=0xffffffde fr.pc=0x0000026207e1aaf0 relative=0x00000000000001b0
Event: 3.148 Thread 0x0000026277643930 Uncommon trap: reason=class_check action=maybe_recompile pc=0x0000026207e1aaf0 method=java.util.function.BinaryOperator.lambda$maxBy$1(Ljava/util/Comparator;Ljava/lang/Object;Ljava/lang/Object;)Ljava/lang/Object; @ 3 c2
Event: 3.148 Thread 0x0000026277643930 DEOPT PACKING pc=0x0000026207e1aaf0 sp=0x000000fa265fe450
Event: 3.148 Thread 0x0000026277643930 DEOPT UNPACKING pc=0x00000262000523a3 sp=0x000000fa265fe400 mode 2
Event: 7.756 Thread 0x000002621df64d40 Uncommon trap: trap_request=0xffffffc6 fr.pc=0x0000026207d25c34 relative=0x0000000000000094
Event: 7.756 Thread 0x000002621df64d40 Uncommon trap: reason=bimorphic_or_optimized_type_check action=maybe_recompile pc=0x0000026207d25c34 method=java.util.AbstractCollection.isEmpty()Z @ 1 c2
Event: 7.756 Thread 0x000002621df64d40 DEOPT PACKING pc=0x0000026207d25c34 sp=0x000000fa290ff540
Event: 7.756 Thread 0x000002621df64d40 DEOPT UNPACKING pc=0x00000262000523a3 sp=0x000000fa290ff4e0 mode 2
Event: 7.756 Thread 0x000002621df64d40 Uncommon trap: trap_request=0xffffffc6 fr.pc=0x0000026207d25c34 relative=0x0000000000000094
Event: 7.756 Thread 0x000002621df64d40 Uncommon trap: reason=bimorphic_or_optimized_type_check action=maybe_recompile pc=0x0000026207d25c34 method=java.util.AbstractCollection.isEmpty()Z @ 1 c2
Event: 7.756 Thread 0x000002621df64d40 DEOPT PACKING pc=0x0000026207d25c34 sp=0x000000fa290ff540
Event: 7.756 Thread 0x000002621df64d40 DEOPT UNPACKING pc=0x00000262000523a3 sp=0x000000fa290ff4e0 mode 2

Classes unloaded (0 events):
No events

Classes redefined (1 events):
Event: 58.108 Thread 0x000002621b4be970 redefined class name=pt.fcul.masters.GPTrendForecast, count=1

Internal exceptions (20 events):
Event: 1.832 Thread 0x0000026277643930 Exception <a 'java/lang/NoSuchMethodError'{0x000000068bb0b540}: 'java.lang.Object java.lang.invoke.DirectMethodHandle$Holder.invokeSpecialIFC(java.lang.Object, java.lang.Object, java.lang.Object, java.lang.Object)'> (0x000000068bb0b540) 
thrown [e:\jenkins\tmp\workspace\build\src\src\hotspot\share\interpreter\linkResolver.cpp, line 766]
Event: 1.850 Thread 0x0000026277643930 Exception <a 'java/lang/NoSuchMethodError'{0x000000068bbf7dd0}: 'int java.lang.invoke.DirectMethodHandle$Holder.invokeSpecial(java.lang.Object, java.lang.Object, java.lang.Object)'> (0x000000068bbf7dd0) 
thrown [e:\jenkins\tmp\workspace\build\src\src\hotspot\share\interpreter\linkResolver.cpp, line 766]
Event: 1.896 Thread 0x0000026277643930 Exception <a 'java/lang/NoSuchMethodError'{0x000000068b661618}: 'java.lang.Object java.lang.invoke.DirectMethodHandle$Holder.invokeStatic(java.lang.Object, long, java.lang.Object)'> (0x000000068b661618) 
thrown [e:\jenkins\tmp\workspace\build\src\src\hotspot\share\interpreter\linkResolver.cpp, line 766]
Event: 1.897 Thread 0x0000026277643930 Exception <a 'java/lang/NoSuchMethodError'{0x000000068b667ac8}: 'java.lang.Object java.lang.invoke.DirectMethodHandle$Holder.newInvokeSpecial(java.lang.Object, long)'> (0x000000068b667ac8) 
thrown [e:\jenkins\tmp\workspace\build\src\src\hotspot\share\interpreter\linkResolver.cpp, line 766]
Event: 1.905 Thread 0x0000026277643930 Exception <a 'java/lang/IncompatibleClassChangeError'{0x000000068b68f090}: Found class java.lang.Object, but interface was expected> (0x000000068b68f090) 
thrown [e:\jenkins\tmp\workspace\build\src\src\hotspot\share\interpreter\linkResolver.cpp, line 833]
Event: 2.086 Thread 0x0000026277643930 Exception <a 'java/lang/NoSuchMethodError'{0x000000069517d438}: 'long java.lang.invoke.DirectMethodHandle$Holder.invokeStatic(java.lang.Object)'> (0x000000069517d438) 
thrown [e:\jenkins\tmp\workspace\build\src\src\hotspot\share\interpreter\linkResolver.cpp, line 766]
Event: 2.655 Thread 0x000002621df63530 Exception <a 'java/lang/NoSuchMethodError'{0x000000069c9b3ea0}: 'java.lang.Object java.lang.invoke.DirectMethodHandle$Holder.newInvokeSpecial(java.lang.Object, java.lang.Object, java.lang.Object, java.lang.Object, java.lang.Object)'> (0x000000069c9b3ea0) 
thrown [e:\jenkins\tmp\workspace\build\src\src\hotspot\share\interpreter\linkResolver.cpp, line 766]
Event: 2.656 Thread 0x000002621df63060 Exception <a 'java/lang/NoSuchMethodError'{0x000000069c9ff0b0}: 'java.lang.Object java.lang.invoke.DirectMethodHandle$Holder.newInvokeSpecial(java.lang.Object, java.lang.Object, java.lang.Object, java.lang.Object, java.lang.Object)'> (0x000000069c9ff0b0) 
thrown [e:\jenkins\tmp\workspace\build\src\src\hotspot\share\interpreter\linkResolver.cpp, line 766]
Event: 2.656 Thread 0x000002621df63530 Exception <a 'java/lang/NoSuchMethodError'{0x000000069c9bbeb8}: 'java.lang.Object java.lang.invoke.DirectMethodHandle$Holder.newInvokeSpecial(java.lang.Object, java.lang.Object, java.lang.Object, int)'> (0x000000069c9bbeb8) 
thrown [e:\jenkins\tmp\workspace\build\src\src\hotspot\share\interpreter\linkResolver.cpp, line 766]
Event: 2.656 Thread 0x000002621df63060 Exception <a 'java/lang/NoSuchMethodError'{0x000000069ca05260}: 'java.lang.Object java.lang.invoke.DirectMethodHandle$Holder.newInvokeSpecial(java.lang.Object, java.lang.Object, java.lang.Object, int)'> (0x000000069ca05260) 
thrown [e:\jenkins\tmp\workspace\build\src\src\hotspot\share\interpreter\linkResolver.cpp, line 766]
Event: 2.657 Thread 0x000002621df63530 Exception <a 'java/lang/NoSuchMethodError'{0x000000069c9c0298}: 'java.lang.Object java.lang.invoke.DirectMethodHandle$Holder.invokeSpecial(java.lang.Object, java.lang.Object, java.lang.Object, java.lang.Object, int)'> (0x000000069c9c0298) 
thrown [e:\jenkins\tmp\workspace\build\src\src\hotspot\share\interpreter\linkResolver.cpp, line 766]
Event: 2.657 Thread 0x000002621df63060 Exception <a 'java/lang/NoSuchMethodError'{0x000000069ca08e08}: 'java.lang.Object java.lang.invoke.DirectMethodHandle$Holder.invokeSpecial(java.lang.Object, java.lang.Object, java.lang.Object, java.lang.Object, int)'> (0x000000069ca08e08) 
thrown [e:\jenkins\tmp\workspace\build\src\src\hotspot\share\interpreter\linkResolver.cpp, line 766]
Event: 2.657 Thread 0x000002621df63530 Exception <a 'java/lang/NoSuchMethodError'{0x000000069c9c3e60}: 'java.lang.Object java.lang.invoke.Invokers$Holder.linkToTargetMethod(java.lang.Object, java.lang.Object, int, java.lang.Object)'> (0x000000069c9c3e60) 
thrown [e:\jenkins\tmp\workspace\build\src\src\hotspot\share\interpreter\linkResolver.cpp, line 766]
Event: 2.657 Thread 0x000002621df63060 Exception <a 'java/lang/NoSuchMethodError'{0x000000069ca0c4c0}: 'java.lang.Object java.lang.invoke.Invokers$Holder.linkToTargetMethod(java.lang.Object, java.lang.Object, int, java.lang.Object)'> (0x000000069ca0c4c0) 
thrown [e:\jenkins\tmp\workspace\build\src\src\hotspot\share\interpreter\linkResolver.cpp, line 766]
Event: 2.674 Thread 0x000002621df63530 Exception <a 'java/lang/NoSuchMethodError'{0x000000069cb75ed0}: 'java.lang.Object java.lang.invoke.DirectMethodHandle$Holder.newInvokeSpecial(java.lang.Object, java.lang.Object, int)'> (0x000000069cb75ed0) 
thrown [e:\jenkins\tmp\workspace\build\src\src\hotspot\share\interpreter\linkResolver.cpp, line 766]
Event: 2.677 Thread 0x000002621df63530 Exception <a 'java/lang/NoSuchMethodError'{0x000000069cbd19c0}: 'java.lang.Object java.lang.invoke.DirectMethodHandle$Holder.newInvokeSpecial(java.lang.Object, java.lang.Object, int, java.lang.Object)'> (0x000000069cbd19c0) 
thrown [e:\jenkins\tmp\workspace\build\src\src\hotspot\share\interpreter\linkResolver.cpp, line 766]
Event: 2.677 Thread 0x000002621df63530 Exception <a 'java/lang/NoSuchMethodError'{0x000000069cbd5820}: 'java.lang.Object java.lang.invoke.DirectMethodHandle$Holder.invokeSpecial(java.lang.Object, java.lang.Object, java.lang.Object, int, java.lang.Object)'> (0x000000069cbd5820) 
thrown [e:\jenkins\tmp\workspace\build\src\src\hotspot\share\interpreter\linkResolver.cpp, line 766]
Event: 2.681 Thread 0x000002621df63530 Exception <a 'java/lang/NoSuchMethodError'{0x000000069cbe3c28}: 'java.lang.Object java.lang.invoke.DirectMethodHandle$Holder.newInvokeSpecial(java.lang.Object, java.lang.Object, java.lang.Object, long)'> (0x000000069cbe3c28) 
thrown [e:\jenkins\tmp\workspace\build\src\src\hotspot\share\interpreter\linkResolver.cpp, line 766]
Event: 2.681 Thread 0x000002621df63530 Exception <a 'java/lang/NoSuchMethodError'{0x000000069cbe7d70}: 'java.lang.Object java.lang.invoke.DirectMethodHandle$Holder.invokeSpecial(java.lang.Object, java.lang.Object, java.lang.Object, java.lang.Object, long)'> (0x000000069cbe7d70) 
thrown [e:\jenkins\tmp\workspace\build\src\src\hotspot\share\interpreter\linkResolver.cpp, line 766]
Event: 3.147 Thread 0x0000026277643930 Exception <a 'java/lang/NoSuchMethodError'{0x00000006ae768e28}: 'int java.lang.invoke.DirectMethodHandle$Holder.invokeVirtual(java.lang.Object, java.lang.Object, java.lang.Object, java.lang.Object)'> (0x00000006ae768e28) 
thrown [e:\jenkins\tmp\workspace\build\src\src\hotspot\share\interpreter\linkResolver.cpp, line 766]

VM Operations (20 events):
Event: 37.618 Executing VM operation: get/set locals
Event: 37.619 Executing VM operation: get/set locals done
Event: 37.619 Executing VM operation: get/set locals
Event: 37.619 Executing VM operation: get/set locals done
Event: 37.619 Executing VM operation: get/set locals
Event: 37.619 Executing VM operation: get/set locals done
Event: 58.098 Executing VM operation: ChangeSingleStep
Event: 58.099 Executing VM operation: ChangeSingleStep done
Event: 58.099 Executing VM operation: ChangeSingleStep
Event: 58.099 Executing VM operation: ChangeSingleStep done
Event: 58.104 Executing VM operation: RedefineClasses
Event: 58.115 Executing VM operation: RedefineClasses done
Event: 58.123 Executing VM operation: ChangeBreakpoints
Event: 58.125 Executing VM operation: ChangeBreakpoints done
Event: 58.128 Executing VM operation: ChangeSingleStep
Event: 58.128 Executing VM operation: ChangeSingleStep done
Event: 58.128 Executing VM operation: get/set locals
Event: 58.128 Executing VM operation: get/set locals done
Event: 58.130 Executing VM operation: ChangeSingleStep
Event: 58.130 Executing VM operation: ChangeSingleStep done

Events (20 events):
Event: 2.685 loading class java/util/stream/ReferencePipeline$4$1
Event: 2.685 loading class java/util/stream/ReferencePipeline$4$1 done
Event: 2.695 Thread 0x00000262220017f0 Thread added: 0x00000262220017f0
Event: 3.114 loading class java/util/HashMap$ValueSpliterator
Event: 3.114 loading class java/util/HashMap$ValueSpliterator done
Event: 7.756 loading class java/util/IdentityHashMap$KeyIterator
Event: 7.756 loading class java/util/IdentityHashMap$IdentityHashMapIterator
Event: 7.756 loading class java/util/IdentityHashMap$IdentityHashMapIterator done
Event: 7.756 loading class java/util/IdentityHashMap$KeyIterator done
Event: 7.757 Thread 0x000002621df64d40 Thread exited: 0x000002621df64d40
Event: 8.149 Thread 0x00000262220017f0 Thread exited: 0x00000262220017f0
Event: 8.149 Thread 0x000002621f2800f0 Thread exited: 0x000002621f2800f0
Event: 8.149 Thread 0x000002621e77c920 Thread exited: 0x000002621e77c920
Event: 13.158 Thread 0x00000262219e4330 Thread exited: 0x00000262219e4330
Event: 13.158 Thread 0x000002621f7759a0 Thread exited: 0x000002621f7759a0
Event: 13.158 Thread 0x000002621e0ed040 Thread exited: 0x000002621e0ed040
Event: 13.158 Thread 0x000002621c208640 Thread exited: 0x000002621c208640
Event: 18.160 Thread 0x000002621d826840 Thread exited: 0x000002621d826840
Event: 18.160 Thread 0x000002621e0ecb30 Thread exited: 0x000002621e0ecb30
Event: 23.173 Thread 0x000002621c35f4e0 Thread exited: 0x000002621c35f4e0


Dynamic libraries:
0x00007ff664620000 - 0x00007ff66462e000 	C:\Users\Owner\.p2\pool\plugins\org.eclipse.justj.openjdk.hotspot.jre.full.win32.x86_64_17.0.1.v20211116-1657\jre\bin\javaw.exe
0x00007ff98ae50000 - 0x00007ff98b045000 	C:\WINDOWS\SYSTEM32\ntdll.dll
0x00007ff989430000 - 0x00007ff9894ee000 	C:\WINDOWS\System32\KERNEL32.DLL
0x00007ff988600000 - 0x00007ff9888c8000 	C:\WINDOWS\System32\KERNELBASE.dll
0x00007ff9888d0000 - 0x00007ff9889d0000 	C:\WINDOWS\System32\ucrtbase.dll
0x00007ff95c740000 - 0x00007ff95c758000 	C:\Users\Owner\.p2\pool\plugins\org.eclipse.justj.openjdk.hotspot.jre.full.win32.x86_64_17.0.1.v20211116-1657\jre\bin\jli.dll
0x00007ff963550000 - 0x00007ff963569000 	C:\Users\Owner\.p2\pool\plugins\org.eclipse.justj.openjdk.hotspot.jre.full.win32.x86_64_17.0.1.v20211116-1657\jre\bin\VCRUNTIME140.dll
0x00007ff98abc0000 - 0x00007ff98ad61000 	C:\WINDOWS\System32\USER32.dll
0x00007ff988a30000 - 0x00007ff988a52000 	C:\WINDOWS\System32\win32u.dll
0x00007ff971f50000 - 0x00007ff9721ea000 	C:\WINDOWS\WinSxS\amd64_microsoft.windows.common-controls_6595b64144ccf1df_6.0.19041.1110_none_60b5254171f9507e\COMCTL32.dll
0x00007ff989b60000 - 0x00007ff989b8b000 	C:\WINDOWS\System32\GDI32.dll
0x00007ff988f10000 - 0x00007ff988fae000 	C:\WINDOWS\System32\msvcrt.dll
0x00007ff988d50000 - 0x00007ff988e5d000 	C:\WINDOWS\System32\gdi32full.dll
0x00007ff988560000 - 0x00007ff9885fd000 	C:\WINDOWS\System32\msvcp_win.dll
0x00007ff989b90000 - 0x00007ff989bc0000 	C:\WINDOWS\System32\IMM32.DLL
0x00007ff983a30000 - 0x00007ff983a3c000 	C:\Users\Owner\.p2\pool\plugins\org.eclipse.justj.openjdk.hotspot.jre.full.win32.x86_64_17.0.1.v20211116-1657\jre\bin\vcruntime140_1.dll
0x00007ff9633e0000 - 0x00007ff963471000 	C:\Users\Owner\.p2\pool\plugins\org.eclipse.justj.openjdk.hotspot.jre.full.win32.x86_64_17.0.1.v20211116-1657\jre\bin\msvcp140.dll
0x00007ff9276c0000 - 0x00007ff928306000 	C:\Users\Owner\.p2\pool\plugins\org.eclipse.justj.openjdk.hotspot.jre.full.win32.x86_64_17.0.1.v20211116-1657\jre\bin\server\jvm.dll
0x00007ff98a1a0000 - 0x00007ff98a24c000 	C:\WINDOWS\System32\ADVAPI32.dll
0x00007ff98ad70000 - 0x00007ff98ae0b000 	C:\WINDOWS\System32\sechost.dll
0x00007ff98a070000 - 0x00007ff98a19a000 	C:\WINDOWS\System32\RPCRT4.dll
0x00007ff98a060000 - 0x00007ff98a068000 	C:\WINDOWS\System32\PSAPI.DLL
0x00007ff986390000 - 0x00007ff9863b7000 	C:\WINDOWS\SYSTEM32\WINMM.dll
0x00007ff979fb0000 - 0x00007ff979fb9000 	C:\WINDOWS\SYSTEM32\WSOCK32.dll
0x00007ff982200000 - 0x00007ff98220a000 	C:\WINDOWS\SYSTEM32\VERSION.dll
0x00007ff989510000 - 0x00007ff98957b000 	C:\WINDOWS\System32\WS2_32.dll
0x00007ff986da0000 - 0x00007ff986db2000 	C:\WINDOWS\SYSTEM32\kernel.appcore.dll
0x00007ff95eb60000 - 0x00007ff95eb6a000 	C:\Users\Owner\.p2\pool\plugins\org.eclipse.justj.openjdk.hotspot.jre.full.win32.x86_64_17.0.1.v20211116-1657\jre\bin\jimage.dll
0x00007ff9861a0000 - 0x00007ff986384000 	C:\WINDOWS\SYSTEM32\DBGHELP.DLL
0x00007ff986170000 - 0x00007ff98619c000 	C:\WINDOWS\SYSTEM32\dbgcore.DLL
0x00007ff988ab0000 - 0x00007ff988b32000 	C:\WINDOWS\System32\bcryptPrimitives.dll
0x00007ff963350000 - 0x00007ff96338b000 	C:\Users\Owner\.p2\pool\plugins\org.eclipse.justj.openjdk.hotspot.jre.full.win32.x86_64_17.0.1.v20211116-1657\jre\bin\jdwp.dll
0x00007ff95c760000 - 0x00007ff95c76e000 	C:\Users\Owner\.p2\pool\plugins\org.eclipse.justj.openjdk.hotspot.jre.full.win32.x86_64_17.0.1.v20211116-1657\jre\bin\instrument.dll
0x00007ff95ad70000 - 0x00007ff95ad95000 	C:\Users\Owner\.p2\pool\plugins\org.eclipse.justj.openjdk.hotspot.jre.full.win32.x86_64_17.0.1.v20211116-1657\jre\bin\java.dll
0x00007ff9581a0000 - 0x00007ff9581b8000 	C:\Users\Owner\.p2\pool\plugins\org.eclipse.justj.openjdk.hotspot.jre.full.win32.x86_64_17.0.1.v20211116-1657\jre\bin\zip.dll
0x00007ff98a2b0000 - 0x00007ff98a9f4000 	C:\WINDOWS\System32\SHELL32.dll
0x00007ff9865e0000 - 0x00007ff986d74000 	C:\WINDOWS\SYSTEM32\windows.storage.dll
0x00007ff989c20000 - 0x00007ff989f75000 	C:\WINDOWS\System32\combase.dll
0x00007ff987fb0000 - 0x00007ff987fde000 	C:\WINDOWS\SYSTEM32\Wldp.dll
0x00007ff98aa00000 - 0x00007ff98aaad000 	C:\WINDOWS\System32\SHCORE.dll
0x00007ff98ab60000 - 0x00007ff98abb5000 	C:\WINDOWS\System32\shlwapi.dll
0x00007ff9884a0000 - 0x00007ff9884bf000 	C:\WINDOWS\SYSTEM32\profapi.dll
0x00007ff972970000 - 0x00007ff97297c000 	C:\Users\Owner\.p2\pool\plugins\org.eclipse.justj.openjdk.hotspot.jre.full.win32.x86_64_17.0.1.v20211116-1657\jre\bin\dt_socket.dll
0x00007ff987960000 - 0x00007ff98799b000 	C:\WINDOWS\SYSTEM32\IPHLPAPI.DLL
0x00007ff987c50000 - 0x00007ff987cba000 	C:\WINDOWS\system32\mswsock.dll
0x00007ff9879a0000 - 0x00007ff987a6b000 	C:\WINDOWS\SYSTEM32\DNSAPI.dll
0x00007ff989860000 - 0x00007ff989868000 	C:\WINDOWS\System32\NSI.dll
0x00007ff9799a0000 - 0x00007ff9799aa000 	C:\Windows\System32\rasadhlp.dll
0x00007ff97d560000 - 0x00007ff97d5df000 	C:\WINDOWS\System32\fwpuclnt.dll
0x00007ff988e60000 - 0x00007ff988e87000 	C:\WINDOWS\System32\bcrypt.dll
0x00007ff955ed0000 - 0x00007ff955ee9000 	C:\Users\Owner\.p2\pool\plugins\org.eclipse.justj.openjdk.hotspot.jre.full.win32.x86_64_17.0.1.v20211116-1657\jre\bin\net.dll
0x00007ff97e280000 - 0x00007ff97e38c000 	C:\WINDOWS\SYSTEM32\WINHTTP.dll
0x00007ff955eb0000 - 0x00007ff955ec5000 	C:\Users\Owner\.p2\pool\plugins\org.eclipse.justj.openjdk.hotspot.jre.full.win32.x86_64_17.0.1.v20211116-1657\jre\bin\nio.dll
0x00007ff95ab20000 - 0x00007ff95ab30000 	C:\Users\Owner\.p2\pool\plugins\org.eclipse.justj.openjdk.hotspot.jre.full.win32.x86_64_17.0.1.v20211116-1657\jre\bin\verify.dll
0x00007ff9674a0000 - 0x00007ff9674ae000 	C:\Users\Owner\.p2\pool\plugins\org.eclipse.justj.openjdk.hotspot.jre.full.win32.x86_64_17.0.1.v20211116-1657\jre\bin\sunmscapi.dll
0x00007ff988bf0000 - 0x00007ff988d46000 	C:\WINDOWS\System32\CRYPT32.dll
0x00007ff988020000 - 0x00007ff988047000 	C:\WINDOWS\SYSTEM32\ncrypt.dll
0x00007ff987fe0000 - 0x00007ff98801b000 	C:\WINDOWS\SYSTEM32\NTASN1.dll
0x00007ff987e70000 - 0x00007ff987e88000 	C:\WINDOWS\SYSTEM32\CRYPTSP.dll
0x00007ff987580000 - 0x00007ff9875b4000 	C:\WINDOWS\system32\rsaenh.dll
0x00007ff988420000 - 0x00007ff98844e000 	C:\WINDOWS\SYSTEM32\USERENV.dll
0x00007ff987e90000 - 0x00007ff987e9c000 	C:\WINDOWS\SYSTEM32\CRYPTBASE.dll
0x00007ff9810b0000 - 0x00007ff9810c7000 	C:\WINDOWS\SYSTEM32\dhcpcsvc6.DLL
0x00007ff981970000 - 0x00007ff98198d000 	C:\WINDOWS\SYSTEM32\dhcpcsvc.DLL

dbghelp: loaded successfully - version: 4.0.5 - missing functions: none
symbol engine: initialized successfully - sym options: 0x614 - pdb path: .;C:\Users\Owner\.p2\pool\plugins\org.eclipse.justj.openjdk.hotspot.jre.full.win32.x86_64_17.0.1.v20211116-1657\jre\bin;C:\WINDOWS\SYSTEM32;C:\WINDOWS\WinSxS\amd64_microsoft.windows.common-controls_6595b64144ccf1df_6.0.19041.1110_none_60b5254171f9507e;C:\Users\Owner\.p2\pool\plugins\org.eclipse.justj.openjdk.hotspot.jre.full.win32.x86_64_17.0.1.v20211116-1657\jre\bin\server

VM Arguments:
jvm_args: -XX:+ShowCodeDetailsInExceptionMessages -agentlib:jdwp=transport=dt_socket,suspend=y,address=localhost:50614 -javaagent:C:\Users\Owner\eclipse\jee-2021-09\eclipse\configuration\org.eclipse.osgi\1035\0\.cp\lib\javaagent-shaded.jar -Dfile.encoding=UTF-8 
java_command: pt.fcul.masters.problems.GPTrendForecastProblem
java_class_path (initial): C:\Users\Owner\Documents\GitHub\MarketGeneticGeneratedIndicators\target\classes;C:\Users\Owner\.m2\repository\org\projectlombok\lombok\1.18.20\lombok-1.18.20.jar;C:\Users\Owner\.m2\repository\mysql\mysql-connector-java\8.0.26\mysql-connector-java-8.0.26.jar;C:\Users\Owner\.m2\repository\com\google\protobuf\protobuf-java\3.11.4\protobuf-java-3.11.4.jar;C:\Users\Owner\.m2\repository\io\jenetics\jenetics\6.3.0\jenetics-6.3.0.jar;C:\Users\Owner\.m2\repository\io\jenetics\jenetics.prog\6.3.0\jenetics.prog-6.3.0.jar;C:\Users\Owner\.m2\repository\io\jenetics\jenetics.ext\6.3.0\jenetics.ext-6.3.0.jar;C:\Users\Owner\.m2\repository\org\json\json\20210307\json-20210307.jar;C:\Users\Owner\.m2\repository\io\jenetics\facilejdbc\1.3.0\facilejdbc-1.3.0.jar;C:\Users\Owner\.m2\repository\com\zaxxer\HikariCP\5.0.0\HikariCP-5.0.0.jar;C:\Users\Owner\.m2\repository\org\slf4j\slf4j-api\2.0.0-alpha1\slf4j-api-2.0.0-alpha1.jar;C:\Users\Owner\Documents\GitHub\Java_Plotter\target\classes;C:\Users\Owner\.m2\repository\org\openjfx\javafx-controls\18-ea+4\javafx-controls-18-ea+4.jar;C:\Users\Owner\.m2\repository\org\openjfx\javafx-controls\18-ea+4\javafx-controls-18-ea+4-win.jar;C:\Users\Owner\.m2\repository\org\openjfx\javafx-graphics\18-ea+4\javafx-graphics-18-ea+4.jar;C:\Users\Owner\.m2\repository\org\openjfx\javafx-graphics\18-ea+4\javafx-graphics-18-ea+4-win.jar;C:\Users\Owner\.m2\repository\org\openjfx\javafx-base\18-ea+4\javafx-base-18-ea+4.jar;C:\Users\Owner\.m2\repository\org\openjfx\javafx-base\18-ea+4\javafx-base-18-ea+4-win.jar;C:\Users\Owner\.m2\repository\org\openjfx\javafx-fxml\18-ea+4\javafx-fxml-18-ea+4.jar;C:\Users\Owner\.m2\repository\org\openjfx\javafx-fxml\18-ea+4\javafx-fxml-18-ea+4-win.jar;C:\Users\Owner\.m2\repository\org\openjfx\javafx-web\18-ea+4\javafx-web-18-ea+4.jar;C:\Users\Owner\.m2\repository\org\openjfx\javafx-web\18-ea+4\javafx-web-18-ea+4-win.jar;C:\Users\Owner\.m2\repository\org\openjfx\javafx-media\18-ea+4\javafx-media-18-ea+4.jar
Launcher Type: SUN_STANDARD

[Global flags]
     intx CICompilerCount                          = 12                                        {product} {ergonomic}
     uint ConcGCThreads                            = 3                                         {product} {ergonomic}
     uint G1ConcRefinementThreads                  = 13                                        {product} {ergonomic}
   size_t G1HeapRegionSize                         = 4194304                                   {product} {ergonomic}
    uintx GCDrainStackTargetSize                   = 64                                        {product} {ergonomic}
   size_t InitialHeapSize                          = 394264576                                 {product} {ergonomic}
   size_t MarkStackSize                            = 4194304                                   {product} {ergonomic}
   size_t MaxHeapSize                              = 6287261696                                {product} {ergonomic}
   size_t MaxNewSize                               = 3770679296                                {product} {ergonomic}
   size_t MinHeapDeltaBytes                        = 4194304                                   {product} {ergonomic}
   size_t MinHeapSize                              = 8388608                                   {product} {ergonomic}
    uintx NonNMethodCodeHeapSize                   = 7602480                                {pd product} {ergonomic}
    uintx NonProfiledCodeHeapSize                  = 122027880                              {pd product} {ergonomic}
    uintx ProfiledCodeHeapSize                     = 122027880                              {pd product} {ergonomic}
    uintx ReservedCodeCacheSize                    = 251658240                              {pd product} {ergonomic}
     bool SegmentedCodeCache                       = true                                      {product} {ergonomic}
     bool ShowCodeDetailsInExceptionMessages       = true                                   {manageable} {command line}
   size_t SoftMaxHeapSize                          = 6287261696                             {manageable} {ergonomic}
     bool UseCompressedClassPointers               = true                           {product lp64_product} {ergonomic}
     bool UseCompressedOops                        = true                           {product lp64_product} {ergonomic}
     bool UseG1GC                                  = true                                      {product} {ergonomic}
     bool UseLargePagesIndividualAllocation        = false                                  {pd product} {ergonomic}

Logging:
Log output configuration:
 #0: stdout all=warning uptime,level,tags
 #1: stderr all=off uptime,level,tags

Environment Variables:
JAVA_HOME=C:\Program Files (x86)\Java\jdk-17.0.1
PATH=C:\Users\Owner\.p2\pool\plugins\org.eclipse.justj.openjdk.hotspot.jre.full.win32.x86_64_17.0.1.v20211116-1657\jre\bin;C:/Users/Owner/.p2/pool/plugins/org.eclipse.justj.openjdk.hotspot.jre.full.win32.x86_64_17.0.1.v20211116-1657/jre/bin/server;C:/Users/Owner/.p2/pool/plugins/org.eclipse.justj.openjdk.hotspot.jre.full.win32.x86_64_17.0.1.v20211116-1657/jre/bin;C:\Program Files (x86)\Java\jdk-17.0.1\bin;C:\Windows\system32;C:\Windows;C:\Windows\System32\Wbem;C:\Windows\System32\WindowsPowerShell\v1.0\;C:\Windows\System32\OpenSSH\;C:\Program Files\NVIDIA Corporation\NVIDIA NvDLISR;C:\WINDOWS\system32;C:\WINDOWS;C:\WINDOWS\System32\Wbem;C:\WINDOWS\System32\WindowsPowerShell\v1.0\;C:\WINDOWS\System32\OpenSSH\;C:\Program Files (x86)\NVIDIA Corporation\PhysX\Common;C:\Program Files\QuestDB-6.1.13\bin;C:\Program Files\Docker\Docker\resources\bin;C:\ProgramData\DockerDesktop\version-bin;C:\Program Files (x86)\Common Files\Oracle\Java\javapath;C:\ProgramData\Oracle\Java\javapath;C:\Users\Owner\AppData\Local\Microsoft\WindowsApps;C:\Users\Owner\AppData\Local\GitHubDesktop\bin;C:\WINDOWS\system32;
USERNAME=Owner
OS=Windows_NT
PROCESSOR_IDENTIFIER=AMD64 Family 23 Model 96 Stepping 1, AuthenticAMD



---------------  S Y S T E M  ---------------

OS:
 Windows 10 , 64 bit Build 19041 (10.0.19041.1348)
OS uptime: 0 days 5:25 hours
Hyper-V role detected

CPU: total 16 (initial active 16) (16 cores per cpu, 2 threads per core) family 23 model 96 stepping 1 microcode 0x0, cx8, cmov, fxsr, ht, mmx, 3dnowpref, sse, sse2, sse3, ssse3, sse4a, sse4.1, sse4.2, popcnt, lzcnt, tsc, tscinvbit, avx, avx2, aes, clmul, bmi1, bmi2, adx, sha, fma, vzeroupper, clflush, clflushopt, hv

Memory: 4k page, system-wide physical 23981M (13084M free)
TotalPageFile size 44461M (AvailPageFile size 26003M)
current process WorkingSet (physical memory assigned to process): 656M, peak: 777M
current process commit charge ("private bytes"): 769M, peak: 884M

vm_info: OpenJDK 64-Bit Server VM (17.0.1+12) for windows-amd64 JRE (17.0.1+12), built on Oct 20 2021 07:42:55 by "" with MS VC++ 16.7 (VS2019)

END.
