#
# A fatal error has been detected by the Java Runtime Environment:
#
#  EXCEPTION_ACCESS_VIOLATION (0xc0000005) at pc=0x00007ffb77acbc8a, pid=44924, tid=46340
#
# JRE version: OpenJDK Runtime Environment Temurin-17.0.1+12 (17.0.1+12) (build 17.0.1+12)
# Java VM: OpenJDK 64-Bit Server VM Temurin-17.0.1+12 (17.0.1+12, mixed mode, tiered, compressed oops, compressed class ptrs, g1 gc, windows-amd64)
# Problematic frame:
# V  [jvm.dll+0x79bc8a]
#
# No core dump will be written. Minidumps are not enabled by default on client versions of Windows
#
# If you would like to submit a bug report, please visit:
#   https://github.com/adoptium/adoptium-support/issues
#

---------------  S U M M A R Y ------------

Command Line: -XX:+ShowCodeDetailsInExceptionMessages -agentlib:jdwp=transport=dt_socket,suspend=y,address=localhost:60671 -javaagent:C:\Users\Owner\eclipse\jee-2021-09\eclipse\configuration\org.eclipse.osgi\1035\0\.cp\lib\javaagent-shaded.jar -Dfile.encoding=UTF-8 pt.fcul.masters.gp.runner.gp.problems.GPTrendForecastProblem

Host: AMD Ryzen 9 4900HS with Radeon Graphics         , 16 cores, 23G,  Windows 10 , 64 bit Build 19041 (10.0.19041.1503)
Time: Sun Feb 13 00:27:57 2022 GMT Standard Time elapsed time: 547.476149 seconds (0d 0h 9m 7s)

---------------  T H R E A D  ---------------

Current thread (0x000001e07b717ee0):  JavaThread "JDWP Transport Listener: dt_socket" daemon [_thread_in_vm, id=46340, stack(0x0000001418800000,0x0000001418900000)]

Stack: [0x0000001418800000,0x0000001418900000],  sp=0x00000014188ff8e0,  free space=1022k
Native frames: (J=compiled Java code, j=interpreted, Vv=VM code, C=native code)
V  [jvm.dll+0x79bc8a]
V  [jvm.dll+0x507e6c]
V  [jvm.dll+0x4cf4d4]
C  [jdwp.dll+0x22dff]


siginfo: EXCEPTION_ACCESS_VIOLATION (0xc0000005), reading address 0x000000000157014a


Register to memory mapping:

RIP=0x00007ffb77acbc8a jvm.dll
RAX=0x0000000000000156 is an unknown value
RBX=0x000001e07b59db22 points into unknown readable memory: 65 6d 6f 72 79 2f
RCX=0x0000000001570146 is an unknown value
RDX=0x000001e000fd1110 points into unknown readable memory: 0x6c7563662f74704c | 4c 70 74 2f 66 63 75 6c
RSP=0x00000014188ff8e0 is pointing into the stack for thread: 0x000001e07b717ee0
RBP=0x000001e07b72a350 points into unknown readable memory: 0x0043005000000002 | 02 00 00 00 50 00 43 00
RSI=0x0 is NULL
RDI=0xffffffffffffffff is an unknown value
R8 =0x0000000000000056 is an unknown value
R9 =0x0000000000000040 is an unknown value
R10=0x0000000000000040 is an unknown value
R11=0x00000014188ff900 is pointing into the stack for thread: 0x000001e07b717ee0
R12=0x00000014188ffa38 is pointing into the stack for thread: 0x000001e07b717ee0
R13=0x0 is NULL
R14=0x00000008001062a8 is a pointer to class: 
pt.fcul.masters.gp.runner.GPTrendForecast {0x00000008001062b0}
 - instance size:     4
 - klass size:        108
 - access:            public synchronized 
 - state:             fully_initialized
 - name:              'pt/fcul/masters/GPTrendForecast'
 - super:             'java/lang/Object'
 - sub:               
 - arrays:            NULL
 - methods:           Array<T>(0x000001e07f662ae8)
 - method ordering:   Array<T>(0x000001e07f8dbd58)
 - default_methods:   Array<T>(0x000001e07c448360)
 - default vtable indices:   Array<T>(0x000001e07c448388)
 - local interfaces:  Array<T>(0x000001e07c445ed0)
 - trans. interfaces: Array<T>(0x000001e07c4482c8)
 - constants:         constant pool [409]/operands[21] {0x000001e07f661c90} for 'pt/fcul/masters/GPTrendForecast' cache=0x000001e07f6613d0
 - class loader data:  loader data: 0x000001e07b441650 for instance a 'jdk/internal/loader/ClassLoaders$AppClassLoader'{0x0000000689401ce0}
 - source file:       'GPTrendForecast.java'
 - source debug extension:       SMAP
GPTrendForecast.java
Java
*S jdt
*F
1 GPTrendForecast.java
2 file:/C:/Users/Owner/Documents/GitHub/MarketGeneticGeneratedIndicators/target/classes/
*L
*E

 - class annotations:       Array<T>(0x0000000000000000)
 - class type annotations:  Array<T>(0x0000000000000000)
 - field annotations:       Array<T>(0x0000000000000000)
 - field type annotations:  Array<T>(0x0000000000000000)
 - previous version:  constant pool [404]/operands[21] {0x000001e07c444a20} for 'pt/fcul/masters/GPTrendForecast' (extra) cache=0x000001e07f652460
 - generic signature: '
[error occurred during error reporting (printing register info), id 0xc0000005, EXCEPTION_ACCESS_VIOLATION (0xc0000005) at pc=0x00007ffb77acc896]

Registers:
RAX=0x0000000000000156, RBX=0x000001e07b59db22, RCX=0x0000000001570146, RDX=0x000001e000fd1110
RSP=0x00000014188ff8e0, RBP=0x000001e07b72a350, RSI=0x0000000000000000, RDI=0xffffffffffffffff
R8 =0x0000000000000056, R9 =0x0000000000000040, R10=0x0000000000000040, R11=0x00000014188ff900
R12=0x00000014188ffa38, R13=0x0000000000000000, R14=0x00000008001062a8, R15=0x00000014188ffa60
RIP=0x00007ffb77acbc8a, EFLAGS=0x0000000000010202

Top of Stack: (sp=0x00000014188ff8e0)
0x00000014188ff8e0:   000000000000001f 00000008001062a8
0x00000014188ff8f0:   000001e000fd0ff0 00007ffbe34547b1
0x00000014188ff900:   ffffffffffffffff 00007ffb77837e6c
0x00000014188ff910:   000001e07b59db22 000001e07b59db00
0x00000014188ff920:   000001e07b72a350 0000000000000000
0x00000014188ff930:   000001e07b59dad0 00000000000003d8
0x00000014188ff940:   000001e07b59dae0 000001e07b59deb8
0x00000014188ff950:   0000000000007201 00000014188ffa38
0x00000014188ff960:   0000000000000007 000001e07b718188
0x00000014188ff970:   0000000689406ca0 00007ffb777ff4d4
0x00000014188ff980:   000001e07b717ee0 00000014188ffa60
0x00000014188ff990:   000001e056cb35e0 00000014188ffa60
0x00000014188ff9a0:   000001e07b717ee0 0000000000000000
0x00000014188ff9b0:   0000000000000000 0000000000000000
0x00000014188ff9c0:   000001e07b71a6c8 00007ffbc7df2dff
0x00000014188ff9d0:   00000014188ffa58 00007ffbc7e01aa0 

Instructions: (pc=0x00007ffb77acbc8a)
0x00007ffb77acbb8a:   48 83 c4 20 5f e9 3c a2 90 ff cc cc cc cc cc cc
0x00007ffb77acbb9a:   cc cc cc cc cc cc 48 89 5c 24 08 57 48 83 ec 20
0x00007ffb77acbbaa:   83 fa 02 8d 42 06 b9 08 00 00 00 49 8b d8 0f 4e
0x00007ffb77acbbba:   c1 48 63 c8 48 83 c1 07 83 e1 f8 48 63 f9 49 8b
0x00007ffb77acbbca:   48 18 48 8b c7 48 f7 d0 48 3b c1 73 16 4c 8d 05
0x00007ffb77acbbda:   5a 55 17 00 48 8b d7 48 8b cb e8 47 05 91 ff 48
0x00007ffb77acbbea:   8b 4b 18 48 8d 04 39 48 3b 43 20 76 18 45 33 c0
0x00007ffb77acbbfa:   48 8b d7 48 8b cb 48 8b 5c 24 30 48 83 c4 20 5f
0x00007ffb77acbc0a:   e9 a1 01 91 ff 48 89 43 18 48 8b c1 48 8b 5c 24
0x00007ffb77acbc1a:   30 48 83 c4 20 5f c3 cc cc cc cc cc cc cc cc cc
0x00007ffb77acbc2a:   cc cc cc cc cc cc 4c 8b d2 4c 8b d9 45 85 c0 7e
0x00007ffb77acbc3a:   3c 44 0f b7 49 04 41 8d 40 ff 41 3b c1 44 0f 4c
0x00007ffb77acbc4a:   c8 4d 63 c1 45 85 c9 7e 1f 48 8b c2 4c 2b da 49
0x00007ffb77acbc5a:   8b d0 0f 1f 40 00 41 0f b6 4c 03 06 88 08 48 8d
0x00007ffb77acbc6a:   40 01 48 83 ea 01 75 ee 43 c6 04 10 00 49 8b c2
0x00007ffb77acbc7a:   c3 cc cc cc cc cc 48 89 5c 24 08 57 48 83 ec 20
0x00007ffb77acbc8a:   0f b7 59 04 48 8b f9 33 d2 48 8d 4b 01 e8 24 e8
0x00007ffb77acbc9a:   f2 ff 0f b7 57 04 4c 8b c0 3b da 0f 42 d3 44 8b
0x00007ffb77acbcaa:   ca 85 d2 74 39 48 2b f8 0f 1f 40 00 66 66 0f 1f
0x00007ffb77acbcba:   84 00 00 00 00 00 0f b6 4c 07 06 88 08 48 ff c0
0x00007ffb77acbcca:   48 8b c8 49 2b c8 49 3b c9 7c eb 42 c6 04 02 00
0x00007ffb77acbcda:   49 8b c0 48 8b 5c 24 30 48 83 c4 20 5f c3 48 8b
0x00007ffb77acbcea:   5c 24 30 c6 04 02 00 48 83 c4 20 5f c3 cc cc cc
0x00007ffb77acbcfa:   cc cc cc cc cc cc 4c 8b d1 45 85 c0 7e 6c 44 0f
0x00007ffb77acbd0a:   b7 49 04 41 8d 40 ff 41 3b c1 44 0f 4c c8 4d 63
0x00007ffb77acbd1a:   d9 45 85 c9 7e 22 48 8b ca 4c 2b d2 4d 8b c3 0f
0x00007ffb77acbd2a:   1f 80 00 00 00 00 41 0f b6 44 0a 06 88 01 48 8d
0x00007ffb77acbd3a:   49 01 49 83 e8 01 75 ee 41 c6 04 13 00 48 c7 c0
0x00007ffb77acbd4a:   ff ff ff ff 66 90 48 ff c0 80 3c 02 00 75 f7 48
0x00007ffb77acbd5a:   63 c8 85 c0 48 8b c2 7e 14 80 38 2f 75 03 c6 00
0x00007ffb77acbd6a:   2e 48 ff c0 48 83 e9 01 75 ef 48 8b c2 c3 cc cc
0x00007ffb77acbd7a:   cc cc cc cc cc cc 48 83 ec 28 e8 f7 fe ff ff 4c 


Stack slot to memory mapping:
stack at sp + 0 slots: 0x000000000000001f is an unknown value
stack at sp + 1 slots: 0x00000008001062a8 is a pointer to class: 
pt.fcul.masters.gp.runner.GPTrendForecast {0x00000008001062b0}
 - instance size:     4
 - klass size:        108
 - access:            public synchronized 
 - state:             fully_initialized
 - name:              'pt/fcul/masters/GPTrendForecast'
 - super:             'java/lang/Object'
 - sub:               
 - arrays:            NULL
 - methods:           Array<T>(0x000001e07f662ae8)
 - method ordering:   Array<T>(0x000001e07f8dbd58)
 - default_methods:   Array<T>(0x000001e07c448360)
 - default vtable indices:   Array<T>(0x000001e07c448388)
 - local interfaces:  Array<T>(0x000001e07c445ed0)
 - trans. interfaces: Array<T>(0x000001e07c4482c8)
 - constants:         constant pool [409]/operands[21] {0x000001e07f661c90} for 'pt/fcul/masters/GPTrendForecast' cache=0x000001e07f6613d0
 - class loader data:  loader data: 0x000001e07b441650 for instance a 'jdk/internal/loader/ClassLoaders$AppClassLoader'{0x0000000689401ce0}
 - source file:       'GPTrendForecast.java'
 - source debug extension:       SMAP
GPTrendForecast.java
Java
*S jdt
*F
1 GPTrendForecast.java
2 file:/C:/Users/Owner/Documents/GitHub/MarketGeneticGeneratedIndicators/target/classes/
*L
*E

 - class annotations:       Array<T>(0x0000000000000000)
 - class type annotations:  Array<T>(0x0000000000000000)
 - field annotations:       Array<T>(0x0000000000000000)
 - field type annotations:  Array<T>(0x0000000000000000)
 - previous version:  constant pool [404]/operands[21] {0x000001e07c444a20} for 'pt/fcul/masters/GPTrendForecast' (extra) cache=0x000001e07f652460
 - generic signature: '
[error occurred during error reporting (inspecting top of stack), id 0xc0000005, EXCEPTION_ACCESS_VIOLATION (0xc0000005) at pc=0x00007ffb77acc896]


---------------  P R O C E S S  ---------------

Threads class SMR info:
_java_thread_list=0x000001e07df01fd0, length=33, elements={
0x000001e07b434030, 0x000001e07b437560, 0x000001e07b43cf60, 0x000001e07aa67550,
0x000001e07aa685b0, 0x000001e07b45c7b0, 0x000001e07b45fb60, 0x000001e07b463c20,
0x000001e07b466530, 0x000001e07b59ff00, 0x000001e07b717ee0, 0x000001e07b718d80,
0x000001e07b7aeaa0, 0x000001e07be7cad0, 0x000001e07c0d9440, 0x000001e0005aecf0,
0x000001e000f40020, 0x000001e07d9e3830, 0x000001e07e74f8e0, 0x000001e07e74cd90,
0x000001e07e74c3f0, 0x000001e07e74d260, 0x000001e07e74d730, 0x000001e07e74dc00,
0x000001e07e74ea70, 0x000001e07e74ef40, 0x000001e07e74e0d0, 0x000001e07e74e5a0,
0x000001e07d14d7a0, 0x000001e07d1502f0, 0x000001e07d14c460, 0x000001e07d151b00,
0x000001e07d151fd0
}

Java Threads: ( => current thread )
  0x000001e07b434030 JavaThread "Reference Handler" daemon [_thread_blocked, id=44920, stack(0x0000001417b00000,0x0000001417c00000)]
  0x000001e07b437560 JavaThread "Finalizer" daemon [_thread_blocked, id=42800, stack(0x0000001417c00000,0x0000001417d00000)]
  0x000001e07b43cf60 JavaThread "Signal Dispatcher" daemon [_thread_blocked, id=47524, stack(0x0000001417d00000,0x0000001417e00000)]
  0x000001e07aa67550 JavaThread "Attach Listener" daemon [_thread_blocked, id=44260, stack(0x0000001417e00000,0x0000001417f00000)]
  0x000001e07aa685b0 JavaThread "Service Thread" daemon [_thread_blocked, id=49120, stack(0x0000001417f00000,0x0000001418000000)]
  0x000001e07b45c7b0 JavaThread "Monitor Deflation Thread" daemon [_thread_blocked, id=48988, stack(0x0000001418000000,0x0000001418100000)]
  0x000001e07b45fb60 JavaThread "C2 CompilerThread0" daemon [_thread_blocked, id=49124, stack(0x0000001418100000,0x0000001418200000)]
  0x000001e07b463c20 JavaThread "C1 CompilerThread0" daemon [_thread_blocked, id=48260, stack(0x0000001418200000,0x0000001418300000)]
  0x000001e07b466530 JavaThread "Sweeper thread" daemon [_thread_blocked, id=34068, stack(0x0000001418300000,0x0000001418400000)]
  0x000001e07b59ff00 JavaThread "Common-Cleaner" daemon [_thread_blocked, id=47484, stack(0x0000001418400000,0x0000001418500000)]
=>0x000001e07b717ee0 JavaThread "JDWP Transport Listener: dt_socket" daemon [_thread_in_vm, id=46340, stack(0x0000001418800000,0x0000001418900000)]
  0x000001e07b718d80 JavaThread "JDWP Event Helper Thread" daemon [_thread_blocked, id=45484, stack(0x0000001418900000,0x0000001418a00000)]
  0x000001e07b7aeaa0 JavaThread "JDWP Command Reader" daemon [_thread_in_native, id=48716, stack(0x0000001418a00000,0x0000001418b00000)]
  0x000001e07be7cad0 JavaThread "Notification Thread" daemon [_thread_blocked, id=48444, stack(0x0000001418b00000,0x0000001418c00000)]
  0x000001e07c0d9440 JavaThread "mysql-cj-abandoned-connection-cleanup" daemon [_thread_blocked, id=48888, stack(0x0000001418d00000,0x0000001418e00000)]
  0x000001e0005aecf0 JavaThread "HikariPool-1 housekeeper" daemon [_thread_blocked, id=48632, stack(0x0000001419c00000,0x0000001419d00000)]
  0x000001e000f40020 JavaThread "pool-1-thread-1" [_thread_blocked, id=49924, stack(0x000000141a500000,0x000000141a600000)]
  0x000001e07d9e3830 JavaThread "pool-1-thread-2" [_thread_blocked, id=49928, stack(0x000000141a600000,0x000000141a700000)]
  0x000001e07e74f8e0 JavaThread "pool-1-thread-3" [_thread_blocked, id=49932, stack(0x000000141a700000,0x000000141a800000)]
  0x000001e07e74cd90 JavaThread "pool-1-thread-4" [_thread_blocked, id=49936, stack(0x000000141a800000,0x000000141a900000)]
  0x000001e07e74c3f0 JavaThread "pool-1-thread-5" [_thread_blocked, id=49940, stack(0x000000141a900000,0x000000141aa00000)]
  0x000001e07e74d260 JavaThread "pool-1-thread-6" [_thread_blocked, id=49944, stack(0x000000141aa00000,0x000000141ab00000)]
  0x000001e07e74d730 JavaThread "pool-1-thread-7" [_thread_blocked, id=49948, stack(0x000000141ab00000,0x000000141ac00000)]
  0x000001e07e74dc00 JavaThread "pool-1-thread-8" [_thread_blocked, id=49952, stack(0x000000141ac00000,0x000000141ad00000)]
  0x000001e07e74ea70 JavaThread "pool-1-thread-9" [_thread_blocked, id=49956, stack(0x000000141ad00000,0x000000141ae00000)]
  0x000001e07e74ef40 JavaThread "pool-1-thread-10" [_thread_blocked, id=49960, stack(0x000000141ae00000,0x000000141af00000)]
  0x000001e07e74e0d0 JavaThread "pool-1-thread-11" [_thread_blocked, id=49964, stack(0x000000141af00000,0x000000141b000000)]
  0x000001e07e74e5a0 JavaThread "pool-1-thread-12" [_thread_blocked, id=49968, stack(0x000000141b000000,0x000000141b100000)]
  0x000001e07d14d7a0 JavaThread "pool-1-thread-13" [_thread_blocked, id=49972, stack(0x000000141b100000,0x000000141b200000)]
  0x000001e07d1502f0 JavaThread "pool-1-thread-14" [_thread_blocked, id=49976, stack(0x000000141b200000,0x000000141b300000)]
  0x000001e07d14c460 JavaThread "pool-1-thread-15" [_thread_blocked, id=49980, stack(0x000000141b300000,0x000000141b400000)]
  0x000001e07d151b00 JavaThread "pool-1-thread-16" [_thread_blocked, id=49984, stack(0x000000141b400000,0x000000141b500000)]
  0x000001e07d151fd0 JavaThread "DestroyJavaVM" [_thread_blocked, id=45184, stack(0x0000001417400000,0x0000001417500000)]

Other Threads:
  0x000001e07aa188c0 VMThread "VM Thread" [stack: 0x0000001417a00000,0x0000001417b00000] [id=35304]
  0x000001e07b6260a0 WatcherThread [stack: 0x0000001418c00000,0x0000001418d00000] [id=47284]
  0x000001e056d23cb0 GCTaskThread "GC Thread#0" [stack: 0x0000001417500000,0x0000001417600000] [id=48080]
  0x000001e07ccc2270 GCTaskThread "GC Thread#1" [stack: 0x0000001418e00000,0x0000001418f00000] [id=48896]
  0x000001e07c2151e0 GCTaskThread "GC Thread#2" [stack: 0x0000001418f00000,0x0000001419000000] [id=41468]
  0x000001e07cce24e0 GCTaskThread "GC Thread#3" [stack: 0x0000001419000000,0x0000001419100000] [id=48408]
  0x000001e07cc32c80 GCTaskThread "GC Thread#4" [stack: 0x0000001419100000,0x0000001419200000] [id=48352]
  0x000001e07cc32f30 GCTaskThread "GC Thread#5" [stack: 0x0000001419200000,0x0000001419300000] [id=47536]
  0x000001e07c33e7d0 GCTaskThread "GC Thread#6" [stack: 0x0000001419300000,0x0000001419400000] [id=48488]
  0x000001e07c33ea80 GCTaskThread "GC Thread#7" [stack: 0x0000001419400000,0x0000001419500000] [id=48492]
  0x000001e07c32c830 GCTaskThread "GC Thread#8" [stack: 0x0000001419500000,0x0000001419600000] [id=41148]
  0x000001e07d0d2720 GCTaskThread "GC Thread#9" [stack: 0x0000001419900000,0x0000001419a00000] [id=12852]
  0x000001e07d0d3740 GCTaskThread "GC Thread#10" [stack: 0x0000001419a00000,0x0000001419b00000] [id=43424]
  0x000001e07d0d2c80 GCTaskThread "GC Thread#11" [stack: 0x0000001419b00000,0x0000001419c00000] [id=34032]
  0x000001e07d0d2f30 GCTaskThread "GC Thread#12" [stack: 0x000000141a100000,0x000000141a200000] [id=21640]
  0x000001e056d30650 ConcurrentGCThread "G1 Main Marker" [stack: 0x0000001417600000,0x0000001417700000] [id=48828]
  0x000001e056d32720 ConcurrentGCThread "G1 Conc#0" [stack: 0x0000001417700000,0x0000001417800000] [id=48852]
  0x000001e07d0d31e0 ConcurrentGCThread "G1 Conc#1" [stack: 0x000000141a200000,0x000000141a300000] [id=48792]
  0x000001e07d0d3ca0 ConcurrentGCThread "G1 Conc#2" [stack: 0x000000141a300000,0x000000141a400000] [id=47820]
  0x000001e07a8d14c0 ConcurrentGCThread "G1 Refine#0" [stack: 0x0000001417800000,0x0000001417900000] [id=48824]
  0x000001e07dce0670 ConcurrentGCThread "G1 Refine#1" [stack: 0x0000001419f00000,0x000000141a000000] [id=49904]
  0x000001e07dce1a90 ConcurrentGCThread "G1 Refine#2" [stack: 0x000000141a400000,0x000000141a500000] [id=50004]
  0x000001e07dce0f10 ConcurrentGCThread "G1 Refine#3" [stack: 0x000000141b500000,0x000000141b600000] [id=50008]
  0x000001e07a8d2e00 ConcurrentGCThread "G1 Service" [stack: 0x0000001417900000,0x0000001417a00000] [id=48244]

Threads with active compile tasks:

VM state: not at safepoint (normal execution)

VM Mutex/Monitor currently owned by a thread: None

Heap address: 0x0000000689400000, size: 5996 MB, Compressed Oops mode: Zero based, Oop shift amount: 3

CDS archive(s) not mapped
Compressed class space mapped at: 0x0000000800000000-0x0000000840000000, reserved size: 1073741824
Narrow klass base: 0x0000000800000000, Narrow klass shift: 0, Narrow klass range: 0x40000000

GC Precious Log:
 CPUs: 16 total, 16 available
 Memory: 23981M
 Large Page Support: Disabled
 NUMA Support: Disabled
 Compressed Oops: Enabled (Zero based)
 Heap Region Size: 4M
 Heap Min Capacity: 8M
 Heap Initial Capacity: 376M
 Heap Max Capacity: 5996M
 Pre-touch: Disabled
 Parallel Workers: 13
 Concurrent Workers: 3
 Concurrent Refinement Workers: 13
 Periodic GC: Disabled

Heap:
 garbage-first heap   total 1163264K, used 274305K [0x0000000689400000, 0x0000000800000000)
  region size 4096K, 56 young (229376K), 1 survivors (4096K)
 Metaspace       used 24408K, committed 24576K, reserved 1073152K
  class space    used 2374K, committed 2432K, reserved 1048576K

Heap Regions: E=young(eden), S=young(survivor), O=old, HS=humongous(starts), HC=humongous(continues), CS=collection set, F=free, OA=open archive, CA=closed archive, TAMS=top-at-mark-start (previous, next)
|   0|0x0000000689400000, 0x0000000689800000, 0x0000000689800000|100%| O|  |TAMS 0x0000000689700400, 0x0000000689400000| Untracked 
|   1|0x0000000689800000, 0x0000000689c00000, 0x0000000689c00000|100%| O|  |TAMS 0x0000000689800000, 0x0000000689800000| Untracked 
|   2|0x0000000689c00000, 0x000000068a000000, 0x000000068a000000|100%| O|  |TAMS 0x0000000689c00000, 0x0000000689c00000| Untracked 
|   3|0x000000068a000000, 0x000000068a400000, 0x000000068a400000|100%| O|  |TAMS 0x000000068a000000, 0x000000068a000000| Untracked 
|   4|0x000000068a400000, 0x000000068a800000, 0x000000068a800000|100%| O|  |TAMS 0x000000068a400000, 0x000000068a400000| Untracked 
|   5|0x000000068a800000, 0x000000068ac00000, 0x000000068ac00000|100%| O|  |TAMS 0x000000068a800000, 0x000000068a800000| Untracked 
|   6|0x000000068ac00000, 0x000000068b000000, 0x000000068b000000|100%| O|  |TAMS 0x000000068ac00000, 0x000000068ac00000| Untracked 
|   7|0x000000068b000000, 0x000000068b400000, 0x000000068b400000|100%| O|  |TAMS 0x000000068b000000, 0x000000068b000000| Untracked 
|   8|0x000000068b400000, 0x000000068b800000, 0x000000068b800000|100%| O|  |TAMS 0x000000068b400000, 0x000000068b400000| Untracked 
|   9|0x000000068b800000, 0x000000068bc00000, 0x000000068bc00000|100%| O|  |TAMS 0x000000068b800000, 0x000000068b800000| Untracked 
|  10|0x000000068bc00000, 0x000000068c000000, 0x000000068c000000|100%| O|  |TAMS 0x000000068bc00000, 0x000000068bc00000| Untracked 
|  11|0x000000068c000000, 0x000000068c400000, 0x000000068c400000|100%| O|  |TAMS 0x000000068c000000, 0x000000068c000000| Untracked 
|  12|0x000000068c400000, 0x000000068c791600, 0x000000068c800000| 89%| O|  |TAMS 0x000000068c400000, 0x000000068c400000| Untracked 
|  13|0x000000068c800000, 0x000000068c800000, 0x000000068cc00000|  0%| F|  |TAMS 0x000000068c800000, 0x000000068c800000| Untracked 
|  14|0x000000068cc00000, 0x000000068cc00000, 0x000000068d000000|  0%| F|  |TAMS 0x000000068cc00000, 0x000000068cc00000| Untracked 
|  15|0x000000068d000000, 0x000000068d000000, 0x000000068d400000|  0%| F|  |TAMS 0x000000068d000000, 0x000000068d000000| Untracked 
|  16|0x000000068d400000, 0x000000068d400000, 0x000000068d800000|  0%| F|  |TAMS 0x000000068d400000, 0x000000068d400000| Untracked 
|  17|0x000000068d800000, 0x000000068d800000, 0x000000068dc00000|  0%| F|  |TAMS 0x000000068d800000, 0x000000068d800000| Untracked 
|  18|0x000000068dc00000, 0x000000068dc00000, 0x000000068e000000|  0%| F|  |TAMS 0x000000068dc00000, 0x000000068dc00000| Untracked 
|  19|0x000000068e000000, 0x000000068e000000, 0x000000068e400000|  0%| F|  |TAMS 0x000000068e000000, 0x000000068e000000| Untracked 
|  20|0x000000068e400000, 0x000000068e400000, 0x000000068e800000|  0%| F|  |TAMS 0x000000068e400000, 0x000000068e400000| Untracked 
|  21|0x000000068e800000, 0x000000068e800000, 0x000000068ec00000|  0%| F|  |TAMS 0x000000068e800000, 0x000000068e800000| Untracked 
|  22|0x000000068ec00000, 0x000000068ec00000, 0x000000068f000000|  0%| F|  |TAMS 0x000000068ec00000, 0x000000068ec00000| Untracked 
|  23|0x000000068f000000, 0x000000068f000000, 0x000000068f400000|  0%| F|  |TAMS 0x000000068f000000, 0x000000068f000000| Untracked 
|  24|0x000000068f400000, 0x000000068f400000, 0x000000068f800000|  0%| F|  |TAMS 0x000000068f400000, 0x000000068f400000| Untracked 
|  25|0x000000068f800000, 0x000000068f800000, 0x000000068fc00000|  0%| F|  |TAMS 0x000000068f800000, 0x000000068f800000| Untracked 
|  26|0x000000068fc00000, 0x000000068fc00000, 0x0000000690000000|  0%| F|  |TAMS 0x000000068fc00000, 0x000000068fc00000| Untracked 
|  27|0x0000000690000000, 0x0000000690000000, 0x0000000690400000|  0%| F|  |TAMS 0x0000000690000000, 0x0000000690000000| Untracked 
|  28|0x0000000690400000, 0x0000000690400000, 0x0000000690800000|  0%| F|  |TAMS 0x0000000690400000, 0x0000000690400000| Untracked 
|  29|0x0000000690800000, 0x0000000690800000, 0x0000000690c00000|  0%| F|  |TAMS 0x0000000690800000, 0x0000000690800000| Untracked 
|  30|0x0000000690c00000, 0x0000000690c00000, 0x0000000691000000|  0%| F|  |TAMS 0x0000000690c00000, 0x0000000690c00000| Untracked 
|  31|0x0000000691000000, 0x0000000691000000, 0x0000000691400000|  0%| F|  |TAMS 0x0000000691000000, 0x0000000691000000| Untracked 
|  32|0x0000000691400000, 0x0000000691400000, 0x0000000691800000|  0%| F|  |TAMS 0x0000000691400000, 0x0000000691400000| Untracked 
|  33|0x0000000691800000, 0x0000000691800000, 0x0000000691c00000|  0%| F|  |TAMS 0x0000000691800000, 0x0000000691800000| Untracked 
|  34|0x0000000691c00000, 0x0000000691c00000, 0x0000000692000000|  0%| F|  |TAMS 0x0000000691c00000, 0x0000000691c00000| Untracked 
|  35|0x0000000692000000, 0x0000000692000000, 0x0000000692400000|  0%| F|  |TAMS 0x0000000692000000, 0x0000000692000000| Untracked 
|  36|0x0000000692400000, 0x0000000692400000, 0x0000000692800000|  0%| F|  |TAMS 0x0000000692400000, 0x0000000692400000| Untracked 
|  37|0x0000000692800000, 0x0000000692800000, 0x0000000692c00000|  0%| F|  |TAMS 0x0000000692800000, 0x0000000692800000| Untracked 
|  38|0x0000000692c00000, 0x0000000692c00000, 0x0000000693000000|  0%| F|  |TAMS 0x0000000692c00000, 0x0000000692c00000| Untracked 
|  39|0x0000000693000000, 0x0000000693000000, 0x0000000693400000|  0%| F|  |TAMS 0x0000000693000000, 0x0000000693000000| Untracked 
|  40|0x0000000693400000, 0x0000000693400000, 0x0000000693800000|  0%| F|  |TAMS 0x0000000693400000, 0x0000000693400000| Untracked 
|  41|0x0000000693800000, 0x0000000693800000, 0x0000000693c00000|  0%| F|  |TAMS 0x0000000693800000, 0x0000000693800000| Untracked 
|  42|0x0000000693c00000, 0x0000000693c00000, 0x0000000694000000|  0%| F|  |TAMS 0x0000000693c00000, 0x0000000693c00000| Untracked 
|  43|0x0000000694000000, 0x0000000694000000, 0x0000000694400000|  0%| F|  |TAMS 0x0000000694000000, 0x0000000694000000| Untracked 
|  44|0x0000000694400000, 0x0000000694400000, 0x0000000694800000|  0%| F|  |TAMS 0x0000000694400000, 0x0000000694400000| Untracked 
|  45|0x0000000694800000, 0x0000000694800000, 0x0000000694c00000|  0%| F|  |TAMS 0x0000000694800000, 0x0000000694800000| Untracked 
|  46|0x0000000694c00000, 0x0000000694c00000, 0x0000000695000000|  0%| F|  |TAMS 0x0000000694c00000, 0x0000000694c00000| Untracked 
|  47|0x0000000695000000, 0x0000000695000000, 0x0000000695400000|  0%| F|  |TAMS 0x0000000695000000, 0x0000000695000000| Untracked 
|  48|0x0000000695400000, 0x0000000695400000, 0x0000000695800000|  0%| F|  |TAMS 0x0000000695400000, 0x0000000695400000| Untracked 
|  49|0x0000000695800000, 0x0000000695800000, 0x0000000695c00000|  0%| F|  |TAMS 0x0000000695800000, 0x0000000695800000| Untracked 
|  50|0x0000000695c00000, 0x0000000695c00000, 0x0000000696000000|  0%| F|  |TAMS 0x0000000695c00000, 0x0000000695c00000| Untracked 
|  51|0x0000000696000000, 0x0000000696000000, 0x0000000696400000|  0%| F|  |TAMS 0x0000000696000000, 0x0000000696000000| Untracked 
|  52|0x0000000696400000, 0x0000000696400000, 0x0000000696800000|  0%| F|  |TAMS 0x0000000696400000, 0x0000000696400000| Untracked 
|  53|0x0000000696800000, 0x0000000696800000, 0x0000000696c00000|  0%| F|  |TAMS 0x0000000696800000, 0x0000000696800000| Untracked 
|  54|0x0000000696c00000, 0x0000000696c00000, 0x0000000697000000|  0%| F|  |TAMS 0x0000000696c00000, 0x0000000696c00000| Untracked 
|  55|0x0000000697000000, 0x0000000697000000, 0x0000000697400000|  0%| F|  |TAMS 0x0000000697000000, 0x0000000697000000| Untracked 
|  56|0x0000000697400000, 0x0000000697400000, 0x0000000697800000|  0%| F|  |TAMS 0x0000000697400000, 0x0000000697400000| Untracked 
|  57|0x0000000697800000, 0x0000000697800000, 0x0000000697c00000|  0%| F|  |TAMS 0x0000000697800000, 0x0000000697800000| Untracked 
|  58|0x0000000697c00000, 0x0000000697c00000, 0x0000000698000000|  0%| F|  |TAMS 0x0000000697c00000, 0x0000000697c00000| Untracked 
|  59|0x0000000698000000, 0x0000000698000000, 0x0000000698400000|  0%| F|  |TAMS 0x0000000698000000, 0x0000000698000000| Untracked 
|  60|0x0000000698400000, 0x0000000698400000, 0x0000000698800000|  0%| F|  |TAMS 0x0000000698400000, 0x0000000698400000| Untracked 
|  61|0x0000000698800000, 0x0000000698800000, 0x0000000698c00000|  0%| F|  |TAMS 0x0000000698800000, 0x0000000698800000| Untracked 
|  62|0x0000000698c00000, 0x0000000698c00000, 0x0000000699000000|  0%| F|  |TAMS 0x0000000698c00000, 0x0000000698c00000| Untracked 
|  63|0x0000000699000000, 0x0000000699000000, 0x0000000699400000|  0%| F|  |TAMS 0x0000000699000000, 0x0000000699000000| Untracked 
|  64|0x0000000699400000, 0x0000000699400000, 0x0000000699800000|  0%| F|  |TAMS 0x0000000699400000, 0x0000000699400000| Untracked 
|  65|0x0000000699800000, 0x0000000699800000, 0x0000000699c00000|  0%| F|  |TAMS 0x0000000699800000, 0x0000000699800000| Untracked 
|  66|0x0000000699c00000, 0x0000000699c00000, 0x000000069a000000|  0%| F|  |TAMS 0x0000000699c00000, 0x0000000699c00000| Untracked 
|  67|0x000000069a000000, 0x000000069a000000, 0x000000069a400000|  0%| F|  |TAMS 0x000000069a000000, 0x000000069a000000| Untracked 
|  68|0x000000069a400000, 0x000000069a400000, 0x000000069a800000|  0%| F|  |TAMS 0x000000069a400000, 0x000000069a400000| Untracked 
|  69|0x000000069a800000, 0x000000069a800000, 0x000000069ac00000|  0%| F|  |TAMS 0x000000069a800000, 0x000000069a800000| Untracked 
|  70|0x000000069ac00000, 0x000000069ac00000, 0x000000069b000000|  0%| F|  |TAMS 0x000000069ac00000, 0x000000069ac00000| Untracked 
|  71|0x000000069b000000, 0x000000069b000000, 0x000000069b400000|  0%| F|  |TAMS 0x000000069b000000, 0x000000069b000000| Untracked 
|  72|0x000000069b400000, 0x000000069b400000, 0x000000069b800000|  0%| F|  |TAMS 0x000000069b400000, 0x000000069b400000| Untracked 
|  73|0x000000069b800000, 0x000000069b800000, 0x000000069bc00000|  0%| F|  |TAMS 0x000000069b800000, 0x000000069b800000| Untracked 
|  74|0x000000069bc00000, 0x000000069bc00000, 0x000000069c000000|  0%| F|  |TAMS 0x000000069bc00000, 0x000000069bc00000| Untracked 
|  75|0x000000069c000000, 0x000000069c000000, 0x000000069c400000|  0%| F|  |TAMS 0x000000069c000000, 0x000000069c000000| Untracked 
|  76|0x000000069c400000, 0x000000069c400000, 0x000000069c800000|  0%| F|  |TAMS 0x000000069c400000, 0x000000069c400000| Untracked 
|  77|0x000000069c800000, 0x000000069c800000, 0x000000069cc00000|  0%| F|  |TAMS 0x000000069c800000, 0x000000069c800000| Untracked 
|  78|0x000000069cc00000, 0x000000069cc00000, 0x000000069d000000|  0%| F|  |TAMS 0x000000069cc00000, 0x000000069cc00000| Untracked 
|  79|0x000000069d000000, 0x000000069d000000, 0x000000069d400000|  0%| F|  |TAMS 0x000000069d000000, 0x000000069d000000| Untracked 
|  80|0x000000069d400000, 0x000000069d400000, 0x000000069d800000|  0%| F|  |TAMS 0x000000069d400000, 0x000000069d400000| Untracked 
|  81|0x000000069d800000, 0x000000069d800000, 0x000000069dc00000|  0%| F|  |TAMS 0x000000069d800000, 0x000000069d800000| Untracked 
|  82|0x000000069dc00000, 0x000000069dc00000, 0x000000069e000000|  0%| F|  |TAMS 0x000000069dc00000, 0x000000069dc00000| Untracked 
|  83|0x000000069e000000, 0x000000069e000000, 0x000000069e400000|  0%| F|  |TAMS 0x000000069e000000, 0x000000069e000000| Untracked 
|  84|0x000000069e400000, 0x000000069e400000, 0x000000069e800000|  0%| F|  |TAMS 0x000000069e400000, 0x000000069e400000| Untracked 
|  85|0x000000069e800000, 0x000000069e800000, 0x000000069ec00000|  0%| F|  |TAMS 0x000000069e800000, 0x000000069e800000| Untracked 
|  86|0x000000069ec00000, 0x000000069ec00000, 0x000000069f000000|  0%| F|  |TAMS 0x000000069ec00000, 0x000000069ec00000| Untracked 
|  87|0x000000069f000000, 0x000000069f000000, 0x000000069f400000|  0%| F|  |TAMS 0x000000069f000000, 0x000000069f000000| Untracked 
|  88|0x000000069f400000, 0x000000069f400000, 0x000000069f800000|  0%| F|  |TAMS 0x000000069f400000, 0x000000069f400000| Untracked 
|  89|0x000000069f800000, 0x000000069f800000, 0x000000069fc00000|  0%| F|  |TAMS 0x000000069f800000, 0x000000069f800000| Untracked 
|  90|0x000000069fc00000, 0x000000069fc00000, 0x00000006a0000000|  0%| F|  |TAMS 0x000000069fc00000, 0x000000069fc00000| Untracked 
|  91|0x00000006a0000000, 0x00000006a0000000, 0x00000006a0400000|  0%| F|  |TAMS 0x00000006a0000000, 0x00000006a0000000| Untracked 
|  92|0x00000006a0400000, 0x00000006a0400000, 0x00000006a0800000|  0%| F|  |TAMS 0x00000006a0400000, 0x00000006a0400000| Untracked 
|  93|0x00000006a0800000, 0x00000006a0800000, 0x00000006a0c00000|  0%| F|  |TAMS 0x00000006a0800000, 0x00000006a0800000| Untracked 
|  94|0x00000006a0c00000, 0x00000006a0c00000, 0x00000006a1000000|  0%| F|  |TAMS 0x00000006a0c00000, 0x00000006a0c00000| Untracked 
|  95|0x00000006a1000000, 0x00000006a1000000, 0x00000006a1400000|  0%| F|  |TAMS 0x00000006a1000000, 0x00000006a1000000| Untracked 
|  96|0x00000006a1400000, 0x00000006a1400000, 0x00000006a1800000|  0%| F|  |TAMS 0x00000006a1400000, 0x00000006a1400000| Untracked 
|  97|0x00000006a1800000, 0x00000006a1800000, 0x00000006a1c00000|  0%| F|  |TAMS 0x00000006a1800000, 0x00000006a1800000| Untracked 
|  98|0x00000006a1c00000, 0x00000006a1c00000, 0x00000006a2000000|  0%| F|  |TAMS 0x00000006a1c00000, 0x00000006a1c00000| Untracked 
|  99|0x00000006a2000000, 0x00000006a2000000, 0x00000006a2400000|  0%| F|  |TAMS 0x00000006a2000000, 0x00000006a2000000| Untracked 
| 100|0x00000006a2400000, 0x00000006a2400000, 0x00000006a2800000|  0%| F|  |TAMS 0x00000006a2400000, 0x00000006a2400000| Untracked 
| 101|0x00000006a2800000, 0x00000006a2800000, 0x00000006a2c00000|  0%| F|  |TAMS 0x00000006a2800000, 0x00000006a2800000| Untracked 
| 102|0x00000006a2c00000, 0x00000006a2c00000, 0x00000006a3000000|  0%| F|  |TAMS 0x00000006a2c00000, 0x00000006a2c00000| Untracked 
| 103|0x00000006a3000000, 0x00000006a3000000, 0x00000006a3400000|  0%| F|  |TAMS 0x00000006a3000000, 0x00000006a3000000| Untracked 
| 104|0x00000006a3400000, 0x00000006a3400000, 0x00000006a3800000|  0%| F|  |TAMS 0x00000006a3400000, 0x00000006a3400000| Untracked 
| 105|0x00000006a3800000, 0x00000006a3800000, 0x00000006a3c00000|  0%| F|  |TAMS 0x00000006a3800000, 0x00000006a3800000| Untracked 
| 106|0x00000006a3c00000, 0x00000006a3c00000, 0x00000006a4000000|  0%| F|  |TAMS 0x00000006a3c00000, 0x00000006a3c00000| Untracked 
| 107|0x00000006a4000000, 0x00000006a4000000, 0x00000006a4400000|  0%| F|  |TAMS 0x00000006a4000000, 0x00000006a4000000| Untracked 
| 108|0x00000006a4400000, 0x00000006a4400000, 0x00000006a4800000|  0%| F|  |TAMS 0x00000006a4400000, 0x00000006a4400000| Untracked 
| 109|0x00000006a4800000, 0x00000006a4800000, 0x00000006a4c00000|  0%| F|  |TAMS 0x00000006a4800000, 0x00000006a4800000| Untracked 
| 110|0x00000006a4c00000, 0x00000006a4c00000, 0x00000006a5000000|  0%| F|  |TAMS 0x00000006a4c00000, 0x00000006a4c00000| Untracked 
| 111|0x00000006a5000000, 0x00000006a5000000, 0x00000006a5400000|  0%| F|  |TAMS 0x00000006a5000000, 0x00000006a5000000| Untracked 
| 112|0x00000006a5400000, 0x00000006a5400000, 0x00000006a5800000|  0%| F|  |TAMS 0x00000006a5400000, 0x00000006a5400000| Untracked 
| 113|0x00000006a5800000, 0x00000006a5800000, 0x00000006a5c00000|  0%| F|  |TAMS 0x00000006a5800000, 0x00000006a5800000| Untracked 
| 114|0x00000006a5c00000, 0x00000006a5c4ee50, 0x00000006a6000000|  7%| S|CS|TAMS 0x00000006a5c00000, 0x00000006a5c00000| Complete 
| 115|0x00000006a6000000, 0x00000006a6000000, 0x00000006a6400000|  0%| F|  |TAMS 0x00000006a6000000, 0x00000006a6000000| Untracked 
| 116|0x00000006a6400000, 0x00000006a6400000, 0x00000006a6800000|  0%| F|  |TAMS 0x00000006a6400000, 0x00000006a6400000| Untracked 
| 117|0x00000006a6800000, 0x00000006a6800000, 0x00000006a6c00000|  0%| F|  |TAMS 0x00000006a6800000, 0x00000006a6800000| Untracked 
| 118|0x00000006a6c00000, 0x00000006a6c00000, 0x00000006a7000000|  0%| F|  |TAMS 0x00000006a6c00000, 0x00000006a6c00000| Untracked 
| 119|0x00000006a7000000, 0x00000006a7000000, 0x00000006a7400000|  0%| F|  |TAMS 0x00000006a7000000, 0x00000006a7000000| Untracked 
| 120|0x00000006a7400000, 0x00000006a7400000, 0x00000006a7800000|  0%| F|  |TAMS 0x00000006a7400000, 0x00000006a7400000| Untracked 
| 121|0x00000006a7800000, 0x00000006a7800000, 0x00000006a7c00000|  0%| F|  |TAMS 0x00000006a7800000, 0x00000006a7800000| Untracked 
| 122|0x00000006a7c00000, 0x00000006a7c00000, 0x00000006a8000000|  0%| F|  |TAMS 0x00000006a7c00000, 0x00000006a7c00000| Untracked 
| 123|0x00000006a8000000, 0x00000006a8000000, 0x00000006a8400000|  0%| F|  |TAMS 0x00000006a8000000, 0x00000006a8000000| Untracked 
| 124|0x00000006a8400000, 0x00000006a8400000, 0x00000006a8800000|  0%| F|  |TAMS 0x00000006a8400000, 0x00000006a8400000| Untracked 
| 125|0x00000006a8800000, 0x00000006a8800000, 0x00000006a8c00000|  0%| F|  |TAMS 0x00000006a8800000, 0x00000006a8800000| Untracked 
| 126|0x00000006a8c00000, 0x00000006a8c00000, 0x00000006a9000000|  0%| F|  |TAMS 0x00000006a8c00000, 0x00000006a8c00000| Untracked 
| 127|0x00000006a9000000, 0x00000006a9000000, 0x00000006a9400000|  0%| F|  |TAMS 0x00000006a9000000, 0x00000006a9000000| Untracked 
| 128|0x00000006a9400000, 0x00000006a9400000, 0x00000006a9800000|  0%| F|  |TAMS 0x00000006a9400000, 0x00000006a9400000| Untracked 
| 129|0x00000006a9800000, 0x00000006a9800000, 0x00000006a9c00000|  0%| F|  |TAMS 0x00000006a9800000, 0x00000006a9800000| Untracked 
| 130|0x00000006a9c00000, 0x00000006a9c00000, 0x00000006aa000000|  0%| F|  |TAMS 0x00000006a9c00000, 0x00000006a9c00000| Untracked 
| 131|0x00000006aa000000, 0x00000006aa000000, 0x00000006aa400000|  0%| F|  |TAMS 0x00000006aa000000, 0x00000006aa000000| Untracked 
| 132|0x00000006aa400000, 0x00000006aa400000, 0x00000006aa800000|  0%| F|  |TAMS 0x00000006aa400000, 0x00000006aa400000| Untracked 
| 133|0x00000006aa800000, 0x00000006aa800000, 0x00000006aac00000|  0%| F|  |TAMS 0x00000006aa800000, 0x00000006aa800000| Untracked 
| 134|0x00000006aac00000, 0x00000006aac00000, 0x00000006ab000000|  0%| F|  |TAMS 0x00000006aac00000, 0x00000006aac00000| Untracked 
| 135|0x00000006ab000000, 0x00000006ab000000, 0x00000006ab400000|  0%| F|  |TAMS 0x00000006ab000000, 0x00000006ab000000| Untracked 
| 136|0x00000006ab400000, 0x00000006ab400000, 0x00000006ab800000|  0%| F|  |TAMS 0x00000006ab400000, 0x00000006ab400000| Untracked 
| 137|0x00000006ab800000, 0x00000006ab800000, 0x00000006abc00000|  0%| F|  |TAMS 0x00000006ab800000, 0x00000006ab800000| Untracked 
| 138|0x00000006abc00000, 0x00000006abc00000, 0x00000006ac000000|  0%| F|  |TAMS 0x00000006abc00000, 0x00000006abc00000| Untracked 
| 139|0x00000006ac000000, 0x00000006ac000000, 0x00000006ac400000|  0%| F|  |TAMS 0x00000006ac000000, 0x00000006ac000000| Untracked 
| 140|0x00000006ac400000, 0x00000006ac400000, 0x00000006ac800000|  0%| F|  |TAMS 0x00000006ac400000, 0x00000006ac400000| Untracked 
| 141|0x00000006ac800000, 0x00000006ac800000, 0x00000006acc00000|  0%| F|  |TAMS 0x00000006ac800000, 0x00000006ac800000| Untracked 
| 142|0x00000006acc00000, 0x00000006acc00000, 0x00000006ad000000|  0%| F|  |TAMS 0x00000006acc00000, 0x00000006acc00000| Untracked 
| 143|0x00000006ad000000, 0x00000006ad000000, 0x00000006ad400000|  0%| F|  |TAMS 0x00000006ad000000, 0x00000006ad000000| Untracked 
| 144|0x00000006ad400000, 0x00000006ad400000, 0x00000006ad800000|  0%| F|  |TAMS 0x00000006ad400000, 0x00000006ad400000| Untracked 
| 145|0x00000006ad800000, 0x00000006ad800000, 0x00000006adc00000|  0%| F|  |TAMS 0x00000006ad800000, 0x00000006ad800000| Untracked 
| 146|0x00000006adc00000, 0x00000006adc00000, 0x00000006ae000000|  0%| F|  |TAMS 0x00000006adc00000, 0x00000006adc00000| Untracked 
| 147|0x00000006ae000000, 0x00000006ae000000, 0x00000006ae400000|  0%| F|  |TAMS 0x00000006ae000000, 0x00000006ae000000| Untracked 
| 148|0x00000006ae400000, 0x00000006ae400000, 0x00000006ae800000|  0%| F|  |TAMS 0x00000006ae400000, 0x00000006ae400000| Untracked 
| 149|0x00000006ae800000, 0x00000006ae800000, 0x00000006aec00000|  0%| F|  |TAMS 0x00000006ae800000, 0x00000006ae800000| Untracked 
| 150|0x00000006aec00000, 0x00000006aec00000, 0x00000006af000000|  0%| F|  |TAMS 0x00000006aec00000, 0x00000006aec00000| Untracked 
| 151|0x00000006af000000, 0x00000006af000000, 0x00000006af400000|  0%| F|  |TAMS 0x00000006af000000, 0x00000006af000000| Untracked 
| 152|0x00000006af400000, 0x00000006af400000, 0x00000006af800000|  0%| F|  |TAMS 0x00000006af400000, 0x00000006af400000| Untracked 
| 153|0x00000006af800000, 0x00000006af800000, 0x00000006afc00000|  0%| F|  |TAMS 0x00000006af800000, 0x00000006af800000| Untracked 
| 154|0x00000006afc00000, 0x00000006afc00000, 0x00000006b0000000|  0%| F|  |TAMS 0x00000006afc00000, 0x00000006afc00000| Untracked 
| 155|0x00000006b0000000, 0x00000006b0000000, 0x00000006b0400000|  0%| F|  |TAMS 0x00000006b0000000, 0x00000006b0000000| Untracked 
| 156|0x00000006b0400000, 0x00000006b0400000, 0x00000006b0800000|  0%| F|  |TAMS 0x00000006b0400000, 0x00000006b0400000| Untracked 
| 157|0x00000006b0800000, 0x00000006b0800000, 0x00000006b0c00000|  0%| F|  |TAMS 0x00000006b0800000, 0x00000006b0800000| Untracked 
| 158|0x00000006b0c00000, 0x00000006b0c00000, 0x00000006b1000000|  0%| F|  |TAMS 0x00000006b0c00000, 0x00000006b0c00000| Untracked 
| 159|0x00000006b1000000, 0x00000006b1000000, 0x00000006b1400000|  0%| F|  |TAMS 0x00000006b1000000, 0x00000006b1000000| Untracked 
| 160|0x00000006b1400000, 0x00000006b1400000, 0x00000006b1800000|  0%| F|  |TAMS 0x00000006b1400000, 0x00000006b1400000| Untracked 
| 161|0x00000006b1800000, 0x00000006b1800000, 0x00000006b1c00000|  0%| F|  |TAMS 0x00000006b1800000, 0x00000006b1800000| Untracked 
| 162|0x00000006b1c00000, 0x00000006b1c00000, 0x00000006b2000000|  0%| F|  |TAMS 0x00000006b1c00000, 0x00000006b1c00000| Untracked 
| 163|0x00000006b2000000, 0x00000006b2000000, 0x00000006b2400000|  0%| F|  |TAMS 0x00000006b2000000, 0x00000006b2000000| Untracked 
| 164|0x00000006b2400000, 0x00000006b2400000, 0x00000006b2800000|  0%| F|  |TAMS 0x00000006b2400000, 0x00000006b2400000| Untracked 
| 165|0x00000006b2800000, 0x00000006b2800000, 0x00000006b2c00000|  0%| F|  |TAMS 0x00000006b2800000, 0x00000006b2800000| Untracked 
| 166|0x00000006b2c00000, 0x00000006b2c00000, 0x00000006b3000000|  0%| F|  |TAMS 0x00000006b2c00000, 0x00000006b2c00000| Untracked 
| 167|0x00000006b3000000, 0x00000006b3000000, 0x00000006b3400000|  0%| F|  |TAMS 0x00000006b3000000, 0x00000006b3000000| Untracked 
| 168|0x00000006b3400000, 0x00000006b3400000, 0x00000006b3800000|  0%| F|  |TAMS 0x00000006b3400000, 0x00000006b3400000| Untracked 
| 169|0x00000006b3800000, 0x00000006b3800000, 0x00000006b3c00000|  0%| F|  |TAMS 0x00000006b3800000, 0x00000006b3800000| Untracked 
| 170|0x00000006b3c00000, 0x00000006b3c00000, 0x00000006b4000000|  0%| F|  |TAMS 0x00000006b3c00000, 0x00000006b3c00000| Untracked 
| 171|0x00000006b4000000, 0x00000006b4000000, 0x00000006b4400000|  0%| F|  |TAMS 0x00000006b4000000, 0x00000006b4000000| Untracked 
| 172|0x00000006b4400000, 0x00000006b4400000, 0x00000006b4800000|  0%| F|  |TAMS 0x00000006b4400000, 0x00000006b4400000| Untracked 
| 173|0x00000006b4800000, 0x00000006b4800000, 0x00000006b4c00000|  0%| F|  |TAMS 0x00000006b4800000, 0x00000006b4800000| Untracked 
| 174|0x00000006b4c00000, 0x00000006b4c00000, 0x00000006b5000000|  0%| F|  |TAMS 0x00000006b4c00000, 0x00000006b4c00000| Untracked 
| 175|0x00000006b5000000, 0x00000006b5000000, 0x00000006b5400000|  0%| F|  |TAMS 0x00000006b5000000, 0x00000006b5000000| Untracked 
| 176|0x00000006b5400000, 0x00000006b5400000, 0x00000006b5800000|  0%| F|  |TAMS 0x00000006b5400000, 0x00000006b5400000| Untracked 
| 177|0x00000006b5800000, 0x00000006b5800000, 0x00000006b5c00000|  0%| F|  |TAMS 0x00000006b5800000, 0x00000006b5800000| Untracked 
| 178|0x00000006b5c00000, 0x00000006b5c00000, 0x00000006b6000000|  0%| F|  |TAMS 0x00000006b5c00000, 0x00000006b5c00000| Untracked 
| 179|0x00000006b6000000, 0x00000006b6000000, 0x00000006b6400000|  0%| F|  |TAMS 0x00000006b6000000, 0x00000006b6000000| Untracked 
| 180|0x00000006b6400000, 0x00000006b6400000, 0x00000006b6800000|  0%| F|  |TAMS 0x00000006b6400000, 0x00000006b6400000| Untracked 
| 181|0x00000006b6800000, 0x00000006b6800000, 0x00000006b6c00000|  0%| F|  |TAMS 0x00000006b6800000, 0x00000006b6800000| Untracked 
| 182|0x00000006b6c00000, 0x00000006b6c00000, 0x00000006b7000000|  0%| F|  |TAMS 0x00000006b6c00000, 0x00000006b6c00000| Untracked 
| 183|0x00000006b7000000, 0x00000006b7000000, 0x00000006b7400000|  0%| F|  |TAMS 0x00000006b7000000, 0x00000006b7000000| Untracked 
| 184|0x00000006b7400000, 0x00000006b7400000, 0x00000006b7800000|  0%| F|  |TAMS 0x00000006b7400000, 0x00000006b7400000| Untracked 
| 185|0x00000006b7800000, 0x00000006b7800000, 0x00000006b7c00000|  0%| F|  |TAMS 0x00000006b7800000, 0x00000006b7800000| Untracked 
| 186|0x00000006b7c00000, 0x00000006b7c00000, 0x00000006b8000000|  0%| F|  |TAMS 0x00000006b7c00000, 0x00000006b7c00000| Untracked 
| 187|0x00000006b8000000, 0x00000006b8000000, 0x00000006b8400000|  0%| F|  |TAMS 0x00000006b8000000, 0x00000006b8000000| Untracked 
| 188|0x00000006b8400000, 0x00000006b8400000, 0x00000006b8800000|  0%| F|  |TAMS 0x00000006b8400000, 0x00000006b8400000| Untracked 
| 189|0x00000006b8800000, 0x00000006b8800000, 0x00000006b8c00000|  0%| F|  |TAMS 0x00000006b8800000, 0x00000006b8800000| Untracked 
| 190|0x00000006b8c00000, 0x00000006b8c00000, 0x00000006b9000000|  0%| F|  |TAMS 0x00000006b8c00000, 0x00000006b8c00000| Untracked 
| 191|0x00000006b9000000, 0x00000006b9000000, 0x00000006b9400000|  0%| F|  |TAMS 0x00000006b9000000, 0x00000006b9000000| Untracked 
| 192|0x00000006b9400000, 0x00000006b9400000, 0x00000006b9800000|  0%| F|  |TAMS 0x00000006b9400000, 0x00000006b9400000| Untracked 
| 193|0x00000006b9800000, 0x00000006b9800000, 0x00000006b9c00000|  0%| F|  |TAMS 0x00000006b9800000, 0x00000006b9800000| Untracked 
| 194|0x00000006b9c00000, 0x00000006b9c00000, 0x00000006ba000000|  0%| F|  |TAMS 0x00000006b9c00000, 0x00000006b9c00000| Untracked 
| 195|0x00000006ba000000, 0x00000006ba000000, 0x00000006ba400000|  0%| F|  |TAMS 0x00000006ba000000, 0x00000006ba000000| Untracked 
| 196|0x00000006ba400000, 0x00000006ba400000, 0x00000006ba800000|  0%| F|  |TAMS 0x00000006ba400000, 0x00000006ba400000| Untracked 
| 197|0x00000006ba800000, 0x00000006ba800000, 0x00000006bac00000|  0%| F|  |TAMS 0x00000006ba800000, 0x00000006ba800000| Untracked 
| 198|0x00000006bac00000, 0x00000006bac00000, 0x00000006bb000000|  0%| F|  |TAMS 0x00000006bac00000, 0x00000006bac00000| Untracked 
| 199|0x00000006bb000000, 0x00000006bb000000, 0x00000006bb400000|  0%| F|  |TAMS 0x00000006bb000000, 0x00000006bb000000| Untracked 
| 200|0x00000006bb400000, 0x00000006bb400000, 0x00000006bb800000|  0%| F|  |TAMS 0x00000006bb400000, 0x00000006bb400000| Untracked 
| 201|0x00000006bb800000, 0x00000006bb800000, 0x00000006bbc00000|  0%| F|  |TAMS 0x00000006bb800000, 0x00000006bb800000| Untracked 
| 202|0x00000006bbc00000, 0x00000006bbc00000, 0x00000006bc000000|  0%| F|  |TAMS 0x00000006bbc00000, 0x00000006bbc00000| Untracked 
| 203|0x00000006bc000000, 0x00000006bc000000, 0x00000006bc400000|  0%| F|  |TAMS 0x00000006bc000000, 0x00000006bc000000| Untracked 
| 204|0x00000006bc400000, 0x00000006bc400000, 0x00000006bc800000|  0%| F|  |TAMS 0x00000006bc400000, 0x00000006bc400000| Untracked 
| 205|0x00000006bc800000, 0x00000006bc800000, 0x00000006bcc00000|  0%| F|  |TAMS 0x00000006bc800000, 0x00000006bc800000| Untracked 
| 206|0x00000006bcc00000, 0x00000006bcc00000, 0x00000006bd000000|  0%| F|  |TAMS 0x00000006bcc00000, 0x00000006bcc00000| Untracked 
| 207|0x00000006bd000000, 0x00000006bd000000, 0x00000006bd400000|  0%| F|  |TAMS 0x00000006bd000000, 0x00000006bd000000| Untracked 
| 208|0x00000006bd400000, 0x00000006bd400000, 0x00000006bd800000|  0%| F|  |TAMS 0x00000006bd400000, 0x00000006bd400000| Untracked 
| 209|0x00000006bd800000, 0x00000006bd800000, 0x00000006bdc00000|  0%| F|  |TAMS 0x00000006bd800000, 0x00000006bd800000| Untracked 
| 210|0x00000006bdc00000, 0x00000006bdc00000, 0x00000006be000000|  0%| F|  |TAMS 0x00000006bdc00000, 0x00000006bdc00000| Untracked 
| 211|0x00000006be000000, 0x00000006be000000, 0x00000006be400000|  0%| F|  |TAMS 0x00000006be000000, 0x00000006be000000| Untracked 
| 212|0x00000006be400000, 0x00000006be400000, 0x00000006be800000|  0%| F|  |TAMS 0x00000006be400000, 0x00000006be400000| Untracked 
| 213|0x00000006be800000, 0x00000006be800000, 0x00000006bec00000|  0%| F|  |TAMS 0x00000006be800000, 0x00000006be800000| Untracked 
| 214|0x00000006bec00000, 0x00000006bec00000, 0x00000006bf000000|  0%| F|  |TAMS 0x00000006bec00000, 0x00000006bec00000| Untracked 
| 215|0x00000006bf000000, 0x00000006bf000000, 0x00000006bf400000|  0%| F|  |TAMS 0x00000006bf000000, 0x00000006bf000000| Untracked 
| 216|0x00000006bf400000, 0x00000006bf400000, 0x00000006bf800000|  0%| F|  |TAMS 0x00000006bf400000, 0x00000006bf400000| Untracked 
| 217|0x00000006bf800000, 0x00000006bf800000, 0x00000006bfc00000|  0%| F|  |TAMS 0x00000006bf800000, 0x00000006bf800000| Untracked 
| 218|0x00000006bfc00000, 0x00000006bfc00000, 0x00000006c0000000|  0%| F|  |TAMS 0x00000006bfc00000, 0x00000006bfc00000| Untracked 
| 219|0x00000006c0000000, 0x00000006c0000000, 0x00000006c0400000|  0%| F|  |TAMS 0x00000006c0000000, 0x00000006c0000000| Untracked 
| 220|0x00000006c0400000, 0x00000006c0400000, 0x00000006c0800000|  0%| F|  |TAMS 0x00000006c0400000, 0x00000006c0400000| Untracked 
| 221|0x00000006c0800000, 0x00000006c0800000, 0x00000006c0c00000|  0%| F|  |TAMS 0x00000006c0800000, 0x00000006c0800000| Untracked 
| 222|0x00000006c0c00000, 0x00000006c0c00000, 0x00000006c1000000|  0%| F|  |TAMS 0x00000006c0c00000, 0x00000006c0c00000| Untracked 
| 223|0x00000006c1000000, 0x00000006c1000000, 0x00000006c1400000|  0%| F|  |TAMS 0x00000006c1000000, 0x00000006c1000000| Untracked 
| 224|0x00000006c1400000, 0x00000006c1400000, 0x00000006c1800000|  0%| F|  |TAMS 0x00000006c1400000, 0x00000006c1400000| Untracked 
| 225|0x00000006c1800000, 0x00000006c1800000, 0x00000006c1c00000|  0%| F|  |TAMS 0x00000006c1800000, 0x00000006c1800000| Untracked 
| 226|0x00000006c1c00000, 0x00000006c1c00000, 0x00000006c2000000|  0%| F|  |TAMS 0x00000006c1c00000, 0x00000006c1c00000| Untracked 
| 227|0x00000006c2000000, 0x00000006c2000000, 0x00000006c2400000|  0%| F|  |TAMS 0x00000006c2000000, 0x00000006c2000000| Untracked 
| 228|0x00000006c2400000, 0x00000006c2400000, 0x00000006c2800000|  0%| F|  |TAMS 0x00000006c2400000, 0x00000006c2400000| Untracked 
| 229|0x00000006c2800000, 0x00000006c2bda858, 0x00000006c2c00000| 96%| E|  |TAMS 0x00000006c2800000, 0x00000006c2800000| Complete 
| 230|0x00000006c2c00000, 0x00000006c3000000, 0x00000006c3000000|100%| E|CS|TAMS 0x00000006c2c00000, 0x00000006c2c00000| Complete 
| 231|0x00000006c3000000, 0x00000006c3400000, 0x00000006c3400000|100%| E|CS|TAMS 0x00000006c3000000, 0x00000006c3000000| Complete 
| 232|0x00000006c3400000, 0x00000006c3800000, 0x00000006c3800000|100%| E|CS|TAMS 0x00000006c3400000, 0x00000006c3400000| Complete 
| 233|0x00000006c3800000, 0x00000006c3c00000, 0x00000006c3c00000|100%| E|CS|TAMS 0x00000006c3800000, 0x00000006c3800000| Complete 
| 234|0x00000006c3c00000, 0x00000006c4000000, 0x00000006c4000000|100%| E|CS|TAMS 0x00000006c3c00000, 0x00000006c3c00000| Complete 
| 235|0x00000006c4000000, 0x00000006c4400000, 0x00000006c4400000|100%| E|CS|TAMS 0x00000006c4000000, 0x00000006c4000000| Complete 
| 236|0x00000006c4400000, 0x00000006c4800000, 0x00000006c4800000|100%| E|CS|TAMS 0x00000006c4400000, 0x00000006c4400000| Complete 
| 237|0x00000006c4800000, 0x00000006c4c00000, 0x00000006c4c00000|100%| E|CS|TAMS 0x00000006c4800000, 0x00000006c4800000| Complete 
| 238|0x00000006c4c00000, 0x00000006c5000000, 0x00000006c5000000|100%| E|CS|TAMS 0x00000006c4c00000, 0x00000006c4c00000| Complete 
| 239|0x00000006c5000000, 0x00000006c5400000, 0x00000006c5400000|100%| E|CS|TAMS 0x00000006c5000000, 0x00000006c5000000| Complete 
| 240|0x00000006c5400000, 0x00000006c5800000, 0x00000006c5800000|100%| E|CS|TAMS 0x00000006c5400000, 0x00000006c5400000| Complete 
| 241|0x00000006c5800000, 0x00000006c5c00000, 0x00000006c5c00000|100%| E|CS|TAMS 0x00000006c5800000, 0x00000006c5800000| Complete 
| 242|0x00000006c5c00000, 0x00000006c6000000, 0x00000006c6000000|100%| E|CS|TAMS 0x00000006c5c00000, 0x00000006c5c00000| Complete 
| 243|0x00000006c6000000, 0x00000006c6400000, 0x00000006c6400000|100%| E|CS|TAMS 0x00000006c6000000, 0x00000006c6000000| Complete 
| 244|0x00000006c6400000, 0x00000006c6800000, 0x00000006c6800000|100%| E|CS|TAMS 0x00000006c6400000, 0x00000006c6400000| Complete 
| 245|0x00000006c6800000, 0x00000006c6c00000, 0x00000006c6c00000|100%| E|CS|TAMS 0x00000006c6800000, 0x00000006c6800000| Complete 
| 246|0x00000006c6c00000, 0x00000006c7000000, 0x00000006c7000000|100%| E|CS|TAMS 0x00000006c6c00000, 0x00000006c6c00000| Complete 
| 247|0x00000006c7000000, 0x00000006c7400000, 0x00000006c7400000|100%| E|CS|TAMS 0x00000006c7000000, 0x00000006c7000000| Complete 
| 248|0x00000006c7400000, 0x00000006c7800000, 0x00000006c7800000|100%| E|CS|TAMS 0x00000006c7400000, 0x00000006c7400000| Complete 
| 249|0x00000006c7800000, 0x00000006c7c00000, 0x00000006c7c00000|100%| E|CS|TAMS 0x00000006c7800000, 0x00000006c7800000| Complete 
| 250|0x00000006c7c00000, 0x00000006c8000000, 0x00000006c8000000|100%| E|CS|TAMS 0x00000006c7c00000, 0x00000006c7c00000| Complete 
| 251|0x00000006c8000000, 0x00000006c8400000, 0x00000006c8400000|100%| E|CS|TAMS 0x00000006c8000000, 0x00000006c8000000| Complete 
| 252|0x00000006c8400000, 0x00000006c8800000, 0x00000006c8800000|100%| E|CS|TAMS 0x00000006c8400000, 0x00000006c8400000| Complete 
| 253|0x00000006c8800000, 0x00000006c8c00000, 0x00000006c8c00000|100%| E|CS|TAMS 0x00000006c8800000, 0x00000006c8800000| Complete 
| 254|0x00000006c8c00000, 0x00000006c9000000, 0x00000006c9000000|100%| E|CS|TAMS 0x00000006c8c00000, 0x00000006c8c00000| Complete 
| 255|0x00000006c9000000, 0x00000006c9400000, 0x00000006c9400000|100%| E|CS|TAMS 0x00000006c9000000, 0x00000006c9000000| Complete 
| 256|0x00000006c9400000, 0x00000006c9800000, 0x00000006c9800000|100%| E|CS|TAMS 0x00000006c9400000, 0x00000006c9400000| Complete 
| 257|0x00000006c9800000, 0x00000006c9c00000, 0x00000006c9c00000|100%| E|CS|TAMS 0x00000006c9800000, 0x00000006c9800000| Complete 
| 258|0x00000006c9c00000, 0x00000006ca000000, 0x00000006ca000000|100%| E|CS|TAMS 0x00000006c9c00000, 0x00000006c9c00000| Complete 
| 259|0x00000006ca000000, 0x00000006ca400000, 0x00000006ca400000|100%| E|CS|TAMS 0x00000006ca000000, 0x00000006ca000000| Complete 
| 260|0x00000006ca400000, 0x00000006ca800000, 0x00000006ca800000|100%| E|CS|TAMS 0x00000006ca400000, 0x00000006ca400000| Complete 
| 261|0x00000006ca800000, 0x00000006cac00000, 0x00000006cac00000|100%| E|CS|TAMS 0x00000006ca800000, 0x00000006ca800000| Complete 
| 262|0x00000006cac00000, 0x00000006cb000000, 0x00000006cb000000|100%| E|CS|TAMS 0x00000006cac00000, 0x00000006cac00000| Complete 
| 263|0x00000006cb000000, 0x00000006cb400000, 0x00000006cb400000|100%| E|CS|TAMS 0x00000006cb000000, 0x00000006cb000000| Complete 
| 264|0x00000006cb400000, 0x00000006cb800000, 0x00000006cb800000|100%| E|CS|TAMS 0x00000006cb400000, 0x00000006cb400000| Complete 
| 265|0x00000006cb800000, 0x00000006cbc00000, 0x00000006cbc00000|100%| E|CS|TAMS 0x00000006cb800000, 0x00000006cb800000| Complete 
| 266|0x00000006cbc00000, 0x00000006cc000000, 0x00000006cc000000|100%| E|CS|TAMS 0x00000006cbc00000, 0x00000006cbc00000| Complete 
| 267|0x00000006cc000000, 0x00000006cc400000, 0x00000006cc400000|100%| E|CS|TAMS 0x00000006cc000000, 0x00000006cc000000| Complete 
| 268|0x00000006cc400000, 0x00000006cc800000, 0x00000006cc800000|100%| E|CS|TAMS 0x00000006cc400000, 0x00000006cc400000| Complete 
| 269|0x00000006cc800000, 0x00000006ccc00000, 0x00000006ccc00000|100%| E|CS|TAMS 0x00000006cc800000, 0x00000006cc800000| Complete 
| 270|0x00000006ccc00000, 0x00000006cd000000, 0x00000006cd000000|100%| E|CS|TAMS 0x00000006ccc00000, 0x00000006ccc00000| Complete 
| 271|0x00000006cd000000, 0x00000006cd400000, 0x00000006cd400000|100%| E|CS|TAMS 0x00000006cd000000, 0x00000006cd000000| Complete 
| 272|0x00000006cd400000, 0x00000006cd800000, 0x00000006cd800000|100%| E|CS|TAMS 0x00000006cd400000, 0x00000006cd400000| Complete 
| 273|0x00000006cd800000, 0x00000006cdc00000, 0x00000006cdc00000|100%| E|CS|TAMS 0x00000006cd800000, 0x00000006cd800000| Complete 
| 274|0x00000006cdc00000, 0x00000006ce000000, 0x00000006ce000000|100%| E|CS|TAMS 0x00000006cdc00000, 0x00000006cdc00000| Complete 
| 275|0x00000006ce000000, 0x00000006ce400000, 0x00000006ce400000|100%| E|CS|TAMS 0x00000006ce000000, 0x00000006ce000000| Complete 
| 276|0x00000006ce400000, 0x00000006ce800000, 0x00000006ce800000|100%| E|CS|TAMS 0x00000006ce400000, 0x00000006ce400000| Complete 
| 277|0x00000006ce800000, 0x00000006cec00000, 0x00000006cec00000|100%| E|CS|TAMS 0x00000006ce800000, 0x00000006ce800000| Complete 
| 278|0x00000006cec00000, 0x00000006cf000000, 0x00000006cf000000|100%| E|CS|TAMS 0x00000006cec00000, 0x00000006cec00000| Complete 
| 279|0x00000006cf000000, 0x00000006cf400000, 0x00000006cf400000|100%| E|CS|TAMS 0x00000006cf000000, 0x00000006cf000000| Complete 
| 280|0x00000006cf400000, 0x00000006cf800000, 0x00000006cf800000|100%| E|CS|TAMS 0x00000006cf400000, 0x00000006cf400000| Complete 
| 281|0x00000006cf800000, 0x00000006cfc00000, 0x00000006cfc00000|100%| E|CS|TAMS 0x00000006cf800000, 0x00000006cf800000| Complete 
| 282|0x00000006cfc00000, 0x00000006d0000000, 0x00000006d0000000|100%| E|CS|TAMS 0x00000006cfc00000, 0x00000006cfc00000| Complete 
| 283|0x00000006d0000000, 0x00000006d0400000, 0x00000006d0400000|100%| E|CS|TAMS 0x00000006d0000000, 0x00000006d0000000| Complete 

Card table byte_map: [0x000001e06a7c0000,0x000001e06b380000] _byte_map_base: 0x000001e067376000

Marking Bits (Prev, Next): (CMBitMap*) 0x000001e056d24210, (CMBitMap*) 0x000001e056d241d0
 Prev Bits: [0x000001e071cf0000, 0x000001e077aa0000)
 Next Bits: [0x000001e06bf40000, 0x000001e071cf0000)

Polling page: 0x000001e054c30000

Metaspace:

Usage:
  Non-class:     21.52 MB used.
      Class:      2.32 MB used.
       Both:     23.84 MB used.

Virtual space:
  Non-class space:       24.00 MB reserved,      21.62 MB ( 90%) committed,  3 nodes.
      Class space:        1.00 GB reserved,       2.38 MB ( <1%) committed,  1 nodes.
             Both:        1.02 GB reserved,      24.00 MB (  2%) committed. 

Chunk freelists:
   Non-Class:  2.15 MB
       Class:  1.50 MB
        Both:  3.65 MB

MaxMetaspaceSize: unlimited
CompressedClassSpaceSize: 1.00 GB
Initial GC threshold: 21.00 MB
Current GC threshold: 35.12 MB
CDS: off
MetaspaceReclaimPolicy: balanced
 - commit_granule_bytes: 65536.
 - commit_granule_words: 8192.
 - virtual_space_node_default_size: 1048576.
 - enlarge_chunks_in_place: 1.
 - new_chunks_are_fully_committed: 0.
 - uncommit_free_chunks: 1.
 - use_allocation_guard: 0.
 - handle_deallocations: 1.


Internal statistics:

num_allocs_failed_limit: 3.
num_arena_births: 152.
num_arena_deaths: 0.
num_vsnodes_births: 4.
num_vsnodes_deaths: 0.
num_space_committed: 384.
num_space_uncommitted: 0.
num_chunks_returned_to_freelist: 3.
num_chunks_taken_from_freelist: 492.
num_chunk_merges: 3.
num_chunk_splits: 290.
num_chunks_enlarged: 206.
num_purges: 0.
num_inconsistent_stats: 0.

CodeHeap 'non-profiled nmethods': size=119168Kb used=4032Kb max_used=4032Kb free=115135Kb
 bounds [0x000001e061f10000, 0x000001e062310000, 0x000001e069370000]
CodeHeap 'profiled nmethods': size=119104Kb used=6420Kb max_used=6720Kb free=112683Kb
 bounds [0x000001e05aac0000, 0x000001e05b160000, 0x000001e061f10000]
CodeHeap 'non-nmethods': size=7488Kb used=1322Kb max_used=3089Kb free=6165Kb
 bounds [0x000001e05a370000, 0x000001e05a690000, 0x000001e05aac0000]
 total_blobs=4162 nmethods=3600 adapters=474
 compilation: enabled
              stopped_count=0, restarted_count=0
 full_count=0

Compilation events (20 events):
Event: 120.627 Thread 0x000001e07b463c20 4375       3       jdk.internal.loader.BuiltinClassLoader::hasClassPath (13 bytes)
Event: 120.627 Thread 0x000001e07b463c20 nmethod 4375 0x000001e05afb4c90 code [0x000001e05afb4e20, 0x000001e05afb4f98]
Event: 149.859 Thread 0x000001e07b45fb60 4376       4       java.lang.System::lineSeparator (4 bytes)
Event: 149.860 Thread 0x000001e07b45fb60 nmethod 4376 0x000001e0622ff810 code [0x000001e0622ff980, 0x000001e0622ff9f8]
Event: 181.307 Thread 0x000001e07b463c20 4377       3       java.util.concurrent.TimeUnit::toNanos (45 bytes)
Event: 181.307 Thread 0x000001e07b463c20 nmethod 4377 0x000001e05afb4790 code [0x000001e05afb4940, 0x000001e05afb4bb8]
Event: 355.971 Thread 0x000001e07b463c20 4378       3       jdk.internal.module.Resources::toPackageName (39 bytes)
Event: 355.972 Thread 0x000001e07b463c20 nmethod 4378 0x000001e05afb3c10 code [0x000001e05afb3e40, 0x000001e05afb44d8]
Event: 360.982 Thread 0x000001e07b463c20 4379   !   3       jdk.internal.loader.BuiltinClassLoader::findMiscResource (122 bytes)
Event: 360.983 Thread 0x000001e07b463c20 nmethod 4379 0x000001e05afb2190 code [0x000001e05afb2440, 0x000001e05afb3708]
Event: 361.370 Thread 0x000001e07b463c20 4380       3       java.lang.invoke.VarHandleGuards::guard_LLL_Z (86 bytes)
Event: 361.372 Thread 0x000001e07b463c20 nmethod 4380 0x000001e05ab92890 code [0x000001e05ab92c00, 0x000001e05ab94be8]
Event: 401.052 Thread 0x000001e07b463c20 4382   !   3       jdk.internal.loader.URLClassPath::checkURL (16 bytes)
Event: 401.052 Thread 0x000001e07b463c20 nmethod 4382 0x000001e05afb1d10 code [0x000001e05afb1ec0, 0x000001e05afb2088]
Event: 401.052 Thread 0x000001e07b463c20 4383       3       jdk.internal.loader.BuiltinClassLoader::checkURL (5 bytes)
Event: 401.052 Thread 0x000001e07b463c20 nmethod 4383 0x000001e05afb1890 code [0x000001e05afb1a40, 0x000001e05afb1c48]
Event: 401.052 Thread 0x000001e07b463c20 4384   !   3       jdk.internal.loader.BuiltinClassLoader::findResource (154 bytes)
Event: 401.053 Thread 0x000001e07b463c20 nmethod 4384 0x000001e05ab90810 code [0x000001e05ab90b80, 0x000001e05ab92048]
Event: 481.394 Thread 0x000001e07b463c20 4385       1       java.util.concurrent.CopyOnWriteArrayList::getArray (5 bytes)
Event: 481.394 Thread 0x000001e07b463c20 nmethod 4385 0x000001e0622ffe10 code [0x000001e0622fffa0, 0x000001e062300078]

GC Heap History (20 events):
Event: 100.906 GC heap before
{Heap before GC invocations=285 (full 0):
 garbage-first heap   total 1163264K, used 744830K [0x0000000689400000, 0x0000000800000000)
  region size 4096K, 170 young (696320K), 1 survivors (4096K)
 Metaspace       used 24300K, committed 24512K, reserved 1073152K
  class space    used 2361K, committed 2432K, reserved 1048576K
}
Event: 100.907 GC heap after
{Heap after GC invocations=286 (full 0):
 garbage-first heap   total 1163264K, used 52726K [0x0000000689400000, 0x0000000800000000)
  region size 4096K, 1 young (4096K), 1 survivors (4096K)
 Metaspace       used 24300K, committed 24512K, reserved 1073152K
  class space    used 2361K, committed 2432K, reserved 1048576K
}
Event: 101.011 GC heap before
{Heap before GC invocations=286 (full 0):
 garbage-first heap   total 1163264K, used 744950K [0x0000000689400000, 0x0000000800000000)
  region size 4096K, 170 young (696320K), 1 survivors (4096K)
 Metaspace       used 24300K, committed 24512K, reserved 1073152K
  class space    used 2361K, committed 2432K, reserved 1048576K
}
Event: 101.012 GC heap after
{Heap after GC invocations=287 (full 0):
 garbage-first heap   total 1163264K, used 52705K [0x0000000689400000, 0x0000000800000000)
  region size 4096K, 1 young (4096K), 1 survivors (4096K)
 Metaspace       used 24300K, committed 24512K, reserved 1073152K
  class space    used 2361K, committed 2432K, reserved 1048576K
}
Event: 101.125 GC heap before
{Heap before GC invocations=287 (full 0):
 garbage-first heap   total 1163264K, used 744929K [0x0000000689400000, 0x0000000800000000)
  region size 4096K, 170 young (696320K), 1 survivors (4096K)
 Metaspace       used 24300K, committed 24512K, reserved 1073152K
  class space    used 2361K, committed 2432K, reserved 1048576K
}
Event: 101.126 GC heap after
{Heap after GC invocations=288 (full 0):
 garbage-first heap   total 1163264K, used 52746K [0x0000000689400000, 0x0000000800000000)
  region size 4096K, 1 young (4096K), 1 survivors (4096K)
 Metaspace       used 24300K, committed 24512K, reserved 1073152K
  class space    used 2361K, committed 2432K, reserved 1048576K
}
Event: 101.239 GC heap before
{Heap before GC invocations=288 (full 0):
 garbage-first heap   total 1163264K, used 744970K [0x0000000689400000, 0x0000000800000000)
  region size 4096K, 170 young (696320K), 1 survivors (4096K)
 Metaspace       used 24300K, committed 24512K, reserved 1073152K
  class space    used 2361K, committed 2432K, reserved 1048576K
}
Event: 101.240 GC heap after
{Heap after GC invocations=289 (full 0):
 garbage-first heap   total 1163264K, used 52799K [0x0000000689400000, 0x0000000800000000)
  region size 4096K, 1 young (4096K), 1 survivors (4096K)
 Metaspace       used 24300K, committed 24512K, reserved 1073152K
  class space    used 2361K, committed 2432K, reserved 1048576K
}
Event: 101.358 GC heap before
{Heap before GC invocations=289 (full 0):
 garbage-first heap   total 1163264K, used 745023K [0x0000000689400000, 0x0000000800000000)
  region size 4096K, 170 young (696320K), 1 survivors (4096K)
 Metaspace       used 24300K, committed 24512K, reserved 1073152K
  class space    used 2361K, committed 2432K, reserved 1048576K
}
Event: 101.359 GC heap after
{Heap after GC invocations=290 (full 0):
 garbage-first heap   total 1163264K, used 52835K [0x0000000689400000, 0x0000000800000000)
  region size 4096K, 1 young (4096K), 1 survivors (4096K)
 Metaspace       used 24300K, committed 24512K, reserved 1073152K
  class space    used 2361K, committed 2432K, reserved 1048576K
}
Event: 101.480 GC heap before
{Heap before GC invocations=290 (full 0):
 garbage-first heap   total 1163264K, used 745059K [0x0000000689400000, 0x0000000800000000)
  region size 4096K, 170 young (696320K), 1 survivors (4096K)
 Metaspace       used 24300K, committed 24512K, reserved 1073152K
  class space    used 2361K, committed 2432K, reserved 1048576K
}
Event: 101.481 GC heap after
{Heap after GC invocations=291 (full 0):
 garbage-first heap   total 1163264K, used 52876K [0x0000000689400000, 0x0000000800000000)
  region size 4096K, 1 young (4096K), 1 survivors (4096K)
 Metaspace       used 24300K, committed 24512K, reserved 1073152K
  class space    used 2361K, committed 2432K, reserved 1048576K
}
Event: 101.616 GC heap before
{Heap before GC invocations=291 (full 0):
 garbage-first heap   total 1163264K, used 745100K [0x0000000689400000, 0x0000000800000000)
  region size 4096K, 170 young (696320K), 1 survivors (4096K)
 Metaspace       used 24300K, committed 24512K, reserved 1073152K
  class space    used 2361K, committed 2432K, reserved 1048576K
}
Event: 101.617 GC heap after
{Heap after GC invocations=292 (full 0):
 garbage-first heap   total 1163264K, used 52913K [0x0000000689400000, 0x0000000800000000)
  region size 4096K, 1 young (4096K), 1 survivors (4096K)
 Metaspace       used 24300K, committed 24512K, reserved 1073152K
  class space    used 2361K, committed 2432K, reserved 1048576K
}
Event: 101.843 GC heap before
{Heap before GC invocations=292 (full 0):
 garbage-first heap   total 1163264K, used 745137K [0x0000000689400000, 0x0000000800000000)
  region size 4096K, 170 young (696320K), 1 survivors (4096K)
 Metaspace       used 24300K, committed 24512K, reserved 1073152K
  class space    used 2361K, committed 2432K, reserved 1048576K
}
Event: 101.844 GC heap after
{Heap after GC invocations=293 (full 0):
 garbage-first heap   total 1163264K, used 52960K [0x0000000689400000, 0x0000000800000000)
  region size 4096K, 1 young (4096K), 1 survivors (4096K)
 Metaspace       used 24300K, committed 24512K, reserved 1073152K
  class space    used 2361K, committed 2432K, reserved 1048576K
}
Event: 102.109 GC heap before
{Heap before GC invocations=293 (full 0):
 garbage-first heap   total 1163264K, used 745184K [0x0000000689400000, 0x0000000800000000)
  region size 4096K, 170 young (696320K), 1 survivors (4096K)
 Metaspace       used 24349K, committed 24576K, reserved 1073152K
  class space    used 2368K, committed 2432K, reserved 1048576K
}
Event: 102.110 GC heap after
{Heap after GC invocations=294 (full 0):
 garbage-first heap   total 1163264K, used 53102K [0x0000000689400000, 0x0000000800000000)
  region size 4096K, 1 young (4096K), 1 survivors (4096K)
 Metaspace       used 24349K, committed 24576K, reserved 1073152K
  class space    used 2368K, committed 2432K, reserved 1048576K
}
Event: 102.215 GC heap before
{Heap before GC invocations=294 (full 0):
 garbage-first heap   total 1163264K, used 745326K [0x0000000689400000, 0x0000000800000000)
  region size 4096K, 170 young (696320K), 1 survivors (4096K)
 Metaspace       used 24350K, committed 24576K, reserved 1073152K
  class space    used 2368K, committed 2432K, reserved 1048576K
}
Event: 102.216 GC heap after
{Heap after GC invocations=295 (full 0):
 garbage-first heap   total 1163264K, used 53121K [0x0000000689400000, 0x0000000800000000)
  region size 4096K, 1 young (4096K), 1 survivors (4096K)
 Metaspace       used 24350K, committed 24576K, reserved 1073152K
  class space    used 2368K, committed 2432K, reserved 1048576K
}

Deoptimization events (20 events):
Event: 102.270 Thread 0x000001e056cc6b40 DEOPT PACKING pc=0x000001e06228ca38 sp=0x00000014174fe3b0
Event: 102.270 Thread 0x000001e056cc6b40 DEOPT UNPACKING pc=0x000001e05a3c23a3 sp=0x00000014174fe318 mode 2
Event: 102.271 Thread 0x000001e056cc6b40 Uncommon trap: trap_request=0xffffffde fr.pc=0x000001e06209988c relative=0x0000000000000a8c
Event: 102.271 Thread 0x000001e056cc6b40 Uncommon trap: reason=class_check action=maybe_recompile pc=0x000001e06209988c method=java.util.HashMap.putMapEntries(Ljava/util/Map;Z)V @ 1 c2
Event: 102.271 Thread 0x000001e056cc6b40 DEOPT PACKING pc=0x000001e06209988c sp=0x00000014174fe7c0
Event: 102.271 Thread 0x000001e056cc6b40 DEOPT UNPACKING pc=0x000001e05a3c23a3 sp=0x00000014174fe7a8 mode 2
Event: 102.280 Thread 0x000001e056cc6b40 Uncommon trap: trap_request=0xffffffe4 fr.pc=0x000001e062057e0c relative=0x000000000000008c
Event: 102.280 Thread 0x000001e056cc6b40 Uncommon trap: reason=range_check action=make_not_entrant pc=0x000001e062057e0c method=java.util.Objects.checkIndex(II)I @ 3 c2
Event: 102.280 Thread 0x000001e056cc6b40 DEOPT PACKING pc=0x000001e062057e0c sp=0x00000014174fe890
Event: 102.280 Thread 0x000001e056cc6b40 DEOPT UNPACKING pc=0x000001e05a3c23a3 sp=0x00000014174fe7c8 mode 2
Event: 102.280 Thread 0x000001e056cc6b40 Uncommon trap: trap_request=0xffffffde fr.pc=0x000001e062077c68 relative=0x0000000000000cc8
Event: 102.280 Thread 0x000001e056cc6b40 Uncommon trap: reason=class_check action=maybe_recompile pc=0x000001e062077c68 method=java.util.Formatter$FormatSpecifier.printString(Ljava/lang/Object;Ljava/util/Locale;)V @ 99 c2
Event: 102.280 Thread 0x000001e056cc6b40 DEOPT PACKING pc=0x000001e062077c68 sp=0x00000014174fe260
Event: 102.280 Thread 0x000001e056cc6b40 DEOPT UNPACKING pc=0x000001e05a3c23a3 sp=0x00000014174fe298 mode 2
Event: 102.280 Thread 0x000001e056cc6b40 Uncommon trap: trap_request=0xffffffde fr.pc=0x000001e062077c68 relative=0x0000000000000cc8
Event: 102.280 Thread 0x000001e056cc6b40 Uncommon trap: reason=class_check action=maybe_recompile pc=0x000001e062077c68 method=java.util.Formatter$FormatSpecifier.printString(Ljava/lang/Object;Ljava/util/Locale;)V @ 99 c2
Event: 102.280 Thread 0x000001e056cc6b40 DEOPT PACKING pc=0x000001e062077c68 sp=0x00000014174fe260
Event: 102.280 Thread 0x000001e056cc6b40 DEOPT UNPACKING pc=0x000001e05a3c23a3 sp=0x00000014174fe298 mode 2
Event: 102.280 Thread 0x000001e056cc6b40 DEOPT PACKING pc=0x000001e05ab3ebb7 sp=0x00000014174fe7a0
Event: 102.280 Thread 0x000001e056cc6b40 DEOPT UNPACKING pc=0x000001e05a3c2b43 sp=0x00000014174fdc58 mode 1

Classes unloaded (0 events):
No events

Classes redefined (2 events):
Event: 239.440 Thread 0x000001e07aa188c0 redefined class name=pt.fcul.masters.gp.runner.gp.problems.GPTrendForecastProblem, count=1
Event: 547.445 Thread 0x000001e07aa188c0 redefined class name=pt.fcul.masters.gp.runner.GPTrendForecast, count=1

Internal exceptions (20 events):
Event: 93.964 Thread 0x000001e056cc6b40 Exception <a 'java/lang/NoSuchMethodError'{0x00000006983876b8}: 'java.lang.Object java.lang.invoke.DirectMethodHandle$Holder.invokeSpecialIFC(java.lang.Object, java.lang.Object, java.lang.Object, java.lang.Object)'> (0x00000006983876b8) 
thrown [e:\jenkins\tmp\workspace\build\src\src\hotspot\share\interpreter\linkResolver.cpp, line 766]
Event: 93.973 Thread 0x000001e056cc6b40 Exception <a 'java/lang/NoSuchMethodError'{0x0000000697c74988}: 'int java.lang.invoke.DirectMethodHandle$Holder.invokeSpecial(java.lang.Object, java.lang.Object, java.lang.Object)'> (0x0000000697c74988) 
thrown [e:\jenkins\tmp\workspace\build\src\src\hotspot\share\interpreter\linkResolver.cpp, line 766]
Event: 93.996 Thread 0x000001e056cc6b40 Exception <a 'java/lang/NoSuchMethodError'{0x000000069780fb50}: 'java.lang.Object java.lang.invoke.DirectMethodHandle$Holder.invokeStatic(java.lang.Object, long, java.lang.Object)'> (0x000000069780fb50) 
thrown [e:\jenkins\tmp\workspace\build\src\src\hotspot\share\interpreter\linkResolver.cpp, line 766]
Event: 93.997 Thread 0x000001e056cc6b40 Exception <a 'java/lang/NoSuchMethodError'{0x0000000697816000}: 'java.lang.Object java.lang.invoke.DirectMethodHandle$Holder.newInvokeSpecial(java.lang.Object, long)'> (0x0000000697816000) 
thrown [e:\jenkins\tmp\workspace\build\src\src\hotspot\share\interpreter\linkResolver.cpp, line 766]
Event: 94.002 Thread 0x000001e056cc6b40 Exception <a 'java/lang/IncompatibleClassChangeError'{0x000000069783c8e8}: Found class java.lang.Object, but interface was expected> (0x000000069783c8e8) 
thrown [e:\jenkins\tmp\workspace\build\src\src\hotspot\share\interpreter\linkResolver.cpp, line 833]
Event: 94.132 Thread 0x000001e056cc6b40 Exception <a 'java/lang/NoSuchMethodError'{0x000000069614caf8}: 'long java.lang.invoke.DirectMethodHandle$Holder.invokeStatic(java.lang.Object)'> (0x000000069614caf8) 
thrown [e:\jenkins\tmp\workspace\build\src\src\hotspot\share\interpreter\linkResolver.cpp, line 766]
Event: 98.991 Thread 0x000001e07d151b00 Exception <a 'java/lang/NoSuchMethodError'{0x00000006ac08e928}: 'java.lang.Object java.lang.invoke.DirectMethodHandle$Holder.newInvokeSpecial(java.lang.Object, java.lang.Object, java.lang.Object, java.lang.Object, java.lang.Object)'> (0x00000006ac08e928) 
thrown [e:\jenkins\tmp\workspace\build\src\src\hotspot\share\interpreter\linkResolver.cpp, line 766]
Event: 98.991 Thread 0x000001e07e74ef40 Exception <a 'java/lang/NoSuchMethodError'{0x00000006ac158048}: 'java.lang.Object java.lang.invoke.DirectMethodHandle$Holder.newInvokeSpecial(java.lang.Object, java.lang.Object, java.lang.Object, java.lang.Object, java.lang.Object)'> (0x00000006ac158048) 
thrown [e:\jenkins\tmp\workspace\build\src\src\hotspot\share\interpreter\linkResolver.cpp, line 766]
Event: 98.992 Thread 0x000001e07d151b00 Exception <a 'java/lang/NoSuchMethodError'{0x00000006ac096c18}: 'java.lang.Object java.lang.invoke.DirectMethodHandle$Holder.newInvokeSpecial(java.lang.Object, java.lang.Object, java.lang.Object, int)'> (0x00000006ac096c18) 
thrown [e:\jenkins\tmp\workspace\build\src\src\hotspot\share\interpreter\linkResolver.cpp, line 766]
Event: 98.992 Thread 0x000001e07e74ef40 Exception <a 'java/lang/NoSuchMethodError'{0x00000006ac15f488}: 'java.lang.Object java.lang.invoke.DirectMethodHandle$Holder.newInvokeSpecial(java.lang.Object, java.lang.Object, java.lang.Object, int)'> (0x00000006ac15f488) 
thrown [e:\jenkins\tmp\workspace\build\src\src\hotspot\share\interpreter\linkResolver.cpp, line 766]
Event: 98.993 Thread 0x000001e07d151b00 Exception <a 'java/lang/NoSuchMethodError'{0x00000006ac09aff8}: 'java.lang.Object java.lang.invoke.DirectMethodHandle$Holder.invokeSpecial(java.lang.Object, java.lang.Object, java.lang.Object, java.lang.Object, int)'> (0x00000006ac09aff8) 
thrown [e:\jenkins\tmp\workspace\build\src\src\hotspot\share\interpreter\linkResolver.cpp, line 766]
Event: 98.993 Thread 0x000001e07e74ef40 Exception <a 'java/lang/NoSuchMethodError'{0x00000006ac163178}: 'java.lang.Object java.lang.invoke.DirectMethodHandle$Holder.invokeSpecial(java.lang.Object, java.lang.Object, java.lang.Object, java.lang.Object, int)'> (0x00000006ac163178) 
thrown [e:\jenkins\tmp\workspace\build\src\src\hotspot\share\interpreter\linkResolver.cpp, line 766]
Event: 98.993 Thread 0x000001e07e74ef40 Exception <a 'java/lang/NoSuchMethodError'{0x00000006ac166880}: 'java.lang.Object java.lang.invoke.Invokers$Holder.linkToTargetMethod(java.lang.Object, java.lang.Object, int, java.lang.Object)'> (0x00000006ac166880) 
thrown [e:\jenkins\tmp\workspace\build\src\src\hotspot\share\interpreter\linkResolver.cpp, line 766]
Event: 98.993 Thread 0x000001e07d151b00 Exception <a 'java/lang/NoSuchMethodError'{0x00000006ac09eb70}: 'java.lang.Object java.lang.invoke.Invokers$Holder.linkToTargetMethod(java.lang.Object, java.lang.Object, int, java.lang.Object)'> (0x00000006ac09eb70) 
thrown [e:\jenkins\tmp\workspace\build\src\src\hotspot\share\interpreter\linkResolver.cpp, line 766]
Event: 99.006 Thread 0x000001e07d151b00 Exception <a 'java/lang/NoSuchMethodError'{0x00000006ac11f570}: 'java.lang.Object java.lang.invoke.DirectMethodHandle$Holder.newInvokeSpecial(java.lang.Object, java.lang.Object, int)'> (0x00000006ac11f570) 
thrown [e:\jenkins\tmp\workspace\build\src\src\hotspot\share\interpreter\linkResolver.cpp, line 766]
Event: 99.007 Thread 0x000001e07d151b00 Exception <a 'java/lang/NoSuchMethodError'{0x00000006ac12ad28}: 'java.lang.Object java.lang.invoke.DirectMethodHandle$Holder.newInvokeSpecial(java.lang.Object, java.lang.Object, int, java.lang.Object)'> (0x00000006ac12ad28) 
thrown [e:\jenkins\tmp\workspace\build\src\src\hotspot\share\interpreter\linkResolver.cpp, line 766]
Event: 99.008 Thread 0x000001e07d151b00 Exception <a 'java/lang/NoSuchMethodError'{0x00000006ac12eb88}: 'java.lang.Object java.lang.invoke.DirectMethodHandle$Holder.invokeSpecial(java.lang.Object, java.lang.Object, java.lang.Object, int, java.lang.Object)'> (0x00000006ac12eb88) 
thrown [e:\jenkins\tmp\workspace\build\src\src\hotspot\share\interpreter\linkResolver.cpp, line 766]
Event: 99.009 Thread 0x000001e07d151b00 Exception <a 'java/lang/NoSuchMethodError'{0x00000006ac13cf90}: 'java.lang.Object java.lang.invoke.DirectMethodHandle$Holder.newInvokeSpecial(java.lang.Object, java.lang.Object, java.lang.Object, long)'> (0x00000006ac13cf90) 
thrown [e:\jenkins\tmp\workspace\build\src\src\hotspot\share\interpreter\linkResolver.cpp, line 766]
Event: 99.010 Thread 0x000001e07d151b00 Exception <a 'java/lang/NoSuchMethodError'{0x00000006ac1410d8}: 'java.lang.Object java.lang.invoke.DirectMethodHandle$Holder.invokeSpecial(java.lang.Object, java.lang.Object, java.lang.Object, java.lang.Object, long)'> (0x00000006ac1410d8) 
thrown [e:\jenkins\tmp\workspace\build\src\src\hotspot\share\interpreter\linkResolver.cpp, line 766]
Event: 102.269 Thread 0x000001e056cc6b40 Exception <a 'java/lang/NoSuchMethodError'{0x00000006c2d89ab0}: 'int java.lang.invoke.DirectMethodHandle$Holder.invokeVirtual(java.lang.Object, java.lang.Object, java.lang.Object, java.lang.Object)'> (0x00000006c2d89ab0) 
thrown [e:\jenkins\tmp\workspace\build\src\src\hotspot\share\interpreter\linkResolver.cpp, line 766]

VM Operations (20 events):
Event: 236.416 Executing VM operation: ChangeBreakpoints
Event: 236.417 Executing VM operation: ChangeBreakpoints done
Event: 236.417 Executing VM operation: ChangeBreakpoints
Event: 236.418 Executing VM operation: ChangeBreakpoints done
Event: 239.435 Executing VM operation: RedefineClasses
Event: 239.447 Executing VM operation: RedefineClasses done
Event: 239.457 Executing VM operation: ChangeBreakpoints
Event: 239.458 Executing VM operation: ChangeBreakpoints done
Event: 435.307 Executing VM operation: ChangeBreakpoints
Event: 435.308 Executing VM operation: ChangeBreakpoints done
Event: 436.233 Executing VM operation: ChangeBreakpoints
Event: 436.233 Executing VM operation: ChangeBreakpoints done
Event: 449.699 Executing VM operation: ChangeBreakpoints
Event: 449.700 Executing VM operation: ChangeBreakpoints done
Event: 449.700 Executing VM operation: ChangeBreakpoints
Event: 449.701 Executing VM operation: ChangeBreakpoints done
Event: 460.130 Executing VM operation: ChangeBreakpoints
Event: 460.131 Executing VM operation: ChangeBreakpoints done
Event: 547.439 Executing VM operation: RedefineClasses
Event: 547.452 Executing VM operation: RedefineClasses done

Events (20 events):
Event: 99.311 Thread 0x000001e07e8dc2c0 Thread exited: 0x000001e07e8dc2c0
Event: 99.936 Thread 0x000001e0041d3380 Thread exited: 0x000001e0041d3380
Event: 102.028 Thread 0x000001e07e8db390 Thread exited: 0x000001e07e8db390
Event: 102.028 Thread 0x000001e000fed7f0 Thread exited: 0x000001e000fed7f0
Event: 102.028 Thread 0x000001e000feec30 Thread exited: 0x000001e000feec30
Event: 102.028 Thread 0x000001e0036449c0 Thread exited: 0x000001e0036449c0
Event: 102.029 Thread 0x000001e0041d3890 Thread exited: 0x000001e0041d3890
Event: 102.029 Thread 0x000001e07cee8060 Thread exited: 0x000001e07cee8060
Event: 102.034 loading class java/util/HashMap$ValueSpliterator
Event: 102.034 loading class java/util/HashMap$ValueSpliterator done
Event: 107.270 Thread 0x000001e0041d3da0 Thread exited: 0x000001e0041d3da0
Event: 112.281 Thread 0x000001e000fec710 Thread exited: 0x000001e000fec710
Event: 149.858 loading class java/lang/Throwable$WrappedPrintStream
Event: 149.858 loading class java/lang/Throwable$PrintStreamOrWriter
Event: 149.858 loading class java/lang/Throwable$PrintStreamOrWriter done
Event: 149.858 loading class java/lang/Throwable$WrappedPrintStream done
Event: 149.859 loading class java/lang/StackTraceElement$HashedModules
Event: 149.859 loading class java/lang/StackTraceElement$HashedModules done
Event: 149.860 Thread 0x000001e056cc6b40 Thread exited: 0x000001e056cc6b40
Event: 149.860 Thread 0x000001e07d151fd0 Thread added: 0x000001e07d151fd0


Dynamic libraries:
0x00007ff739770000 - 0x00007ff73977e000 	C:\Users\Owner\.p2\pool\plugins\org.eclipse.justj.openjdk.hotspot.jre.full.win32.x86_64_17.0.1.v20211116-1657\jre\bin\javaw.exe
0x00007ffbe3430000 - 0x00007ffbe3625000 	C:\WINDOWS\SYSTEM32\ntdll.dll
0x00007ffbe28f0000 - 0x00007ffbe29ae000 	C:\WINDOWS\System32\KERNEL32.DLL
0x00007ffbe0c20000 - 0x00007ffbe0ee8000 	C:\WINDOWS\System32\KERNELBASE.dll
0x00007ffbe10f0000 - 0x00007ffbe11f0000 	C:\WINDOWS\System32\ucrtbase.dll
0x00007ffbd21b0000 - 0x00007ffbd21c8000 	C:\Users\Owner\.p2\pool\plugins\org.eclipse.justj.openjdk.hotspot.jre.full.win32.x86_64_17.0.1.v20211116-1657\jre\bin\jli.dll
0x00007ffbc94f0000 - 0x00007ffbc9509000 	C:\Users\Owner\.p2\pool\plugins\org.eclipse.justj.openjdk.hotspot.jre.full.win32.x86_64_17.0.1.v20211116-1657\jre\bin\VCRUNTIME140.dll
0x00007ffbe29b0000 - 0x00007ffbe2b50000 	C:\WINDOWS\System32\USER32.dll
0x00007ffbe1310000 - 0x00007ffbe1332000 	C:\WINDOWS\System32\win32u.dll
0x00007ffbcaa20000 - 0x00007ffbcacba000 	C:\WINDOWS\WinSxS\amd64_microsoft.windows.common-controls_6595b64144ccf1df_6.0.19041.1110_none_60b5254171f9507e\COMCTL32.dll
0x00007ffbe2b50000 - 0x00007ffbe2b7b000 	C:\WINDOWS\System32\GDI32.dll
0x00007ffbe2fe0000 - 0x00007ffbe307e000 	C:\WINDOWS\System32\msvcrt.dll
0x00007ffbe1370000 - 0x00007ffbe147d000 	C:\WINDOWS\System32\gdi32full.dll
0x00007ffbe1050000 - 0x00007ffbe10ed000 	C:\WINDOWS\System32\msvcp_win.dll
0x00007ffbe3270000 - 0x00007ffbe32a0000 	C:\WINDOWS\System32\IMM32.DLL
0x00007ffbda970000 - 0x00007ffbda97c000 	C:\Users\Owner\.p2\pool\plugins\org.eclipse.justj.openjdk.hotspot.jre.full.win32.x86_64_17.0.1.v20211116-1657\jre\bin\vcruntime140_1.dll
0x00007ffbba370000 - 0x00007ffbba401000 	C:\Users\Owner\.p2\pool\plugins\org.eclipse.justj.openjdk.hotspot.jre.full.win32.x86_64_17.0.1.v20211116-1657\jre\bin\msvcp140.dll
0x00007ffb77330000 - 0x00007ffb77f76000 	C:\Users\Owner\.p2\pool\plugins\org.eclipse.justj.openjdk.hotspot.jre.full.win32.x86_64_17.0.1.v20211116-1657\jre\bin\server\jvm.dll
0x00007ffbe1640000 - 0x00007ffbe16ee000 	C:\WINDOWS\System32\ADVAPI32.dll
0x00007ffbe3350000 - 0x00007ffbe33ec000 	C:\WINDOWS\System32\sechost.dll
0x00007ffbe3080000 - 0x00007ffbe31a5000 	C:\WINDOWS\System32\RPCRT4.dll
0x00007ffbe1870000 - 0x00007ffbe1878000 	C:\WINDOWS\System32\PSAPI.DLL
0x00007ffbccad0000 - 0x00007ffbccad9000 	C:\WINDOWS\SYSTEM32\WSOCK32.dll
0x00007ffbde970000 - 0x00007ffbde997000 	C:\WINDOWS\SYSTEM32\WINMM.dll
0x00007ffbe1f00000 - 0x00007ffbe1f6b000 	C:\WINDOWS\System32\WS2_32.dll
0x00007ffbda010000 - 0x00007ffbda01a000 	C:\WINDOWS\SYSTEM32\VERSION.dll
0x00007ffbdf380000 - 0x00007ffbdf392000 	C:\WINDOWS\SYSTEM32\kernel.appcore.dll
0x00007ffbdc1c0000 - 0x00007ffbdc1ca000 	C:\Users\Owner\.p2\pool\plugins\org.eclipse.justj.openjdk.hotspot.jre.full.win32.x86_64_17.0.1.v20211116-1657\jre\bin\jimage.dll
0x00007ffbde780000 - 0x00007ffbde964000 	C:\WINDOWS\SYSTEM32\DBGHELP.DLL
0x00007ffbde750000 - 0x00007ffbde77c000 	C:\WINDOWS\SYSTEM32\dbgcore.DLL
0x00007ffbe0b90000 - 0x00007ffbe0c12000 	C:\WINDOWS\System32\bcryptPrimitives.dll
0x00007ffbc7dd0000 - 0x00007ffbc7e0b000 	C:\Users\Owner\.p2\pool\plugins\org.eclipse.justj.openjdk.hotspot.jre.full.win32.x86_64_17.0.1.v20211116-1657\jre\bin\jdwp.dll
0x00007ffbdc1b0000 - 0x00007ffbdc1be000 	C:\Users\Owner\.p2\pool\plugins\org.eclipse.justj.openjdk.hotspot.jre.full.win32.x86_64_17.0.1.v20211116-1657\jre\bin\instrument.dll
0x00007ffbc4e70000 - 0x00007ffbc4e95000 	C:\Users\Owner\.p2\pool\plugins\org.eclipse.justj.openjdk.hotspot.jre.full.win32.x86_64_17.0.1.v20211116-1657\jre\bin\java.dll
0x00007ffbc4c60000 - 0x00007ffbc4c78000 	C:\Users\Owner\.p2\pool\plugins\org.eclipse.justj.openjdk.hotspot.jre.full.win32.x86_64_17.0.1.v20211116-1657\jre\bin\zip.dll
0x00007ffbe21a0000 - 0x00007ffbe28e4000 	C:\WINDOWS\System32\SHELL32.dll
0x00007ffbdebd0000 - 0x00007ffbdf364000 	C:\WINDOWS\SYSTEM32\windows.storage.dll
0x00007ffbe2b80000 - 0x00007ffbe2ed5000 	C:\WINDOWS\System32\combase.dll
0x00007ffbe0520000 - 0x00007ffbe054e000 	C:\WINDOWS\SYSTEM32\Wldp.dll
0x00007ffbe17c0000 - 0x00007ffbe186d000 	C:\WINDOWS\System32\SHCORE.dll
0x00007ffbe3210000 - 0x00007ffbe3265000 	C:\WINDOWS\System32\shlwapi.dll
0x00007ffbe0a80000 - 0x00007ffbe0a9f000 	C:\WINDOWS\SYSTEM32\profapi.dll
0x00007ffbca3f0000 - 0x00007ffbca3fc000 	C:\Users\Owner\.p2\pool\plugins\org.eclipse.justj.openjdk.hotspot.jre.full.win32.x86_64_17.0.1.v20211116-1657\jre\bin\dt_socket.dll
0x00007ffbdfed0000 - 0x00007ffbdff0b000 	C:\WINDOWS\SYSTEM32\IPHLPAPI.DLL
0x00007ffbe01d0000 - 0x00007ffbe023a000 	C:\WINDOWS\system32\mswsock.dll
0x00007ffbdff10000 - 0x00007ffbdffdb000 	C:\WINDOWS\SYSTEM32\DNSAPI.dll
0x00007ffbe1630000 - 0x00007ffbe1638000 	C:\WINDOWS\System32\NSI.dll
0x00007ffbd1e30000 - 0x00007ffbd1e3a000 	C:\Windows\System32\rasadhlp.dll
0x00007ffbd6290000 - 0x00007ffbd630f000 	C:\WINDOWS\System32\fwpuclnt.dll
0x00007ffbe1340000 - 0x00007ffbe1367000 	C:\WINDOWS\System32\bcrypt.dll
0x00007ffbc43c0000 - 0x00007ffbc43d9000 	C:\Users\Owner\.p2\pool\plugins\org.eclipse.justj.openjdk.hotspot.jre.full.win32.x86_64_17.0.1.v20211116-1657\jre\bin\net.dll
0x00007ffbd3da0000 - 0x00007ffbd3eac000 	C:\WINDOWS\SYSTEM32\WINHTTP.dll
0x00007ffbc43a0000 - 0x00007ffbc43b5000 	C:\Users\Owner\.p2\pool\plugins\org.eclipse.justj.openjdk.hotspot.jre.full.win32.x86_64_17.0.1.v20211116-1657\jre\bin\nio.dll
0x00007ffbdc0e0000 - 0x00007ffbdc0f0000 	C:\Users\Owner\.p2\pool\plugins\org.eclipse.justj.openjdk.hotspot.jre.full.win32.x86_64_17.0.1.v20211116-1657\jre\bin\verify.dll
0x00007ffbd5a80000 - 0x00007ffbd5a8e000 	C:\Users\Owner\.p2\pool\plugins\org.eclipse.justj.openjdk.hotspot.jre.full.win32.x86_64_17.0.1.v20211116-1657\jre\bin\sunmscapi.dll
0x00007ffbe0ef0000 - 0x00007ffbe1046000 	C:\WINDOWS\System32\CRYPT32.dll
0x00007ffbe0590000 - 0x00007ffbe05b7000 	C:\WINDOWS\SYSTEM32\ncrypt.dll
0x00007ffbe0550000 - 0x00007ffbe058b000 	C:\WINDOWS\SYSTEM32\NTASN1.dll
0x00007ffbe0380000 - 0x00007ffbe0398000 	C:\WINDOWS\SYSTEM32\CRYPTSP.dll
0x00007ffbdfb60000 - 0x00007ffbdfb94000 	C:\WINDOWS\system32\rsaenh.dll
0x00007ffbe0a00000 - 0x00007ffbe0a2e000 	C:\WINDOWS\SYSTEM32\USERENV.dll
0x00007ffbe03a0000 - 0x00007ffbe03ac000 	C:\WINDOWS\SYSTEM32\CRYPTBASE.dll
0x00007ffbd9e90000 - 0x00007ffbd9ea7000 	C:\WINDOWS\SYSTEM32\dhcpcsvc6.DLL
0x00007ffbda2d0000 - 0x00007ffbda2ed000 	C:\WINDOWS\SYSTEM32\dhcpcsvc.DLL

dbghelp: loaded successfully - version: 4.0.5 - missing functions: none
symbol engine: initialized successfully - sym options: 0x614 - pdb path: .;C:\Users\Owner\.p2\pool\plugins\org.eclipse.justj.openjdk.hotspot.jre.full.win32.x86_64_17.0.1.v20211116-1657\jre\bin;C:\WINDOWS\SYSTEM32;C:\WINDOWS\WinSxS\amd64_microsoft.windows.common-controls_6595b64144ccf1df_6.0.19041.1110_none_60b5254171f9507e;C:\Users\Owner\.p2\pool\plugins\org.eclipse.justj.openjdk.hotspot.jre.full.win32.x86_64_17.0.1.v20211116-1657\jre\bin\server

VM Arguments:
jvm_args: -XX:+ShowCodeDetailsInExceptionMessages -agentlib:jdwp=transport=dt_socket,suspend=y,address=localhost:60671 -javaagent:C:\Users\Owner\eclipse\jee-2021-09\eclipse\configuration\org.eclipse.osgi\1035\0\.cp\lib\javaagent-shaded.jar -Dfile.encoding=UTF-8 
java_command: pt.fcul.masters.gp.runner.gp.problems.GPTrendForecastProblem
java_class_path (initial): C:\Users\Owner\Documents\GitHub\MarketGeneticGeneratedIndicators\target\classes;C:\Users\Owner\.m2\repository\org\projectlombok\lombok\1.18.20\lombok-1.18.20.jar;C:\Users\Owner\.m2\repository\mysql\mysql-connector-java\8.0.26\mysql-connector-java-8.0.26.jar;C:\Users\Owner\.m2\repository\com\google\protobuf\protobuf-java\3.11.4\protobuf-java-3.11.4.jar;C:\Users\Owner\.m2\repository\io\jenetics\jenetics\6.3.0\jenetics-6.3.0.jar;C:\Users\Owner\.m2\repository\io\jenetics\jenetics.prog\6.3.0\jenetics.prog-6.3.0.jar;C:\Users\Owner\.m2\repository\io\jenetics\jenetics.ext\6.3.0\jenetics.ext-6.3.0.jar;C:\Users\Owner\.m2\repository\org\json\json\20210307\json-20210307.jar;C:\Users\Owner\.m2\repository\io\jenetics\facilejdbc\1.3.0\facilejdbc-1.3.0.jar;C:\Users\Owner\.m2\repository\com\zaxxer\HikariCP\5.0.0\HikariCP-5.0.0.jar;C:\Users\Owner\.m2\repository\org\slf4j\slf4j-api\2.0.0-alpha1\slf4j-api-2.0.0-alpha1.jar;C:\Users\Owner\Documents\GitHub\Java_Plotter\target\classes;C:\Users\Owner\.m2\repository\org\openjfx\javafx-controls\18-ea+4\javafx-controls-18-ea+4.jar;C:\Users\Owner\.m2\repository\org\openjfx\javafx-controls\18-ea+4\javafx-controls-18-ea+4-win.jar;C:\Users\Owner\.m2\repository\org\openjfx\javafx-graphics\18-ea+4\javafx-graphics-18-ea+4.jar;C:\Users\Owner\.m2\repository\org\openjfx\javafx-graphics\18-ea+4\javafx-graphics-18-ea+4-win.jar;C:\Users\Owner\.m2\repository\org\openjfx\javafx-base\18-ea+4\javafx-base-18-ea+4.jar;C:\Users\Owner\.m2\repository\org\openjfx\javafx-base\18-ea+4\javafx-base-18-ea+4-win.jar;C:\Users\Owner\.m2\repository\org\openjfx\javafx-fxml\18-ea+4\javafx-fxml-18-ea+4.jar;C:\Users\Owner\.m2\repository\org\openjfx\javafx-fxml\18-ea+4\javafx-fxml-18-ea+4-win.jar;C:\Users\Owner\.m2\repository\org\openjfx\javafx-swing\18-ea+4\javafx-swing-18-ea+4.jar;C:\Users\Owner\.m2\repository\org\openjfx\javafx-swing\18-ea+4\javafx-swing-18-ea+4-win.jar;C:\Users\Owner\.m2\repository\org\openjfx\javafx-web\18-ea+4\javafx-web-18-ea+4
Launcher Type: SUN_STANDARD

[Global flags]
     intx CICompilerCount                          = 12                                        {product} {ergonomic}
     uint ConcGCThreads                            = 3                                         {product} {ergonomic}
     uint G1ConcRefinementThreads                  = 13                                        {product} {ergonomic}
   size_t G1HeapRegionSize                         = 4194304                                   {product} {ergonomic}
    uintx GCDrainStackTargetSize                   = 64                                        {product} {ergonomic}
   size_t InitialHeapSize                          = 394264576                                 {product} {ergonomic}
   size_t MarkStackSize                            = 4194304                                   {product} {ergonomic}
   size_t MaxHeapSize                              = 6287261696                                {product} {ergonomic}
   size_t MaxNewSize                               = 3770679296                                {product} {ergonomic}
   size_t MinHeapDeltaBytes                        = 4194304                                   {product} {ergonomic}
   size_t MinHeapSize                              = 8388608                                   {product} {ergonomic}
    uintx NonNMethodCodeHeapSize                   = 7602480                                {pd product} {ergonomic}
    uintx NonProfiledCodeHeapSize                  = 122027880                              {pd product} {ergonomic}
    uintx ProfiledCodeHeapSize                     = 122027880                              {pd product} {ergonomic}
    uintx ReservedCodeCacheSize                    = 251658240                              {pd product} {ergonomic}
     bool SegmentedCodeCache                       = true                                      {product} {ergonomic}
     bool ShowCodeDetailsInExceptionMessages       = true                                   {manageable} {command line}
   size_t SoftMaxHeapSize                          = 6287261696                             {manageable} {ergonomic}
     bool UseCompressedClassPointers               = true                           {product lp64_product} {ergonomic}
     bool UseCompressedOops                        = true                           {product lp64_product} {ergonomic}
     bool UseG1GC                                  = true                                      {product} {ergonomic}
     bool UseLargePagesIndividualAllocation        = false                                  {pd product} {ergonomic}

Logging:
Log output configuration:
 #0: stdout all=warning uptime,level,tags
 #1: stderr all=off uptime,level,tags

Environment Variables:
JAVA_HOME=C:\Program Files (x86)\Java\jdk-17.0.1
PATH=C:\Users\Owner\.p2\pool\plugins\org.eclipse.justj.openjdk.hotspot.jre.full.win32.x86_64_17.0.1.v20211116-1657\jre\bin;C:/Users/Owner/.p2/pool/plugins/org.eclipse.justj.openjdk.hotspot.jre.full.win32.x86_64_17.0.1.v20211116-1657/jre/bin/server;C:/Users/Owner/.p2/pool/plugins/org.eclipse.justj.openjdk.hotspot.jre.full.win32.x86_64_17.0.1.v20211116-1657/jre/bin;C:\Python310\Scripts\;C:\Python310\;C:\Program Files (x86)\Java\jdk-11.0.2\bin;C:\Program Files (x86)\Java\jdk-17.0.1\bin;C:\Windows\system32;C:\Windows;C:\Windows\System32\Wbem;C:\Windows\System32\WindowsPowerShell\v1.0\;C:\Windows\System32\OpenSSH\;C:\Program Files\NVIDIA Corporation\NVIDIA NvDLISR;C:\WINDOWS\system32;C:\WINDOWS;C:\WINDOWS\System32\Wbem;C:\WINDOWS\System32\WindowsPowerShell\v1.0\;C:\WINDOWS\System32\OpenSSH\;C:\Program Files (x86)\NVIDIA Corporation\PhysX\Common;C:\Program Files\QuestDB-6.1.13\bin;C:\Program Files\Docker\Docker\resources\bin;C:\ProgramData\DockerDesktop\version-bin;C:\Program Files (x86)\Common Files\Oracle\Java\javapath;C:\ProgramData\Oracle\Java\javapath;C:\Program Files\nodejs\;C:\ProgramData\chocolatey\bin;C:\Program Files\Git\cmd;C:\Program Files\MySQL\MySQL Shell 8.0\bin\;C:\Users\Owner\AppData\Local\Microsoft\WindowsApps;C:\Users\Owner\AppData\Local\GitHubDesktop\bin;C:\Users\Owner\AppData\Roaming\npm;C:\Users\Owner\AppData\Local\atom\bin;C:\Users\Owner\eclipse\jee-2021-09\eclipse;
USERNAME=Owner
OS=Windows_NT
PROCESSOR_IDENTIFIER=AMD64 Family 23 Model 96 Stepping 1, AuthenticAMD



---------------  S Y S T E M  ---------------

OS:
 Windows 10 , 64 bit Build 19041 (10.0.19041.1503)
OS uptime: 1 days 2:53 hours
Hyper-V role detected

CPU: total 16 (initial active 16) (16 cores per cpu, 2 threads per core) family 23 model 96 stepping 1 microcode 0x0, cx8, cmov, fxsr, ht, mmx, 3dnowpref, sse, sse2, sse3, ssse3, sse4a, sse4.1, sse4.2, popcnt, lzcnt, tsc, tscinvbit, avx, avx2, aes, clmul, bmi1, bmi2, adx, sha, fma, vzeroupper, clflush, clflushopt, hv

Memory: 4k page, system-wide physical 23981M (10187M free)
TotalPageFile size 31149M (AvailPageFile size 6606M)
current process WorkingSet (physical memory assigned to process): 1209M, peak: 1306M
current process commit charge ("private bytes"): 1305M, peak: 1405M

vm_info: OpenJDK 64-Bit Server VM (17.0.1+12) for windows-amd64 JRE (17.0.1+12), built on Oct 20 2021 07:42:55 by "" with MS VC++ 16.7 (VS2019)

END.
